42.0 APEX_CODE,FINEST;APEX_PROFILING,INFO;CALLOUT,INFO;DB,INFO;SYSTEM,DEBUG;VALIDATION,INFO;VISUALFORCE,INFO;WAVE,INFO;WORKFLOW,INFO
15:55:36.0 (80715)|USER_INFO|[EXTERNAL]|005f4000001iPIc|lrodriguez-onboarding@altimetrik.com|Hora de Argentina|GMT-03:00
15:55:36.0 (126647)|EXECUTION_STARTED
15:55:36.0 (132775)|CODE_UNIT_STARTED|[EXTERNAL]|Aura
15:55:36.0 (1263071)|HEAP_ALLOCATE|[72]|Bytes:3
15:55:36.0 (1304838)|HEAP_ALLOCATE|[77]|Bytes:152
15:55:36.0 (1320760)|HEAP_ALLOCATE|[342]|Bytes:408
15:55:36.0 (1334129)|HEAP_ALLOCATE|[355]|Bytes:408
15:55:36.0 (1345099)|HEAP_ALLOCATE|[467]|Bytes:48
15:55:36.0 (1367902)|HEAP_ALLOCATE|[139]|Bytes:6
15:55:36.0 (1385362)|HEAP_ALLOCATE|[EXTERNAL]|Bytes:3
15:55:36.0 (1393149)|HEAP_ALLOCATE|[EXTERNAL]|Bytes:3
15:55:36.0 (2218657)|CODE_UNIT_STARTED|[EXTERNAL]|01pf4000009OyzM|CompensationController.getCompensations
15:55:36.0 (2342746)|HEAP_ALLOCATE|[EXTERNAL]|Bytes:1
15:55:36.0 (2378513)|METHOD_ENTRY|[1]|01pf4000009OyzM|CompensationController.CompensationController()
15:55:36.0 (2385883)|STATEMENT_EXECUTE|[1]
15:55:36.0 (2392656)|STATEMENT_EXECUTE|[1]
15:55:36.0 (2433980)|HEAP_ALLOCATE|[50]|Bytes:5
15:55:36.0 (2465269)|HEAP_ALLOCATE|[56]|Bytes:5
15:55:36.0 (2478895)|HEAP_ALLOCATE|[64]|Bytes:7
15:55:36.0 (2513998)|SYSTEM_MODE_ENTER|false
15:55:36.0 (2532729)|HEAP_ALLOCATE|[EXTERNAL]|Bytes:5
15:55:36.0 (2544068)|SYSTEM_MODE_EXIT|false
15:55:36.0 (2583716)|METHOD_EXIT|[1]|CompensationController
15:55:36.0 (2591081)|HEAP_ALLOCATE|[EXTERNAL]|Bytes:3
15:55:36.0 (2603184)|SYSTEM_MODE_ENTER|false
15:55:36.0 (2612032)|VARIABLE_SCOPE_BEGIN|[3]|filter|String|false|false
15:55:36.0 (2634586)|VARIABLE_ASSIGNMENT|[3]|filter|"all"
15:55:36.0 (2652838)|HEAP_ALLOCATE|[4]|Bytes:5
15:55:36.0 (2660598)|STATEMENT_EXECUTE|[3]
15:55:36.0 (2665210)|STATEMENT_EXECUTE|[4]
15:55:36.0 (2799680)|HEAP_ALLOCATE|[4]|Bytes:4
15:55:36.0 (2882088)|VARIABLE_SCOPE_BEGIN|[4]|compensations|List<Compensation__c>|true|false
15:55:36.0 (2894726)|HEAP_ALLOCATE|[EXTERNAL]|Bytes:4
15:55:36.0 (2907575)|VARIABLE_ASSIGNMENT|[4]|compensations|[]|0x636ca90c
15:55:36.0 (2915269)|HEAP_ALLOCATE|[5]|Bytes:3
15:55:36.0 (2943275)|STATEMENT_EXECUTE|[5]
15:55:36.0 (2945327)|STATEMENT_EXECUTE|[6]
15:55:36.0 (2948068)|HEAP_ALLOCATE|[6]|Bytes:161
15:55:36.0 (2965846)|HEAP_ALLOCATE|[6]|Bytes:4
15:55:36.0 (3741713)|SOQL_EXECUTE_BEGIN|[6]|Aggregations:0|SELECT Employee__r.Name, Employee__r.birthdate, job_category__c, RecordType.Name, amount__c, location__c, office__c, submitted__c, status__c FROM Compensation__c
15:55:36.0 (15727305)|SOQL_EXECUTE_END|[6]|Rows:232
15:55:36.0 (15765142)|HEAP_ALLOCATE|[6]|Bytes:932
15:55:36.0 (16502077)|HEAP_ALLOCATE|[6]|Bytes:62649
15:55:36.0 (16559259)|HEAP_ALLOCATE|[6]|Bytes:932
15:55:36.0 (16589891)|VARIABLE_ASSIGNMENT|[6]|compensations|"List of size 232 too large to display"|0x3b4e7afe
15:55:36.0 (16599106)|STATEMENT_EXECUTE|[17]
15:55:36.0 (16611673)|SYSTEM_MODE_EXIT|false
15:55:36.16 (16636031)|CUMULATIVE_LIMIT_USAGE
15:55:36.16 (16636031)|LIMIT_USAGE_FOR_NS|(default)|
  Number of SOQL queries: 1 out of 100
  Number of query rows: 232 out of 50000
  Number of SOSL queries: 0 out of 20
  Number of DML statements: 0 out of 150
  Number of DML rows: 0 out of 10000
  Maximum CPU time: 0 out of 10000
  Maximum heap size: 0 out of 6000000
  Number of callouts: 0 out of 100
  Number of Email Invocations: 0 out of 10
  Number of future calls: 0 out of 50
  Number of queueable jobs added to the queue: 0 out of 50
  Number of Mobile Apex push calls: 0 out of 10

15:55:36.16 (16636031)|CUMULATIVE_LIMIT_USAGE_END

15:55:36.0 (16668071)|CODE_UNIT_FINISHED|CompensationController.getCompensations
15:55:36.0 (20133584)|CODE_UNIT_FINISHED|Aura
15:55:36.0 (21233625)|EXECUTION_FINISHED
