42.0 APEX_CODE,FINEST;APEX_PROFILING,INFO;CALLOUT,INFO;DB,INFO;SYSTEM,DEBUG;VALIDATION,INFO;VISUALFORCE,INFO;WAVE,INFO;WORKFLOW,INFO
16:25:48.0 (376965)|USER_INFO|[EXTERNAL]|005f4000001iPIc|lrodriguez-onboarding@altimetrik.com|Argentine Time|GMT-03:00
16:25:48.0 (408501)|EXECUTION_STARTED
16:25:48.0 (412381)|CODE_UNIT_STARTED|[EXTERNAL]|Aura
16:25:48.0 (1413382)|HEAP_ALLOCATE|[72]|Bytes:3
16:25:48.0 (1473970)|HEAP_ALLOCATE|[77]|Bytes:152
16:25:48.0 (1489289)|HEAP_ALLOCATE|[342]|Bytes:408
16:25:48.0 (1502884)|HEAP_ALLOCATE|[355]|Bytes:408
16:25:48.0 (1513297)|HEAP_ALLOCATE|[467]|Bytes:48
16:25:48.0 (1535122)|HEAP_ALLOCATE|[139]|Bytes:6
16:25:48.0 (1551908)|HEAP_ALLOCATE|[EXTERNAL]|Bytes:3
16:25:48.0 (1582480)|HEAP_ALLOCATE|[EXTERNAL]|Bytes:3
16:25:48.0 (2383791)|CODE_UNIT_STARTED|[EXTERNAL]|01pf4000009OyzM|CompensationController.getCompensations
16:25:48.0 (2462743)|HEAP_ALLOCATE|[EXTERNAL]|Bytes:1
16:25:48.0 (2475105)|METHOD_ENTRY|[1]|01pf4000009OyzM|CompensationController.CompensationController()
16:25:48.0 (2480979)|STATEMENT_EXECUTE|[1]
16:25:48.0 (2486682)|STATEMENT_EXECUTE|[1]
16:25:48.0 (2517045)|HEAP_ALLOCATE|[50]|Bytes:5
16:25:48.0 (2538170)|HEAP_ALLOCATE|[56]|Bytes:5
16:25:48.0 (2546534)|HEAP_ALLOCATE|[64]|Bytes:7
16:25:48.0 (2570639)|SYSTEM_MODE_ENTER|false
16:25:48.0 (2581460)|HEAP_ALLOCATE|[EXTERNAL]|Bytes:5
16:25:48.0 (2588479)|SYSTEM_MODE_EXIT|false
16:25:48.0 (2596871)|METHOD_EXIT|[1]|CompensationController
16:25:48.0 (2601913)|HEAP_ALLOCATE|[EXTERNAL]|Bytes:3
16:25:48.0 (2611044)|SYSTEM_MODE_ENTER|false
16:25:48.0 (2618208)|VARIABLE_SCOPE_BEGIN|[3]|filter|String|false|false
16:25:48.0 (2642807)|VARIABLE_ASSIGNMENT|[3]|filter|"all"
16:25:48.0 (2662975)|HEAP_ALLOCATE|[4]|Bytes:5
16:25:48.0 (2668171)|STATEMENT_EXECUTE|[3]
16:25:48.0 (2670047)|STATEMENT_EXECUTE|[4]
16:25:48.0 (2732386)|HEAP_ALLOCATE|[4]|Bytes:4
16:25:48.0 (2783517)|VARIABLE_SCOPE_BEGIN|[4]|compensations|List<Compensation__c>|true|false
16:25:48.0 (2794264)|HEAP_ALLOCATE|[EXTERNAL]|Bytes:4
16:25:48.0 (2809136)|VARIABLE_ASSIGNMENT|[4]|compensations|[]|0x182eccb5
16:25:48.0 (2820424)|HEAP_ALLOCATE|[5]|Bytes:3
16:25:48.0 (2845523)|STATEMENT_EXECUTE|[5]
16:25:48.0 (2848301)|STATEMENT_EXECUTE|[6]
16:25:48.0 (2852177)|HEAP_ALLOCATE|[6]|Bytes:177
16:25:48.0 (2869288)|HEAP_ALLOCATE|[6]|Bytes:4
16:25:48.0 (4387846)|SOQL_EXECUTE_BEGIN|[6]|Aggregations:0|SELECT Employee__r.Id, Employee__r.Name, Employee__r.birthdate, job_category__c, RecordType.Name, amount__c, location__c, office__c, submitted__c, status__c FROM Compensation__c
16:25:48.0 (15915198)|SOQL_EXECUTE_END|[6]|Rows:232
16:25:48.0 (15951965)|HEAP_ALLOCATE|[6]|Bytes:932
16:25:48.0 (16590537)|HEAP_ALLOCATE|[6]|Bytes:62649
16:25:48.0 (16635039)|HEAP_ALLOCATE|[6]|Bytes:932
16:25:48.0 (16675091)|VARIABLE_ASSIGNMENT|[6]|compensations|"List of size 232 too large to display"|0x740241a0
16:25:48.0 (16684744)|STATEMENT_EXECUTE|[17]
16:25:48.0 (16694965)|SYSTEM_MODE_EXIT|false
16:25:48.16 (16719137)|CUMULATIVE_LIMIT_USAGE
16:25:48.16 (16719137)|LIMIT_USAGE_FOR_NS|(default)|
  Number of SOQL queries: 1 out of 100
  Number of query rows: 232 out of 50000
  Number of SOSL queries: 0 out of 20
  Number of DML statements: 0 out of 150
  Number of DML rows: 0 out of 10000
  Maximum CPU time: 0 out of 10000
  Maximum heap size: 0 out of 6000000
  Number of callouts: 0 out of 100
  Number of Email Invocations: 0 out of 10
  Number of future calls: 0 out of 50
  Number of queueable jobs added to the queue: 0 out of 50
  Number of Mobile Apex push calls: 0 out of 10

16:25:48.16 (16719137)|CUMULATIVE_LIMIT_USAGE_END

16:25:48.0 (16750600)|CODE_UNIT_FINISHED|CompensationController.getCompensations
16:25:48.0 (19955284)|CODE_UNIT_FINISHED|Aura
16:25:48.0 (21194909)|EXECUTION_FINISHED
