42.0 APEX_CODE,FINEST;APEX_PROFILING,INFO;CALLOUT,INFO;DB,INFO;SYSTEM,DEBUG;VALIDATION,INFO;VISUALFORCE,INFO;WAVE,INFO;WORKFLOW,INFO
15:22:54.0 (62073)|USER_INFO|[EXTERNAL]|005f4000001iPIc|lrodriguez-onboarding@altimetrik.com|Hora de Argentina|GMT-03:00
15:22:54.0 (97202)|EXECUTION_STARTED
15:22:54.0 (102289)|CODE_UNIT_STARTED|[EXTERNAL]|Aura
15:22:54.0 (862601)|HEAP_ALLOCATE|[72]|Bytes:3
15:22:54.0 (903062)|HEAP_ALLOCATE|[77]|Bytes:152
15:22:54.0 (918507)|HEAP_ALLOCATE|[342]|Bytes:408
15:22:54.0 (931880)|HEAP_ALLOCATE|[355]|Bytes:408
15:22:54.0 (942268)|HEAP_ALLOCATE|[467]|Bytes:48
15:22:54.0 (963856)|HEAP_ALLOCATE|[139]|Bytes:6
15:22:54.0 (981527)|HEAP_ALLOCATE|[EXTERNAL]|Bytes:3
15:22:54.0 (989599)|HEAP_ALLOCATE|[EXTERNAL]|Bytes:3
15:22:54.0 (2035333)|CODE_UNIT_STARTED|[EXTERNAL]|01pf4000009OyzM|CompensationController.getCompensations
15:22:54.0 (2121966)|HEAP_ALLOCATE|[EXTERNAL]|Bytes:1
15:22:54.0 (2151244)|METHOD_ENTRY|[1]|01pf4000009OyzM|CompensationController.CompensationController()
15:22:54.0 (2158524)|STATEMENT_EXECUTE|[1]
15:22:54.0 (2165203)|STATEMENT_EXECUTE|[1]
15:22:54.0 (2198281)|HEAP_ALLOCATE|[50]|Bytes:5
15:22:54.0 (2223557)|HEAP_ALLOCATE|[56]|Bytes:5
15:22:54.0 (2232554)|HEAP_ALLOCATE|[64]|Bytes:7
15:22:54.0 (2256670)|SYSTEM_MODE_ENTER|false
15:22:54.0 (2271019)|HEAP_ALLOCATE|[EXTERNAL]|Bytes:5
15:22:54.0 (2278722)|SYSTEM_MODE_EXIT|false
15:22:54.0 (2310373)|METHOD_EXIT|[1]|CompensationController
15:22:54.0 (2317267)|HEAP_ALLOCATE|[EXTERNAL]|Bytes:3
15:22:54.0 (2326882)|SYSTEM_MODE_ENTER|false
15:22:54.0 (2334205)|VARIABLE_SCOPE_BEGIN|[3]|filter|String|false|false
15:22:54.0 (2355015)|VARIABLE_ASSIGNMENT|[3]|filter|"all"
15:22:54.0 (2370872)|HEAP_ALLOCATE|[4]|Bytes:5
15:22:54.0 (2375805)|STATEMENT_EXECUTE|[3]
15:22:54.0 (2377801)|STATEMENT_EXECUTE|[4]
15:22:54.0 (2482723)|HEAP_ALLOCATE|[4]|Bytes:4
15:22:54.0 (2589254)|VARIABLE_SCOPE_BEGIN|[4]|compensations|List<Compensation__c>|true|false
15:22:54.0 (2601095)|HEAP_ALLOCATE|[EXTERNAL]|Bytes:4
15:22:54.0 (2613990)|VARIABLE_ASSIGNMENT|[4]|compensations|[]|0x78c476a5
15:22:54.0 (2621931)|HEAP_ALLOCATE|[5]|Bytes:3
15:22:54.0 (2650443)|STATEMENT_EXECUTE|[5]
15:22:54.0 (2652367)|STATEMENT_EXECUTE|[6]
15:22:54.0 (2655433)|HEAP_ALLOCATE|[6]|Bytes:161
15:22:54.0 (2673444)|HEAP_ALLOCATE|[6]|Bytes:4
15:22:54.0 (3304910)|SOQL_EXECUTE_BEGIN|[6]|Aggregations:0|SELECT Employee__r.Name, Employee__r.birthdate, job_category__c, RecordType.Name, amount__c, location__c, office__c, submitted__c, status__c FROM Compensation__c
15:22:54.0 (16986308)|SOQL_EXECUTE_END|[6]|Rows:232
15:22:54.0 (17015136)|HEAP_ALLOCATE|[6]|Bytes:932
15:22:54.0 (17644793)|HEAP_ALLOCATE|[6]|Bytes:62649
15:22:54.0 (17696501)|HEAP_ALLOCATE|[6]|Bytes:932
15:22:54.0 (17727210)|VARIABLE_ASSIGNMENT|[6]|compensations|"List of size 232 too large to display"|0x5e3f9b7a
15:22:54.0 (17735985)|STATEMENT_EXECUTE|[17]
15:22:54.0 (17747914)|SYSTEM_MODE_EXIT|false
15:22:54.17 (17772987)|CUMULATIVE_LIMIT_USAGE
15:22:54.17 (17772987)|LIMIT_USAGE_FOR_NS|(default)|
  Number of SOQL queries: 1 out of 100
  Number of query rows: 232 out of 50000
  Number of SOSL queries: 0 out of 20
  Number of DML statements: 0 out of 150
  Number of DML rows: 0 out of 10000
  Maximum CPU time: 0 out of 10000
  Maximum heap size: 0 out of 6000000
  Number of callouts: 0 out of 100
  Number of Email Invocations: 0 out of 10
  Number of future calls: 0 out of 50
  Number of queueable jobs added to the queue: 0 out of 50
  Number of Mobile Apex push calls: 0 out of 10

15:22:54.17 (17772987)|CUMULATIVE_LIMIT_USAGE_END

15:22:54.0 (17801018)|CODE_UNIT_FINISHED|CompensationController.getCompensations
15:22:54.0 (21311310)|CODE_UNIT_FINISHED|Aura
15:22:54.0 (22450718)|EXECUTION_FINISHED
