42.0 APEX_CODE,FINEST;APEX_PROFILING,INFO;CALLOUT,INFO;DB,INFO;SYSTEM,DEBUG;VALIDATION,INFO;VISUALFORCE,INFO;WAVE,INFO;WORKFLOW,INFO
11:42:37.0 (81152)|USER_INFO|[EXTERNAL]|005f4000001iPIc|lrodriguez-onboarding@altimetrik.com|Hora de Argentina|GMT-03:00
11:42:37.0 (131934)|EXECUTION_STARTED
11:42:37.0 (137991)|CODE_UNIT_STARTED|[EXTERNAL]|Aura
11:42:37.0 (1071660)|HEAP_ALLOCATE|[72]|Bytes:3
11:42:37.0 (1771030)|HEAP_ALLOCATE|[77]|Bytes:152
11:42:37.0 (1796287)|HEAP_ALLOCATE|[342]|Bytes:408
11:42:37.0 (1818722)|HEAP_ALLOCATE|[355]|Bytes:408
11:42:37.0 (1836295)|HEAP_ALLOCATE|[467]|Bytes:48
11:42:37.0 (1866842)|HEAP_ALLOCATE|[139]|Bytes:6
11:42:37.0 (1890578)|HEAP_ALLOCATE|[EXTERNAL]|Bytes:8
11:42:37.0 (1901563)|HEAP_ALLOCATE|[EXTERNAL]|Bytes:8
11:42:37.0 (2755055)|CODE_UNIT_STARTED|[EXTERNAL]|01pf4000009OyzM|CompensationController.getCompensations
11:42:37.0 (2859949)|HEAP_ALLOCATE|[EXTERNAL]|Bytes:1
11:42:37.0 (2877293)|METHOD_ENTRY|[1]|01pf4000009OyzM|CompensationController.CompensationController()
11:42:37.0 (2885321)|STATEMENT_EXECUTE|[1]
11:42:37.0 (2892099)|STATEMENT_EXECUTE|[1]
11:42:37.0 (2923021)|HEAP_ALLOCATE|[50]|Bytes:5
11:42:37.0 (2948657)|HEAP_ALLOCATE|[56]|Bytes:5
11:42:37.0 (2960385)|HEAP_ALLOCATE|[64]|Bytes:7
11:42:37.0 (2989894)|SYSTEM_MODE_ENTER|false
11:42:37.0 (3005292)|HEAP_ALLOCATE|[EXTERNAL]|Bytes:5
11:42:37.0 (3014557)|SYSTEM_MODE_EXIT|false
11:42:37.0 (3024737)|METHOD_EXIT|[1]|CompensationController
11:42:37.0 (3031526)|HEAP_ALLOCATE|[EXTERNAL]|Bytes:8
11:42:37.0 (3044169)|SYSTEM_MODE_ENTER|false
11:42:37.0 (3053529)|VARIABLE_SCOPE_BEGIN|[3]|filter|String|false|false
11:42:37.0 (3084325)|VARIABLE_ASSIGNMENT|[3]|filter|"research"
11:42:37.0 (3104615)|HEAP_ALLOCATE|[4]|Bytes:5
11:42:37.0 (3112075)|STATEMENT_EXECUTE|[3]
11:42:37.0 (3114276)|STATEMENT_EXECUTE|[4]
11:42:37.0 (3244710)|HEAP_ALLOCATE|[4]|Bytes:4
11:42:37.0 (3336294)|VARIABLE_SCOPE_BEGIN|[4]|compensations|List<Compensation__c>|true|false
11:42:37.0 (3351476)|HEAP_ALLOCATE|[EXTERNAL]|Bytes:4
11:42:37.0 (3366775)|VARIABLE_ASSIGNMENT|[4]|compensations|[]|0x26842fe5
11:42:37.0 (3376087)|HEAP_ALLOCATE|[5]|Bytes:3
11:42:37.0 (3403872)|HEAP_ALLOCATE|[10]|Bytes:5
11:42:37.0 (3415528)|HEAP_ALLOCATE|[10]|Bytes:6
11:42:37.0 (3426137)|HEAP_ALLOCATE|[10]|Bytes:8
11:42:37.0 (3440003)|STATEMENT_EXECUTE|[10]
11:42:37.0 (3442387)|STATEMENT_EXECUTE|[11]
11:42:37.0 (3445237)|HEAP_ALLOCATE|[11]|Bytes:194
11:42:37.0 (3464213)|HEAP_ALLOCATE|[11]|Bytes:4
11:42:37.0 (3477960)|HEAP_ALLOCATE|[11]|Bytes:7
11:42:37.0 (4445997)|SOQL_EXECUTE_BEGIN|[11]|Aggregations:0|SELECT Employee__r.Name, Employee__r.birthdate, job_category__c, RecordType.Name, amount__c, location__c, office__c, submitted__c, status__c FROM Compensation__c WHERE RecordType.Name = :tmpVar1
11:42:37.0 (14028022)|SOQL_EXECUTE_END|[11]|Rows:6
11:42:37.0 (14076476)|HEAP_ALLOCATE|[11]|Bytes:28
11:42:37.0 (14144786)|HEAP_ALLOCATE|[11]|Bytes:1714
11:42:37.0 (14204198)|HEAP_ALLOCATE|[11]|Bytes:28
11:42:37.0 (14263475)|VARIABLE_ASSIGNMENT|[11]|compensations|"List of size 6 too large to display"|0x4f2f28a0
11:42:37.0 (14283847)|STATEMENT_EXECUTE|[17]
11:42:37.0 (14300528)|SYSTEM_MODE_EXIT|false
11:42:37.14 (14346072)|CUMULATIVE_LIMIT_USAGE
11:42:37.14 (14346072)|LIMIT_USAGE_FOR_NS|(default)|
  Number of SOQL queries: 1 out of 100
  Number of query rows: 6 out of 50000
  Number of SOSL queries: 0 out of 20
  Number of DML statements: 0 out of 150
  Number of DML rows: 0 out of 10000
  Maximum CPU time: 0 out of 10000
  Maximum heap size: 0 out of 6000000
  Number of callouts: 0 out of 100
  Number of Email Invocations: 0 out of 10
  Number of future calls: 0 out of 50
  Number of queueable jobs added to the queue: 0 out of 50
  Number of Mobile Apex push calls: 0 out of 10

11:42:37.14 (14346072)|CUMULATIVE_LIMIT_USAGE_END

11:42:37.0 (14399007)|CODE_UNIT_FINISHED|CompensationController.getCompensations
11:42:37.0 (14681431)|CODE_UNIT_FINISHED|Aura
11:42:37.0 (16047585)|EXECUTION_FINISHED
