42.0 APEX_CODE,FINEST;APEX_PROFILING,INFO;CALLOUT,INFO;DB,INFO;SYSTEM,DEBUG;VALIDATION,INFO;VISUALFORCE,INFO;WAVE,INFO;WORKFLOW,INFO
16:26:59.0 (73859)|USER_INFO|[EXTERNAL]|005f4000001iPIc|lrodriguez-onboarding@altimetrik.com|Argentine Time|GMT-03:00
16:26:59.0 (110356)|EXECUTION_STARTED
16:26:59.0 (115054)|CODE_UNIT_STARTED|[EXTERNAL]|Aura
16:26:59.0 (855509)|HEAP_ALLOCATE|[72]|Bytes:3
16:26:59.0 (896939)|HEAP_ALLOCATE|[77]|Bytes:152
16:26:59.0 (912601)|HEAP_ALLOCATE|[342]|Bytes:408
16:26:59.0 (926310)|HEAP_ALLOCATE|[355]|Bytes:408
16:26:59.0 (936630)|HEAP_ALLOCATE|[467]|Bytes:48
16:26:59.0 (958366)|HEAP_ALLOCATE|[139]|Bytes:6
16:26:59.0 (976548)|HEAP_ALLOCATE|[EXTERNAL]|Bytes:8
16:26:59.0 (985085)|HEAP_ALLOCATE|[EXTERNAL]|Bytes:8
16:26:59.0 (1976588)|CODE_UNIT_STARTED|[EXTERNAL]|01pf4000009OyzM|CompensationController.getCompensations
16:26:59.0 (2077364)|HEAP_ALLOCATE|[EXTERNAL]|Bytes:1
16:26:59.0 (2089180)|METHOD_ENTRY|[1]|01pf4000009OyzM|CompensationController.CompensationController()
16:26:59.0 (2095064)|STATEMENT_EXECUTE|[1]
16:26:59.0 (2102101)|STATEMENT_EXECUTE|[1]
16:26:59.0 (2134439)|HEAP_ALLOCATE|[50]|Bytes:5
16:26:59.0 (2157370)|HEAP_ALLOCATE|[56]|Bytes:5
16:26:59.0 (2165513)|HEAP_ALLOCATE|[64]|Bytes:7
16:26:59.0 (2190914)|SYSTEM_MODE_ENTER|false
16:26:59.0 (2204612)|HEAP_ALLOCATE|[EXTERNAL]|Bytes:5
16:26:59.0 (2213078)|SYSTEM_MODE_EXIT|false
16:26:59.0 (2222435)|METHOD_EXIT|[1]|CompensationController
16:26:59.0 (2227558)|HEAP_ALLOCATE|[EXTERNAL]|Bytes:8
16:26:59.0 (2235970)|SYSTEM_MODE_ENTER|false
16:26:59.0 (2243042)|VARIABLE_SCOPE_BEGIN|[3]|filter|String|false|false
16:26:59.0 (2264757)|VARIABLE_ASSIGNMENT|[3]|filter|"research"
16:26:59.0 (2279528)|HEAP_ALLOCATE|[4]|Bytes:5
16:26:59.0 (2284919)|STATEMENT_EXECUTE|[3]
16:26:59.0 (2286682)|STATEMENT_EXECUTE|[4]
16:26:59.0 (2396586)|HEAP_ALLOCATE|[4]|Bytes:4
16:26:59.0 (2469493)|VARIABLE_SCOPE_BEGIN|[4]|compensations|List<Compensation__c>|true|false
16:26:59.0 (2482037)|HEAP_ALLOCATE|[EXTERNAL]|Bytes:4
16:26:59.0 (2495030)|VARIABLE_ASSIGNMENT|[4]|compensations|[]|0x645dde20
16:26:59.0 (2503613)|HEAP_ALLOCATE|[5]|Bytes:3
16:26:59.0 (2529860)|HEAP_ALLOCATE|[10]|Bytes:5
16:26:59.0 (2537467)|HEAP_ALLOCATE|[10]|Bytes:6
16:26:59.0 (2544040)|HEAP_ALLOCATE|[10]|Bytes:8
16:26:59.0 (2554360)|STATEMENT_EXECUTE|[10]
16:26:59.0 (2556287)|STATEMENT_EXECUTE|[11]
16:26:59.0 (2558613)|HEAP_ALLOCATE|[11]|Bytes:210
16:26:59.0 (2574895)|HEAP_ALLOCATE|[11]|Bytes:4
16:26:59.0 (2583332)|HEAP_ALLOCATE|[11]|Bytes:7
16:26:59.0 (3370211)|SOQL_EXECUTE_BEGIN|[11]|Aggregations:0|SELECT Employee__r.Id, Employee__r.Name, Employee__r.birthdate, job_category__c, RecordType.Name, amount__c, location__c, office__c, submitted__c, status__c FROM Compensation__c WHERE RecordType.Name = :tmpVar1
16:26:59.0 (9249106)|SOQL_EXECUTE_END|[11]|Rows:6
16:26:59.0 (9273598)|HEAP_ALLOCATE|[11]|Bytes:28
16:26:59.0 (9319394)|HEAP_ALLOCATE|[11]|Bytes:1714
16:26:59.0 (9373931)|HEAP_ALLOCATE|[11]|Bytes:28
16:26:59.0 (9398675)|VARIABLE_ASSIGNMENT|[11]|compensations|"List of size 6 too large to display"|0x1ecd9c1b
16:26:59.0 (9406556)|STATEMENT_EXECUTE|[17]
16:26:59.0 (9416296)|SYSTEM_MODE_EXIT|false
16:26:59.9 (9466415)|CUMULATIVE_LIMIT_USAGE
16:26:59.9 (9466415)|LIMIT_USAGE_FOR_NS|(default)|
  Number of SOQL queries: 1 out of 100
  Number of query rows: 6 out of 50000
  Number of SOSL queries: 0 out of 20
  Number of DML statements: 0 out of 150
  Number of DML rows: 0 out of 10000
  Maximum CPU time: 0 out of 10000
  Maximum heap size: 0 out of 6000000
  Number of callouts: 0 out of 100
  Number of Email Invocations: 0 out of 10
  Number of future calls: 0 out of 50
  Number of queueable jobs added to the queue: 0 out of 50
  Number of Mobile Apex push calls: 0 out of 10

16:26:59.9 (9466415)|CUMULATIVE_LIMIT_USAGE_END

16:26:59.0 (9496424)|CODE_UNIT_FINISHED|CompensationController.getCompensations
16:26:59.0 (9663162)|CODE_UNIT_FINISHED|Aura
16:26:59.0 (10840431)|EXECUTION_FINISHED
