42.0 APEX_CODE,FINEST;APEX_PROFILING,INFO;CALLOUT,INFO;DB,INFO;SYSTEM,DEBUG;VALIDATION,INFO;VISUALFORCE,INFO;WAVE,INFO;WORKFLOW,INFO
15:13:46.0 (74818)|USER_INFO|[EXTERNAL]|005f4000001iPIc|lrodriguez-onboarding@altimetrik.com|Hora de Argentina|GMT-03:00
15:13:46.0 (107747)|EXECUTION_STARTED
15:13:46.0 (112574)|CODE_UNIT_STARTED|[EXTERNAL]|Aura
15:13:46.0 (898044)|HEAP_ALLOCATE|[72]|Bytes:3
15:13:46.0 (937005)|HEAP_ALLOCATE|[77]|Bytes:152
15:13:46.0 (955192)|HEAP_ALLOCATE|[342]|Bytes:408
15:13:46.0 (969139)|HEAP_ALLOCATE|[355]|Bytes:408
15:13:46.0 (979362)|HEAP_ALLOCATE|[467]|Bytes:48
15:13:46.0 (1004567)|HEAP_ALLOCATE|[139]|Bytes:6
15:13:46.0 (1031921)|HEAP_ALLOCATE|[EXTERNAL]|Bytes:3
15:13:46.0 (1043577)|HEAP_ALLOCATE|[EXTERNAL]|Bytes:3
15:13:46.0 (1868184)|CODE_UNIT_STARTED|[EXTERNAL]|01pf4000009OyzM|CompensationController.getCompensations
15:13:46.0 (1958373)|HEAP_ALLOCATE|[EXTERNAL]|Bytes:1
15:13:46.0 (1970446)|METHOD_ENTRY|[1]|01pf4000009OyzM|CompensationController.CompensationController()
15:13:46.0 (1976521)|STATEMENT_EXECUTE|[1]
15:13:46.0 (1983156)|STATEMENT_EXECUTE|[1]
15:13:46.0 (2013401)|HEAP_ALLOCATE|[50]|Bytes:5
15:13:46.0 (2036873)|HEAP_ALLOCATE|[56]|Bytes:5
15:13:46.0 (2044941)|HEAP_ALLOCATE|[64]|Bytes:7
15:13:46.0 (2068799)|SYSTEM_MODE_ENTER|false
15:13:46.0 (2081487)|HEAP_ALLOCATE|[EXTERNAL]|Bytes:5
15:13:46.0 (2089163)|SYSTEM_MODE_EXIT|false
15:13:46.0 (2098351)|METHOD_EXIT|[1]|CompensationController
15:13:46.0 (2103343)|HEAP_ALLOCATE|[EXTERNAL]|Bytes:3
15:13:46.0 (2111426)|SYSTEM_MODE_ENTER|false
15:13:46.0 (2119249)|VARIABLE_SCOPE_BEGIN|[3]|filter|String|false|false
15:13:46.0 (2141992)|VARIABLE_ASSIGNMENT|[3]|filter|"all"
15:13:46.0 (2156770)|HEAP_ALLOCATE|[4]|Bytes:5
15:13:46.0 (2161801)|STATEMENT_EXECUTE|[3]
15:13:46.0 (2163624)|STATEMENT_EXECUTE|[4]
15:13:46.0 (2263932)|HEAP_ALLOCATE|[4]|Bytes:4
15:13:46.0 (2326045)|VARIABLE_SCOPE_BEGIN|[4]|compensations|List<Compensation__c>|true|false
15:13:46.0 (2338218)|HEAP_ALLOCATE|[EXTERNAL]|Bytes:4
15:13:46.0 (2352078)|VARIABLE_ASSIGNMENT|[4]|compensations|[]|0x6360552d
15:13:46.0 (2360234)|HEAP_ALLOCATE|[5]|Bytes:3
15:13:46.0 (2386979)|STATEMENT_EXECUTE|[5]
15:13:46.0 (2388886)|STATEMENT_EXECUTE|[6]
15:13:46.0 (2391450)|HEAP_ALLOCATE|[6]|Bytes:161
15:13:46.0 (2408321)|HEAP_ALLOCATE|[6]|Bytes:4
15:13:46.0 (3157353)|SOQL_EXECUTE_BEGIN|[6]|Aggregations:0|SELECT Employee__r.Name, Employee__r.birthdate, job_category__c, RecordType.Name, amount__c, location__c, office__c, submitted__c, status__c FROM Compensation__c
15:13:46.0 (16886331)|SOQL_EXECUTE_END|[6]|Rows:232
15:13:46.0 (16913873)|HEAP_ALLOCATE|[6]|Bytes:932
15:13:46.0 (17530195)|HEAP_ALLOCATE|[6]|Bytes:62649
15:13:46.0 (17566490)|HEAP_ALLOCATE|[6]|Bytes:932
15:13:46.0 (17596019)|VARIABLE_ASSIGNMENT|[6]|compensations|"List of size 232 too large to display"|0x5a756c45
15:13:46.0 (17604216)|STATEMENT_EXECUTE|[17]
15:13:46.0 (17613272)|SYSTEM_MODE_EXIT|false
15:13:46.17 (17644511)|CUMULATIVE_LIMIT_USAGE
15:13:46.17 (17644511)|LIMIT_USAGE_FOR_NS|(default)|
  Number of SOQL queries: 1 out of 100
  Number of query rows: 232 out of 50000
  Number of SOSL queries: 0 out of 20
  Number of DML statements: 0 out of 150
  Number of DML rows: 0 out of 10000
  Maximum CPU time: 0 out of 10000
  Maximum heap size: 0 out of 6000000
  Number of callouts: 0 out of 100
  Number of Email Invocations: 0 out of 10
  Number of future calls: 0 out of 50
  Number of queueable jobs added to the queue: 0 out of 50
  Number of Mobile Apex push calls: 0 out of 10

15:13:46.17 (17644511)|CUMULATIVE_LIMIT_USAGE_END

15:13:46.0 (17675646)|CODE_UNIT_FINISHED|CompensationController.getCompensations
15:13:46.0 (20997768)|CODE_UNIT_FINISHED|Aura
15:13:46.0 (22532256)|EXECUTION_FINISHED
