42.0 APEX_CODE,FINEST;APEX_PROFILING,INFO;CALLOUT,INFO;DB,INFO;SYSTEM,DEBUG;VALIDATION,INFO;VISUALFORCE,INFO;WAVE,INFO;WORKFLOW,INFO
11:40:24.0 (92843)|USER_INFO|[EXTERNAL]|005f4000001iPIc|lrodriguez-onboarding@altimetrik.com|Hora de Argentina|GMT-03:00
11:40:24.0 (137540)|EXECUTION_STARTED
11:40:24.0 (143322)|CODE_UNIT_STARTED|[EXTERNAL]|Aura
11:40:24.0 (1082188)|HEAP_ALLOCATE|[72]|Bytes:3
11:40:24.0 (1140909)|HEAP_ALLOCATE|[77]|Bytes:152
11:40:24.0 (1164449)|HEAP_ALLOCATE|[342]|Bytes:408
11:40:24.0 (1187588)|HEAP_ALLOCATE|[355]|Bytes:408
11:40:24.0 (1205936)|HEAP_ALLOCATE|[467]|Bytes:48
11:40:24.0 (1237111)|HEAP_ALLOCATE|[139]|Bytes:6
11:40:24.0 (1263596)|HEAP_ALLOCATE|[EXTERNAL]|Bytes:8
11:40:24.0 (1274996)|HEAP_ALLOCATE|[EXTERNAL]|Bytes:8
11:40:24.0 (2104628)|CODE_UNIT_STARTED|[EXTERNAL]|01pf4000009OyzM|CompensationController.getCompensations
11:40:24.0 (2234379)|HEAP_ALLOCATE|[EXTERNAL]|Bytes:1
11:40:24.0 (2251785)|METHOD_ENTRY|[1]|01pf4000009OyzM|CompensationController.CompensationController()
11:40:24.0 (2260311)|STATEMENT_EXECUTE|[1]
11:40:24.0 (2268083)|STATEMENT_EXECUTE|[1]
11:40:24.0 (2302541)|HEAP_ALLOCATE|[50]|Bytes:5
11:40:24.0 (2334782)|HEAP_ALLOCATE|[56]|Bytes:5
11:40:24.0 (2347695)|HEAP_ALLOCATE|[64]|Bytes:7
11:40:24.0 (2380409)|SYSTEM_MODE_ENTER|false
11:40:24.0 (2397354)|HEAP_ALLOCATE|[EXTERNAL]|Bytes:5
11:40:24.0 (2408884)|SYSTEM_MODE_EXIT|false
11:40:24.0 (2419455)|METHOD_EXIT|[1]|CompensationController
11:40:24.0 (2427169)|HEAP_ALLOCATE|[EXTERNAL]|Bytes:8
11:40:24.0 (2440849)|SYSTEM_MODE_ENTER|false
11:40:24.0 (2450222)|VARIABLE_SCOPE_BEGIN|[3]|filter|String|false|false
11:40:24.0 (2481691)|VARIABLE_ASSIGNMENT|[3]|filter|"research"
11:40:24.0 (2502605)|HEAP_ALLOCATE|[4]|Bytes:5
11:40:24.0 (2509654)|STATEMENT_EXECUTE|[3]
11:40:24.0 (2511764)|STATEMENT_EXECUTE|[4]
11:40:24.0 (2657296)|HEAP_ALLOCATE|[4]|Bytes:4
11:40:24.0 (2757428)|VARIABLE_SCOPE_BEGIN|[4]|compensations|List<Compensation__c>|true|false
11:40:24.0 (2774285)|HEAP_ALLOCATE|[EXTERNAL]|Bytes:4
11:40:24.0 (2789954)|VARIABLE_ASSIGNMENT|[4]|compensations|[]|0x3666abfa
11:40:24.0 (2799948)|HEAP_ALLOCATE|[5]|Bytes:3
11:40:24.0 (2841150)|HEAP_ALLOCATE|[10]|Bytes:5
11:40:24.0 (2853582)|HEAP_ALLOCATE|[10]|Bytes:6
11:40:24.0 (2864366)|HEAP_ALLOCATE|[10]|Bytes:8
11:40:24.0 (2878506)|STATEMENT_EXECUTE|[10]
11:40:24.0 (2880905)|STATEMENT_EXECUTE|[11]
11:40:24.0 (2890208)|HEAP_ALLOCATE|[11]|Bytes:194
11:40:24.0 (2916425)|HEAP_ALLOCATE|[11]|Bytes:4
11:40:24.0 (2932450)|HEAP_ALLOCATE|[11]|Bytes:7
11:40:24.0 (4186357)|SOQL_EXECUTE_BEGIN|[11]|Aggregations:0|SELECT Employee__r.Name, Employee__r.birthdate, job_category__c, RecordType.Name, amount__c, location__c, office__c, submitted__c, status__c FROM Compensation__c WHERE RecordType.Name = :tmpVar1
11:40:24.0 (14878126)|SOQL_EXECUTE_END|[11]|Rows:6
11:40:24.0 (14946702)|HEAP_ALLOCATE|[11]|Bytes:28
11:40:24.0 (15015846)|HEAP_ALLOCATE|[11]|Bytes:1714
11:40:24.0 (15093162)|HEAP_ALLOCATE|[11]|Bytes:28
11:40:24.0 (15141209)|VARIABLE_ASSIGNMENT|[11]|compensations|"List of size 6 too large to display"|0x4798de35
11:40:24.0 (15154533)|STATEMENT_EXECUTE|[17]
11:40:24.0 (15170607)|SYSTEM_MODE_EXIT|false
11:40:24.15 (15204831)|CUMULATIVE_LIMIT_USAGE
11:40:24.15 (15204831)|LIMIT_USAGE_FOR_NS|(default)|
  Number of SOQL queries: 1 out of 100
  Number of query rows: 6 out of 50000
  Number of SOSL queries: 0 out of 20
  Number of DML statements: 0 out of 150
  Number of DML rows: 0 out of 10000
  Maximum CPU time: 0 out of 10000
  Maximum heap size: 0 out of 6000000
  Number of callouts: 0 out of 100
  Number of Email Invocations: 0 out of 10
  Number of future calls: 0 out of 50
  Number of queueable jobs added to the queue: 0 out of 50
  Number of Mobile Apex push calls: 0 out of 10

11:40:24.15 (15204831)|CUMULATIVE_LIMIT_USAGE_END

11:40:24.0 (15251137)|CODE_UNIT_FINISHED|CompensationController.getCompensations
11:40:24.0 (15422580)|CODE_UNIT_FINISHED|Aura
11:40:24.0 (16690957)|EXECUTION_FINISHED
