42.0 APEX_CODE,FINEST;APEX_PROFILING,INFO;CALLOUT,INFO;DB,INFO;SYSTEM,DEBUG;VALIDATION,INFO;VISUALFORCE,INFO;WAVE,INFO;WORKFLOW,INFO
16:33:34.0 (64976)|USER_INFO|[EXTERNAL]|005f4000001iPIc|lrodriguez-onboarding@altimetrik.com|Argentine Time|GMT-03:00
16:33:34.0 (98981)|EXECUTION_STARTED
16:33:34.0 (104200)|CODE_UNIT_STARTED|[EXTERNAL]|Aura
16:33:34.0 (811103)|HEAP_ALLOCATE|[72]|Bytes:3
16:33:34.0 (851654)|HEAP_ALLOCATE|[77]|Bytes:152
16:33:34.0 (866552)|HEAP_ALLOCATE|[342]|Bytes:408
16:33:34.0 (881580)|HEAP_ALLOCATE|[355]|Bytes:408
16:33:34.0 (892661)|HEAP_ALLOCATE|[467]|Bytes:48
16:33:34.0 (915161)|HEAP_ALLOCATE|[139]|Bytes:6
16:33:34.0 (932367)|HEAP_ALLOCATE|[EXTERNAL]|Bytes:3
16:33:34.0 (944813)|HEAP_ALLOCATE|[EXTERNAL]|Bytes:3
16:33:34.0 (1709295)|CODE_UNIT_STARTED|[EXTERNAL]|01pf4000009OyzM|CompensationController.getCompensations
16:33:34.0 (1796658)|HEAP_ALLOCATE|[EXTERNAL]|Bytes:1
16:33:34.0 (1807830)|METHOD_ENTRY|[1]|01pf4000009OyzM|CompensationController.CompensationController()
16:33:34.0 (1813549)|STATEMENT_EXECUTE|[1]
16:33:34.0 (1819609)|STATEMENT_EXECUTE|[1]
16:33:34.0 (1849535)|HEAP_ALLOCATE|[50]|Bytes:5
16:33:34.0 (1874440)|HEAP_ALLOCATE|[56]|Bytes:5
16:33:34.0 (1882895)|HEAP_ALLOCATE|[64]|Bytes:7
16:33:34.0 (1907054)|SYSTEM_MODE_ENTER|false
16:33:34.0 (1920751)|HEAP_ALLOCATE|[EXTERNAL]|Bytes:5
16:33:34.0 (1928298)|SYSTEM_MODE_EXIT|false
16:33:34.0 (1937038)|METHOD_EXIT|[1]|CompensationController
16:33:34.0 (1947119)|HEAP_ALLOCATE|[EXTERNAL]|Bytes:3
16:33:34.0 (1956328)|SYSTEM_MODE_ENTER|false
16:33:34.0 (1963340)|VARIABLE_SCOPE_BEGIN|[3]|filter|String|false|false
16:33:34.0 (1985137)|VARIABLE_ASSIGNMENT|[3]|filter|"all"
16:33:34.0 (2000420)|HEAP_ALLOCATE|[4]|Bytes:5
16:33:34.0 (2005568)|STATEMENT_EXECUTE|[3]
16:33:34.0 (2007884)|STATEMENT_EXECUTE|[4]
16:33:34.0 (2104410)|HEAP_ALLOCATE|[4]|Bytes:4
16:33:34.0 (2173841)|VARIABLE_SCOPE_BEGIN|[4]|compensations|List<Compensation__c>|true|false
16:33:34.0 (2185089)|HEAP_ALLOCATE|[EXTERNAL]|Bytes:4
16:33:34.0 (2227252)|VARIABLE_ASSIGNMENT|[4]|compensations|[]|0x6c70077
16:33:34.0 (2253612)|HEAP_ALLOCATE|[5]|Bytes:3
16:33:34.0 (2281257)|STATEMENT_EXECUTE|[5]
16:33:34.0 (2283351)|STATEMENT_EXECUTE|[6]
16:33:34.0 (2285901)|HEAP_ALLOCATE|[6]|Bytes:177
16:33:34.0 (2302799)|HEAP_ALLOCATE|[6]|Bytes:4
16:33:34.0 (3019514)|SOQL_EXECUTE_BEGIN|[6]|Aggregations:0|SELECT Employee__r.Id, Employee__r.Name, Employee__r.birthdate, job_category__c, RecordType.Name, amount__c, location__c, office__c, submitted__c, status__c FROM Compensation__c
16:33:34.0 (13699786)|SOQL_EXECUTE_END|[6]|Rows:232
16:33:34.0 (14312355)|HEAP_ALLOCATE|[6]|Bytes:932
16:33:34.0 (14918466)|HEAP_ALLOCATE|[6]|Bytes:62649
16:33:34.0 (14970830)|HEAP_ALLOCATE|[6]|Bytes:932
16:33:34.0 (15002725)|VARIABLE_ASSIGNMENT|[6]|compensations|"List of size 232 too large to display"|0x791deac3
16:33:34.0 (15011838)|STATEMENT_EXECUTE|[17]
16:33:34.0 (15024992)|SYSTEM_MODE_EXIT|false
16:33:34.15 (15054752)|CUMULATIVE_LIMIT_USAGE
16:33:34.15 (15054752)|LIMIT_USAGE_FOR_NS|(default)|
  Number of SOQL queries: 1 out of 100
  Number of query rows: 232 out of 50000
  Number of SOSL queries: 0 out of 20
  Number of DML statements: 0 out of 150
  Number of DML rows: 0 out of 10000
  Maximum CPU time: 0 out of 10000
  Maximum heap size: 0 out of 6000000
  Number of callouts: 0 out of 100
  Number of Email Invocations: 0 out of 10
  Number of future calls: 0 out of 50
  Number of queueable jobs added to the queue: 0 out of 50
  Number of Mobile Apex push calls: 0 out of 10

16:33:34.15 (15054752)|CUMULATIVE_LIMIT_USAGE_END

16:33:34.0 (15085914)|CODE_UNIT_FINISHED|CompensationController.getCompensations
16:33:34.0 (18316130)|CODE_UNIT_FINISHED|Aura
16:33:34.0 (19647716)|EXECUTION_FINISHED
