42.0 APEX_CODE,FINEST;APEX_PROFILING,INFO;CALLOUT,INFO;DB,INFO;SYSTEM,DEBUG;VALIDATION,INFO;VISUALFORCE,INFO;WAVE,INFO;WORKFLOW,INFO
15:27:54.0 (323204)|USER_INFO|[EXTERNAL]|005f4000001iPIc|lrodriguez-onboarding@altimetrik.com|Hora de Argentina|GMT-03:00
15:27:54.0 (357093)|EXECUTION_STARTED
15:27:54.0 (361697)|CODE_UNIT_STARTED|[EXTERNAL]|Aura
15:27:54.0 (1375182)|HEAP_ALLOCATE|[72]|Bytes:3
15:27:54.0 (1415210)|HEAP_ALLOCATE|[77]|Bytes:152
15:27:54.0 (1431644)|HEAP_ALLOCATE|[342]|Bytes:408
15:27:54.0 (1444983)|HEAP_ALLOCATE|[355]|Bytes:408
15:27:54.0 (1455107)|HEAP_ALLOCATE|[467]|Bytes:48
15:27:54.0 (1477130)|HEAP_ALLOCATE|[139]|Bytes:6
15:27:54.0 (1494581)|HEAP_ALLOCATE|[EXTERNAL]|Bytes:3
15:27:54.0 (1502593)|HEAP_ALLOCATE|[EXTERNAL]|Bytes:3
15:27:54.0 (2271339)|CODE_UNIT_STARTED|[EXTERNAL]|01pf4000009OyzM|CompensationController.getCompensations
15:27:54.0 (2366746)|HEAP_ALLOCATE|[EXTERNAL]|Bytes:1
15:27:54.0 (2378037)|METHOD_ENTRY|[1]|01pf4000009OyzM|CompensationController.CompensationController()
15:27:54.0 (2383587)|STATEMENT_EXECUTE|[1]
15:27:54.0 (2390500)|STATEMENT_EXECUTE|[1]
15:27:54.0 (2423245)|HEAP_ALLOCATE|[50]|Bytes:5
15:27:54.0 (2446564)|HEAP_ALLOCATE|[56]|Bytes:5
15:27:54.0 (2454358)|HEAP_ALLOCATE|[64]|Bytes:7
15:27:54.0 (2479030)|SYSTEM_MODE_ENTER|false
15:27:54.0 (2494952)|HEAP_ALLOCATE|[EXTERNAL]|Bytes:5
15:27:54.0 (2503096)|SYSTEM_MODE_EXIT|false
15:27:54.0 (2513287)|METHOD_EXIT|[1]|CompensationController
15:27:54.0 (2518648)|HEAP_ALLOCATE|[EXTERNAL]|Bytes:3
15:27:54.0 (2526925)|SYSTEM_MODE_ENTER|false
15:27:54.0 (2534780)|VARIABLE_SCOPE_BEGIN|[3]|filter|String|false|false
15:27:54.0 (2558727)|VARIABLE_ASSIGNMENT|[3]|filter|"all"
15:27:54.0 (2573351)|HEAP_ALLOCATE|[4]|Bytes:5
15:27:54.0 (2578568)|STATEMENT_EXECUTE|[3]
15:27:54.0 (2580511)|STATEMENT_EXECUTE|[4]
15:27:54.0 (2692036)|HEAP_ALLOCATE|[4]|Bytes:4
15:27:54.0 (2772573)|VARIABLE_SCOPE_BEGIN|[4]|compensations|List<Compensation__c>|true|false
15:27:54.0 (2790048)|HEAP_ALLOCATE|[EXTERNAL]|Bytes:4
15:27:54.0 (2806452)|VARIABLE_ASSIGNMENT|[4]|compensations|[]|0x2337bf5c
15:27:54.0 (2815389)|HEAP_ALLOCATE|[5]|Bytes:3
15:27:54.0 (2842536)|STATEMENT_EXECUTE|[5]
15:27:54.0 (2844517)|STATEMENT_EXECUTE|[6]
15:27:54.0 (2847225)|HEAP_ALLOCATE|[6]|Bytes:161
15:27:54.0 (2865798)|HEAP_ALLOCATE|[6]|Bytes:4
15:27:54.0 (5000736)|SOQL_EXECUTE_BEGIN|[6]|Aggregations:0|SELECT Employee__r.Name, Employee__r.birthdate, job_category__c, RecordType.Name, amount__c, location__c, office__c, submitted__c, status__c FROM Compensation__c
15:27:54.0 (20870992)|SOQL_EXECUTE_END|[6]|Rows:232
15:27:54.0 (20916868)|HEAP_ALLOCATE|[6]|Bytes:932
15:27:54.0 (21817910)|HEAP_ALLOCATE|[6]|Bytes:62649
15:27:54.0 (21892980)|HEAP_ALLOCATE|[6]|Bytes:932
15:27:54.0 (21941356)|VARIABLE_ASSIGNMENT|[6]|compensations|"List of size 232 too large to display"|0x421922e3
15:27:54.0 (21955291)|STATEMENT_EXECUTE|[17]
15:27:54.0 (21971814)|SYSTEM_MODE_EXIT|false
15:27:54.22 (22006133)|CUMULATIVE_LIMIT_USAGE
15:27:54.22 (22006133)|LIMIT_USAGE_FOR_NS|(default)|
  Number of SOQL queries: 1 out of 100
  Number of query rows: 232 out of 50000
  Number of SOSL queries: 0 out of 20
  Number of DML statements: 0 out of 150
  Number of DML rows: 0 out of 10000
  Maximum CPU time: 0 out of 10000
  Maximum heap size: 0 out of 6000000
  Number of callouts: 0 out of 100
  Number of Email Invocations: 0 out of 10
  Number of future calls: 0 out of 50
  Number of queueable jobs added to the queue: 0 out of 50
  Number of Mobile Apex push calls: 0 out of 10

15:27:54.22 (22006133)|CUMULATIVE_LIMIT_USAGE_END

15:27:54.0 (22047190)|CODE_UNIT_FINISHED|CompensationController.getCompensations
15:27:54.0 (28123176)|CODE_UNIT_FINISHED|Aura
15:27:54.0 (29389513)|EXECUTION_FINISHED
