42.0 APEX_CODE,FINEST;APEX_PROFILING,INFO;CALLOUT,INFO;DB,INFO;SYSTEM,DEBUG;VALIDATION,INFO;VISUALFORCE,INFO;WAVE,INFO;WORKFLOW,INFO
15:20:29.0 (65117)|USER_INFO|[EXTERNAL]|005f4000001iPIc|lrodriguez-onboarding@altimetrik.com|Hora de Argentina|GMT-03:00
15:20:29.0 (102486)|EXECUTION_STARTED
15:20:29.0 (107100)|CODE_UNIT_STARTED|[EXTERNAL]|Aura
15:20:29.0 (980622)|HEAP_ALLOCATE|[72]|Bytes:3
15:20:29.0 (1044572)|HEAP_ALLOCATE|[77]|Bytes:152
15:20:29.0 (1062024)|HEAP_ALLOCATE|[342]|Bytes:408
15:20:29.0 (1075099)|HEAP_ALLOCATE|[355]|Bytes:408
15:20:29.0 (1086436)|HEAP_ALLOCATE|[467]|Bytes:48
15:20:29.0 (1140021)|HEAP_ALLOCATE|[139]|Bytes:6
15:20:29.0 (1159935)|HEAP_ALLOCATE|[EXTERNAL]|Bytes:3
15:20:29.0 (1177277)|HEAP_ALLOCATE|[EXTERNAL]|Bytes:3
15:20:29.0 (2022118)|CODE_UNIT_STARTED|[EXTERNAL]|01pf4000009OyzM|CompensationController.getCompensations
15:20:29.0 (2117729)|HEAP_ALLOCATE|[EXTERNAL]|Bytes:1
15:20:29.0 (2145238)|METHOD_ENTRY|[1]|01pf4000009OyzM|CompensationController.CompensationController()
15:20:29.0 (2152431)|STATEMENT_EXECUTE|[1]
15:20:29.0 (2158491)|STATEMENT_EXECUTE|[1]
15:20:29.0 (2190070)|HEAP_ALLOCATE|[50]|Bytes:5
15:20:29.0 (2212913)|HEAP_ALLOCATE|[56]|Bytes:5
15:20:29.0 (2221216)|HEAP_ALLOCATE|[64]|Bytes:7
15:20:29.0 (2243713)|SYSTEM_MODE_ENTER|false
15:20:29.0 (2254373)|HEAP_ALLOCATE|[EXTERNAL]|Bytes:5
15:20:29.0 (2261930)|SYSTEM_MODE_EXIT|false
15:20:29.0 (2285225)|METHOD_EXIT|[1]|CompensationController
15:20:29.0 (2291448)|HEAP_ALLOCATE|[EXTERNAL]|Bytes:3
15:20:29.0 (2300824)|SYSTEM_MODE_ENTER|false
15:20:29.0 (2308974)|VARIABLE_SCOPE_BEGIN|[3]|filter|String|false|false
15:20:29.0 (2333600)|VARIABLE_ASSIGNMENT|[3]|filter|"all"
15:20:29.0 (2348018)|HEAP_ALLOCATE|[4]|Bytes:5
15:20:29.0 (2353277)|STATEMENT_EXECUTE|[3]
15:20:29.0 (2355142)|STATEMENT_EXECUTE|[4]
15:20:29.0 (2462537)|HEAP_ALLOCATE|[4]|Bytes:4
15:20:29.0 (2582229)|VARIABLE_SCOPE_BEGIN|[4]|compensations|List<Compensation__c>|true|false
15:20:29.0 (2595100)|HEAP_ALLOCATE|[EXTERNAL]|Bytes:4
15:20:29.0 (2608987)|VARIABLE_ASSIGNMENT|[4]|compensations|[]|0x1ea325e2
15:20:29.0 (2616888)|HEAP_ALLOCATE|[5]|Bytes:3
15:20:29.0 (2640619)|STATEMENT_EXECUTE|[5]
15:20:29.0 (2642538)|STATEMENT_EXECUTE|[6]
15:20:29.0 (2645261)|HEAP_ALLOCATE|[6]|Bytes:161
15:20:29.0 (2661122)|HEAP_ALLOCATE|[6]|Bytes:4
15:20:29.0 (3474537)|SOQL_EXECUTE_BEGIN|[6]|Aggregations:0|SELECT Employee__r.Name, Employee__r.birthdate, job_category__c, RecordType.Name, amount__c, location__c, office__c, submitted__c, status__c FROM Compensation__c
15:20:29.0 (13767852)|SOQL_EXECUTE_END|[6]|Rows:232
15:20:29.0 (13805418)|HEAP_ALLOCATE|[6]|Bytes:932
15:20:29.0 (14472223)|HEAP_ALLOCATE|[6]|Bytes:62649
15:20:29.0 (14533012)|HEAP_ALLOCATE|[6]|Bytes:932
15:20:29.0 (14573248)|VARIABLE_ASSIGNMENT|[6]|compensations|"List of size 232 too large to display"|0x3bfb97b5
15:20:29.0 (14582318)|STATEMENT_EXECUTE|[17]
15:20:29.0 (14595332)|SYSTEM_MODE_EXIT|false
15:20:29.14 (14624696)|CUMULATIVE_LIMIT_USAGE
15:20:29.14 (14624696)|LIMIT_USAGE_FOR_NS|(default)|
  Number of SOQL queries: 1 out of 100
  Number of query rows: 232 out of 50000
  Number of SOSL queries: 0 out of 20
  Number of DML statements: 0 out of 150
  Number of DML rows: 0 out of 10000
  Maximum CPU time: 0 out of 10000
  Maximum heap size: 0 out of 6000000
  Number of callouts: 0 out of 100
  Number of Email Invocations: 0 out of 10
  Number of future calls: 0 out of 50
  Number of queueable jobs added to the queue: 0 out of 50
  Number of Mobile Apex push calls: 0 out of 10

15:20:29.14 (14624696)|CUMULATIVE_LIMIT_USAGE_END

15:20:29.0 (14661399)|CODE_UNIT_FINISHED|CompensationController.getCompensations
15:20:29.0 (18245606)|CODE_UNIT_FINISHED|Aura
15:20:29.0 (19600653)|EXECUTION_FINISHED
