42.0 APEX_CODE,FINEST;APEX_PROFILING,INFO;CALLOUT,INFO;DB,INFO;SYSTEM,DEBUG;VALIDATION,INFO;VISUALFORCE,INFO;WAVE,INFO;WORKFLOW,INFO
15:55:53.0 (59901)|USER_INFO|[EXTERNAL]|005f4000001iPIc|lrodriguez-onboarding@altimetrik.com|Hora de Argentina|GMT-03:00
15:55:53.0 (93373)|EXECUTION_STARTED
15:55:53.0 (97906)|CODE_UNIT_STARTED|[EXTERNAL]|Aura
15:55:53.0 (809183)|HEAP_ALLOCATE|[72]|Bytes:3
15:55:53.0 (842202)|HEAP_ALLOCATE|[77]|Bytes:152
15:55:53.0 (856941)|HEAP_ALLOCATE|[342]|Bytes:408
15:55:53.0 (870155)|HEAP_ALLOCATE|[355]|Bytes:408
15:55:53.0 (881350)|HEAP_ALLOCATE|[467]|Bytes:48
15:55:53.0 (902864)|HEAP_ALLOCATE|[139]|Bytes:6
15:55:53.0 (920922)|HEAP_ALLOCATE|[EXTERNAL]|Bytes:8
15:55:53.0 (928567)|HEAP_ALLOCATE|[EXTERNAL]|Bytes:8
15:55:53.0 (1697142)|CODE_UNIT_STARTED|[EXTERNAL]|01pf4000009OyzM|CompensationController.getCompensations
15:55:53.0 (1786500)|HEAP_ALLOCATE|[EXTERNAL]|Bytes:1
15:55:53.0 (1797666)|METHOD_ENTRY|[1]|01pf4000009OyzM|CompensationController.CompensationController()
15:55:53.0 (1803753)|STATEMENT_EXECUTE|[1]
15:55:53.0 (1810081)|STATEMENT_EXECUTE|[1]
15:55:53.0 (1838974)|HEAP_ALLOCATE|[50]|Bytes:5
15:55:53.0 (1859909)|HEAP_ALLOCATE|[56]|Bytes:5
15:55:53.0 (1867739)|HEAP_ALLOCATE|[64]|Bytes:7
15:55:53.0 (1889766)|SYSTEM_MODE_ENTER|false
15:55:53.0 (1900962)|HEAP_ALLOCATE|[EXTERNAL]|Bytes:5
15:55:53.0 (1907734)|SYSTEM_MODE_EXIT|false
15:55:53.0 (1916156)|METHOD_EXIT|[1]|CompensationController
15:55:53.0 (1921500)|HEAP_ALLOCATE|[EXTERNAL]|Bytes:8
15:55:53.0 (1930288)|SYSTEM_MODE_ENTER|false
15:55:53.0 (1937863)|VARIABLE_SCOPE_BEGIN|[3]|filter|String|false|false
15:55:53.0 (1959842)|VARIABLE_ASSIGNMENT|[3]|filter|"research"
15:55:53.0 (1973892)|HEAP_ALLOCATE|[4]|Bytes:5
15:55:53.0 (1978857)|STATEMENT_EXECUTE|[3]
15:55:53.0 (1980646)|STATEMENT_EXECUTE|[4]
15:55:53.0 (2085729)|HEAP_ALLOCATE|[4]|Bytes:4
15:55:53.0 (2161211)|VARIABLE_SCOPE_BEGIN|[4]|compensations|List<Compensation__c>|true|false
15:55:53.0 (2173800)|HEAP_ALLOCATE|[EXTERNAL]|Bytes:4
15:55:53.0 (2188649)|VARIABLE_ASSIGNMENT|[4]|compensations|[]|0x20c1149a
15:55:53.0 (2196511)|HEAP_ALLOCATE|[5]|Bytes:3
15:55:53.0 (2219170)|HEAP_ALLOCATE|[10]|Bytes:5
15:55:53.0 (2227869)|HEAP_ALLOCATE|[10]|Bytes:6
15:55:53.0 (2233787)|HEAP_ALLOCATE|[10]|Bytes:8
15:55:53.0 (2242425)|STATEMENT_EXECUTE|[10]
15:55:53.0 (2244172)|STATEMENT_EXECUTE|[11]
15:55:53.0 (2246587)|HEAP_ALLOCATE|[11]|Bytes:194
15:55:53.0 (2262237)|HEAP_ALLOCATE|[11]|Bytes:4
15:55:53.0 (2271729)|HEAP_ALLOCATE|[11]|Bytes:7
15:55:53.0 (2972023)|SOQL_EXECUTE_BEGIN|[11]|Aggregations:0|SELECT Employee__r.Name, Employee__r.birthdate, job_category__c, RecordType.Name, amount__c, location__c, office__c, submitted__c, status__c FROM Compensation__c WHERE RecordType.Name = :tmpVar1
15:55:53.0 (9056336)|SOQL_EXECUTE_END|[11]|Rows:6
15:55:53.0 (9079792)|HEAP_ALLOCATE|[11]|Bytes:28
15:55:53.0 (9123789)|HEAP_ALLOCATE|[11]|Bytes:1714
15:55:53.0 (9169486)|HEAP_ALLOCATE|[11]|Bytes:28
15:55:53.0 (9193457)|VARIABLE_ASSIGNMENT|[11]|compensations|"List of size 6 too large to display"|0x55ff43ea
15:55:53.0 (9201220)|STATEMENT_EXECUTE|[17]
15:55:53.0 (9210351)|SYSTEM_MODE_EXIT|false
15:55:53.9 (9231851)|CUMULATIVE_LIMIT_USAGE
15:55:53.9 (9231851)|LIMIT_USAGE_FOR_NS|(default)|
  Number of SOQL queries: 1 out of 100
  Number of query rows: 6 out of 50000
  Number of SOSL queries: 0 out of 20
  Number of DML statements: 0 out of 150
  Number of DML rows: 0 out of 10000
  Maximum CPU time: 0 out of 10000
  Maximum heap size: 0 out of 6000000
  Number of callouts: 0 out of 100
  Number of Email Invocations: 0 out of 10
  Number of future calls: 0 out of 50
  Number of queueable jobs added to the queue: 0 out of 50
  Number of Mobile Apex push calls: 0 out of 10

15:55:53.9 (9231851)|CUMULATIVE_LIMIT_USAGE_END

15:55:53.0 (9262548)|CODE_UNIT_FINISHED|CompensationController.getCompensations
15:55:53.0 (9434160)|CODE_UNIT_FINISHED|Aura
15:55:53.0 (11463709)|EXECUTION_FINISHED
