42.0 APEX_CODE,FINEST;APEX_PROFILING,INFO;CALLOUT,INFO;DB,INFO;SYSTEM,DEBUG;VALIDATION,INFO;VISUALFORCE,INFO;WAVE,INFO;WORKFLOW,INFO
15:16:54.0 (79691)|USER_INFO|[EXTERNAL]|005f4000001iPIc|lrodriguez-onboarding@altimetrik.com|Hora de Argentina|GMT-03:00
15:16:54.0 (124889)|EXECUTION_STARTED
15:16:54.0 (130379)|CODE_UNIT_STARTED|[EXTERNAL]|Aura
15:16:54.0 (1531509)|HEAP_ALLOCATE|[72]|Bytes:3
15:16:54.0 (1571694)|HEAP_ALLOCATE|[77]|Bytes:152
15:16:54.0 (1587199)|HEAP_ALLOCATE|[342]|Bytes:408
15:16:54.0 (1601096)|HEAP_ALLOCATE|[355]|Bytes:408
15:16:54.0 (1611439)|HEAP_ALLOCATE|[467]|Bytes:48
15:16:54.0 (1633814)|HEAP_ALLOCATE|[139]|Bytes:6
15:16:54.0 (1651374)|HEAP_ALLOCATE|[EXTERNAL]|Bytes:3
15:16:54.0 (1658886)|HEAP_ALLOCATE|[EXTERNAL]|Bytes:3
15:16:54.0 (2420175)|CODE_UNIT_STARTED|[EXTERNAL]|01pf4000009OyzM|CompensationController.getCompensations
15:16:54.0 (2515658)|HEAP_ALLOCATE|[EXTERNAL]|Bytes:1
15:16:54.0 (2527380)|METHOD_ENTRY|[1]|01pf4000009OyzM|CompensationController.CompensationController()
15:16:54.0 (2533794)|STATEMENT_EXECUTE|[1]
15:16:54.0 (2540251)|STATEMENT_EXECUTE|[1]
15:16:54.0 (2571988)|HEAP_ALLOCATE|[50]|Bytes:5
15:16:54.0 (2595968)|HEAP_ALLOCATE|[56]|Bytes:5
15:16:54.0 (2603932)|HEAP_ALLOCATE|[64]|Bytes:7
15:16:54.0 (2627329)|SYSTEM_MODE_ENTER|false
15:16:54.0 (2640078)|HEAP_ALLOCATE|[EXTERNAL]|Bytes:5
15:16:54.0 (2648544)|SYSTEM_MODE_EXIT|false
15:16:54.0 (2658031)|METHOD_EXIT|[1]|CompensationController
15:16:54.0 (2662946)|HEAP_ALLOCATE|[EXTERNAL]|Bytes:3
15:16:54.0 (2671698)|SYSTEM_MODE_ENTER|false
15:16:54.0 (2679527)|VARIABLE_SCOPE_BEGIN|[3]|filter|String|false|false
15:16:54.0 (2701989)|VARIABLE_ASSIGNMENT|[3]|filter|"all"
15:16:54.0 (2717334)|HEAP_ALLOCATE|[4]|Bytes:5
15:16:54.0 (2722399)|STATEMENT_EXECUTE|[3]
15:16:54.0 (2724158)|STATEMENT_EXECUTE|[4]
15:16:54.0 (2834343)|HEAP_ALLOCATE|[4]|Bytes:4
15:16:54.0 (2902274)|VARIABLE_SCOPE_BEGIN|[4]|compensations|List<Compensation__c>|true|false
15:16:54.0 (2914664)|HEAP_ALLOCATE|[EXTERNAL]|Bytes:4
15:16:54.0 (2928778)|VARIABLE_ASSIGNMENT|[4]|compensations|[]|0xfb761ba
15:16:54.0 (2936429)|HEAP_ALLOCATE|[5]|Bytes:3
15:16:54.0 (2959768)|STATEMENT_EXECUTE|[5]
15:16:54.0 (2961728)|STATEMENT_EXECUTE|[6]
15:16:54.0 (2964242)|HEAP_ALLOCATE|[6]|Bytes:161
15:16:54.0 (2981193)|HEAP_ALLOCATE|[6]|Bytes:4
15:16:54.0 (3695791)|SOQL_EXECUTE_BEGIN|[6]|Aggregations:0|SELECT Employee__r.Name, Employee__r.birthdate, job_category__c, RecordType.Name, amount__c, location__c, office__c, submitted__c, status__c FROM Compensation__c
15:16:54.0 (14263706)|SOQL_EXECUTE_END|[6]|Rows:232
15:16:54.0 (14289766)|HEAP_ALLOCATE|[6]|Bytes:932
15:16:54.0 (14899864)|HEAP_ALLOCATE|[6]|Bytes:62649
15:16:54.0 (14943106)|HEAP_ALLOCATE|[6]|Bytes:932
15:16:54.0 (14969767)|VARIABLE_ASSIGNMENT|[6]|compensations|"List of size 232 too large to display"|0x51df30ea
15:16:54.0 (14977592)|STATEMENT_EXECUTE|[17]
15:16:54.0 (14987239)|SYSTEM_MODE_EXIT|false
15:16:54.15 (15012713)|CUMULATIVE_LIMIT_USAGE
15:16:54.15 (15012713)|LIMIT_USAGE_FOR_NS|(default)|
  Number of SOQL queries: 1 out of 100
  Number of query rows: 232 out of 50000
  Number of SOSL queries: 0 out of 20
  Number of DML statements: 0 out of 150
  Number of DML rows: 0 out of 10000
  Maximum CPU time: 0 out of 10000
  Maximum heap size: 0 out of 6000000
  Number of callouts: 0 out of 100
  Number of Email Invocations: 0 out of 10
  Number of future calls: 0 out of 50
  Number of queueable jobs added to the queue: 0 out of 50
  Number of Mobile Apex push calls: 0 out of 10

15:16:54.15 (15012713)|CUMULATIVE_LIMIT_USAGE_END

15:16:54.0 (15044099)|CODE_UNIT_FINISHED|CompensationController.getCompensations
15:16:54.0 (18930701)|CODE_UNIT_FINISHED|Aura
15:16:54.0 (20068254)|EXECUTION_FINISHED
