42.0 APEX_CODE,FINEST;APEX_PROFILING,INFO;CALLOUT,INFO;DB,INFO;SYSTEM,DEBUG;VALIDATION,INFO;VISUALFORCE,INFO;WAVE,INFO;WORKFLOW,INFO
16:20:04.0 (320640)|USER_INFO|[EXTERNAL]|005f4000001iPIc|lrodriguez-onboarding@altimetrik.com|Argentine Time|GMT-03:00
16:20:04.0 (354415)|EXECUTION_STARTED
16:20:04.0 (359568)|CODE_UNIT_STARTED|[EXTERNAL]|Aura
16:20:04.0 (1409792)|HEAP_ALLOCATE|[72]|Bytes:3
16:20:04.0 (1452084)|HEAP_ALLOCATE|[77]|Bytes:152
16:20:04.0 (1467703)|HEAP_ALLOCATE|[342]|Bytes:408
16:20:04.0 (1481511)|HEAP_ALLOCATE|[355]|Bytes:408
16:20:04.0 (1491920)|HEAP_ALLOCATE|[467]|Bytes:48
16:20:04.0 (1514005)|HEAP_ALLOCATE|[139]|Bytes:6
16:20:04.0 (1532044)|HEAP_ALLOCATE|[EXTERNAL]|Bytes:3
16:20:04.0 (1540017)|HEAP_ALLOCATE|[EXTERNAL]|Bytes:3
16:20:04.0 (2315443)|CODE_UNIT_STARTED|[EXTERNAL]|01pf4000009OyzM|CompensationController.getCompensations
16:20:04.0 (2412443)|HEAP_ALLOCATE|[EXTERNAL]|Bytes:1
16:20:04.0 (2424089)|METHOD_ENTRY|[1]|01pf4000009OyzM|CompensationController.CompensationController()
16:20:04.0 (2430180)|STATEMENT_EXECUTE|[1]
16:20:04.0 (2436731)|STATEMENT_EXECUTE|[1]
16:20:04.0 (2469828)|HEAP_ALLOCATE|[50]|Bytes:5
16:20:04.0 (2493600)|HEAP_ALLOCATE|[56]|Bytes:5
16:20:04.0 (2501932)|HEAP_ALLOCATE|[64]|Bytes:7
16:20:04.0 (2525898)|SYSTEM_MODE_ENTER|false
16:20:04.0 (2541376)|HEAP_ALLOCATE|[EXTERNAL]|Bytes:5
16:20:04.0 (2549602)|SYSTEM_MODE_EXIT|false
16:20:04.0 (2559076)|METHOD_EXIT|[1]|CompensationController
16:20:04.0 (2564507)|HEAP_ALLOCATE|[EXTERNAL]|Bytes:3
16:20:04.0 (2572852)|SYSTEM_MODE_ENTER|false
16:20:04.0 (2580190)|VARIABLE_SCOPE_BEGIN|[3]|filter|String|false|false
16:20:04.0 (2603130)|VARIABLE_ASSIGNMENT|[3]|filter|"all"
16:20:04.0 (2617478)|HEAP_ALLOCATE|[4]|Bytes:5
16:20:04.0 (2622644)|STATEMENT_EXECUTE|[3]
16:20:04.0 (2624417)|STATEMENT_EXECUTE|[4]
16:20:04.0 (2736729)|HEAP_ALLOCATE|[4]|Bytes:4
16:20:04.0 (2810339)|VARIABLE_SCOPE_BEGIN|[4]|compensations|List<Compensation__c>|true|false
16:20:04.0 (2822384)|HEAP_ALLOCATE|[EXTERNAL]|Bytes:4
16:20:04.0 (2835606)|VARIABLE_ASSIGNMENT|[4]|compensations|[]|0x5f8c74cb
16:20:04.0 (2843592)|HEAP_ALLOCATE|[5]|Bytes:3
16:20:04.0 (2869762)|STATEMENT_EXECUTE|[5]
16:20:04.0 (2871807)|STATEMENT_EXECUTE|[6]
16:20:04.0 (2874450)|HEAP_ALLOCATE|[6]|Bytes:177
16:20:04.0 (2892498)|HEAP_ALLOCATE|[6]|Bytes:4
16:20:04.0 (4271533)|SOQL_EXECUTE_BEGIN|[6]|Aggregations:0|SELECT Employee__r.Id, Employee__r.Name, Employee__r.birthdate, job_category__c, RecordType.Name, amount__c, location__c, office__c, submitted__c, status__c FROM Compensation__c
16:20:04.0 (15175410)|SOQL_EXECUTE_END|[6]|Rows:232
16:20:04.0 (15203932)|HEAP_ALLOCATE|[6]|Bytes:932
16:20:04.0 (15813147)|HEAP_ALLOCATE|[6]|Bytes:62649
16:20:04.0 (15862666)|HEAP_ALLOCATE|[6]|Bytes:932
16:20:04.0 (15894523)|VARIABLE_ASSIGNMENT|[6]|compensations|"List of size 232 too large to display"|0x1b32d9c2
16:20:04.0 (15903597)|STATEMENT_EXECUTE|[17]
16:20:04.0 (15915961)|SYSTEM_MODE_EXIT|false
16:20:04.15 (15944491)|CUMULATIVE_LIMIT_USAGE
16:20:04.15 (15944491)|LIMIT_USAGE_FOR_NS|(default)|
  Number of SOQL queries: 1 out of 100
  Number of query rows: 232 out of 50000
  Number of SOSL queries: 0 out of 20
  Number of DML statements: 0 out of 150
  Number of DML rows: 0 out of 10000
  Maximum CPU time: 0 out of 10000
  Maximum heap size: 0 out of 6000000
  Number of callouts: 0 out of 100
  Number of Email Invocations: 0 out of 10
  Number of future calls: 0 out of 50
  Number of queueable jobs added to the queue: 0 out of 50
  Number of Mobile Apex push calls: 0 out of 10

16:20:04.15 (15944491)|CUMULATIVE_LIMIT_USAGE_END

16:20:04.0 (15976716)|CODE_UNIT_FINISHED|CompensationController.getCompensations
16:20:04.0 (19372609)|CODE_UNIT_FINISHED|Aura
16:20:04.0 (20585878)|EXECUTION_FINISHED
