42.0 APEX_CODE,FINEST;APEX_PROFILING,INFO;CALLOUT,INFO;DB,INFO;SYSTEM,DEBUG;VALIDATION,INFO;VISUALFORCE,INFO;WAVE,INFO;WORKFLOW,INFO
16:15:51.0 (77880)|USER_INFO|[EXTERNAL]|005f4000001iPIc|lrodriguez-onboarding@altimetrik.com|Argentine Time|GMT-03:00
16:15:51.0 (120287)|EXECUTION_STARTED
16:15:51.0 (126109)|CODE_UNIT_STARTED|[EXTERNAL]|Aura
16:15:51.0 (3304054)|HEAP_ALLOCATE|[72]|Bytes:3
16:15:51.0 (3345193)|HEAP_ALLOCATE|[77]|Bytes:152
16:15:51.0 (3360702)|HEAP_ALLOCATE|[342]|Bytes:408
16:15:51.0 (3374660)|HEAP_ALLOCATE|[355]|Bytes:408
16:15:51.0 (3385161)|HEAP_ALLOCATE|[467]|Bytes:48
16:15:51.0 (3407523)|HEAP_ALLOCATE|[139]|Bytes:6
16:15:51.0 (3424900)|HEAP_ALLOCATE|[EXTERNAL]|Bytes:3
16:15:51.0 (3432847)|HEAP_ALLOCATE|[EXTERNAL]|Bytes:3
16:15:51.0 (4226883)|CODE_UNIT_STARTED|[EXTERNAL]|01pf4000009OyzM|CompensationController.getCompensations
16:15:51.0 (4323684)|HEAP_ALLOCATE|[EXTERNAL]|Bytes:1
16:15:51.0 (4335380)|METHOD_ENTRY|[1]|01pf4000009OyzM|CompensationController.CompensationController()
16:15:51.0 (4341315)|STATEMENT_EXECUTE|[1]
16:15:51.0 (4347752)|STATEMENT_EXECUTE|[1]
16:15:51.0 (4380016)|HEAP_ALLOCATE|[50]|Bytes:5
16:15:51.0 (4403082)|HEAP_ALLOCATE|[56]|Bytes:5
16:15:51.0 (4411188)|HEAP_ALLOCATE|[64]|Bytes:7
16:15:51.0 (4451661)|SYSTEM_MODE_ENTER|false
16:15:51.0 (4466886)|HEAP_ALLOCATE|[EXTERNAL]|Bytes:5
16:15:51.0 (4475467)|SYSTEM_MODE_EXIT|false
16:15:51.0 (4484991)|METHOD_EXIT|[1]|CompensationController
16:15:51.0 (4489951)|HEAP_ALLOCATE|[EXTERNAL]|Bytes:3
16:15:51.0 (4497976)|SYSTEM_MODE_ENTER|false
16:15:51.0 (4517517)|VARIABLE_SCOPE_BEGIN|[3]|filter|String|false|false
16:15:51.0 (4539444)|VARIABLE_ASSIGNMENT|[3]|filter|"all"
16:15:51.0 (4554954)|HEAP_ALLOCATE|[4]|Bytes:5
16:15:51.0 (4560036)|STATEMENT_EXECUTE|[3]
16:15:51.0 (4561840)|STATEMENT_EXECUTE|[4]
16:15:51.0 (4666377)|HEAP_ALLOCATE|[4]|Bytes:4
16:15:51.0 (4731704)|VARIABLE_SCOPE_BEGIN|[4]|compensations|List<Compensation__c>|true|false
16:15:51.0 (4743829)|HEAP_ALLOCATE|[EXTERNAL]|Bytes:4
16:15:51.0 (4756426)|VARIABLE_ASSIGNMENT|[4]|compensations|[]|0x7ead2ab7
16:15:51.0 (4764355)|HEAP_ALLOCATE|[5]|Bytes:3
16:15:51.0 (4787522)|STATEMENT_EXECUTE|[5]
16:15:51.0 (4789492)|STATEMENT_EXECUTE|[6]
16:15:51.0 (4791912)|HEAP_ALLOCATE|[6]|Bytes:177
16:15:51.0 (4808431)|HEAP_ALLOCATE|[6]|Bytes:4
16:15:51.0 (5490059)|SOQL_EXECUTE_BEGIN|[6]|Aggregations:0|SELECT Employee__r.Id, Employee__r.Name, Employee__r.birthdate, job_category__c, RecordType.Name, amount__c, location__c, office__c, submitted__c, status__c FROM Compensation__c
16:15:51.0 (19999170)|SOQL_EXECUTE_END|[6]|Rows:232
16:15:51.0 (20022523)|HEAP_ALLOCATE|[6]|Bytes:932
16:15:51.0 (20627377)|HEAP_ALLOCATE|[6]|Bytes:62649
16:15:51.0 (20665264)|HEAP_ALLOCATE|[6]|Bytes:932
16:15:51.0 (20686161)|VARIABLE_ASSIGNMENT|[6]|compensations|"List of size 232 too large to display"|0x2d06bf23
16:15:51.0 (20694402)|STATEMENT_EXECUTE|[17]
16:15:51.0 (20703048)|SYSTEM_MODE_EXIT|false
16:15:51.20 (20727175)|CUMULATIVE_LIMIT_USAGE
16:15:51.20 (20727175)|LIMIT_USAGE_FOR_NS|(default)|
  Number of SOQL queries: 1 out of 100
  Number of query rows: 232 out of 50000
  Number of SOSL queries: 0 out of 20
  Number of DML statements: 0 out of 150
  Number of DML rows: 0 out of 10000
  Maximum CPU time: 0 out of 10000
  Maximum heap size: 0 out of 6000000
  Number of callouts: 0 out of 100
  Number of Email Invocations: 0 out of 10
  Number of future calls: 0 out of 50
  Number of queueable jobs added to the queue: 0 out of 50
  Number of Mobile Apex push calls: 0 out of 10

16:15:51.20 (20727175)|CUMULATIVE_LIMIT_USAGE_END

16:15:51.0 (20755089)|CODE_UNIT_FINISHED|CompensationController.getCompensations
16:15:51.0 (24049991)|CODE_UNIT_FINISHED|Aura
16:15:51.0 (25244889)|EXECUTION_FINISHED
