42.0 APEX_CODE,FINEST;APEX_PROFILING,INFO;CALLOUT,INFO;DB,INFO;SYSTEM,DEBUG;VALIDATION,INFO;VISUALFORCE,INFO;WAVE,INFO;WORKFLOW,INFO
16:26:41.0 (56480)|USER_INFO|[EXTERNAL]|005f4000001iPIc|lrodriguez-onboarding@altimetrik.com|Argentine Time|GMT-03:00
16:26:41.0 (87047)|EXECUTION_STARTED
16:26:41.0 (90873)|CODE_UNIT_STARTED|[EXTERNAL]|Aura
16:26:41.0 (778818)|HEAP_ALLOCATE|[72]|Bytes:3
16:26:41.0 (809000)|HEAP_ALLOCATE|[77]|Bytes:152
16:26:41.0 (823355)|HEAP_ALLOCATE|[342]|Bytes:408
16:26:41.0 (837139)|HEAP_ALLOCATE|[355]|Bytes:408
16:26:41.0 (847461)|HEAP_ALLOCATE|[467]|Bytes:48
16:26:41.0 (882858)|HEAP_ALLOCATE|[139]|Bytes:6
16:26:41.0 (900726)|HEAP_ALLOCATE|[EXTERNAL]|Bytes:3
16:26:41.0 (908611)|HEAP_ALLOCATE|[EXTERNAL]|Bytes:3
16:26:41.0 (1720571)|CODE_UNIT_STARTED|[EXTERNAL]|01pf4000009OyzM|CompensationController.getCompensations
16:26:41.0 (1796324)|HEAP_ALLOCATE|[EXTERNAL]|Bytes:1
16:26:41.0 (1807349)|METHOD_ENTRY|[1]|01pf4000009OyzM|CompensationController.CompensationController()
16:26:41.0 (1813025)|STATEMENT_EXECUTE|[1]
16:26:41.0 (1817814)|STATEMENT_EXECUTE|[1]
16:26:41.0 (1843621)|HEAP_ALLOCATE|[50]|Bytes:5
16:26:41.0 (1866699)|HEAP_ALLOCATE|[56]|Bytes:5
16:26:41.0 (1875633)|HEAP_ALLOCATE|[64]|Bytes:7
16:26:41.0 (1897751)|SYSTEM_MODE_ENTER|false
16:26:41.0 (1907674)|HEAP_ALLOCATE|[EXTERNAL]|Bytes:5
16:26:41.0 (1914033)|SYSTEM_MODE_EXIT|false
16:26:41.0 (1921955)|METHOD_EXIT|[1]|CompensationController
16:26:41.0 (1926978)|HEAP_ALLOCATE|[EXTERNAL]|Bytes:3
16:26:41.0 (1934955)|SYSTEM_MODE_ENTER|false
16:26:41.0 (1941574)|VARIABLE_SCOPE_BEGIN|[3]|filter|String|false|false
16:26:41.0 (1962335)|VARIABLE_ASSIGNMENT|[3]|filter|"all"
16:26:41.0 (1974816)|HEAP_ALLOCATE|[4]|Bytes:5
16:26:41.0 (1979965)|STATEMENT_EXECUTE|[3]
16:26:41.0 (1982068)|STATEMENT_EXECUTE|[4]
16:26:41.0 (2063010)|HEAP_ALLOCATE|[4]|Bytes:4
16:26:41.0 (2116144)|VARIABLE_SCOPE_BEGIN|[4]|compensations|List<Compensation__c>|true|false
16:26:41.0 (2126588)|HEAP_ALLOCATE|[EXTERNAL]|Bytes:4
16:26:41.0 (2138180)|VARIABLE_ASSIGNMENT|[4]|compensations|[]|0x721a016c
16:26:41.0 (2145512)|HEAP_ALLOCATE|[5]|Bytes:3
16:26:41.0 (2166605)|STATEMENT_EXECUTE|[5]
16:26:41.0 (2168496)|STATEMENT_EXECUTE|[6]
16:26:41.0 (2170923)|HEAP_ALLOCATE|[6]|Bytes:177
16:26:41.0 (2183132)|HEAP_ALLOCATE|[6]|Bytes:4
16:26:41.0 (2824788)|SOQL_EXECUTE_BEGIN|[6]|Aggregations:0|SELECT Employee__r.Id, Employee__r.Name, Employee__r.birthdate, job_category__c, RecordType.Name, amount__c, location__c, office__c, submitted__c, status__c FROM Compensation__c
16:26:41.0 (12756459)|SOQL_EXECUTE_END|[6]|Rows:232
16:26:41.0 (12780066)|HEAP_ALLOCATE|[6]|Bytes:932
16:26:41.0 (13380573)|HEAP_ALLOCATE|[6]|Bytes:62649
16:26:41.0 (13415878)|HEAP_ALLOCATE|[6]|Bytes:932
16:26:41.0 (13439848)|VARIABLE_ASSIGNMENT|[6]|compensations|"List of size 232 too large to display"|0x1337cb45
16:26:41.0 (13447550)|STATEMENT_EXECUTE|[17]
16:26:41.0 (13457089)|SYSTEM_MODE_EXIT|false
16:26:41.13 (13477668)|CUMULATIVE_LIMIT_USAGE
16:26:41.13 (13477668)|LIMIT_USAGE_FOR_NS|(default)|
  Number of SOQL queries: 1 out of 100
  Number of query rows: 232 out of 50000
  Number of SOSL queries: 0 out of 20
  Number of DML statements: 0 out of 150
  Number of DML rows: 0 out of 10000
  Maximum CPU time: 0 out of 10000
  Maximum heap size: 0 out of 6000000
  Number of callouts: 0 out of 100
  Number of Email Invocations: 0 out of 10
  Number of future calls: 0 out of 50
  Number of queueable jobs added to the queue: 0 out of 50
  Number of Mobile Apex push calls: 0 out of 10

16:26:41.13 (13477668)|CUMULATIVE_LIMIT_USAGE_END

16:26:41.0 (13505037)|CODE_UNIT_FINISHED|CompensationController.getCompensations
16:26:41.0 (17355258)|CODE_UNIT_FINISHED|Aura
16:26:41.0 (18481057)|EXECUTION_FINISHED
