42.0 APEX_CODE,FINEST;APEX_PROFILING,INFO;CALLOUT,INFO;DB,INFO;SYSTEM,DEBUG;VALIDATION,INFO;VISUALFORCE,INFO;WAVE,INFO;WORKFLOW,INFO
11:42:39.0 (90550)|USER_INFO|[EXTERNAL]|005f4000001iPIc|lrodriguez-onboarding@altimetrik.com|Hora de Argentina|GMT-03:00
11:42:39.0 (145254)|EXECUTION_STARTED
11:42:39.0 (151344)|CODE_UNIT_STARTED|[EXTERNAL]|Aura
11:42:39.0 (1148430)|HEAP_ALLOCATE|[72]|Bytes:3
11:42:39.0 (1214086)|HEAP_ALLOCATE|[77]|Bytes:152
11:42:39.0 (1245632)|HEAP_ALLOCATE|[342]|Bytes:408
11:42:39.0 (1274859)|HEAP_ALLOCATE|[355]|Bytes:408
11:42:39.0 (1298377)|HEAP_ALLOCATE|[467]|Bytes:48
11:42:39.0 (1333639)|HEAP_ALLOCATE|[139]|Bytes:6
11:42:39.0 (1365872)|HEAP_ALLOCATE|[EXTERNAL]|Bytes:6
11:42:39.0 (1379148)|HEAP_ALLOCATE|[EXTERNAL]|Bytes:6
11:42:39.0 (2320775)|CODE_UNIT_STARTED|[EXTERNAL]|01pf4000009OyzM|CompensationController.getCompensations
11:42:39.0 (2462436)|HEAP_ALLOCATE|[EXTERNAL]|Bytes:1
11:42:39.0 (2481328)|METHOD_ENTRY|[1]|01pf4000009OyzM|CompensationController.CompensationController()
11:42:39.0 (2490053)|STATEMENT_EXECUTE|[1]
11:42:39.0 (2498170)|STATEMENT_EXECUTE|[1]
11:42:39.0 (2539478)|HEAP_ALLOCATE|[50]|Bytes:5
11:42:39.0 (2577244)|HEAP_ALLOCATE|[56]|Bytes:5
11:42:39.0 (2591269)|HEAP_ALLOCATE|[64]|Bytes:7
11:42:39.0 (2625164)|SYSTEM_MODE_ENTER|false
11:42:39.0 (2649716)|HEAP_ALLOCATE|[EXTERNAL]|Bytes:5
11:42:39.0 (2661355)|SYSTEM_MODE_EXIT|false
11:42:39.0 (2673014)|METHOD_EXIT|[1]|CompensationController
11:42:39.0 (2683092)|HEAP_ALLOCATE|[EXTERNAL]|Bytes:6
11:42:39.0 (2701119)|SYSTEM_MODE_ENTER|false
11:42:39.0 (2710337)|VARIABLE_SCOPE_BEGIN|[3]|filter|String|false|false
11:42:39.0 (2744114)|VARIABLE_ASSIGNMENT|[3]|filter|"salary"
11:42:39.0 (2770008)|HEAP_ALLOCATE|[4]|Bytes:5
11:42:39.0 (2777320)|STATEMENT_EXECUTE|[3]
11:42:39.0 (2779490)|STATEMENT_EXECUTE|[4]
11:42:39.0 (2947978)|HEAP_ALLOCATE|[4]|Bytes:4
11:42:39.0 (3083133)|VARIABLE_SCOPE_BEGIN|[4]|compensations|List<Compensation__c>|true|false
11:42:39.0 (3108670)|HEAP_ALLOCATE|[EXTERNAL]|Bytes:4
11:42:39.0 (3129452)|VARIABLE_ASSIGNMENT|[4]|compensations|[]|0xefe0949
11:42:39.0 (3141092)|HEAP_ALLOCATE|[5]|Bytes:3
11:42:39.0 (3188289)|HEAP_ALLOCATE|[10]|Bytes:5
11:42:39.0 (3207892)|HEAP_ALLOCATE|[10]|Bytes:6
11:42:39.0 (3223104)|STATEMENT_EXECUTE|[10]
11:42:39.0 (3225508)|STATEMENT_EXECUTE|[11]
11:42:39.0 (3228699)|HEAP_ALLOCATE|[11]|Bytes:194
11:42:39.0 (3258031)|HEAP_ALLOCATE|[11]|Bytes:4
11:42:39.0 (3282444)|HEAP_ALLOCATE|[11]|Bytes:7
11:42:39.0 (4531591)|SOQL_EXECUTE_BEGIN|[11]|Aggregations:0|SELECT Employee__r.Name, Employee__r.birthdate, job_category__c, RecordType.Name, amount__c, location__c, office__c, submitted__c, status__c FROM Compensation__c WHERE RecordType.Name = :tmpVar1
11:42:39.0 (13601307)|SOQL_EXECUTE_END|[11]|Rows:3
11:42:39.0 (13652900)|HEAP_ALLOCATE|[11]|Bytes:16
11:42:39.0 (13704322)|HEAP_ALLOCATE|[11]|Bytes:855
11:42:39.0 (13796907)|HEAP_ALLOCATE|[11]|Bytes:16
11:42:39.0 (13886899)|VARIABLE_ASSIGNMENT|[11]|compensations|[{"Employee__c":"003f400000Im3OFAAZ","Job_Category__c":"Senior","RecordTypeId":"012f4000000xpoaAAA","Location__c":"Uruguay","Office__c":"MVD WTC 2","Submitted__c":false,"Status__c":"NOT SUBMITTED","Id":"a00f4000007wcrhAAA","Employee__r":{"Name":"Andy Young","Id":"003f400000Im3OFAAZ"},"RecordType":{"Name":"Salary","Id":"012f4000000xpoaAAA"}},{"Employee__c":"003f400000Im3OFAAZ","Job_Category__c":"Semi-Senior","RecordTypeId":"012f4000000xpoaAAA","Location__c":"Uruguay","Office__c":"MVD WTC 1","Submitted__c":true,"Status__c":"SUBMITTED","Id":"a00f4000007wcrmAAA","Employee__r":{"Name":"Andy Young","Id":"003f400000Im3OFAAZ"},"RecordType":{"Name":"Salary","Id":"012f4000000xpoaAAA"}},{"Employee__c":"003f400000I1ma3AAB","Job_Category__c":"Junior","RecordTypeId":"012f4000000xpoaAAA","Location__c":"Uruguay","Office__c":"MVD WTC 1","Submitted__c":false,"Status__c":"NOT SUBMITTED","Id":"a00f4000007wUBOAA2","Employee__r":{"Name":"Julio Rios","Id":"003f400000I1ma3AAB"},"RecordType":{"Name":"Salary","Id":"012f4000000xpoaAAA"}}]|0x151d5dc9
11:42:39.0 (13920035)|STATEMENT_EXECUTE|[17]
11:42:39.0 (13940969)|SYSTEM_MODE_EXIT|false
11:42:39.13 (13975819)|CUMULATIVE_LIMIT_USAGE
11:42:39.13 (13975819)|LIMIT_USAGE_FOR_NS|(default)|
  Number of SOQL queries: 1 out of 100
  Number of query rows: 3 out of 50000
  Number of SOSL queries: 0 out of 20
  Number of DML statements: 0 out of 150
  Number of DML rows: 0 out of 10000
  Maximum CPU time: 0 out of 10000
  Maximum heap size: 0 out of 6000000
  Number of callouts: 0 out of 100
  Number of Email Invocations: 0 out of 10
  Number of future calls: 0 out of 50
  Number of queueable jobs added to the queue: 0 out of 50
  Number of Mobile Apex push calls: 0 out of 10

11:42:39.13 (13975819)|CUMULATIVE_LIMIT_USAGE_END

11:42:39.0 (14023208)|CODE_UNIT_FINISHED|CompensationController.getCompensations
11:42:39.0 (14155129)|CODE_UNIT_FINISHED|Aura
11:42:39.0 (15437374)|EXECUTION_FINISHED
