42.0 APEX_CODE,FINEST;APEX_PROFILING,INFO;CALLOUT,INFO;DB,INFO;SYSTEM,DEBUG;VALIDATION,INFO;VISUALFORCE,INFO;WAVE,INFO;WORKFLOW,INFO
15:15:36.0 (63281)|USER_INFO|[EXTERNAL]|005f4000001iPIc|lrodriguez-onboarding@altimetrik.com|Hora de Argentina|GMT-03:00
15:15:36.0 (95882)|EXECUTION_STARTED
15:15:36.0 (100936)|CODE_UNIT_STARTED|[EXTERNAL]|Aura
15:15:36.0 (810360)|HEAP_ALLOCATE|[72]|Bytes:3
15:15:36.0 (848861)|HEAP_ALLOCATE|[77]|Bytes:152
15:15:36.0 (865552)|HEAP_ALLOCATE|[342]|Bytes:408
15:15:36.0 (878236)|HEAP_ALLOCATE|[355]|Bytes:408
15:15:36.0 (888912)|HEAP_ALLOCATE|[467]|Bytes:48
15:15:36.0 (911175)|HEAP_ALLOCATE|[139]|Bytes:6
15:15:36.0 (929388)|HEAP_ALLOCATE|[EXTERNAL]|Bytes:3
15:15:36.0 (965423)|HEAP_ALLOCATE|[EXTERNAL]|Bytes:3
15:15:36.0 (1748137)|CODE_UNIT_STARTED|[EXTERNAL]|01pf4000009OyzM|CompensationController.getCompensations
15:15:36.0 (1834482)|HEAP_ALLOCATE|[EXTERNAL]|Bytes:1
15:15:36.0 (1846825)|METHOD_ENTRY|[1]|01pf4000009OyzM|CompensationController.CompensationController()
15:15:36.0 (1853223)|STATEMENT_EXECUTE|[1]
15:15:36.0 (1859271)|STATEMENT_EXECUTE|[1]
15:15:36.0 (1892094)|HEAP_ALLOCATE|[50]|Bytes:5
15:15:36.0 (1915206)|HEAP_ALLOCATE|[56]|Bytes:5
15:15:36.0 (1923444)|HEAP_ALLOCATE|[64]|Bytes:7
15:15:36.0 (1948038)|SYSTEM_MODE_ENTER|false
15:15:36.0 (1961948)|HEAP_ALLOCATE|[EXTERNAL]|Bytes:5
15:15:36.0 (1970015)|SYSTEM_MODE_EXIT|false
15:15:36.0 (1978300)|METHOD_EXIT|[1]|CompensationController
15:15:36.0 (1983747)|HEAP_ALLOCATE|[EXTERNAL]|Bytes:3
15:15:36.0 (1992099)|SYSTEM_MODE_ENTER|false
15:15:36.0 (1999978)|VARIABLE_SCOPE_BEGIN|[3]|filter|String|false|false
15:15:36.0 (2022923)|VARIABLE_ASSIGNMENT|[3]|filter|"all"
15:15:36.0 (2038245)|HEAP_ALLOCATE|[4]|Bytes:5
15:15:36.0 (2043279)|STATEMENT_EXECUTE|[3]
15:15:36.0 (2045594)|STATEMENT_EXECUTE|[4]
15:15:36.0 (2153797)|HEAP_ALLOCATE|[4]|Bytes:4
15:15:36.0 (2221118)|VARIABLE_SCOPE_BEGIN|[4]|compensations|List<Compensation__c>|true|false
15:15:36.0 (2233389)|HEAP_ALLOCATE|[EXTERNAL]|Bytes:4
15:15:36.0 (2246427)|VARIABLE_ASSIGNMENT|[4]|compensations|[]|0xe7f2493
15:15:36.0 (2254555)|HEAP_ALLOCATE|[5]|Bytes:3
15:15:36.0 (2287436)|STATEMENT_EXECUTE|[5]
15:15:36.0 (2289467)|STATEMENT_EXECUTE|[6]
15:15:36.0 (2292259)|HEAP_ALLOCATE|[6]|Bytes:161
15:15:36.0 (2309020)|HEAP_ALLOCATE|[6]|Bytes:4
15:15:36.0 (3028834)|SOQL_EXECUTE_BEGIN|[6]|Aggregations:0|SELECT Employee__r.Name, Employee__r.birthdate, job_category__c, RecordType.Name, amount__c, location__c, office__c, submitted__c, status__c FROM Compensation__c
15:15:36.0 (15683283)|SOQL_EXECUTE_END|[6]|Rows:232
15:15:36.0 (15712106)|HEAP_ALLOCATE|[6]|Bytes:932
15:15:36.0 (16341503)|HEAP_ALLOCATE|[6]|Bytes:62649
15:15:36.0 (16390317)|HEAP_ALLOCATE|[6]|Bytes:932
15:15:36.0 (16419433)|VARIABLE_ASSIGNMENT|[6]|compensations|"List of size 232 too large to display"|0x55789510
15:15:36.0 (16428084)|STATEMENT_EXECUTE|[17]
15:15:36.0 (16440160)|SYSTEM_MODE_EXIT|false
15:15:36.16 (16466847)|CUMULATIVE_LIMIT_USAGE
15:15:36.16 (16466847)|LIMIT_USAGE_FOR_NS|(default)|
  Number of SOQL queries: 1 out of 100
  Number of query rows: 232 out of 50000
  Number of SOSL queries: 0 out of 20
  Number of DML statements: 0 out of 150
  Number of DML rows: 0 out of 10000
  Maximum CPU time: 0 out of 10000
  Maximum heap size: 0 out of 6000000
  Number of callouts: 0 out of 100
  Number of Email Invocations: 0 out of 10
  Number of future calls: 0 out of 50
  Number of queueable jobs added to the queue: 0 out of 50
  Number of Mobile Apex push calls: 0 out of 10

15:15:36.16 (16466847)|CUMULATIVE_LIMIT_USAGE_END

15:15:36.0 (16497690)|CODE_UNIT_FINISHED|CompensationController.getCompensations
15:15:36.0 (19961768)|CODE_UNIT_FINISHED|Aura
15:15:36.0 (21097469)|EXECUTION_FINISHED
