42.0 APEX_CODE,FINEST;APEX_PROFILING,INFO;CALLOUT,INFO;DB,INFO;SYSTEM,DEBUG;VALIDATION,INFO;VISUALFORCE,INFO;WAVE,INFO;WORKFLOW,INFO
14:44:46.0 (87280)|USER_INFO|[EXTERNAL]|005f4000001iPIc|lrodriguez-onboarding@altimetrik.com|Hora de Argentina|GMT-03:00
14:44:46.0 (139770)|EXECUTION_STARTED
14:44:46.0 (145854)|CODE_UNIT_STARTED|[EXTERNAL]|Aura
14:44:46.0 (1184444)|HEAP_ALLOCATE|[72]|Bytes:3
14:44:46.0 (1258637)|HEAP_ALLOCATE|[77]|Bytes:152
14:44:46.0 (1284116)|HEAP_ALLOCATE|[342]|Bytes:408
14:44:46.0 (1307679)|HEAP_ALLOCATE|[355]|Bytes:408
14:44:46.0 (1325690)|HEAP_ALLOCATE|[467]|Bytes:48
14:44:46.0 (1393909)|HEAP_ALLOCATE|[139]|Bytes:6
14:44:46.0 (1427851)|HEAP_ALLOCATE|[EXTERNAL]|Bytes:3
14:44:46.0 (1470274)|HEAP_ALLOCATE|[EXTERNAL]|Bytes:3
14:44:46.0 (2370140)|CODE_UNIT_STARTED|[EXTERNAL]|01pf4000009OyzM|CompensationController.getCompensations
14:44:46.0 (2498306)|HEAP_ALLOCATE|[EXTERNAL]|Bytes:1
14:44:46.0 (2560940)|METHOD_ENTRY|[1]|01pf4000009OyzM|CompensationController.CompensationController()
14:44:46.0 (2572524)|STATEMENT_EXECUTE|[1]
14:44:46.0 (2581712)|STATEMENT_EXECUTE|[1]
14:44:46.0 (2625245)|HEAP_ALLOCATE|[50]|Bytes:5
14:44:46.0 (2659103)|HEAP_ALLOCATE|[56]|Bytes:5
14:44:46.0 (2673004)|HEAP_ALLOCATE|[64]|Bytes:7
14:44:46.0 (2711555)|SYSTEM_MODE_ENTER|false
14:44:46.0 (2730772)|HEAP_ALLOCATE|[EXTERNAL]|Bytes:5
14:44:46.0 (2743257)|SYSTEM_MODE_EXIT|false
14:44:46.0 (2782720)|METHOD_EXIT|[1]|CompensationController
14:44:46.0 (2792896)|HEAP_ALLOCATE|[EXTERNAL]|Bytes:3
14:44:46.0 (2823311)|SYSTEM_MODE_ENTER|false
14:44:46.0 (2835108)|VARIABLE_SCOPE_BEGIN|[3]|filter|String|false|false
14:44:46.0 (2870148)|VARIABLE_ASSIGNMENT|[3]|filter|"all"
14:44:46.0 (2900972)|HEAP_ALLOCATE|[4]|Bytes:5
14:44:46.0 (2909268)|STATEMENT_EXECUTE|[3]
14:44:46.0 (2911773)|STATEMENT_EXECUTE|[4]
14:44:46.0 (3035344)|HEAP_ALLOCATE|[4]|Bytes:4
14:44:46.0 (3201032)|VARIABLE_SCOPE_BEGIN|[4]|compensations|List<Compensation__c>|true|false
14:44:46.0 (3221183)|HEAP_ALLOCATE|[EXTERNAL]|Bytes:4
14:44:46.0 (3241066)|VARIABLE_ASSIGNMENT|[4]|compensations|[]|0x5d346d2d
14:44:46.0 (3254686)|HEAP_ALLOCATE|[5]|Bytes:3
14:44:46.0 (3291059)|STATEMENT_EXECUTE|[5]
14:44:46.0 (3294112)|STATEMENT_EXECUTE|[6]
14:44:46.0 (3297893)|HEAP_ALLOCATE|[6]|Bytes:161
14:44:46.0 (3321646)|HEAP_ALLOCATE|[6]|Bytes:4
14:44:46.0 (4295584)|SOQL_EXECUTE_BEGIN|[6]|Aggregations:0|SELECT Employee__r.Name, Employee__r.birthdate, job_category__c, RecordType.Name, amount__c, location__c, office__c, submitted__c, status__c FROM Compensation__c
14:44:46.0 (21619613)|SOQL_EXECUTE_END|[6]|Rows:232
14:44:46.0 (21659052)|HEAP_ALLOCATE|[6]|Bytes:932
14:44:46.0 (22708614)|HEAP_ALLOCATE|[6]|Bytes:62649
14:44:46.0 (22793514)|HEAP_ALLOCATE|[6]|Bytes:932
14:44:46.0 (22848720)|VARIABLE_ASSIGNMENT|[6]|compensations|"List of size 232 too large to display"|0x163201a8
14:44:46.0 (22863449)|STATEMENT_EXECUTE|[17]
14:44:46.0 (22883363)|SYSTEM_MODE_EXIT|false
14:44:46.22 (22918888)|CUMULATIVE_LIMIT_USAGE
14:44:46.22 (22918888)|LIMIT_USAGE_FOR_NS|(default)|
  Number of SOQL queries: 1 out of 100
  Number of query rows: 232 out of 50000
  Number of SOSL queries: 0 out of 20
  Number of DML statements: 0 out of 150
  Number of DML rows: 0 out of 10000
  Maximum CPU time: 0 out of 10000
  Maximum heap size: 0 out of 6000000
  Number of callouts: 0 out of 100
  Number of Email Invocations: 0 out of 10
  Number of future calls: 0 out of 50
  Number of queueable jobs added to the queue: 0 out of 50
  Number of Mobile Apex push calls: 0 out of 10

14:44:46.22 (22918888)|CUMULATIVE_LIMIT_USAGE_END

14:44:46.0 (22955587)|CODE_UNIT_FINISHED|CompensationController.getCompensations
14:44:46.0 (29876890)|CODE_UNIT_FINISHED|Aura
14:44:46.0 (31289929)|EXECUTION_FINISHED
