42.0 APEX_CODE,FINEST;APEX_PROFILING,INFO;CALLOUT,INFO;DB,INFO;SYSTEM,DEBUG;VALIDATION,INFO;VISUALFORCE,INFO;WAVE,INFO;WORKFLOW,INFO
16:06:51.0 (401111)|USER_INFO|[EXTERNAL]|005f4000001iPIc|lrodriguez-onboarding@altimetrik.com|Hora de Argentina|GMT-03:00
16:06:51.0 (435216)|EXECUTION_STARTED
16:06:51.0 (439886)|CODE_UNIT_STARTED|[EXTERNAL]|VisualForce View State
16:06:51.0 (13566628)|CODE_UNIT_FINISHED|VisualForce View State
16:06:51.0 (14865974)|EXECUTION_FINISHED
16:06:51.17 (17015709)|USER_INFO|[EXTERNAL]|005f4000001iPIc|lrodriguez-onboarding@altimetrik.com|Hora de Argentina|GMT-03:00
16:06:51.17 (17034201)|EXECUTION_STARTED
16:06:51.17 (17037645)|CODE_UNIT_STARTED|[EXTERNAL]|VF: /apex/languageAndTimeZoneSetup.apexp
16:06:51.17 (110430621)|CODE_UNIT_STARTED|[EXTERNAL]|VF Controller Save
16:06:51.17 (110900013)|SYSTEM_MODE_ENTER|false
16:06:51.17 (167902868)|CODE_UNIT_FINISHED|VF Controller Save
16:06:51.17 (180193244)|VF_SERIALIZE_VIEWSTATE_BEGIN|
16:06:51.17 (182919780)|VF_SERIALIZE_VIEWSTATE_END
16:06:51.185 (185483459)|CUMULATIVE_LIMIT_USAGE
16:06:51.185 (185483459)|LIMIT_USAGE_FOR_NS|(default)|
  Number of SOQL queries: 0 out of 100
  Number of query rows: 0 out of 50000
  Number of SOSL queries: 0 out of 20
  Number of DML statements: 0 out of 150
  Number of DML rows: 0 out of 10000
  Maximum CPU time: 0 out of 10000
  Maximum heap size: 0 out of 6000000
  Number of callouts: 0 out of 100
  Number of Email Invocations: 0 out of 10
  Number of future calls: 0 out of 50
  Number of queueable jobs added to the queue: 0 out of 50
  Number of Mobile Apex push calls: 0 out of 10

16:06:51.185 (185483459)|CUMULATIVE_LIMIT_USAGE_END

16:06:51.17 (185524023)|CODE_UNIT_FINISHED|VF: /apex/languageAndTimeZoneSetup.apexp
16:06:51.17 (186321220)|EXECUTION_FINISHED
