42.0 APEX_CODE,FINEST;APEX_PROFILING,INFO;CALLOUT,INFO;DB,INFO;SYSTEM,DEBUG;VALIDATION,INFO;VISUALFORCE,INFO;WAVE,INFO;WORKFLOW,INFO
16:31:25.0 (62067)|USER_INFO|[EXTERNAL]|005f4000001iPIc|lrodriguez-onboarding@altimetrik.com|Argentine Time|GMT-03:00
16:31:25.0 (99265)|EXECUTION_STARTED
16:31:25.0 (104335)|CODE_UNIT_STARTED|[EXTERNAL]|Aura
16:31:25.0 (867906)|HEAP_ALLOCATE|[72]|Bytes:3
16:31:25.0 (908550)|HEAP_ALLOCATE|[77]|Bytes:152
16:31:25.0 (924280)|HEAP_ALLOCATE|[342]|Bytes:408
16:31:25.0 (937709)|HEAP_ALLOCATE|[355]|Bytes:408
16:31:25.0 (948623)|HEAP_ALLOCATE|[467]|Bytes:48
16:31:25.0 (970142)|HEAP_ALLOCATE|[139]|Bytes:6
16:31:25.0 (987633)|HEAP_ALLOCATE|[EXTERNAL]|Bytes:3
16:31:25.0 (995671)|HEAP_ALLOCATE|[EXTERNAL]|Bytes:3
16:31:25.0 (1759745)|CODE_UNIT_STARTED|[EXTERNAL]|01pf4000009OyzM|CompensationController.getCompensations
16:31:25.0 (1846671)|HEAP_ALLOCATE|[EXTERNAL]|Bytes:1
16:31:25.0 (1858377)|METHOD_ENTRY|[1]|01pf4000009OyzM|CompensationController.CompensationController()
16:31:25.0 (1863848)|STATEMENT_EXECUTE|[1]
16:31:25.0 (1870218)|STATEMENT_EXECUTE|[1]
16:31:25.0 (1901536)|HEAP_ALLOCATE|[50]|Bytes:5
16:31:25.0 (1925207)|HEAP_ALLOCATE|[56]|Bytes:5
16:31:25.0 (1933464)|HEAP_ALLOCATE|[64]|Bytes:7
16:31:25.0 (1956773)|SYSTEM_MODE_ENTER|false
16:31:25.0 (1972195)|HEAP_ALLOCATE|[EXTERNAL]|Bytes:5
16:31:25.0 (1980443)|SYSTEM_MODE_EXIT|false
16:31:25.0 (1989480)|METHOD_EXIT|[1]|CompensationController
16:31:25.0 (1995029)|HEAP_ALLOCATE|[EXTERNAL]|Bytes:3
16:31:25.0 (2003294)|SYSTEM_MODE_ENTER|false
16:31:25.0 (2011759)|VARIABLE_SCOPE_BEGIN|[3]|filter|String|false|false
16:31:25.0 (2034286)|VARIABLE_ASSIGNMENT|[3]|filter|"all"
16:31:25.0 (2049365)|HEAP_ALLOCATE|[4]|Bytes:5
16:31:25.0 (2054131)|STATEMENT_EXECUTE|[3]
16:31:25.0 (2056146)|STATEMENT_EXECUTE|[4]
16:31:25.0 (2177724)|HEAP_ALLOCATE|[4]|Bytes:4
16:31:25.0 (2250294)|VARIABLE_SCOPE_BEGIN|[4]|compensations|List<Compensation__c>|true|false
16:31:25.0 (2263552)|HEAP_ALLOCATE|[EXTERNAL]|Bytes:4
16:31:25.0 (2277604)|VARIABLE_ASSIGNMENT|[4]|compensations|[]|0x465cd7c5
16:31:25.0 (2285276)|HEAP_ALLOCATE|[5]|Bytes:3
16:31:25.0 (2311981)|STATEMENT_EXECUTE|[5]
16:31:25.0 (2313853)|STATEMENT_EXECUTE|[6]
16:31:25.0 (2316486)|HEAP_ALLOCATE|[6]|Bytes:177
16:31:25.0 (2333903)|HEAP_ALLOCATE|[6]|Bytes:4
16:31:25.0 (3045067)|SOQL_EXECUTE_BEGIN|[6]|Aggregations:0|SELECT Employee__r.Id, Employee__r.Name, Employee__r.birthdate, job_category__c, RecordType.Name, amount__c, location__c, office__c, submitted__c, status__c FROM Compensation__c
16:31:25.0 (12805724)|SOQL_EXECUTE_END|[6]|Rows:232
16:31:25.0 (12838111)|HEAP_ALLOCATE|[6]|Bytes:932
16:31:25.0 (13467960)|HEAP_ALLOCATE|[6]|Bytes:62649
16:31:25.0 (13519504)|HEAP_ALLOCATE|[6]|Bytes:932
16:31:25.0 (13552581)|VARIABLE_ASSIGNMENT|[6]|compensations|"List of size 232 too large to display"|0x584798e4
16:31:25.0 (13561670)|STATEMENT_EXECUTE|[17]
16:31:25.0 (13575773)|SYSTEM_MODE_EXIT|false
16:31:25.13 (13603491)|CUMULATIVE_LIMIT_USAGE
16:31:25.13 (13603491)|LIMIT_USAGE_FOR_NS|(default)|
  Number of SOQL queries: 1 out of 100
  Number of query rows: 232 out of 50000
  Number of SOSL queries: 0 out of 20
  Number of DML statements: 0 out of 150
  Number of DML rows: 0 out of 10000
  Maximum CPU time: 0 out of 10000
  Maximum heap size: 0 out of 6000000
  Number of callouts: 0 out of 100
  Number of Email Invocations: 0 out of 10
  Number of future calls: 0 out of 50
  Number of queueable jobs added to the queue: 0 out of 50
  Number of Mobile Apex push calls: 0 out of 10

16:31:25.13 (13603491)|CUMULATIVE_LIMIT_USAGE_END

16:31:25.0 (13636411)|CODE_UNIT_FINISHED|CompensationController.getCompensations
16:31:25.0 (16956290)|CODE_UNIT_FINISHED|Aura
16:31:25.0 (18154671)|EXECUTION_FINISHED
