42.0 APEX_CODE,FINEST;APEX_PROFILING,INFO;CALLOUT,INFO;DB,INFO;SYSTEM,DEBUG;VALIDATION,INFO;VISUALFORCE,INFO;WAVE,INFO;WORKFLOW,INFO
14:42:52.0 (70805)|USER_INFO|[EXTERNAL]|005f4000001iPIc|lrodriguez-onboarding@altimetrik.com|Hora de Argentina|GMT-03:00
14:42:52.0 (104593)|EXECUTION_STARTED
14:42:52.0 (110176)|CODE_UNIT_STARTED|[EXTERNAL]|Aura
14:42:52.0 (958603)|HEAP_ALLOCATE|[72]|Bytes:3
14:42:52.0 (1002195)|HEAP_ALLOCATE|[77]|Bytes:152
14:42:52.0 (1020798)|HEAP_ALLOCATE|[342]|Bytes:408
14:42:52.0 (1035216)|HEAP_ALLOCATE|[355]|Bytes:408
14:42:52.0 (1045838)|HEAP_ALLOCATE|[467]|Bytes:48
14:42:52.0 (1069315)|HEAP_ALLOCATE|[139]|Bytes:6
14:42:52.0 (1087169)|HEAP_ALLOCATE|[EXTERNAL]|Bytes:5
14:42:52.0 (1095524)|HEAP_ALLOCATE|[EXTERNAL]|Bytes:5
14:42:52.0 (1845541)|CODE_UNIT_STARTED|[EXTERNAL]|01pf4000009OyzM|CompensationController.getCompensations
14:42:52.0 (1944839)|HEAP_ALLOCATE|[EXTERNAL]|Bytes:1
14:42:52.0 (1957092)|METHOD_ENTRY|[1]|01pf4000009OyzM|CompensationController.CompensationController()
14:42:52.0 (1962553)|STATEMENT_EXECUTE|[1]
14:42:52.0 (1969524)|STATEMENT_EXECUTE|[1]
14:42:52.0 (2001323)|HEAP_ALLOCATE|[50]|Bytes:5
14:42:52.0 (2024594)|HEAP_ALLOCATE|[56]|Bytes:5
14:42:52.0 (2032328)|HEAP_ALLOCATE|[64]|Bytes:7
14:42:52.0 (2056294)|SYSTEM_MODE_ENTER|false
14:42:52.0 (2069865)|HEAP_ALLOCATE|[EXTERNAL]|Bytes:5
14:42:52.0 (2077862)|SYSTEM_MODE_EXIT|false
14:42:52.0 (2086630)|METHOD_EXIT|[1]|CompensationController
14:42:52.0 (2091662)|HEAP_ALLOCATE|[EXTERNAL]|Bytes:5
14:42:52.0 (2099750)|SYSTEM_MODE_ENTER|false
14:42:52.0 (2106955)|VARIABLE_SCOPE_BEGIN|[3]|filter|String|false|false
14:42:52.0 (2129874)|VARIABLE_ASSIGNMENT|[3]|filter|"study"
14:42:52.0 (2144782)|HEAP_ALLOCATE|[4]|Bytes:5
14:42:52.0 (2149539)|STATEMENT_EXECUTE|[3]
14:42:52.0 (2151766)|STATEMENT_EXECUTE|[4]
14:42:52.0 (2262600)|HEAP_ALLOCATE|[4]|Bytes:4
14:42:52.0 (2334617)|VARIABLE_SCOPE_BEGIN|[4]|compensations|List<Compensation__c>|true|false
14:42:52.0 (2345953)|HEAP_ALLOCATE|[EXTERNAL]|Bytes:4
14:42:52.0 (2359657)|VARIABLE_ASSIGNMENT|[4]|compensations|[]|0x74760a40
14:42:52.0 (2367326)|HEAP_ALLOCATE|[5]|Bytes:3
14:42:52.0 (2393687)|HEAP_ALLOCATE|[10]|Bytes:5
14:42:52.0 (2404989)|STATEMENT_EXECUTE|[10]
14:42:52.0 (2406909)|STATEMENT_EXECUTE|[11]
14:42:52.0 (2409265)|HEAP_ALLOCATE|[11]|Bytes:194
14:42:52.0 (2426112)|HEAP_ALLOCATE|[11]|Bytes:4
14:42:52.0 (2435225)|HEAP_ALLOCATE|[11]|Bytes:7
14:42:52.0 (3241809)|SOQL_EXECUTE_BEGIN|[11]|Aggregations:0|SELECT Employee__r.Name, Employee__r.birthdate, job_category__c, RecordType.Name, amount__c, location__c, office__c, submitted__c, status__c FROM Compensation__c WHERE RecordType.Name = :tmpVar1
14:42:52.0 (13882295)|SOQL_EXECUTE_END|[11]|Rows:223
14:42:52.0 (13928071)|HEAP_ALLOCATE|[11]|Bytes:896
14:42:52.0 (14579961)|HEAP_ALLOCATE|[11]|Bytes:60371
14:42:52.0 (14622294)|HEAP_ALLOCATE|[11]|Bytes:896
14:42:52.0 (14654041)|VARIABLE_ASSIGNMENT|[11]|compensations|"List of size 223 too large to display"|0x2f5c67ac
14:42:52.0 (14662820)|STATEMENT_EXECUTE|[17]
14:42:52.0 (14673178)|SYSTEM_MODE_EXIT|false
14:42:52.14 (14700536)|CUMULATIVE_LIMIT_USAGE
14:42:52.14 (14700536)|LIMIT_USAGE_FOR_NS|(default)|
  Number of SOQL queries: 1 out of 100
  Number of query rows: 223 out of 50000
  Number of SOSL queries: 0 out of 20
  Number of DML statements: 0 out of 150
  Number of DML rows: 0 out of 10000
  Maximum CPU time: 0 out of 10000
  Maximum heap size: 0 out of 6000000
  Number of callouts: 0 out of 100
  Number of Email Invocations: 0 out of 10
  Number of future calls: 0 out of 50
  Number of queueable jobs added to the queue: 0 out of 50
  Number of Mobile Apex push calls: 0 out of 10

14:42:52.14 (14700536)|CUMULATIVE_LIMIT_USAGE_END

14:42:52.0 (14732073)|CODE_UNIT_FINISHED|CompensationController.getCompensations
14:42:52.0 (18184863)|CODE_UNIT_FINISHED|Aura
14:42:52.0 (19363552)|EXECUTION_FINISHED
