42.0 APEX_CODE,FINEST;APEX_PROFILING,INFO;CALLOUT,INFO;DB,INFO;SYSTEM,DEBUG;VALIDATION,INFO;VISUALFORCE,INFO;WAVE,INFO;WORKFLOW,INFO
16:15:13.0 (373661)|USER_INFO|[EXTERNAL]|005f4000001iPIc|lrodriguez-onboarding@altimetrik.com|Argentine Time|GMT-03:00
16:15:13.0 (420960)|EXECUTION_STARTED
16:15:13.0 (426780)|CODE_UNIT_STARTED|[EXTERNAL]|Aura
16:15:13.0 (1662365)|HEAP_ALLOCATE|[72]|Bytes:3
16:15:13.0 (1705023)|HEAP_ALLOCATE|[77]|Bytes:152
16:15:13.0 (1729619)|HEAP_ALLOCATE|[342]|Bytes:408
16:15:13.0 (1757175)|HEAP_ALLOCATE|[355]|Bytes:408
16:15:13.0 (1902725)|HEAP_ALLOCATE|[467]|Bytes:48
16:15:13.0 (2011681)|HEAP_ALLOCATE|[139]|Bytes:6
16:15:13.0 (2050659)|HEAP_ALLOCATE|[EXTERNAL]|Bytes:3
16:15:13.0 (2062592)|HEAP_ALLOCATE|[EXTERNAL]|Bytes:3
16:15:13.0 (2949294)|CODE_UNIT_STARTED|[EXTERNAL]|01pf4000009OyzM|CompensationController.getCompensations
16:15:13.0 (3124170)|HEAP_ALLOCATE|[EXTERNAL]|Bytes:1
16:15:13.0 (3141500)|METHOD_ENTRY|[1]|01pf4000009OyzM|CompensationController.CompensationController()
16:15:13.0 (3148426)|STATEMENT_EXECUTE|[1]
16:15:13.0 (3157394)|STATEMENT_EXECUTE|[1]
16:15:13.0 (3193915)|HEAP_ALLOCATE|[50]|Bytes:5
16:15:13.0 (3221775)|HEAP_ALLOCATE|[56]|Bytes:5
16:15:13.0 (3233354)|HEAP_ALLOCATE|[64]|Bytes:7
16:15:13.0 (3268022)|SYSTEM_MODE_ENTER|false
16:15:13.0 (3286073)|HEAP_ALLOCATE|[EXTERNAL]|Bytes:5
16:15:13.0 (3296490)|SYSTEM_MODE_EXIT|false
16:15:13.0 (3308407)|METHOD_EXIT|[1]|CompensationController
16:15:13.0 (3317045)|HEAP_ALLOCATE|[EXTERNAL]|Bytes:3
16:15:13.0 (3331043)|SYSTEM_MODE_ENTER|false
16:15:13.0 (3344879)|VARIABLE_SCOPE_BEGIN|[3]|filter|String|false|false
16:15:13.0 (3372334)|VARIABLE_ASSIGNMENT|[3]|filter|"all"
16:15:13.0 (3393504)|HEAP_ALLOCATE|[4]|Bytes:5
16:15:13.0 (3400916)|STATEMENT_EXECUTE|[3]
16:15:13.0 (3404172)|STATEMENT_EXECUTE|[4]
16:15:13.0 (3441440)|HEAP_ALLOCATE|[4]|Bytes:4
16:15:13.0 (3526222)|VARIABLE_SCOPE_BEGIN|[4]|compensations|List<Compensation__c>|true|false
16:15:13.0 (3542169)|HEAP_ALLOCATE|[EXTERNAL]|Bytes:4
16:15:13.0 (3557237)|VARIABLE_ASSIGNMENT|[4]|compensations|[]|0x7722f979
16:15:13.0 (3567513)|HEAP_ALLOCATE|[5]|Bytes:3
16:15:13.0 (3593315)|STATEMENT_EXECUTE|[5]
16:15:13.0 (3596339)|STATEMENT_EXECUTE|[6]
16:15:13.0 (3600249)|HEAP_ALLOCATE|[6]|Bytes:177
16:15:13.0 (3620023)|HEAP_ALLOCATE|[6]|Bytes:4
16:15:13.0 (4552960)|SOQL_EXECUTE_BEGIN|[6]|Aggregations:0|SELECT Employee__r.Id, Employee__r.Name, Employee__r.birthdate, job_category__c, RecordType.Name, amount__c, location__c, office__c, submitted__c, status__c FROM Compensation__c
16:15:13.0 (16678420)|SOQL_EXECUTE_END|[6]|Rows:232
16:15:13.0 (16732759)|HEAP_ALLOCATE|[6]|Bytes:932
16:15:13.0 (17770471)|HEAP_ALLOCATE|[6]|Bytes:62649
16:15:13.0 (17845316)|HEAP_ALLOCATE|[6]|Bytes:932
16:15:13.0 (17894979)|VARIABLE_ASSIGNMENT|[6]|compensations|"List of size 232 too large to display"|0x6fa291fa
16:15:13.0 (17909275)|STATEMENT_EXECUTE|[17]
16:15:13.0 (17932341)|SYSTEM_MODE_EXIT|false
16:15:13.17 (17964608)|CUMULATIVE_LIMIT_USAGE
16:15:13.17 (17964608)|LIMIT_USAGE_FOR_NS|(default)|
  Number of SOQL queries: 1 out of 100
  Number of query rows: 232 out of 50000
  Number of SOSL queries: 0 out of 20
  Number of DML statements: 0 out of 150
  Number of DML rows: 0 out of 10000
  Maximum CPU time: 0 out of 10000
  Maximum heap size: 0 out of 6000000
  Number of callouts: 0 out of 100
  Number of Email Invocations: 0 out of 10
  Number of future calls: 0 out of 50
  Number of queueable jobs added to the queue: 0 out of 50
  Number of Mobile Apex push calls: 0 out of 10

16:15:13.17 (17964608)|CUMULATIVE_LIMIT_USAGE_END

16:15:13.0 (18009035)|CODE_UNIT_FINISHED|CompensationController.getCompensations
16:15:13.0 (22078281)|CODE_UNIT_FINISHED|Aura
16:15:13.0 (23331341)|EXECUTION_FINISHED
