42.0 APEX_CODE,FINEST;APEX_PROFILING,INFO;CALLOUT,INFO;DB,INFO;SYSTEM,DEBUG;VALIDATION,INFO;VISUALFORCE,INFO;WAVE,INFO;WORKFLOW,INFO
14:48:59.0 (92941)|USER_INFO|[EXTERNAL]|005f4000001iPIc|lrodriguez-onboarding@altimetrik.com|Hora de Argentina|GMT-03:00
14:48:59.0 (137238)|EXECUTION_STARTED
14:48:59.0 (142789)|CODE_UNIT_STARTED|[EXTERNAL]|Aura
14:48:59.0 (895199)|HEAP_ALLOCATE|[72]|Bytes:3
14:48:59.0 (936524)|HEAP_ALLOCATE|[77]|Bytes:152
14:48:59.0 (951637)|HEAP_ALLOCATE|[342]|Bytes:408
14:48:59.0 (965357)|HEAP_ALLOCATE|[355]|Bytes:408
14:48:59.0 (975575)|HEAP_ALLOCATE|[467]|Bytes:48
14:48:59.0 (997661)|HEAP_ALLOCATE|[139]|Bytes:6
14:48:59.0 (1014164)|HEAP_ALLOCATE|[EXTERNAL]|Bytes:3
14:48:59.0 (1023536)|HEAP_ALLOCATE|[EXTERNAL]|Bytes:3
14:48:59.0 (1998078)|CODE_UNIT_STARTED|[EXTERNAL]|01pf4000009OyzM|CompensationController.getCompensations
14:48:59.0 (2103053)|HEAP_ALLOCATE|[EXTERNAL]|Bytes:1
14:48:59.0 (2114719)|METHOD_ENTRY|[1]|01pf4000009OyzM|CompensationController.CompensationController()
14:48:59.0 (2121100)|STATEMENT_EXECUTE|[1]
14:48:59.0 (2127572)|STATEMENT_EXECUTE|[1]
14:48:59.0 (2159161)|HEAP_ALLOCATE|[50]|Bytes:5
14:48:59.0 (2181493)|HEAP_ALLOCATE|[56]|Bytes:5
14:48:59.0 (2189737)|HEAP_ALLOCATE|[64]|Bytes:7
14:48:59.0 (2213069)|SYSTEM_MODE_ENTER|false
14:48:59.0 (2227955)|HEAP_ALLOCATE|[EXTERNAL]|Bytes:5
14:48:59.0 (2236604)|SYSTEM_MODE_EXIT|false
14:48:59.0 (2245712)|METHOD_EXIT|[1]|CompensationController
14:48:59.0 (2250923)|HEAP_ALLOCATE|[EXTERNAL]|Bytes:3
14:48:59.0 (2258774)|SYSTEM_MODE_ENTER|false
14:48:59.0 (2265683)|VARIABLE_SCOPE_BEGIN|[3]|filter|String|false|false
14:48:59.0 (2288089)|VARIABLE_ASSIGNMENT|[3]|filter|"all"
14:48:59.0 (2302153)|HEAP_ALLOCATE|[4]|Bytes:5
14:48:59.0 (2306967)|STATEMENT_EXECUTE|[3]
14:48:59.0 (2308776)|STATEMENT_EXECUTE|[4]
14:48:59.0 (2405667)|HEAP_ALLOCATE|[4]|Bytes:4
14:48:59.0 (2473991)|VARIABLE_SCOPE_BEGIN|[4]|compensations|List<Compensation__c>|true|false
14:48:59.0 (2486016)|HEAP_ALLOCATE|[EXTERNAL]|Bytes:4
14:48:59.0 (2499143)|VARIABLE_ASSIGNMENT|[4]|compensations|[]|0xc3f8398
14:48:59.0 (2506955)|HEAP_ALLOCATE|[5]|Bytes:3
14:48:59.0 (2534272)|STATEMENT_EXECUTE|[5]
14:48:59.0 (2536375)|STATEMENT_EXECUTE|[6]
14:48:59.0 (2539070)|HEAP_ALLOCATE|[6]|Bytes:161
14:48:59.0 (2557534)|HEAP_ALLOCATE|[6]|Bytes:4
14:48:59.0 (3194476)|SOQL_EXECUTE_BEGIN|[6]|Aggregations:0|SELECT Employee__r.Name, Employee__r.birthdate, job_category__c, RecordType.Name, amount__c, location__c, office__c, submitted__c, status__c FROM Compensation__c
14:48:59.0 (14161883)|SOQL_EXECUTE_END|[6]|Rows:232
14:48:59.0 (14193121)|HEAP_ALLOCATE|[6]|Bytes:932
14:48:59.0 (14820166)|HEAP_ALLOCATE|[6]|Bytes:62649
14:48:59.0 (14875217)|HEAP_ALLOCATE|[6]|Bytes:932
14:48:59.0 (14911938)|VARIABLE_ASSIGNMENT|[6]|compensations|"List of size 232 too large to display"|0x7b4e563a
14:48:59.0 (14921768)|STATEMENT_EXECUTE|[17]
14:48:59.0 (14934858)|SYSTEM_MODE_EXIT|false
14:48:59.14 (14962166)|CUMULATIVE_LIMIT_USAGE
14:48:59.14 (14962166)|LIMIT_USAGE_FOR_NS|(default)|
  Number of SOQL queries: 1 out of 100
  Number of query rows: 232 out of 50000
  Number of SOSL queries: 0 out of 20
  Number of DML statements: 0 out of 150
  Number of DML rows: 0 out of 10000
  Maximum CPU time: 0 out of 10000
  Maximum heap size: 0 out of 6000000
  Number of callouts: 0 out of 100
  Number of Email Invocations: 0 out of 10
  Number of future calls: 0 out of 50
  Number of queueable jobs added to the queue: 0 out of 50
  Number of Mobile Apex push calls: 0 out of 10

14:48:59.14 (14962166)|CUMULATIVE_LIMIT_USAGE_END

14:48:59.0 (15009108)|CODE_UNIT_FINISHED|CompensationController.getCompensations
14:48:59.0 (18405937)|CODE_UNIT_FINISHED|Aura
14:48:59.0 (19622773)|EXECUTION_FINISHED
