42.0 APEX_CODE,FINEST;APEX_PROFILING,INFO;CALLOUT,INFO;DB,INFO;SYSTEM,DEBUG;VALIDATION,INFO;VISUALFORCE,INFO;WAVE,INFO;WORKFLOW,INFO
11:40:20.0 (81695)|USER_INFO|[EXTERNAL]|005f4000001iPIc|lrodriguez-onboarding@altimetrik.com|Hora de Argentina|GMT-03:00
11:40:20.0 (123677)|EXECUTION_STARTED
11:40:20.0 (129757)|CODE_UNIT_STARTED|[EXTERNAL]|Aura
11:40:20.0 (1049557)|HEAP_ALLOCATE|[72]|Bytes:3
11:40:20.0 (1110549)|HEAP_ALLOCATE|[77]|Bytes:152
11:40:20.0 (1134945)|HEAP_ALLOCATE|[342]|Bytes:408
11:40:20.0 (1157369)|HEAP_ALLOCATE|[355]|Bytes:408
11:40:20.0 (1175420)|HEAP_ALLOCATE|[467]|Bytes:48
11:40:20.0 (1213201)|HEAP_ALLOCATE|[139]|Bytes:6
11:40:20.0 (1240190)|HEAP_ALLOCATE|[EXTERNAL]|Bytes:3
11:40:20.0 (1251617)|HEAP_ALLOCATE|[EXTERNAL]|Bytes:3
11:40:20.0 (2085664)|CODE_UNIT_STARTED|[EXTERNAL]|01pf4000009OyzM|CompensationController.getCompensations
11:40:20.0 (2215600)|HEAP_ALLOCATE|[EXTERNAL]|Bytes:1
11:40:20.0 (2232968)|METHOD_ENTRY|[1]|01pf4000009OyzM|CompensationController.CompensationController()
11:40:20.0 (2241077)|STATEMENT_EXECUTE|[1]
11:40:20.0 (2248960)|STATEMENT_EXECUTE|[1]
11:40:20.0 (2284703)|HEAP_ALLOCATE|[50]|Bytes:5
11:40:20.0 (2318249)|HEAP_ALLOCATE|[56]|Bytes:5
11:40:20.0 (2330107)|HEAP_ALLOCATE|[64]|Bytes:7
11:40:20.0 (2362629)|SYSTEM_MODE_ENTER|false
11:40:20.0 (2384432)|HEAP_ALLOCATE|[EXTERNAL]|Bytes:5
11:40:20.0 (2394993)|SYSTEM_MODE_EXIT|false
11:40:20.0 (2406107)|METHOD_EXIT|[1]|CompensationController
11:40:20.0 (2413522)|HEAP_ALLOCATE|[EXTERNAL]|Bytes:3
11:40:20.0 (2426872)|SYSTEM_MODE_ENTER|false
11:40:20.0 (2435880)|VARIABLE_SCOPE_BEGIN|[3]|filter|String|false|false
11:40:20.0 (2466533)|VARIABLE_ASSIGNMENT|[3]|filter|"all"
11:40:20.0 (2488146)|HEAP_ALLOCATE|[4]|Bytes:5
11:40:20.0 (2495119)|STATEMENT_EXECUTE|[3]
11:40:20.0 (2497324)|STATEMENT_EXECUTE|[4]
11:40:20.0 (2668732)|HEAP_ALLOCATE|[4]|Bytes:4
11:40:20.0 (2782878)|VARIABLE_SCOPE_BEGIN|[4]|compensations|List<Compensation__c>|true|false
11:40:20.0 (2799251)|HEAP_ALLOCATE|[EXTERNAL]|Bytes:4
11:40:20.0 (2813972)|VARIABLE_ASSIGNMENT|[4]|compensations|[]|0x5b388a22
11:40:20.0 (2823848)|HEAP_ALLOCATE|[5]|Bytes:3
11:40:20.0 (2859599)|STATEMENT_EXECUTE|[5]
11:40:20.0 (2862180)|STATEMENT_EXECUTE|[6]
11:40:20.0 (2865079)|HEAP_ALLOCATE|[6]|Bytes:161
11:40:20.0 (2890261)|HEAP_ALLOCATE|[6]|Bytes:4
11:40:20.0 (3702604)|SOQL_EXECUTE_BEGIN|[6]|Aggregations:0|SELECT Employee__r.Name, Employee__r.birthdate, job_category__c, RecordType.Name, amount__c, location__c, office__c, submitted__c, status__c FROM Compensation__c
11:40:20.0 (16175302)|SOQL_EXECUTE_END|[6]|Rows:232
11:40:20.0 (16215920)|HEAP_ALLOCATE|[6]|Bytes:932
11:40:20.0 (16897556)|HEAP_ALLOCATE|[6]|Bytes:62649
11:40:20.0 (16953032)|HEAP_ALLOCATE|[6]|Bytes:932
11:40:20.0 (17004973)|VARIABLE_ASSIGNMENT|[6]|compensations|"List of size 232 too large to display"|0x1010a7f0
11:40:20.0 (17016220)|STATEMENT_EXECUTE|[17]
11:40:20.0 (17027320)|SYSTEM_MODE_EXIT|false
11:40:20.17 (17057133)|CUMULATIVE_LIMIT_USAGE
11:40:20.17 (17057133)|LIMIT_USAGE_FOR_NS|(default)|
  Number of SOQL queries: 1 out of 100
  Number of query rows: 232 out of 50000
  Number of SOSL queries: 0 out of 20
  Number of DML statements: 0 out of 150
  Number of DML rows: 0 out of 10000
  Maximum CPU time: 0 out of 10000
  Maximum heap size: 0 out of 6000000
  Number of callouts: 0 out of 100
  Number of Email Invocations: 0 out of 10
  Number of future calls: 0 out of 50
  Number of queueable jobs added to the queue: 0 out of 50
  Number of Mobile Apex push calls: 0 out of 10

11:40:20.17 (17057133)|CUMULATIVE_LIMIT_USAGE_END

11:40:20.0 (17097900)|CODE_UNIT_FINISHED|CompensationController.getCompensations
11:40:20.0 (20298711)|CODE_UNIT_FINISHED|Aura
11:40:20.0 (21586068)|EXECUTION_FINISHED
