42.0 APEX_CODE,FINEST;APEX_PROFILING,INFO;CALLOUT,INFO;DB,INFO;SYSTEM,DEBUG;VALIDATION,INFO;VISUALFORCE,INFO;WAVE,INFO;WORKFLOW,INFO
15:58:15.0 (70301)|USER_INFO|[EXTERNAL]|005f4000001iPIc|lrodriguez-onboarding@altimetrik.com|Hora de Argentina|GMT-03:00
15:58:15.0 (105563)|EXECUTION_STARTED
15:58:15.0 (110074)|CODE_UNIT_STARTED|[EXTERNAL]|Aura
15:58:15.0 (1003972)|HEAP_ALLOCATE|[72]|Bytes:3
15:58:15.0 (1045362)|HEAP_ALLOCATE|[77]|Bytes:152
15:58:15.0 (1060951)|HEAP_ALLOCATE|[342]|Bytes:408
15:58:15.0 (1077677)|HEAP_ALLOCATE|[355]|Bytes:408
15:58:15.0 (1089105)|HEAP_ALLOCATE|[467]|Bytes:48
15:58:15.0 (1113502)|HEAP_ALLOCATE|[139]|Bytes:6
15:58:15.0 (1140277)|HEAP_ALLOCATE|[EXTERNAL]|Bytes:3
15:58:15.0 (1151526)|HEAP_ALLOCATE|[EXTERNAL]|Bytes:3
15:58:15.0 (1952969)|CODE_UNIT_STARTED|[EXTERNAL]|01pf4000009OyzM|CompensationController.getCompensations
15:58:15.0 (2076384)|HEAP_ALLOCATE|[EXTERNAL]|Bytes:1
15:58:15.0 (2091780)|METHOD_ENTRY|[1]|01pf4000009OyzM|CompensationController.CompensationController()
15:58:15.0 (2099145)|STATEMENT_EXECUTE|[1]
15:58:15.0 (2104768)|STATEMENT_EXECUTE|[1]
15:58:15.0 (2143875)|HEAP_ALLOCATE|[50]|Bytes:5
15:58:15.0 (2172710)|HEAP_ALLOCATE|[56]|Bytes:5
15:58:15.0 (2181702)|HEAP_ALLOCATE|[64]|Bytes:7
15:58:15.0 (2207266)|SYSTEM_MODE_ENTER|false
15:58:15.0 (2220429)|HEAP_ALLOCATE|[EXTERNAL]|Bytes:5
15:58:15.0 (2232027)|SYSTEM_MODE_EXIT|false
15:58:15.0 (2245095)|METHOD_EXIT|[1]|CompensationController
15:58:15.0 (2252824)|HEAP_ALLOCATE|[EXTERNAL]|Bytes:3
15:58:15.0 (2267427)|SYSTEM_MODE_ENTER|false
15:58:15.0 (2282879)|VARIABLE_SCOPE_BEGIN|[3]|filter|String|false|false
15:58:15.0 (2316751)|VARIABLE_ASSIGNMENT|[3]|filter|"all"
15:58:15.0 (2338382)|HEAP_ALLOCATE|[4]|Bytes:5
15:58:15.0 (2344621)|STATEMENT_EXECUTE|[3]
15:58:15.0 (2346411)|STATEMENT_EXECUTE|[4]
15:58:15.0 (2438058)|HEAP_ALLOCATE|[4]|Bytes:4
15:58:15.0 (2489367)|VARIABLE_SCOPE_BEGIN|[4]|compensations|List<Compensation__c>|true|false
15:58:15.0 (2501776)|HEAP_ALLOCATE|[EXTERNAL]|Bytes:4
15:58:15.0 (2514812)|VARIABLE_ASSIGNMENT|[4]|compensations|[]|0x298146ee
15:58:15.0 (2522689)|HEAP_ALLOCATE|[5]|Bytes:3
15:58:15.0 (2543972)|STATEMENT_EXECUTE|[5]
15:58:15.0 (2545907)|STATEMENT_EXECUTE|[6]
15:58:15.0 (2548680)|HEAP_ALLOCATE|[6]|Bytes:161
15:58:15.0 (2566417)|HEAP_ALLOCATE|[6]|Bytes:4
15:58:15.0 (3225869)|SOQL_EXECUTE_BEGIN|[6]|Aggregations:0|SELECT Employee__r.Name, Employee__r.birthdate, job_category__c, RecordType.Name, amount__c, location__c, office__c, submitted__c, status__c FROM Compensation__c
15:58:15.0 (12629626)|SOQL_EXECUTE_END|[6]|Rows:232
15:58:15.0 (12656523)|HEAP_ALLOCATE|[6]|Bytes:932
15:58:15.0 (13697729)|HEAP_ALLOCATE|[6]|Bytes:62649
15:58:15.0 (13742113)|HEAP_ALLOCATE|[6]|Bytes:932
15:58:15.0 (13785217)|VARIABLE_ASSIGNMENT|[6]|compensations|"List of size 232 too large to display"|0x2c54ae3e
15:58:15.0 (13809379)|STATEMENT_EXECUTE|[17]
15:58:15.0 (13822126)|SYSTEM_MODE_EXIT|false
15:58:15.13 (13854985)|CUMULATIVE_LIMIT_USAGE
15:58:15.13 (13854985)|LIMIT_USAGE_FOR_NS|(default)|
  Number of SOQL queries: 1 out of 100
  Number of query rows: 232 out of 50000
  Number of SOSL queries: 0 out of 20
  Number of DML statements: 0 out of 150
  Number of DML rows: 0 out of 10000
  Maximum CPU time: 0 out of 10000
  Maximum heap size: 0 out of 6000000
  Number of callouts: 0 out of 100
  Number of Email Invocations: 0 out of 10
  Number of future calls: 0 out of 50
  Number of queueable jobs added to the queue: 0 out of 50
  Number of Mobile Apex push calls: 0 out of 10

15:58:15.13 (13854985)|CUMULATIVE_LIMIT_USAGE_END

15:58:15.0 (13895145)|CODE_UNIT_FINISHED|CompensationController.getCompensations
15:58:15.0 (19843170)|CODE_UNIT_FINISHED|Aura
15:58:15.0 (21082016)|EXECUTION_FINISHED
