42.0 APEX_CODE,FINEST;APEX_PROFILING,INFO;CALLOUT,INFO;DB,INFO;SYSTEM,DEBUG;VALIDATION,INFO;VISUALFORCE,INFO;WAVE,INFO;WORKFLOW,INFO
14:35:53.0 (65364)|USER_INFO|[EXTERNAL]|005f4000001iPIc|lrodriguez-onboarding@altimetrik.com|Hora de Argentina|GMT-03:00
14:35:53.0 (99105)|EXECUTION_STARTED
14:35:53.0 (104471)|CODE_UNIT_STARTED|[EXTERNAL]|Aura
14:35:53.0 (1186690)|HEAP_ALLOCATE|[72]|Bytes:3
14:35:53.0 (1234484)|HEAP_ALLOCATE|[77]|Bytes:152
14:35:53.0 (1261205)|HEAP_ALLOCATE|[342]|Bytes:408
14:35:53.0 (1282442)|HEAP_ALLOCATE|[355]|Bytes:408
14:35:53.0 (1293752)|HEAP_ALLOCATE|[467]|Bytes:48
14:35:53.0 (1317721)|HEAP_ALLOCATE|[139]|Bytes:6
14:35:53.0 (1337201)|HEAP_ALLOCATE|[EXTERNAL]|Bytes:3
14:35:53.0 (1348425)|HEAP_ALLOCATE|[EXTERNAL]|Bytes:3
14:35:53.0 (2450337)|CODE_UNIT_STARTED|[EXTERNAL]|01pf4000009OyzM|CompensationController.getCompensations
14:35:53.0 (2554238)|HEAP_ALLOCATE|[EXTERNAL]|Bytes:1
14:35:53.0 (2583454)|METHOD_ENTRY|[1]|01pf4000009OyzM|CompensationController.CompensationController()
14:35:53.0 (2590924)|STATEMENT_EXECUTE|[1]
14:35:53.0 (2597624)|STATEMENT_EXECUTE|[1]
14:35:53.0 (2630333)|HEAP_ALLOCATE|[50]|Bytes:5
14:35:53.0 (2654840)|HEAP_ALLOCATE|[56]|Bytes:5
14:35:53.0 (2663222)|HEAP_ALLOCATE|[64]|Bytes:7
14:35:53.0 (2688669)|SYSTEM_MODE_ENTER|false
14:35:53.0 (2704219)|HEAP_ALLOCATE|[EXTERNAL]|Bytes:5
14:35:53.0 (2712790)|SYSTEM_MODE_EXIT|false
14:35:53.0 (2734335)|METHOD_EXIT|[1]|CompensationController
14:35:53.0 (2740533)|HEAP_ALLOCATE|[EXTERNAL]|Bytes:3
14:35:53.0 (2750591)|SYSTEM_MODE_ENTER|false
14:35:53.0 (2758112)|VARIABLE_SCOPE_BEGIN|[3]|filter|String|false|false
14:35:53.0 (2782116)|VARIABLE_ASSIGNMENT|[3]|filter|"all"
14:35:53.0 (2796257)|HEAP_ALLOCATE|[4]|Bytes:5
14:35:53.0 (2801680)|STATEMENT_EXECUTE|[3]
14:35:53.0 (2804341)|STATEMENT_EXECUTE|[4]
14:35:53.0 (2927480)|HEAP_ALLOCATE|[4]|Bytes:4
14:35:53.0 (3025721)|VARIABLE_SCOPE_BEGIN|[4]|compensations|List<Compensation__c>|true|false
14:35:53.0 (3042292)|HEAP_ALLOCATE|[EXTERNAL]|Bytes:4
14:35:53.0 (3055368)|VARIABLE_ASSIGNMENT|[4]|compensations|[]|0x1c27c0e0
14:35:53.0 (3063413)|HEAP_ALLOCATE|[5]|Bytes:3
14:35:53.0 (3091502)|STATEMENT_EXECUTE|[5]
14:35:53.0 (3093435)|STATEMENT_EXECUTE|[6]
14:35:53.0 (3096348)|HEAP_ALLOCATE|[6]|Bytes:161
14:35:53.0 (3128311)|HEAP_ALLOCATE|[6]|Bytes:4
14:35:53.0 (3803694)|SOQL_EXECUTE_BEGIN|[6]|Aggregations:0|SELECT Employee__r.Name, Employee__r.birthdate, job_category__c, RecordType.Name, amount__c, location__c, office__c, submitted__c, status__c FROM Compensation__c
14:35:53.0 (14839531)|SOQL_EXECUTE_END|[6]|Rows:232
14:35:53.0 (14872141)|HEAP_ALLOCATE|[6]|Bytes:932
14:35:53.0 (15581020)|HEAP_ALLOCATE|[6]|Bytes:62649
14:35:53.0 (15627347)|HEAP_ALLOCATE|[6]|Bytes:932
14:35:53.0 (15662554)|VARIABLE_ASSIGNMENT|[6]|compensations|"List of size 232 too large to display"|0x36f2a95c
14:35:53.0 (15673047)|STATEMENT_EXECUTE|[17]
14:35:53.0 (15696420)|SYSTEM_MODE_EXIT|false
14:35:53.15 (15726065)|CUMULATIVE_LIMIT_USAGE
14:35:53.15 (15726065)|LIMIT_USAGE_FOR_NS|(default)|
  Number of SOQL queries: 1 out of 100
  Number of query rows: 232 out of 50000
  Number of SOSL queries: 0 out of 20
  Number of DML statements: 0 out of 150
  Number of DML rows: 0 out of 10000
  Maximum CPU time: 0 out of 10000
  Maximum heap size: 0 out of 6000000
  Number of callouts: 0 out of 100
  Number of Email Invocations: 0 out of 10
  Number of future calls: 0 out of 50
  Number of queueable jobs added to the queue: 0 out of 50
  Number of Mobile Apex push calls: 0 out of 10

14:35:53.15 (15726065)|CUMULATIVE_LIMIT_USAGE_END

14:35:53.0 (15759858)|CODE_UNIT_FINISHED|CompensationController.getCompensations
14:35:53.0 (19984906)|CODE_UNIT_FINISHED|Aura
14:35:53.0 (21503726)|EXECUTION_FINISHED
