42.0 APEX_CODE,FINEST;APEX_PROFILING,INFO;CALLOUT,INFO;DB,INFO;SYSTEM,DEBUG;VALIDATION,INFO;VISUALFORCE,INFO;WAVE,INFO;WORKFLOW,INFO
16:05:44.0 (322729)|USER_INFO|[EXTERNAL]|005f4000001iPIc|lrodriguez-onboarding@altimetrik.com|Hora de Argentina|GMT-03:00
16:05:44.0 (358181)|EXECUTION_STARTED
16:05:44.0 (362665)|CODE_UNIT_STARTED|[EXTERNAL]|Aura
16:05:44.0 (1356569)|HEAP_ALLOCATE|[72]|Bytes:3
16:05:44.0 (1388834)|HEAP_ALLOCATE|[77]|Bytes:152
16:05:44.0 (1410039)|HEAP_ALLOCATE|[342]|Bytes:408
16:05:44.0 (1429039)|HEAP_ALLOCATE|[355]|Bytes:408
16:05:44.0 (1445001)|HEAP_ALLOCATE|[467]|Bytes:48
16:05:44.0 (1472797)|HEAP_ALLOCATE|[139]|Bytes:6
16:05:44.0 (1496112)|HEAP_ALLOCATE|[EXTERNAL]|Bytes:3
16:05:44.0 (1504990)|HEAP_ALLOCATE|[EXTERNAL]|Bytes:3
16:05:44.0 (2328124)|CODE_UNIT_STARTED|[EXTERNAL]|01pf4000009OyzM|CompensationController.getCompensations
16:05:44.0 (2480081)|HEAP_ALLOCATE|[EXTERNAL]|Bytes:1
16:05:44.0 (2493728)|METHOD_ENTRY|[1]|01pf4000009OyzM|CompensationController.CompensationController()
16:05:44.0 (2500456)|STATEMENT_EXECUTE|[1]
16:05:44.0 (2510726)|STATEMENT_EXECUTE|[1]
16:05:44.0 (2543583)|HEAP_ALLOCATE|[50]|Bytes:5
16:05:44.0 (2565296)|HEAP_ALLOCATE|[56]|Bytes:5
16:05:44.0 (2573702)|HEAP_ALLOCATE|[64]|Bytes:7
16:05:44.0 (2594437)|SYSTEM_MODE_ENTER|false
16:05:44.0 (2608645)|HEAP_ALLOCATE|[EXTERNAL]|Bytes:5
16:05:44.0 (2616583)|SYSTEM_MODE_EXIT|false
16:05:44.0 (2624795)|METHOD_EXIT|[1]|CompensationController
16:05:44.0 (2630345)|HEAP_ALLOCATE|[EXTERNAL]|Bytes:3
16:05:44.0 (2638879)|SYSTEM_MODE_ENTER|false
16:05:44.0 (2648711)|VARIABLE_SCOPE_BEGIN|[3]|filter|String|false|false
16:05:44.0 (2672956)|VARIABLE_ASSIGNMENT|[3]|filter|"all"
16:05:44.0 (2695797)|HEAP_ALLOCATE|[4]|Bytes:5
16:05:44.0 (2700968)|STATEMENT_EXECUTE|[3]
16:05:44.0 (2702866)|STATEMENT_EXECUTE|[4]
16:05:44.0 (2734206)|HEAP_ALLOCATE|[4]|Bytes:4
16:05:44.0 (2856959)|VARIABLE_SCOPE_BEGIN|[4]|compensations|List<Compensation__c>|true|false
16:05:44.0 (2868699)|HEAP_ALLOCATE|[EXTERNAL]|Bytes:4
16:05:44.0 (2882950)|VARIABLE_ASSIGNMENT|[4]|compensations|[]|0x13fdf664
16:05:44.0 (2890908)|HEAP_ALLOCATE|[5]|Bytes:3
16:05:44.0 (2914088)|STATEMENT_EXECUTE|[5]
16:05:44.0 (2915944)|STATEMENT_EXECUTE|[6]
16:05:44.0 (2918728)|HEAP_ALLOCATE|[6]|Bytes:161
16:05:44.0 (2954799)|HEAP_ALLOCATE|[6]|Bytes:4
16:05:44.0 (4119393)|SOQL_EXECUTE_BEGIN|[6]|Aggregations:0|SELECT Employee__r.Name, Employee__r.birthdate, job_category__c, RecordType.Name, amount__c, location__c, office__c, submitted__c, status__c FROM Compensation__c
16:05:44.0 (14892000)|SOQL_EXECUTE_END|[6]|Rows:232
16:05:44.0 (14930782)|HEAP_ALLOCATE|[6]|Bytes:932
16:05:44.0 (15573191)|HEAP_ALLOCATE|[6]|Bytes:62649
16:05:44.0 (15638588)|HEAP_ALLOCATE|[6]|Bytes:932
16:05:44.0 (15684542)|VARIABLE_ASSIGNMENT|[6]|compensations|"List of size 232 too large to display"|0x12bce5f5
16:05:44.0 (15695834)|STATEMENT_EXECUTE|[17]
16:05:44.0 (15713290)|SYSTEM_MODE_EXIT|false
16:05:44.15 (15754635)|CUMULATIVE_LIMIT_USAGE
16:05:44.15 (15754635)|LIMIT_USAGE_FOR_NS|(default)|
  Number of SOQL queries: 1 out of 100
  Number of query rows: 232 out of 50000
  Number of SOSL queries: 0 out of 20
  Number of DML statements: 0 out of 150
  Number of DML rows: 0 out of 10000
  Maximum CPU time: 0 out of 10000
  Maximum heap size: 0 out of 6000000
  Number of callouts: 0 out of 100
  Number of Email Invocations: 0 out of 10
  Number of future calls: 0 out of 50
  Number of queueable jobs added to the queue: 0 out of 50
  Number of Mobile Apex push calls: 0 out of 10

16:05:44.15 (15754635)|CUMULATIVE_LIMIT_USAGE_END

16:05:44.0 (15790227)|CODE_UNIT_FINISHED|CompensationController.getCompensations
16:05:44.0 (19465161)|CODE_UNIT_FINISHED|Aura
16:05:44.0 (21035452)|EXECUTION_FINISHED
