42.0 APEX_CODE,FINEST;APEX_PROFILING,INFO;CALLOUT,INFO;DB,INFO;SYSTEM,DEBUG;VALIDATION,INFO;VISUALFORCE,INFO;WAVE,INFO;WORKFLOW,INFO
14:38:04.0 (59620)|USER_INFO|[EXTERNAL]|005f4000001iPIc|lrodriguez-onboarding@altimetrik.com|Hora de Argentina|GMT-03:00
14:38:04.0 (89443)|EXECUTION_STARTED
14:38:04.0 (93987)|CODE_UNIT_STARTED|[EXTERNAL]|Aura
14:38:04.0 (843701)|HEAP_ALLOCATE|[72]|Bytes:3
14:38:04.0 (881552)|HEAP_ALLOCATE|[77]|Bytes:152
14:38:04.0 (897057)|HEAP_ALLOCATE|[342]|Bytes:408
14:38:04.0 (910885)|HEAP_ALLOCATE|[355]|Bytes:408
14:38:04.0 (921491)|HEAP_ALLOCATE|[467]|Bytes:48
14:38:04.0 (943521)|HEAP_ALLOCATE|[139]|Bytes:6
14:38:04.0 (959792)|HEAP_ALLOCATE|[EXTERNAL]|Bytes:3
14:38:04.0 (967689)|HEAP_ALLOCATE|[EXTERNAL]|Bytes:3
14:38:04.0 (1750075)|CODE_UNIT_STARTED|[EXTERNAL]|01pf4000009OyzM|CompensationController.getCompensations
14:38:04.0 (1865050)|HEAP_ALLOCATE|[EXTERNAL]|Bytes:1
14:38:04.0 (1877138)|METHOD_ENTRY|[1]|01pf4000009OyzM|CompensationController.CompensationController()
14:38:04.0 (1883258)|STATEMENT_EXECUTE|[1]
14:38:04.0 (1889275)|STATEMENT_EXECUTE|[1]
14:38:04.0 (1921343)|HEAP_ALLOCATE|[50]|Bytes:5
14:38:04.0 (1944920)|HEAP_ALLOCATE|[56]|Bytes:5
14:38:04.0 (1952923)|HEAP_ALLOCATE|[64]|Bytes:7
14:38:04.0 (1976357)|SYSTEM_MODE_ENTER|false
14:38:04.0 (1987666)|HEAP_ALLOCATE|[EXTERNAL]|Bytes:5
14:38:04.0 (1996912)|SYSTEM_MODE_EXIT|false
14:38:04.0 (2006153)|METHOD_EXIT|[1]|CompensationController
14:38:04.0 (2011976)|HEAP_ALLOCATE|[EXTERNAL]|Bytes:3
14:38:04.0 (2020552)|SYSTEM_MODE_ENTER|false
14:38:04.0 (2027821)|VARIABLE_SCOPE_BEGIN|[3]|filter|String|false|false
14:38:04.0 (2051919)|VARIABLE_ASSIGNMENT|[3]|filter|"all"
14:38:04.0 (2066415)|HEAP_ALLOCATE|[4]|Bytes:5
14:38:04.0 (2071377)|STATEMENT_EXECUTE|[3]
14:38:04.0 (2073236)|STATEMENT_EXECUTE|[4]
14:38:04.0 (2169426)|HEAP_ALLOCATE|[4]|Bytes:4
14:38:04.0 (2238151)|VARIABLE_SCOPE_BEGIN|[4]|compensations|List<Compensation__c>|true|false
14:38:04.0 (2249756)|HEAP_ALLOCATE|[EXTERNAL]|Bytes:4
14:38:04.0 (2263225)|VARIABLE_ASSIGNMENT|[4]|compensations|[]|0x38f50c8f
14:38:04.0 (2270836)|HEAP_ALLOCATE|[5]|Bytes:3
14:38:04.0 (2298200)|STATEMENT_EXECUTE|[5]
14:38:04.0 (2300238)|STATEMENT_EXECUTE|[6]
14:38:04.0 (2302992)|HEAP_ALLOCATE|[6]|Bytes:161
14:38:04.0 (2320711)|HEAP_ALLOCATE|[6]|Bytes:4
14:38:04.0 (2995038)|SOQL_EXECUTE_BEGIN|[6]|Aggregations:0|SELECT Employee__r.Name, Employee__r.birthdate, job_category__c, RecordType.Name, amount__c, location__c, office__c, submitted__c, status__c FROM Compensation__c
14:38:04.0 (16559478)|SOQL_EXECUTE_END|[6]|Rows:232
14:38:04.0 (16592163)|HEAP_ALLOCATE|[6]|Bytes:932
14:38:04.0 (17217443)|HEAP_ALLOCATE|[6]|Bytes:62649
14:38:04.0 (17265672)|HEAP_ALLOCATE|[6]|Bytes:932
14:38:04.0 (17298443)|VARIABLE_ASSIGNMENT|[6]|compensations|"List of size 232 too large to display"|0x552142e7
14:38:04.0 (17307538)|STATEMENT_EXECUTE|[17]
14:38:04.0 (17319438)|SYSTEM_MODE_EXIT|false
14:38:04.17 (17344677)|CUMULATIVE_LIMIT_USAGE
14:38:04.17 (17344677)|LIMIT_USAGE_FOR_NS|(default)|
  Number of SOQL queries: 1 out of 100
  Number of query rows: 232 out of 50000
  Number of SOSL queries: 0 out of 20
  Number of DML statements: 0 out of 150
  Number of DML rows: 0 out of 10000
  Maximum CPU time: 0 out of 10000
  Maximum heap size: 0 out of 6000000
  Number of callouts: 0 out of 100
  Number of Email Invocations: 0 out of 10
  Number of future calls: 0 out of 50
  Number of queueable jobs added to the queue: 0 out of 50
  Number of Mobile Apex push calls: 0 out of 10

14:38:04.17 (17344677)|CUMULATIVE_LIMIT_USAGE_END

14:38:04.0 (17378868)|CODE_UNIT_FINISHED|CompensationController.getCompensations
14:38:04.0 (20707133)|CODE_UNIT_FINISHED|Aura
14:38:04.0 (21848369)|EXECUTION_FINISHED
