42.0 APEX_CODE,FINEST;APEX_PROFILING,INFO;CALLOUT,INFO;DB,INFO;SYSTEM,DEBUG;VALIDATION,INFO;VISUALFORCE,INFO;WAVE,INFO;WORKFLOW,INFO
15:22:15.0 (63944)|USER_INFO|[EXTERNAL]|005f4000001iPIc|lrodriguez-onboarding@altimetrik.com|Hora de Argentina|GMT-03:00
15:22:15.0 (100740)|EXECUTION_STARTED
15:22:15.0 (104797)|CODE_UNIT_STARTED|[EXTERNAL]|Aura
15:22:15.0 (919909)|HEAP_ALLOCATE|[72]|Bytes:3
15:22:15.0 (951691)|HEAP_ALLOCATE|[77]|Bytes:152
15:22:15.0 (966737)|HEAP_ALLOCATE|[342]|Bytes:408
15:22:15.0 (979572)|HEAP_ALLOCATE|[355]|Bytes:408
15:22:15.0 (990752)|HEAP_ALLOCATE|[467]|Bytes:48
15:22:15.0 (1011372)|HEAP_ALLOCATE|[139]|Bytes:6
15:22:15.0 (1060575)|HEAP_ALLOCATE|[EXTERNAL]|Bytes:3
15:22:15.0 (1070252)|HEAP_ALLOCATE|[EXTERNAL]|Bytes:3
15:22:15.0 (1935770)|CODE_UNIT_STARTED|[EXTERNAL]|01pf4000009OyzM|CompensationController.getCompensations
15:22:15.0 (2024234)|HEAP_ALLOCATE|[EXTERNAL]|Bytes:1
15:22:15.0 (2036738)|METHOD_ENTRY|[1]|01pf4000009OyzM|CompensationController.CompensationController()
15:22:15.0 (2042598)|STATEMENT_EXECUTE|[1]
15:22:15.0 (2048617)|STATEMENT_EXECUTE|[1]
15:22:15.0 (2078829)|HEAP_ALLOCATE|[50]|Bytes:5
15:22:15.0 (2099884)|HEAP_ALLOCATE|[56]|Bytes:5
15:22:15.0 (2108105)|HEAP_ALLOCATE|[64]|Bytes:7
15:22:15.0 (2130859)|SYSTEM_MODE_ENTER|false
15:22:15.0 (2143225)|HEAP_ALLOCATE|[EXTERNAL]|Bytes:5
15:22:15.0 (2150811)|SYSTEM_MODE_EXIT|false
15:22:15.0 (2160568)|METHOD_EXIT|[1]|CompensationController
15:22:15.0 (2166018)|HEAP_ALLOCATE|[EXTERNAL]|Bytes:3
15:22:15.0 (2174338)|SYSTEM_MODE_ENTER|false
15:22:15.0 (2182105)|VARIABLE_SCOPE_BEGIN|[3]|filter|String|false|false
15:22:15.0 (2211066)|VARIABLE_ASSIGNMENT|[3]|filter|"all"
15:22:15.0 (2226320)|HEAP_ALLOCATE|[4]|Bytes:5
15:22:15.0 (2231847)|STATEMENT_EXECUTE|[3]
15:22:15.0 (2233585)|STATEMENT_EXECUTE|[4]
15:22:15.0 (2326180)|HEAP_ALLOCATE|[4]|Bytes:4
15:22:15.0 (2389674)|VARIABLE_SCOPE_BEGIN|[4]|compensations|List<Compensation__c>|true|false
15:22:15.0 (2401756)|HEAP_ALLOCATE|[EXTERNAL]|Bytes:4
15:22:15.0 (2415453)|VARIABLE_ASSIGNMENT|[4]|compensations|[]|0x6a51e6c
15:22:15.0 (2423055)|HEAP_ALLOCATE|[5]|Bytes:3
15:22:15.0 (2448653)|STATEMENT_EXECUTE|[5]
15:22:15.0 (2450607)|STATEMENT_EXECUTE|[6]
15:22:15.0 (2453567)|HEAP_ALLOCATE|[6]|Bytes:161
15:22:15.0 (2467527)|HEAP_ALLOCATE|[6]|Bytes:4
15:22:15.0 (3120886)|SOQL_EXECUTE_BEGIN|[6]|Aggregations:0|SELECT Employee__r.Name, Employee__r.birthdate, job_category__c, RecordType.Name, amount__c, location__c, office__c, submitted__c, status__c FROM Compensation__c
15:22:15.0 (18932385)|SOQL_EXECUTE_END|[6]|Rows:232
15:22:15.0 (18979520)|HEAP_ALLOCATE|[6]|Bytes:932
15:22:15.0 (19988283)|HEAP_ALLOCATE|[6]|Bytes:62649
15:22:15.0 (20042948)|HEAP_ALLOCATE|[6]|Bytes:932
15:22:15.0 (20089877)|VARIABLE_ASSIGNMENT|[6]|compensations|"List of size 232 too large to display"|0x6e9c7090
15:22:15.0 (20103399)|STATEMENT_EXECUTE|[17]
15:22:15.0 (20116910)|SYSTEM_MODE_EXIT|false
15:22:15.20 (20153940)|CUMULATIVE_LIMIT_USAGE
15:22:15.20 (20153940)|LIMIT_USAGE_FOR_NS|(default)|
  Number of SOQL queries: 1 out of 100
  Number of query rows: 232 out of 50000
  Number of SOSL queries: 0 out of 20
  Number of DML statements: 0 out of 150
  Number of DML rows: 0 out of 10000
  Maximum CPU time: 0 out of 10000
  Maximum heap size: 0 out of 6000000
  Number of callouts: 0 out of 100
  Number of Email Invocations: 0 out of 10
  Number of future calls: 0 out of 50
  Number of queueable jobs added to the queue: 0 out of 50
  Number of Mobile Apex push calls: 0 out of 10

15:22:15.20 (20153940)|CUMULATIVE_LIMIT_USAGE_END

15:22:15.0 (20199859)|CODE_UNIT_FINISHED|CompensationController.getCompensations
15:22:15.0 (26021156)|CODE_UNIT_FINISHED|Aura
15:22:15.0 (27355103)|EXECUTION_FINISHED
