42.0 APEX_CODE,FINEST;APEX_PROFILING,INFO;CALLOUT,INFO;DB,INFO;SYSTEM,DEBUG;VALIDATION,INFO;VISUALFORCE,INFO;WAVE,INFO;WORKFLOW,INFO
14:53:30.0 (64140)|USER_INFO|[EXTERNAL]|005f4000001iPIc|lrodriguez-onboarding@altimetrik.com|Hora de Argentina|GMT-03:00
14:53:30.0 (102622)|EXECUTION_STARTED
14:53:30.0 (106859)|CODE_UNIT_STARTED|[EXTERNAL]|Aura
14:53:30.0 (795705)|HEAP_ALLOCATE|[72]|Bytes:3
14:53:30.0 (831427)|HEAP_ALLOCATE|[77]|Bytes:152
14:53:30.0 (845745)|HEAP_ALLOCATE|[342]|Bytes:408
14:53:30.0 (859106)|HEAP_ALLOCATE|[355]|Bytes:408
14:53:30.0 (869666)|HEAP_ALLOCATE|[467]|Bytes:48
14:53:30.0 (890455)|HEAP_ALLOCATE|[139]|Bytes:6
14:53:30.0 (906782)|HEAP_ALLOCATE|[EXTERNAL]|Bytes:3
14:53:30.0 (914072)|HEAP_ALLOCATE|[EXTERNAL]|Bytes:3
14:53:30.0 (1815025)|CODE_UNIT_STARTED|[EXTERNAL]|01pf4000009OyzM|CompensationController.getCompensations
14:53:30.0 (1889267)|HEAP_ALLOCATE|[EXTERNAL]|Bytes:1
14:53:30.0 (1918680)|METHOD_ENTRY|[1]|01pf4000009OyzM|CompensationController.CompensationController()
14:53:30.0 (1925121)|STATEMENT_EXECUTE|[1]
14:53:30.0 (1931425)|STATEMENT_EXECUTE|[1]
14:53:30.0 (1958893)|HEAP_ALLOCATE|[50]|Bytes:5
14:53:30.0 (1981378)|HEAP_ALLOCATE|[56]|Bytes:5
14:53:30.0 (1989030)|HEAP_ALLOCATE|[64]|Bytes:7
14:53:30.0 (2010750)|SYSTEM_MODE_ENTER|false
14:53:30.0 (2021641)|HEAP_ALLOCATE|[EXTERNAL]|Bytes:5
14:53:30.0 (2028479)|SYSTEM_MODE_EXIT|false
14:53:30.0 (2052189)|METHOD_EXIT|[1]|CompensationController
14:53:30.0 (2057583)|HEAP_ALLOCATE|[EXTERNAL]|Bytes:3
14:53:30.0 (2066597)|SYSTEM_MODE_ENTER|false
14:53:30.0 (2073607)|VARIABLE_SCOPE_BEGIN|[3]|filter|String|false|false
14:53:30.0 (2098585)|VARIABLE_ASSIGNMENT|[3]|filter|"all"
14:53:30.0 (2113101)|HEAP_ALLOCATE|[4]|Bytes:5
14:53:30.0 (2117957)|STATEMENT_EXECUTE|[3]
14:53:30.0 (2119701)|STATEMENT_EXECUTE|[4]
14:53:30.0 (2206799)|HEAP_ALLOCATE|[4]|Bytes:4
14:53:30.0 (2301662)|VARIABLE_SCOPE_BEGIN|[4]|compensations|List<Compensation__c>|true|false
14:53:30.0 (2313281)|HEAP_ALLOCATE|[EXTERNAL]|Bytes:4
14:53:30.0 (2325465)|VARIABLE_ASSIGNMENT|[4]|compensations|[]|0x39ccde4f
14:53:30.0 (2332962)|HEAP_ALLOCATE|[5]|Bytes:3
14:53:30.0 (2357110)|STATEMENT_EXECUTE|[5]
14:53:30.0 (2359192)|STATEMENT_EXECUTE|[6]
14:53:30.0 (2361794)|HEAP_ALLOCATE|[6]|Bytes:161
14:53:30.0 (2375030)|HEAP_ALLOCATE|[6]|Bytes:4
14:53:30.0 (3014157)|SOQL_EXECUTE_BEGIN|[6]|Aggregations:0|SELECT Employee__r.Name, Employee__r.birthdate, job_category__c, RecordType.Name, amount__c, location__c, office__c, submitted__c, status__c FROM Compensation__c
14:53:30.0 (17183984)|SOQL_EXECUTE_END|[6]|Rows:232
14:53:30.0 (17220596)|HEAP_ALLOCATE|[6]|Bytes:932
14:53:30.0 (17809212)|HEAP_ALLOCATE|[6]|Bytes:62649
14:53:30.0 (17840980)|HEAP_ALLOCATE|[6]|Bytes:932
14:53:30.0 (17865064)|VARIABLE_ASSIGNMENT|[6]|compensations|"List of size 232 too large to display"|0x2e3e81fb
14:53:30.0 (17872690)|STATEMENT_EXECUTE|[17]
14:53:30.0 (17880741)|SYSTEM_MODE_EXIT|false
14:53:30.17 (17905207)|CUMULATIVE_LIMIT_USAGE
14:53:30.17 (17905207)|LIMIT_USAGE_FOR_NS|(default)|
  Number of SOQL queries: 1 out of 100
  Number of query rows: 232 out of 50000
  Number of SOSL queries: 0 out of 20
  Number of DML statements: 0 out of 150
  Number of DML rows: 0 out of 10000
  Maximum CPU time: 0 out of 10000
  Maximum heap size: 0 out of 6000000
  Number of callouts: 0 out of 100
  Number of Email Invocations: 0 out of 10
  Number of future calls: 0 out of 50
  Number of queueable jobs added to the queue: 0 out of 50
  Number of Mobile Apex push calls: 0 out of 10

14:53:30.17 (17905207)|CUMULATIVE_LIMIT_USAGE_END

14:53:30.0 (17934363)|CODE_UNIT_FINISHED|CompensationController.getCompensations
14:53:30.0 (21036075)|CODE_UNIT_FINISHED|Aura
14:53:30.0 (22233147)|EXECUTION_FINISHED
