42.0 APEX_CODE,FINEST;APEX_PROFILING,INFO;CALLOUT,INFO;DB,INFO;SYSTEM,DEBUG;VALIDATION,INFO;VISUALFORCE,INFO;WAVE,INFO;WORKFLOW,INFO
14:42:48.0 (91684)|USER_INFO|[EXTERNAL]|005f4000001iPIc|lrodriguez-onboarding@altimetrik.com|Hora de Argentina|GMT-03:00
14:42:48.0 (134773)|EXECUTION_STARTED
14:42:48.0 (140379)|CODE_UNIT_STARTED|[EXTERNAL]|Aura
14:42:48.0 (1113831)|HEAP_ALLOCATE|[72]|Bytes:3
14:42:48.0 (1162856)|HEAP_ALLOCATE|[77]|Bytes:152
14:42:48.0 (1184482)|HEAP_ALLOCATE|[342]|Bytes:408
14:42:48.0 (1204962)|HEAP_ALLOCATE|[355]|Bytes:408
14:42:48.0 (1223768)|HEAP_ALLOCATE|[467]|Bytes:48
14:42:48.0 (1251684)|HEAP_ALLOCATE|[139]|Bytes:6
14:42:48.0 (1273310)|HEAP_ALLOCATE|[EXTERNAL]|Bytes:6
14:42:48.0 (1284081)|HEAP_ALLOCATE|[EXTERNAL]|Bytes:6
14:42:48.0 (2332555)|CODE_UNIT_STARTED|[EXTERNAL]|01pf4000009OyzM|CompensationController.getCompensations
14:42:48.0 (2474243)|HEAP_ALLOCATE|[EXTERNAL]|Bytes:1
14:42:48.0 (2490758)|METHOD_ENTRY|[1]|01pf4000009OyzM|CompensationController.CompensationController()
14:42:48.0 (2499089)|STATEMENT_EXECUTE|[1]
14:42:48.0 (2506679)|STATEMENT_EXECUTE|[1]
14:42:48.0 (2539998)|HEAP_ALLOCATE|[50]|Bytes:5
14:42:48.0 (2564619)|HEAP_ALLOCATE|[56]|Bytes:5
14:42:48.0 (2573668)|HEAP_ALLOCATE|[64]|Bytes:7
14:42:48.0 (2596987)|SYSTEM_MODE_ENTER|false
14:42:48.0 (2609799)|HEAP_ALLOCATE|[EXTERNAL]|Bytes:5
14:42:48.0 (2618120)|SYSTEM_MODE_EXIT|false
14:42:48.0 (2626273)|METHOD_EXIT|[1]|CompensationController
14:42:48.0 (2631327)|HEAP_ALLOCATE|[EXTERNAL]|Bytes:6
14:42:48.0 (2639430)|SYSTEM_MODE_ENTER|false
14:42:48.0 (2646792)|VARIABLE_SCOPE_BEGIN|[3]|filter|String|false|false
14:42:48.0 (2669743)|VARIABLE_ASSIGNMENT|[3]|filter|"salary"
14:42:48.0 (2683922)|HEAP_ALLOCATE|[4]|Bytes:5
14:42:48.0 (2689195)|STATEMENT_EXECUTE|[3]
14:42:48.0 (2691126)|STATEMENT_EXECUTE|[4]
14:42:48.0 (2807217)|HEAP_ALLOCATE|[4]|Bytes:4
14:42:48.0 (2878719)|VARIABLE_SCOPE_BEGIN|[4]|compensations|List<Compensation__c>|true|false
14:42:48.0 (2890800)|HEAP_ALLOCATE|[EXTERNAL]|Bytes:4
14:42:48.0 (2904955)|VARIABLE_ASSIGNMENT|[4]|compensations|[]|0x320dfe0b
14:42:48.0 (2913252)|HEAP_ALLOCATE|[5]|Bytes:3
14:42:48.0 (2937883)|HEAP_ALLOCATE|[10]|Bytes:5
14:42:48.0 (2946411)|HEAP_ALLOCATE|[10]|Bytes:6
14:42:48.0 (2956305)|STATEMENT_EXECUTE|[10]
14:42:48.0 (2958472)|STATEMENT_EXECUTE|[11]
14:42:48.0 (2961177)|HEAP_ALLOCATE|[11]|Bytes:194
14:42:48.0 (2977993)|HEAP_ALLOCATE|[11]|Bytes:4
14:42:48.0 (2986412)|HEAP_ALLOCATE|[11]|Bytes:7
14:42:48.0 (3741388)|SOQL_EXECUTE_BEGIN|[11]|Aggregations:0|SELECT Employee__r.Name, Employee__r.birthdate, job_category__c, RecordType.Name, amount__c, location__c, office__c, submitted__c, status__c FROM Compensation__c WHERE RecordType.Name = :tmpVar1
14:42:48.0 (10381094)|SOQL_EXECUTE_END|[11]|Rows:3
14:42:48.0 (10410765)|HEAP_ALLOCATE|[11]|Bytes:16
14:42:48.0 (10444495)|HEAP_ALLOCATE|[11]|Bytes:855
14:42:48.0 (10501185)|HEAP_ALLOCATE|[11]|Bytes:16
14:42:48.0 (10564067)|VARIABLE_ASSIGNMENT|[11]|compensations|[{"Employee__c":"003f400000Im3OFAAZ","Job_Category__c":"Senior","RecordTypeId":"012f4000000xpoaAAA","Location__c":"Uruguay","Office__c":"MVD WTC 2","Submitted__c":false,"Status__c":"NOT SUBMITTED","Id":"a00f4000007wcrhAAA","Employee__r":{"Name":"Andy Young","Id":"003f400000Im3OFAAZ"},"RecordType":{"Name":"Salary","Id":"012f4000000xpoaAAA"}},{"Employee__c":"003f400000Im3OFAAZ","Job_Category__c":"Semi-Senior","RecordTypeId":"012f4000000xpoaAAA","Location__c":"Uruguay","Office__c":"MVD WTC 1","Submitted__c":true,"Status__c":"SUBMITTED","Id":"a00f4000007wcrmAAA","Employee__r":{"Name":"Andy Young","Id":"003f400000Im3OFAAZ"},"RecordType":{"Name":"Salary","Id":"012f4000000xpoaAAA"}},{"Employee__c":"003f400000I1ma3AAB","Job_Category__c":"Junior","RecordTypeId":"012f4000000xpoaAAA","Location__c":"Uruguay","Office__c":"MVD WTC 1","Submitted__c":false,"Status__c":"NOT SUBMITTED","Id":"a00f4000007wUBOAA2","Employee__r":{"Name":"Julio Rios","Id":"003f400000I1ma3AAB"},"RecordType":{"Name":"Salary","Id":"012f4000000xpoaAAA"}}]|0x38affa1b
14:42:48.0 (10587882)|STATEMENT_EXECUTE|[17]
14:42:48.0 (10600999)|SYSTEM_MODE_EXIT|false
14:42:48.10 (10626619)|CUMULATIVE_LIMIT_USAGE
14:42:48.10 (10626619)|LIMIT_USAGE_FOR_NS|(default)|
  Number of SOQL queries: 1 out of 100
  Number of query rows: 3 out of 50000
  Number of SOSL queries: 0 out of 20
  Number of DML statements: 0 out of 150
  Number of DML rows: 0 out of 10000
  Maximum CPU time: 0 out of 10000
  Maximum heap size: 0 out of 6000000
  Number of callouts: 0 out of 100
  Number of Email Invocations: 0 out of 10
  Number of future calls: 0 out of 50
  Number of queueable jobs added to the queue: 0 out of 50
  Number of Mobile Apex push calls: 0 out of 10

14:42:48.10 (10626619)|CUMULATIVE_LIMIT_USAGE_END

14:42:48.0 (10657778)|CODE_UNIT_FINISHED|CompensationController.getCompensations
14:42:48.0 (10764246)|CODE_UNIT_FINISHED|Aura
14:42:48.0 (11982189)|EXECUTION_FINISHED
