42.0 APEX_CODE,FINEST;APEX_PROFILING,INFO;CALLOUT,INFO;DB,INFO;SYSTEM,DEBUG;VALIDATION,INFO;VISUALFORCE,INFO;WAVE,INFO;WORKFLOW,INFO
14:42:51.0 (66700)|USER_INFO|[EXTERNAL]|005f4000001iPIc|lrodriguez-onboarding@altimetrik.com|Hora de Argentina|GMT-03:00
14:42:51.0 (108800)|EXECUTION_STARTED
14:42:51.0 (113783)|CODE_UNIT_STARTED|[EXTERNAL]|Aura
14:42:51.0 (998997)|HEAP_ALLOCATE|[72]|Bytes:3
14:42:51.0 (1039780)|HEAP_ALLOCATE|[77]|Bytes:152
14:42:51.0 (1064266)|HEAP_ALLOCATE|[342]|Bytes:408
14:42:51.0 (1081325)|HEAP_ALLOCATE|[355]|Bytes:408
14:42:51.0 (1092958)|HEAP_ALLOCATE|[467]|Bytes:48
14:42:51.0 (1115493)|HEAP_ALLOCATE|[139]|Bytes:6
14:42:51.0 (1132593)|HEAP_ALLOCATE|[EXTERNAL]|Bytes:8
14:42:51.0 (1140301)|HEAP_ALLOCATE|[EXTERNAL]|Bytes:8
14:42:51.0 (2184315)|CODE_UNIT_STARTED|[EXTERNAL]|01pf4000009OyzM|CompensationController.getCompensations
14:42:51.0 (2279441)|HEAP_ALLOCATE|[EXTERNAL]|Bytes:1
14:42:51.0 (2296064)|METHOD_ENTRY|[1]|01pf4000009OyzM|CompensationController.CompensationController()
14:42:51.0 (2304472)|STATEMENT_EXECUTE|[1]
14:42:51.0 (2311469)|STATEMENT_EXECUTE|[1]
14:42:51.0 (2347944)|HEAP_ALLOCATE|[50]|Bytes:5
14:42:51.0 (2374918)|HEAP_ALLOCATE|[56]|Bytes:5
14:42:51.0 (2383243)|HEAP_ALLOCATE|[64]|Bytes:7
14:42:51.0 (2406774)|SYSTEM_MODE_ENTER|false
14:42:51.0 (2417978)|HEAP_ALLOCATE|[EXTERNAL]|Bytes:5
14:42:51.0 (2425877)|SYSTEM_MODE_EXIT|false
14:42:51.0 (2435724)|METHOD_EXIT|[1]|CompensationController
14:42:51.0 (2443192)|HEAP_ALLOCATE|[EXTERNAL]|Bytes:8
14:42:51.0 (2455466)|SYSTEM_MODE_ENTER|false
14:42:51.0 (2465360)|VARIABLE_SCOPE_BEGIN|[3]|filter|String|false|false
14:42:51.0 (2495873)|VARIABLE_ASSIGNMENT|[3]|filter|"research"
14:42:51.0 (2518646)|HEAP_ALLOCATE|[4]|Bytes:5
14:42:51.0 (2526390)|STATEMENT_EXECUTE|[3]
14:42:51.0 (2528753)|STATEMENT_EXECUTE|[4]
14:42:51.0 (2651331)|HEAP_ALLOCATE|[4]|Bytes:4
14:42:51.0 (2733683)|VARIABLE_SCOPE_BEGIN|[4]|compensations|List<Compensation__c>|true|false
14:42:51.0 (2749428)|HEAP_ALLOCATE|[EXTERNAL]|Bytes:4
14:42:51.0 (2765400)|VARIABLE_ASSIGNMENT|[4]|compensations|[]|0x6f605331
14:42:51.0 (2775056)|HEAP_ALLOCATE|[5]|Bytes:3
14:42:51.0 (4173179)|HEAP_ALLOCATE|[10]|Bytes:5
14:42:51.0 (4207558)|HEAP_ALLOCATE|[10]|Bytes:6
14:42:51.0 (4219543)|HEAP_ALLOCATE|[10]|Bytes:8
14:42:51.0 (4232752)|STATEMENT_EXECUTE|[10]
14:42:51.0 (4235278)|STATEMENT_EXECUTE|[11]
14:42:51.0 (4238146)|HEAP_ALLOCATE|[11]|Bytes:194
14:42:51.0 (4266311)|HEAP_ALLOCATE|[11]|Bytes:4
14:42:51.0 (4281148)|HEAP_ALLOCATE|[11]|Bytes:7
14:42:51.0 (5177518)|SOQL_EXECUTE_BEGIN|[11]|Aggregations:0|SELECT Employee__r.Name, Employee__r.birthdate, job_category__c, RecordType.Name, amount__c, location__c, office__c, submitted__c, status__c FROM Compensation__c WHERE RecordType.Name = :tmpVar1
14:42:51.0 (11913801)|SOQL_EXECUTE_END|[11]|Rows:6
14:42:51.0 (11939319)|HEAP_ALLOCATE|[11]|Bytes:28
14:42:51.0 (11987899)|HEAP_ALLOCATE|[11]|Bytes:1714
14:42:51.0 (12019901)|HEAP_ALLOCATE|[11]|Bytes:28
14:42:51.0 (12042872)|VARIABLE_ASSIGNMENT|[11]|compensations|"List of size 6 too large to display"|0x6db388f3
14:42:51.0 (12050317)|STATEMENT_EXECUTE|[17]
14:42:51.0 (12058900)|SYSTEM_MODE_EXIT|false
14:42:51.12 (12082835)|CUMULATIVE_LIMIT_USAGE
14:42:51.12 (12082835)|LIMIT_USAGE_FOR_NS|(default)|
  Number of SOQL queries: 1 out of 100
  Number of query rows: 6 out of 50000
  Number of SOSL queries: 0 out of 20
  Number of DML statements: 0 out of 150
  Number of DML rows: 0 out of 10000
  Maximum CPU time: 0 out of 10000
  Maximum heap size: 0 out of 6000000
  Number of callouts: 0 out of 100
  Number of Email Invocations: 0 out of 10
  Number of future calls: 0 out of 50
  Number of queueable jobs added to the queue: 0 out of 50
  Number of Mobile Apex push calls: 0 out of 10

14:42:51.12 (12082835)|CUMULATIVE_LIMIT_USAGE_END

14:42:51.0 (12109147)|CODE_UNIT_FINISHED|CompensationController.getCompensations
14:42:51.0 (12314527)|CODE_UNIT_FINISHED|Aura
14:42:51.0 (13616668)|EXECUTION_FINISHED
