42.0 APEX_CODE,FINEST;APEX_PROFILING,INFO;CALLOUT,INFO;DB,INFO;SYSTEM,DEBUG;VALIDATION,INFO;VISUALFORCE,INFO;WAVE,INFO;WORKFLOW,INFO
15:55:48.0 (80193)|USER_INFO|[EXTERNAL]|005f4000001iPIc|lrodriguez-onboarding@altimetrik.com|Hora de Argentina|GMT-03:00
15:55:48.0 (127017)|EXECUTION_STARTED
15:55:48.0 (133261)|CODE_UNIT_STARTED|[EXTERNAL]|Aura
15:55:48.0 (1128960)|HEAP_ALLOCATE|[72]|Bytes:3
15:55:48.0 (1165942)|HEAP_ALLOCATE|[77]|Bytes:152
15:55:48.0 (1180437)|HEAP_ALLOCATE|[342]|Bytes:408
15:55:48.0 (1194082)|HEAP_ALLOCATE|[355]|Bytes:408
15:55:48.0 (1205396)|HEAP_ALLOCATE|[467]|Bytes:48
15:55:48.0 (1232471)|HEAP_ALLOCATE|[139]|Bytes:6
15:55:48.0 (1256902)|HEAP_ALLOCATE|[EXTERNAL]|Bytes:6
15:55:48.0 (1269542)|HEAP_ALLOCATE|[EXTERNAL]|Bytes:6
15:55:48.0 (2066789)|CODE_UNIT_STARTED|[EXTERNAL]|01pf4000009OyzM|CompensationController.getCompensations
15:55:48.0 (2164674)|HEAP_ALLOCATE|[EXTERNAL]|Bytes:1
15:55:48.0 (2179213)|METHOD_ENTRY|[1]|01pf4000009OyzM|CompensationController.CompensationController()
15:55:48.0 (2187900)|STATEMENT_EXECUTE|[1]
15:55:48.0 (2196270)|STATEMENT_EXECUTE|[1]
15:55:48.0 (2231164)|HEAP_ALLOCATE|[50]|Bytes:5
15:55:48.0 (2253281)|HEAP_ALLOCATE|[56]|Bytes:5
15:55:48.0 (2261518)|HEAP_ALLOCATE|[64]|Bytes:7
15:55:48.0 (2289122)|SYSTEM_MODE_ENTER|false
15:55:48.0 (2310588)|HEAP_ALLOCATE|[EXTERNAL]|Bytes:5
15:55:48.0 (2321567)|SYSTEM_MODE_EXIT|false
15:55:48.0 (2333713)|METHOD_EXIT|[1]|CompensationController
15:55:48.0 (2340357)|HEAP_ALLOCATE|[EXTERNAL]|Bytes:6
15:55:48.0 (2350257)|SYSTEM_MODE_ENTER|false
15:55:48.0 (2358289)|VARIABLE_SCOPE_BEGIN|[3]|filter|String|false|false
15:55:48.0 (2382553)|VARIABLE_ASSIGNMENT|[3]|filter|"salary"
15:55:48.0 (2397218)|HEAP_ALLOCATE|[4]|Bytes:5
15:55:48.0 (2402518)|STATEMENT_EXECUTE|[3]
15:55:48.0 (2404563)|STATEMENT_EXECUTE|[4]
15:55:48.0 (2525499)|HEAP_ALLOCATE|[4]|Bytes:4
15:55:48.0 (2605205)|VARIABLE_SCOPE_BEGIN|[4]|compensations|List<Compensation__c>|true|false
15:55:48.0 (2617281)|HEAP_ALLOCATE|[EXTERNAL]|Bytes:4
15:55:48.0 (2630710)|VARIABLE_ASSIGNMENT|[4]|compensations|[]|0x70446443
15:55:48.0 (2639204)|HEAP_ALLOCATE|[5]|Bytes:3
15:55:48.0 (2672018)|HEAP_ALLOCATE|[10]|Bytes:5
15:55:48.0 (2685999)|HEAP_ALLOCATE|[10]|Bytes:6
15:55:48.0 (2701755)|STATEMENT_EXECUTE|[10]
15:55:48.0 (2704777)|STATEMENT_EXECUTE|[11]
15:55:48.0 (2708391)|HEAP_ALLOCATE|[11]|Bytes:194
15:55:48.0 (2729564)|HEAP_ALLOCATE|[11]|Bytes:4
15:55:48.0 (2743241)|HEAP_ALLOCATE|[11]|Bytes:7
15:55:48.0 (3525823)|SOQL_EXECUTE_BEGIN|[11]|Aggregations:0|SELECT Employee__r.Name, Employee__r.birthdate, job_category__c, RecordType.Name, amount__c, location__c, office__c, submitted__c, status__c FROM Compensation__c WHERE RecordType.Name = :tmpVar1
15:55:48.0 (10225157)|SOQL_EXECUTE_END|[11]|Rows:3
15:55:48.0 (10254774)|HEAP_ALLOCATE|[11]|Bytes:16
15:55:48.0 (10291099)|HEAP_ALLOCATE|[11]|Bytes:855
15:55:48.0 (10338215)|HEAP_ALLOCATE|[11]|Bytes:16
15:55:48.0 (10415373)|VARIABLE_ASSIGNMENT|[11]|compensations|[{"Employee__c":"003f400000Im3OFAAZ","Job_Category__c":"Senior","RecordTypeId":"012f4000000xpoaAAA","Location__c":"Uruguay","Office__c":"MVD WTC 2","Submitted__c":false,"Status__c":"NOT SUBMITTED","Id":"a00f4000007wcrhAAA","Employee__r":{"Name":"Andy Young","Id":"003f400000Im3OFAAZ"},"RecordType":{"Name":"Salary","Id":"012f4000000xpoaAAA"}},{"Employee__c":"003f400000Im3OFAAZ","Job_Category__c":"Semi-Senior","RecordTypeId":"012f4000000xpoaAAA","Location__c":"Uruguay","Office__c":"MVD WTC 1","Submitted__c":true,"Status__c":"SUBMITTED","Id":"a00f4000007wcrmAAA","Employee__r":{"Name":"Andy Young","Id":"003f400000Im3OFAAZ"},"RecordType":{"Name":"Salary","Id":"012f4000000xpoaAAA"}},{"Employee__c":"003f400000I1ma3AAB","Job_Category__c":"Junior","RecordTypeId":"012f4000000xpoaAAA","Location__c":"Uruguay","Office__c":"MVD WTC 1","Submitted__c":false,"Status__c":"NOT SUBMITTED","Id":"a00f4000007wUBOAA2","Employee__r":{"Name":"Julio Rios","Id":"003f400000I1ma3AAB"},"RecordType":{"Name":"Salary","Id":"012f4000000xpoaAAA"}}]|0x310ea8b9
15:55:48.0 (10440381)|STATEMENT_EXECUTE|[17]
15:55:48.0 (10453010)|SYSTEM_MODE_EXIT|false
15:55:48.10 (10483658)|CUMULATIVE_LIMIT_USAGE
15:55:48.10 (10483658)|LIMIT_USAGE_FOR_NS|(default)|
  Number of SOQL queries: 1 out of 100
  Number of query rows: 3 out of 50000
  Number of SOSL queries: 0 out of 20
  Number of DML statements: 0 out of 150
  Number of DML rows: 0 out of 10000
  Maximum CPU time: 0 out of 10000
  Maximum heap size: 0 out of 6000000
  Number of callouts: 0 out of 100
  Number of Email Invocations: 0 out of 10
  Number of future calls: 0 out of 50
  Number of queueable jobs added to the queue: 0 out of 50
  Number of Mobile Apex push calls: 0 out of 10

15:55:48.10 (10483658)|CUMULATIVE_LIMIT_USAGE_END

15:55:48.0 (10526137)|CODE_UNIT_FINISHED|CompensationController.getCompensations
15:55:48.0 (10644691)|CODE_UNIT_FINISHED|Aura
15:55:48.0 (11777536)|EXECUTION_FINISHED
