42.0 APEX_CODE,FINEST;APEX_PROFILING,INFO;CALLOUT,INFO;DB,INFO;SYSTEM,DEBUG;VALIDATION,INFO;VISUALFORCE,INFO;WAVE,INFO;WORKFLOW,INFO
16:05:50.0 (65636)|USER_INFO|[EXTERNAL]|005f4000001iPIc|lrodriguez-onboarding@altimetrik.com|Hora de Argentina|GMT-03:00
16:05:50.0 (106514)|EXECUTION_STARTED
16:05:50.0 (110567)|CODE_UNIT_STARTED|[EXTERNAL]|Aura
16:05:50.0 (876869)|HEAP_ALLOCATE|[72]|Bytes:3
16:05:50.0 (928133)|HEAP_ALLOCATE|[77]|Bytes:152
16:05:50.0 (953666)|HEAP_ALLOCATE|[342]|Bytes:408
16:05:50.0 (970226)|HEAP_ALLOCATE|[355]|Bytes:408
16:05:50.0 (983509)|HEAP_ALLOCATE|[467]|Bytes:48
16:05:50.0 (1013553)|HEAP_ALLOCATE|[139]|Bytes:6
16:05:50.0 (1034199)|HEAP_ALLOCATE|[EXTERNAL]|Bytes:3
16:05:50.0 (1041991)|HEAP_ALLOCATE|[EXTERNAL]|Bytes:3
16:05:50.0 (2094238)|CODE_UNIT_STARTED|[EXTERNAL]|01pf4000009OyzM|CompensationController.getCompensations
16:05:50.0 (2199957)|HEAP_ALLOCATE|[EXTERNAL]|Bytes:1
16:05:50.0 (2212847)|METHOD_ENTRY|[1]|01pf4000009OyzM|CompensationController.CompensationController()
16:05:50.0 (2219023)|STATEMENT_EXECUTE|[1]
16:05:50.0 (2226376)|STATEMENT_EXECUTE|[1]
16:05:50.0 (2267678)|HEAP_ALLOCATE|[50]|Bytes:5
16:05:50.0 (2296611)|HEAP_ALLOCATE|[56]|Bytes:5
16:05:50.0 (2305664)|HEAP_ALLOCATE|[64]|Bytes:7
16:05:50.0 (2332265)|SYSTEM_MODE_ENTER|false
16:05:50.0 (2347333)|HEAP_ALLOCATE|[EXTERNAL]|Bytes:5
16:05:50.0 (2356487)|SYSTEM_MODE_EXIT|false
16:05:50.0 (2366043)|METHOD_EXIT|[1]|CompensationController
16:05:50.0 (2371458)|HEAP_ALLOCATE|[EXTERNAL]|Bytes:3
16:05:50.0 (2381521)|SYSTEM_MODE_ENTER|false
16:05:50.0 (2391755)|VARIABLE_SCOPE_BEGIN|[3]|filter|String|false|false
16:05:50.0 (2425798)|VARIABLE_ASSIGNMENT|[3]|filter|"all"
16:05:50.0 (2450470)|HEAP_ALLOCATE|[4]|Bytes:5
16:05:50.0 (2457774)|STATEMENT_EXECUTE|[3]
16:05:50.0 (2460268)|STATEMENT_EXECUTE|[4]
16:05:50.0 (2594056)|HEAP_ALLOCATE|[4]|Bytes:4
16:05:50.0 (2684357)|VARIABLE_SCOPE_BEGIN|[4]|compensations|List<Compensation__c>|true|false
16:05:50.0 (2698858)|HEAP_ALLOCATE|[EXTERNAL]|Bytes:4
16:05:50.0 (2712087)|VARIABLE_ASSIGNMENT|[4]|compensations|[]|0x5e8633af
16:05:50.0 (2720336)|HEAP_ALLOCATE|[5]|Bytes:3
16:05:50.0 (2751233)|STATEMENT_EXECUTE|[5]
16:05:50.0 (2753316)|STATEMENT_EXECUTE|[6]
16:05:50.0 (2756172)|HEAP_ALLOCATE|[6]|Bytes:161
16:05:50.0 (2774974)|HEAP_ALLOCATE|[6]|Bytes:4
16:05:50.0 (3557062)|SOQL_EXECUTE_BEGIN|[6]|Aggregations:0|SELECT Employee__r.Name, Employee__r.birthdate, job_category__c, RecordType.Name, amount__c, location__c, office__c, submitted__c, status__c FROM Compensation__c
16:05:50.0 (13281504)|SOQL_EXECUTE_END|[6]|Rows:232
16:05:50.0 (13316313)|HEAP_ALLOCATE|[6]|Bytes:932
16:05:50.0 (14056854)|HEAP_ALLOCATE|[6]|Bytes:62649
16:05:50.0 (14124712)|HEAP_ALLOCATE|[6]|Bytes:932
16:05:50.0 (14165052)|VARIABLE_ASSIGNMENT|[6]|compensations|"List of size 232 too large to display"|0x6fda8370
16:05:50.0 (14175080)|STATEMENT_EXECUTE|[17]
16:05:50.0 (14187337)|SYSTEM_MODE_EXIT|false
16:05:50.14 (14220050)|CUMULATIVE_LIMIT_USAGE
16:05:50.14 (14220050)|LIMIT_USAGE_FOR_NS|(default)|
  Number of SOQL queries: 1 out of 100
  Number of query rows: 232 out of 50000
  Number of SOSL queries: 0 out of 20
  Number of DML statements: 0 out of 150
  Number of DML rows: 0 out of 10000
  Maximum CPU time: 0 out of 10000
  Maximum heap size: 0 out of 6000000
  Number of callouts: 0 out of 100
  Number of Email Invocations: 0 out of 10
  Number of future calls: 0 out of 50
  Number of queueable jobs added to the queue: 0 out of 50
  Number of Mobile Apex push calls: 0 out of 10

16:05:50.14 (14220050)|CUMULATIVE_LIMIT_USAGE_END

16:05:50.0 (14254651)|CODE_UNIT_FINISHED|CompensationController.getCompensations
16:05:50.0 (18192848)|CODE_UNIT_FINISHED|Aura
16:05:50.0 (19450803)|EXECUTION_FINISHED
