42.0 APEX_CODE,FINEST;APEX_PROFILING,INFO;CALLOUT,INFO;DB,INFO;SYSTEM,DEBUG;VALIDATION,INFO;VISUALFORCE,INFO;WAVE,INFO;WORKFLOW,INFO
15:18:51.0 (86242)|USER_INFO|[EXTERNAL]|005f4000001iPIc|lrodriguez-onboarding@altimetrik.com|Hora de Argentina|GMT-03:00
15:18:51.0 (120367)|EXECUTION_STARTED
15:18:51.0 (124949)|CODE_UNIT_STARTED|[EXTERNAL]|Aura
15:18:51.0 (917075)|HEAP_ALLOCATE|[72]|Bytes:3
15:18:51.0 (953672)|HEAP_ALLOCATE|[77]|Bytes:152
15:18:51.0 (968259)|HEAP_ALLOCATE|[342]|Bytes:408
15:18:51.0 (981428)|HEAP_ALLOCATE|[355]|Bytes:408
15:18:51.0 (992234)|HEAP_ALLOCATE|[467]|Bytes:48
15:18:51.0 (1014243)|HEAP_ALLOCATE|[139]|Bytes:6
15:18:51.0 (1030544)|HEAP_ALLOCATE|[EXTERNAL]|Bytes:3
15:18:51.0 (1037963)|HEAP_ALLOCATE|[EXTERNAL]|Bytes:3
15:18:51.0 (1853554)|CODE_UNIT_STARTED|[EXTERNAL]|01pf4000009OyzM|CompensationController.getCompensations
15:18:51.0 (1947005)|HEAP_ALLOCATE|[EXTERNAL]|Bytes:1
15:18:51.0 (1958335)|METHOD_ENTRY|[1]|01pf4000009OyzM|CompensationController.CompensationController()
15:18:51.0 (1964163)|STATEMENT_EXECUTE|[1]
15:18:51.0 (1970329)|STATEMENT_EXECUTE|[1]
15:18:51.0 (1999064)|HEAP_ALLOCATE|[50]|Bytes:5
15:18:51.0 (2018773)|HEAP_ALLOCATE|[56]|Bytes:5
15:18:51.0 (2027978)|HEAP_ALLOCATE|[64]|Bytes:7
15:18:51.0 (2051217)|SYSTEM_MODE_ENTER|false
15:18:51.0 (2062149)|HEAP_ALLOCATE|[EXTERNAL]|Bytes:5
15:18:51.0 (2069216)|SYSTEM_MODE_EXIT|false
15:18:51.0 (2077832)|METHOD_EXIT|[1]|CompensationController
15:18:51.0 (2083103)|HEAP_ALLOCATE|[EXTERNAL]|Bytes:3
15:18:51.0 (2092044)|SYSTEM_MODE_ENTER|false
15:18:51.0 (2100899)|VARIABLE_SCOPE_BEGIN|[3]|filter|String|false|false
15:18:51.0 (2128116)|VARIABLE_ASSIGNMENT|[3]|filter|"all"
15:18:51.0 (2142951)|HEAP_ALLOCATE|[4]|Bytes:5
15:18:51.0 (2148706)|STATEMENT_EXECUTE|[3]
15:18:51.0 (2150550)|STATEMENT_EXECUTE|[4]
15:18:51.0 (2239868)|HEAP_ALLOCATE|[4]|Bytes:4
15:18:51.0 (2306554)|VARIABLE_SCOPE_BEGIN|[4]|compensations|List<Compensation__c>|true|false
15:18:51.0 (2317772)|HEAP_ALLOCATE|[EXTERNAL]|Bytes:4
15:18:51.0 (2330959)|VARIABLE_ASSIGNMENT|[4]|compensations|[]|0x1bbf5919
15:18:51.0 (2338185)|HEAP_ALLOCATE|[5]|Bytes:3
15:18:51.0 (2358089)|STATEMENT_EXECUTE|[5]
15:18:51.0 (2360179)|STATEMENT_EXECUTE|[6]
15:18:51.0 (2362733)|HEAP_ALLOCATE|[6]|Bytes:161
15:18:51.0 (2376664)|HEAP_ALLOCATE|[6]|Bytes:4
15:18:51.0 (3022951)|SOQL_EXECUTE_BEGIN|[6]|Aggregations:0|SELECT Employee__r.Name, Employee__r.birthdate, job_category__c, RecordType.Name, amount__c, location__c, office__c, submitted__c, status__c FROM Compensation__c
15:18:51.0 (21744919)|SOQL_EXECUTE_END|[6]|Rows:232
15:18:51.0 (21775892)|HEAP_ALLOCATE|[6]|Bytes:932
15:18:51.0 (22463369)|HEAP_ALLOCATE|[6]|Bytes:62649
15:18:51.0 (22509866)|HEAP_ALLOCATE|[6]|Bytes:932
15:18:51.0 (22545547)|VARIABLE_ASSIGNMENT|[6]|compensations|"List of size 232 too large to display"|0x2d57ea77
15:18:51.0 (22554371)|STATEMENT_EXECUTE|[17]
15:18:51.0 (22567053)|SYSTEM_MODE_EXIT|false
15:18:51.22 (22592856)|CUMULATIVE_LIMIT_USAGE
15:18:51.22 (22592856)|LIMIT_USAGE_FOR_NS|(default)|
  Number of SOQL queries: 1 out of 100
  Number of query rows: 232 out of 50000
  Number of SOSL queries: 0 out of 20
  Number of DML statements: 0 out of 150
  Number of DML rows: 0 out of 10000
  Maximum CPU time: 0 out of 10000
  Maximum heap size: 0 out of 6000000
  Number of callouts: 0 out of 100
  Number of Email Invocations: 0 out of 10
  Number of future calls: 0 out of 50
  Number of queueable jobs added to the queue: 0 out of 50
  Number of Mobile Apex push calls: 0 out of 10

15:18:51.22 (22592856)|CUMULATIVE_LIMIT_USAGE_END

15:18:51.0 (22626631)|CODE_UNIT_FINISHED|CompensationController.getCompensations
15:18:51.0 (25990391)|CODE_UNIT_FINISHED|Aura
15:18:51.0 (27250465)|EXECUTION_FINISHED
