42.0 APEX_CODE,FINEST;APEX_PROFILING,INFO;CALLOUT,INFO;DB,INFO;SYSTEM,DEBUG;VALIDATION,INFO;VISUALFORCE,INFO;WAVE,INFO;WORKFLOW,INFO
16:26:49.0 (62724)|USER_INFO|[EXTERNAL]|005f4000001iPIc|lrodriguez-onboarding@altimetrik.com|Argentine Time|GMT-03:00
16:26:49.0 (94149)|EXECUTION_STARTED
16:26:49.0 (99089)|CODE_UNIT_STARTED|[EXTERNAL]|Aura
16:26:49.0 (865956)|HEAP_ALLOCATE|[72]|Bytes:3
16:26:49.0 (906580)|HEAP_ALLOCATE|[77]|Bytes:152
16:26:49.0 (921777)|HEAP_ALLOCATE|[342]|Bytes:408
16:26:49.0 (935430)|HEAP_ALLOCATE|[355]|Bytes:408
16:26:49.0 (945849)|HEAP_ALLOCATE|[467]|Bytes:48
16:26:49.0 (968023)|HEAP_ALLOCATE|[139]|Bytes:6
16:26:49.0 (985522)|HEAP_ALLOCATE|[EXTERNAL]|Bytes:5
16:26:49.0 (994552)|HEAP_ALLOCATE|[EXTERNAL]|Bytes:5
16:26:49.0 (1788600)|CODE_UNIT_STARTED|[EXTERNAL]|01pf4000009OyzM|CompensationController.getCompensations
16:26:49.0 (1879890)|HEAP_ALLOCATE|[EXTERNAL]|Bytes:1
16:26:49.0 (1891433)|METHOD_ENTRY|[1]|01pf4000009OyzM|CompensationController.CompensationController()
16:26:49.0 (1897575)|STATEMENT_EXECUTE|[1]
16:26:49.0 (1904014)|STATEMENT_EXECUTE|[1]
16:26:49.0 (1936770)|HEAP_ALLOCATE|[50]|Bytes:5
16:26:49.0 (1959918)|HEAP_ALLOCATE|[56]|Bytes:5
16:26:49.0 (1967752)|HEAP_ALLOCATE|[64]|Bytes:7
16:26:49.0 (1989493)|SYSTEM_MODE_ENTER|false
16:26:49.0 (2003930)|HEAP_ALLOCATE|[EXTERNAL]|Bytes:5
16:26:49.0 (2012666)|SYSTEM_MODE_EXIT|false
16:26:49.0 (2022184)|METHOD_EXIT|[1]|CompensationController
16:26:49.0 (2027505)|HEAP_ALLOCATE|[EXTERNAL]|Bytes:5
16:26:49.0 (2035893)|SYSTEM_MODE_ENTER|false
16:26:49.0 (2042916)|VARIABLE_SCOPE_BEGIN|[3]|filter|String|false|false
16:26:49.0 (2066080)|VARIABLE_ASSIGNMENT|[3]|filter|"study"
16:26:49.0 (2080237)|HEAP_ALLOCATE|[4]|Bytes:5
16:26:49.0 (2085008)|STATEMENT_EXECUTE|[3]
16:26:49.0 (2087349)|STATEMENT_EXECUTE|[4]
16:26:49.0 (2196668)|HEAP_ALLOCATE|[4]|Bytes:4
16:26:49.0 (2265187)|VARIABLE_SCOPE_BEGIN|[4]|compensations|List<Compensation__c>|true|false
16:26:49.0 (2277147)|HEAP_ALLOCATE|[EXTERNAL]|Bytes:4
16:26:49.0 (2290346)|VARIABLE_ASSIGNMENT|[4]|compensations|[]|0x59e3605b
16:26:49.0 (2297869)|HEAP_ALLOCATE|[5]|Bytes:3
16:26:49.0 (2324329)|HEAP_ALLOCATE|[10]|Bytes:5
16:26:49.0 (2335901)|STATEMENT_EXECUTE|[10]
16:26:49.0 (2337831)|STATEMENT_EXECUTE|[11]
16:26:49.0 (2340383)|HEAP_ALLOCATE|[11]|Bytes:210
16:26:49.0 (2356845)|HEAP_ALLOCATE|[11]|Bytes:4
16:26:49.0 (2365014)|HEAP_ALLOCATE|[11]|Bytes:7
16:26:49.0 (3156195)|SOQL_EXECUTE_BEGIN|[11]|Aggregations:0|SELECT Employee__r.Id, Employee__r.Name, Employee__r.birthdate, job_category__c, RecordType.Name, amount__c, location__c, office__c, submitted__c, status__c FROM Compensation__c WHERE RecordType.Name = :tmpVar1
16:26:49.0 (21590615)|SOQL_EXECUTE_END|[11]|Rows:223
16:26:49.0 (21626569)|HEAP_ALLOCATE|[11]|Bytes:896
16:26:49.0 (22264352)|HEAP_ALLOCATE|[11]|Bytes:60371
16:26:49.0 (22316777)|HEAP_ALLOCATE|[11]|Bytes:896
16:26:49.0 (22355537)|VARIABLE_ASSIGNMENT|[11]|compensations|"List of size 223 too large to display"|0x5c7bfda0
16:26:49.0 (22364793)|STATEMENT_EXECUTE|[17]
16:26:49.0 (22378511)|SYSTEM_MODE_EXIT|false
16:26:49.22 (22405505)|CUMULATIVE_LIMIT_USAGE
16:26:49.22 (22405505)|LIMIT_USAGE_FOR_NS|(default)|
  Number of SOQL queries: 1 out of 100
  Number of query rows: 223 out of 50000
  Number of SOSL queries: 0 out of 20
  Number of DML statements: 0 out of 150
  Number of DML rows: 0 out of 10000
  Maximum CPU time: 0 out of 10000
  Maximum heap size: 0 out of 6000000
  Number of callouts: 0 out of 100
  Number of Email Invocations: 0 out of 10
  Number of future calls: 0 out of 50
  Number of queueable jobs added to the queue: 0 out of 50
  Number of Mobile Apex push calls: 0 out of 10

16:26:49.22 (22405505)|CUMULATIVE_LIMIT_USAGE_END

16:26:49.0 (22440721)|CODE_UNIT_FINISHED|CompensationController.getCompensations
16:26:49.0 (25982478)|CODE_UNIT_FINISHED|Aura
16:26:49.0 (27277598)|EXECUTION_FINISHED
