42.0 APEX_CODE,FINEST;APEX_PROFILING,INFO;CALLOUT,INFO;DB,INFO;SYSTEM,DEBUG;VALIDATION,INFO;VISUALFORCE,INFO;WAVE,INFO;WORKFLOW,INFO
11:40:07.0 (76829)|USER_INFO|[EXTERNAL]|005f4000001iPIc|lrodriguez-onboarding@altimetrik.com|Hora de Argentina|GMT-03:00
11:40:07.0 (124018)|EXECUTION_STARTED
11:40:07.0 (128658)|CODE_UNIT_STARTED|[EXTERNAL]|Aura
11:40:07.0 (1726869)|HEAP_ALLOCATE|[72]|Bytes:3
11:40:07.0 (1775684)|HEAP_ALLOCATE|[77]|Bytes:152
11:40:07.0 (1797385)|HEAP_ALLOCATE|[342]|Bytes:408
11:40:07.0 (1819892)|HEAP_ALLOCATE|[355]|Bytes:408
11:40:07.0 (1837319)|HEAP_ALLOCATE|[467]|Bytes:48
11:40:07.0 (1867031)|HEAP_ALLOCATE|[139]|Bytes:6
11:40:07.0 (1890780)|HEAP_ALLOCATE|[EXTERNAL]|Bytes:8
11:40:07.0 (1901349)|HEAP_ALLOCATE|[EXTERNAL]|Bytes:8
11:40:07.0 (2703141)|CODE_UNIT_STARTED|[EXTERNAL]|01pf4000009OyzM|CompensationController.getCompensations
11:40:07.0 (2825793)|HEAP_ALLOCATE|[EXTERNAL]|Bytes:1
11:40:07.0 (2842695)|METHOD_ENTRY|[1]|01pf4000009OyzM|CompensationController.CompensationController()
11:40:07.0 (2850861)|STATEMENT_EXECUTE|[1]
11:40:07.0 (2857906)|STATEMENT_EXECUTE|[1]
11:40:07.0 (2889187)|HEAP_ALLOCATE|[50]|Bytes:5
11:40:07.0 (2916024)|HEAP_ALLOCATE|[56]|Bytes:5
11:40:07.0 (2927541)|HEAP_ALLOCATE|[64]|Bytes:7
11:40:07.0 (2960799)|SYSTEM_MODE_ENTER|false
11:40:07.0 (2978743)|HEAP_ALLOCATE|[EXTERNAL]|Bytes:5
11:40:07.0 (2987366)|SYSTEM_MODE_EXIT|false
11:40:07.0 (2997577)|METHOD_EXIT|[1]|CompensationController
11:40:07.0 (3004512)|HEAP_ALLOCATE|[EXTERNAL]|Bytes:8
11:40:07.0 (3019781)|SYSTEM_MODE_ENTER|false
11:40:07.0 (3028466)|VARIABLE_SCOPE_BEGIN|[3]|filter|String|false|false
11:40:07.0 (3060149)|VARIABLE_ASSIGNMENT|[3]|filter|"research"
11:40:07.0 (3081600)|HEAP_ALLOCATE|[4]|Bytes:5
11:40:07.0 (3088660)|STATEMENT_EXECUTE|[3]
11:40:07.0 (3091012)|STATEMENT_EXECUTE|[4]
11:40:07.0 (3222066)|HEAP_ALLOCATE|[4]|Bytes:4
11:40:07.0 (3314093)|VARIABLE_SCOPE_BEGIN|[4]|compensations|List<Compensation__c>|true|false
11:40:07.0 (3347386)|HEAP_ALLOCATE|[EXTERNAL]|Bytes:4
11:40:07.0 (3362873)|VARIABLE_ASSIGNMENT|[4]|compensations|[]|0x44791efc
11:40:07.0 (3372657)|HEAP_ALLOCATE|[5]|Bytes:3
11:40:07.0 (3411026)|HEAP_ALLOCATE|[10]|Bytes:5
11:40:07.0 (3423538)|HEAP_ALLOCATE|[10]|Bytes:6
11:40:07.0 (3434413)|HEAP_ALLOCATE|[10]|Bytes:8
11:40:07.0 (3448516)|STATEMENT_EXECUTE|[10]
11:40:07.0 (3451082)|STATEMENT_EXECUTE|[11]
11:40:07.0 (3453996)|HEAP_ALLOCATE|[11]|Bytes:194
11:40:07.0 (3471974)|HEAP_ALLOCATE|[11]|Bytes:4
11:40:07.0 (3485075)|HEAP_ALLOCATE|[11]|Bytes:7
11:40:07.0 (4538961)|SOQL_EXECUTE_BEGIN|[11]|Aggregations:0|SELECT Employee__r.Name, Employee__r.birthdate, job_category__c, RecordType.Name, amount__c, location__c, office__c, submitted__c, status__c FROM Compensation__c WHERE RecordType.Name = :tmpVar1
11:40:07.0 (14379896)|SOQL_EXECUTE_END|[11]|Rows:6
11:40:07.0 (14424473)|HEAP_ALLOCATE|[11]|Bytes:28
11:40:07.0 (14490838)|HEAP_ALLOCATE|[11]|Bytes:1714
11:40:07.0 (14550562)|HEAP_ALLOCATE|[11]|Bytes:28
11:40:07.0 (14596287)|VARIABLE_ASSIGNMENT|[11]|compensations|"List of size 6 too large to display"|0x509fe270
11:40:07.0 (14607856)|STATEMENT_EXECUTE|[17]
11:40:07.0 (14624736)|SYSTEM_MODE_EXIT|false
11:40:07.14 (14659412)|CUMULATIVE_LIMIT_USAGE
11:40:07.14 (14659412)|LIMIT_USAGE_FOR_NS|(default)|
  Number of SOQL queries: 1 out of 100
  Number of query rows: 6 out of 50000
  Number of SOSL queries: 0 out of 20
  Number of DML statements: 0 out of 150
  Number of DML rows: 0 out of 10000
  Maximum CPU time: 0 out of 10000
  Maximum heap size: 0 out of 6000000
  Number of callouts: 0 out of 100
  Number of Email Invocations: 0 out of 10
  Number of future calls: 0 out of 50
  Number of queueable jobs added to the queue: 0 out of 50
  Number of Mobile Apex push calls: 0 out of 10

11:40:07.14 (14659412)|CUMULATIVE_LIMIT_USAGE_END

11:40:07.0 (14703479)|CODE_UNIT_FINISHED|CompensationController.getCompensations
11:40:07.0 (14894817)|CODE_UNIT_FINISHED|Aura
11:40:07.0 (16217278)|EXECUTION_FINISHED
