42.0 APEX_CODE,FINEST;APEX_PROFILING,INFO;CALLOUT,INFO;DB,INFO;SYSTEM,DEBUG;VALIDATION,INFO;VISUALFORCE,INFO;WAVE,INFO;WORKFLOW,INFO
14:58:49.0 (496348)|USER_INFO|[EXTERNAL]|005f4000001iPIc|lrodriguez-onboarding@altimetrik.com|Argentine Time|GMT-03:00
14:58:49.0 (544352)|EXECUTION_STARTED
14:58:49.0 (549901)|CODE_UNIT_STARTED|[EXTERNAL]|01pf400000ARf7J|testCompensationController.testDataSetup
14:58:49.0 (979578)|HEAP_ALLOCATE|[72]|Bytes:3
14:58:49.0 (1026991)|HEAP_ALLOCATE|[77]|Bytes:152
14:58:49.0 (1053317)|HEAP_ALLOCATE|[342]|Bytes:408
14:58:49.0 (1070033)|HEAP_ALLOCATE|[355]|Bytes:408
14:58:49.0 (1085123)|HEAP_ALLOCATE|[467]|Bytes:48
14:58:49.0 (1117928)|HEAP_ALLOCATE|[139]|Bytes:6
14:58:49.0 (1134482)|HEAP_ALLOCATE|[EXTERNAL]|Bytes:138
14:58:49.0 (1154623)|METHOD_ENTRY|[2]|01pf400000ARf7J|testCompensationController.testCompensationController()
14:58:49.0 (1160989)|STATEMENT_EXECUTE|[2]
14:58:49.0 (1166423)|STATEMENT_EXECUTE|[2]
14:58:49.0 (1170847)|METHOD_EXIT|[2]|testCompensationController
14:58:49.0 (1296407)|HEAP_ALLOCATE|[50]|Bytes:5
14:58:49.0 (1320019)|HEAP_ALLOCATE|[56]|Bytes:5
14:58:49.0 (1328559)|HEAP_ALLOCATE|[64]|Bytes:7
14:58:49.0 (1369352)|STATEMENT_EXECUTE|[4]
14:58:49.0 (1371584)|STATEMENT_EXECUTE|[5]
14:58:49.0 (1415877)|HEAP_ALLOCATE|[5]|Bytes:4
14:58:49.0 (1497599)|HEAP_ALLOCATE|[5]|Bytes:4
14:58:49.0 (1551456)|VARIABLE_ASSIGNMENT|[5]|this.LastName|"Diaz"|0x5764ee7f
14:58:49.0 (1581214)|VARIABLE_SCOPE_BEGIN|[5]|c|Contact|true|false
14:58:49.0 (1600473)|VARIABLE_ASSIGNMENT|[5]|c|{"LastName":"Diaz"}|0x5764ee7f
14:58:49.0 (1605940)|STATEMENT_EXECUTE|[6]
14:58:49.0 (1630782)|HEAP_ALLOCATE|[6]|Bytes:8
14:58:49.0 (1644024)|DML_BEGIN|[6]|Op:Insert|Type:Contact|Rows:1
14:58:49.0 (1674107)|HEAP_ALLOCATE|[EXTERNAL]|Bytes:8
14:58:49.0 (9173442)|CODE_UNIT_STARTED|[EXTERNAL]|DuplicateDetector
14:58:49.0 (9196312)|DUPLICATE_DETECTION_BEGIN
14:58:49.0 (9450600)|DUPLICATE_DETECTION_RULE_INVOCATION|DuplicateRuleId:0Bmf40000038BIj|DuplicateRuleName:Standard Contact Duplicate Rule|DmlType:INSERT
14:58:49.0 (34148353)|DUPLICATE_DETECTION_MATCH_INVOCATION_DETAILS|EntityType:Contact|ActionTaken:Allow_[Alert,Report]|DuplicateRecordIds:
14:58:49.0 (34168751)|DUPLICATE_DETECTION_MATCH_INVOCATION_SUMMARY|EntityType:Contact|NumRecordsToBeSaved:1|NumRecordsToBeSavedWithDuplicates:0|NumDuplicateRecordsFound:0
14:58:49.0 (34179161)|DUPLICATE_DETECTION_MATCH_INVOCATION_DETAILS|EntityType:Contact|ActionTaken:Allow_[Alert,Report]|DuplicateRecordIds:
14:58:49.0 (34185461)|DUPLICATE_DETECTION_MATCH_INVOCATION_SUMMARY|EntityType:Contact|NumRecordsToBeSaved:1|NumRecordsToBeSavedWithDuplicates:0|NumDuplicateRecordsFound:0
14:58:49.0 (34312275)|DUPLICATE_DETECTION_END
14:58:49.0 (34318885)|CODE_UNIT_FINISHED|DuplicateDetector
14:58:49.0 (55407605)|DML_END|[6]
14:58:49.0 (55429128)|STATEMENT_EXECUTE|[8]
14:58:49.0 (55531273)|HEAP_ALLOCATE|[8]|Bytes:4
14:58:49.0 (55600071)|VARIABLE_SCOPE_BEGIN|[8]|comp_list|List<Compensation__c>|true|false
14:58:49.0 (55613236)|HEAP_ALLOCATE|[EXTERNAL]|Bytes:4
14:58:49.0 (55626959)|VARIABLE_ASSIGNMENT|[8]|comp_list|[]|0x60d5bf35
14:58:49.0 (55634209)|STATEMENT_EXECUTE|[9]
14:58:49.0 (55639745)|VARIABLE_SCOPE_BEGIN|[9]|i|Integer|false|false
14:58:49.0 (55650570)|HEAP_ALLOCATE|[9]|Bytes:4
14:58:49.0 (55658546)|VARIABLE_ASSIGNMENT|[9]|i|0
14:58:49.0 (55664381)|STATEMENT_EXECUTE|[9]
14:58:49.0 (55665974)|STATEMENT_EXECUTE|[10]
14:58:49.0 (55682862)|HEAP_ALLOCATE|[10]|Bytes:4
14:58:49.0 (55805272)|VARIABLE_ASSIGNMENT|[10]|this.Employee__c|"003f400000KXzEEAA1"|0x393dc453
14:58:49.0 (55815257)|HEAP_ALLOCATE|[10]|Bytes:4
14:58:49.0 (55888961)|HEAP_ALLOCATE|[10]|Bytes:1
14:58:49.0 (55906654)|HEAP_ALLOCATE|[10]|Bytes:5
14:58:49.0 (55930490)|VARIABLE_ASSIGNMENT|[10]|this.Name|"test0"|0x393dc453
14:58:49.0 (55937251)|HEAP_ALLOCATE|[11]|Bytes:6
14:58:49.0 (55952298)|VARIABLE_ASSIGNMENT|[10]|this.Job_Category__c|"Junior"|0x393dc453
14:58:49.0 (55958260)|HEAP_ALLOCATE|[11]|Bytes:5
14:58:49.0 (55970603)|VARIABLE_ASSIGNMENT|[10]|this.Location__c|"India"|0x393dc453
14:58:49.0 (56000827)|HEAP_ALLOCATE|[EXTERNAL]|Bytes:4
14:58:49.0 (56009553)|HEAP_ALLOCATE|[9]|Bytes:4
14:58:49.0 (56017518)|VARIABLE_ASSIGNMENT|[9]|i|1
14:58:49.0 (56023495)|STATEMENT_EXECUTE|[9]
14:58:49.0 (56025250)|STATEMENT_EXECUTE|[10]
14:58:49.0 (56044718)|HEAP_ALLOCATE|[10]|Bytes:4
14:58:49.0 (56071475)|VARIABLE_ASSIGNMENT|[10]|this.Employee__c|"003f400000KXzEEAA1"|0x7b47f0df
14:58:49.0 (56088624)|HEAP_ALLOCATE|[10]|Bytes:1
14:58:49.0 (56098747)|HEAP_ALLOCATE|[10]|Bytes:5
14:58:49.0 (56114639)|VARIABLE_ASSIGNMENT|[10]|this.Name|"test1"|0x7b47f0df
14:58:49.0 (56128790)|VARIABLE_ASSIGNMENT|[10]|this.Job_Category__c|"Junior"|0x7b47f0df
14:58:49.0 (56140876)|VARIABLE_ASSIGNMENT|[10]|this.Location__c|"India"|0x7b47f0df
14:58:49.0 (56153523)|HEAP_ALLOCATE|[EXTERNAL]|Bytes:4
14:58:49.0 (56159961)|HEAP_ALLOCATE|[9]|Bytes:4
14:58:49.0 (56166303)|VARIABLE_ASSIGNMENT|[9]|i|2
14:58:49.0 (56170924)|STATEMENT_EXECUTE|[9]
14:58:49.0 (56172719)|STATEMENT_EXECUTE|[10]
14:58:49.0 (56184005)|HEAP_ALLOCATE|[10]|Bytes:4
14:58:49.0 (56206249)|VARIABLE_ASSIGNMENT|[10]|this.Employee__c|"003f400000KXzEEAA1"|0x2c8fbcb8
14:58:49.0 (56221464)|HEAP_ALLOCATE|[10]|Bytes:1
14:58:49.0 (56230679)|HEAP_ALLOCATE|[10]|Bytes:5
14:58:49.0 (56244180)|VARIABLE_ASSIGNMENT|[10]|this.Name|"test2"|0x2c8fbcb8
14:58:49.0 (56256985)|VARIABLE_ASSIGNMENT|[10]|this.Job_Category__c|"Junior"|0x2c8fbcb8
14:58:49.0 (56268117)|VARIABLE_ASSIGNMENT|[10]|this.Location__c|"India"|0x2c8fbcb8
14:58:49.0 (56279688)|HEAP_ALLOCATE|[EXTERNAL]|Bytes:4
14:58:49.0 (56285946)|HEAP_ALLOCATE|[9]|Bytes:4
14:58:49.0 (56292062)|VARIABLE_ASSIGNMENT|[9]|i|3
14:58:49.0 (56296779)|STATEMENT_EXECUTE|[9]
14:58:49.0 (56298506)|STATEMENT_EXECUTE|[10]
14:58:49.0 (56308774)|HEAP_ALLOCATE|[10]|Bytes:4
14:58:49.0 (56329774)|VARIABLE_ASSIGNMENT|[10]|this.Employee__c|"003f400000KXzEEAA1"|0x10563434
14:58:49.0 (56344131)|HEAP_ALLOCATE|[10]|Bytes:1
14:58:49.0 (56353364)|HEAP_ALLOCATE|[10]|Bytes:5
14:58:49.0 (56366222)|VARIABLE_ASSIGNMENT|[10]|this.Name|"test3"|0x10563434
14:58:49.0 (56378753)|VARIABLE_ASSIGNMENT|[10]|this.Job_Category__c|"Junior"|0x10563434
14:58:49.0 (56391007)|VARIABLE_ASSIGNMENT|[10]|this.Location__c|"India"|0x10563434
14:58:49.0 (56402142)|HEAP_ALLOCATE|[EXTERNAL]|Bytes:4
14:58:49.0 (56408089)|HEAP_ALLOCATE|[9]|Bytes:4
14:58:49.0 (56413708)|VARIABLE_ASSIGNMENT|[9]|i|4
14:58:49.0 (56417939)|STATEMENT_EXECUTE|[9]
14:58:49.0 (56419610)|STATEMENT_EXECUTE|[10]
14:58:49.0 (56429385)|HEAP_ALLOCATE|[10]|Bytes:4
14:58:49.0 (56449615)|VARIABLE_ASSIGNMENT|[10]|this.Employee__c|"003f400000KXzEEAA1"|0x1099fc82
14:58:49.0 (56478188)|HEAP_ALLOCATE|[10]|Bytes:1
14:58:49.0 (56489939)|HEAP_ALLOCATE|[10]|Bytes:5
14:58:49.0 (56506998)|VARIABLE_ASSIGNMENT|[10]|this.Name|"test4"|0x1099fc82
14:58:49.0 (56519927)|VARIABLE_ASSIGNMENT|[10]|this.Job_Category__c|"Junior"|0x1099fc82
14:58:49.0 (56531606)|VARIABLE_ASSIGNMENT|[10]|this.Location__c|"India"|0x1099fc82
14:58:49.0 (56542715)|HEAP_ALLOCATE|[EXTERNAL]|Bytes:4
14:58:49.0 (56548859)|HEAP_ALLOCATE|[9]|Bytes:4
14:58:49.0 (56554287)|VARIABLE_ASSIGNMENT|[9]|i|5
14:58:49.0 (56558793)|STATEMENT_EXECUTE|[9]
14:58:49.0 (56560504)|STATEMENT_EXECUTE|[10]
14:58:49.0 (56571446)|HEAP_ALLOCATE|[10]|Bytes:4
14:58:49.0 (56592131)|VARIABLE_ASSIGNMENT|[10]|this.Employee__c|"003f400000KXzEEAA1"|0x541c3746
14:58:49.0 (56606227)|HEAP_ALLOCATE|[10]|Bytes:1
14:58:49.0 (56615537)|HEAP_ALLOCATE|[10]|Bytes:5
14:58:49.0 (56628120)|VARIABLE_ASSIGNMENT|[10]|this.Name|"test5"|0x541c3746
14:58:49.0 (56640858)|VARIABLE_ASSIGNMENT|[10]|this.Job_Category__c|"Junior"|0x541c3746
14:58:49.0 (56652236)|VARIABLE_ASSIGNMENT|[10]|this.Location__c|"India"|0x541c3746
14:58:49.0 (56663691)|HEAP_ALLOCATE|[EXTERNAL]|Bytes:4
14:58:49.0 (56669685)|HEAP_ALLOCATE|[9]|Bytes:4
14:58:49.0 (56674903)|VARIABLE_ASSIGNMENT|[9]|i|6
14:58:49.0 (56679034)|STATEMENT_EXECUTE|[9]
14:58:49.0 (56680711)|STATEMENT_EXECUTE|[10]
14:58:49.0 (56690343)|HEAP_ALLOCATE|[10]|Bytes:4
14:58:49.0 (56710151)|VARIABLE_ASSIGNMENT|[10]|this.Employee__c|"003f400000KXzEEAA1"|0x5a72b01
14:58:49.0 (56724666)|HEAP_ALLOCATE|[10]|Bytes:1
14:58:49.0 (56733761)|HEAP_ALLOCATE|[10]|Bytes:5
14:58:49.0 (56746143)|VARIABLE_ASSIGNMENT|[10]|this.Name|"test6"|0x5a72b01
14:58:49.0 (56759693)|VARIABLE_ASSIGNMENT|[10]|this.Job_Category__c|"Junior"|0x5a72b01
14:58:49.0 (56770753)|VARIABLE_ASSIGNMENT|[10]|this.Location__c|"India"|0x5a72b01
14:58:49.0 (56781627)|HEAP_ALLOCATE|[EXTERNAL]|Bytes:4
14:58:49.0 (56787522)|HEAP_ALLOCATE|[9]|Bytes:4
14:58:49.0 (56792886)|VARIABLE_ASSIGNMENT|[9]|i|7
14:58:49.0 (56797581)|STATEMENT_EXECUTE|[9]
14:58:49.0 (56799255)|STATEMENT_EXECUTE|[10]
14:58:49.0 (56808850)|HEAP_ALLOCATE|[10]|Bytes:4
14:58:49.0 (56828769)|VARIABLE_ASSIGNMENT|[10]|this.Employee__c|"003f400000KXzEEAA1"|0x24715815
14:58:49.0 (56842805)|HEAP_ALLOCATE|[10]|Bytes:1
14:58:49.0 (56851986)|HEAP_ALLOCATE|[10]|Bytes:5
14:58:49.0 (56864291)|VARIABLE_ASSIGNMENT|[10]|this.Name|"test7"|0x24715815
14:58:49.0 (56877086)|VARIABLE_ASSIGNMENT|[10]|this.Job_Category__c|"Junior"|0x24715815
14:58:49.0 (56888474)|VARIABLE_ASSIGNMENT|[10]|this.Location__c|"India"|0x24715815
14:58:49.0 (56899168)|HEAP_ALLOCATE|[EXTERNAL]|Bytes:4
14:58:49.0 (56905006)|HEAP_ALLOCATE|[9]|Bytes:4
14:58:49.0 (56911273)|VARIABLE_ASSIGNMENT|[9]|i|8
14:58:49.0 (56915767)|STATEMENT_EXECUTE|[9]
14:58:49.0 (56917507)|STATEMENT_EXECUTE|[10]
14:58:49.0 (56927091)|HEAP_ALLOCATE|[10]|Bytes:4
14:58:49.0 (56946772)|VARIABLE_ASSIGNMENT|[10]|this.Employee__c|"003f400000KXzEEAA1"|0x7bd3ddf5
14:58:49.0 (56961432)|HEAP_ALLOCATE|[10]|Bytes:1
14:58:49.0 (56970501)|HEAP_ALLOCATE|[10]|Bytes:5
14:58:49.0 (56983091)|VARIABLE_ASSIGNMENT|[10]|this.Name|"test8"|0x7bd3ddf5
14:58:49.0 (56995326)|VARIABLE_ASSIGNMENT|[10]|this.Job_Category__c|"Junior"|0x7bd3ddf5
14:58:49.0 (57006621)|VARIABLE_ASSIGNMENT|[10]|this.Location__c|"India"|0x7bd3ddf5
14:58:49.0 (57021646)|HEAP_ALLOCATE|[EXTERNAL]|Bytes:4
14:58:49.0 (57027631)|HEAP_ALLOCATE|[9]|Bytes:4
14:58:49.0 (57034053)|VARIABLE_ASSIGNMENT|[9]|i|9
14:58:49.0 (57043023)|STATEMENT_EXECUTE|[9]
14:58:49.0 (57044977)|STATEMENT_EXECUTE|[10]
14:58:49.0 (57055059)|HEAP_ALLOCATE|[10]|Bytes:4
14:58:49.0 (57075067)|VARIABLE_ASSIGNMENT|[10]|this.Employee__c|"003f400000KXzEEAA1"|0x4ec073ce
14:58:49.0 (57090009)|HEAP_ALLOCATE|[10]|Bytes:1
14:58:49.0 (57099587)|HEAP_ALLOCATE|[10]|Bytes:5
14:58:49.0 (57113014)|VARIABLE_ASSIGNMENT|[10]|this.Name|"test9"|0x4ec073ce
14:58:49.0 (57127987)|VARIABLE_ASSIGNMENT|[10]|this.Job_Category__c|"Junior"|0x4ec073ce
14:58:49.0 (57140231)|VARIABLE_ASSIGNMENT|[10]|this.Location__c|"India"|0x4ec073ce
14:58:49.0 (57151014)|HEAP_ALLOCATE|[EXTERNAL]|Bytes:4
14:58:49.0 (57156999)|HEAP_ALLOCATE|[9]|Bytes:4
14:58:49.0 (57162688)|VARIABLE_ASSIGNMENT|[9]|i|10
14:58:49.0 (57168225)|STATEMENT_EXECUTE|[13]
14:58:49.0 (57207998)|DML_BEGIN|[13]|Op:Insert|Type:Compensation__c|Rows:10
14:58:49.0 (57249608)|HEAP_ALLOCATE|[EXTERNAL]|Bytes:44
14:58:49.0 (65456647)|CODE_UNIT_STARTED|[EXTERNAL]|01qf4000000wGad|Compensation_submitted_trigger on Compensation trigger event BeforeInsert
14:58:49.0 (65486491)|HEAP_ALLOCATE|[EXTERNAL]|Bytes:44
14:58:49.0 (65539904)|HEAP_ALLOCATE|[EXTERNAL]|Bytes:4
14:58:49.0 (65548528)|VARIABLE_SCOPE_BEGIN|[1]|this|Compensation_submitted_trigger|true|false
14:58:49.0 (65572947)|VARIABLE_ASSIGNMENT|[1]|this|{}|0x7efe5173
14:58:49.0 (65615006)|HEAP_ALLOCATE|[EXTERNAL]|Bytes:4
14:58:49.0 (65623487)|VARIABLE_SCOPE_BEGIN|[1]|this|Compensation_submitted_trigger|true|false
14:58:49.0 (65636056)|VARIABLE_ASSIGNMENT|[1]|this|{}|0x7efe5173
14:58:49.0 (65642263)|STATEMENT_EXECUTE|[1]
14:58:49.0 (65840922)|HEAP_ALLOCATE|[4]|Bytes:5
14:58:49.0 (65886599)|HEAP_ALLOCATE|[4]|Bytes:4
14:58:49.0 (65895753)|VARIABLE_SCOPE_BEGIN|[4]|comp|Compensation__c|true|false
14:58:49.0 (66143300)|VARIABLE_ASSIGNMENT|[4]|comp|{"Employee__c":"003f400000KXzEEAA1","IsDeleted":false,"OwnerId":"005f4000001iPIcAAM","Submitted__c":false,"RecordTypeId":"012f4000000xpkIAAQ","Location__c":"India","Status__c":"NOT SUBMITTED","Job_Category__c":"Junior","Name":"test0"}|0x24525530
14:58:49.0 (66154907)|STATEMENT_EXECUTE|[4]
14:58:49.0 (66173022)|STATEMENT_EXECUTE|[5]
14:58:49.0 (66185428)|HEAP_ALLOCATE|[4]|Bytes:5
14:58:49.0 (66198276)|HEAP_ALLOCATE|[4]|Bytes:4
14:58:49.0 (66205091)|VARIABLE_SCOPE_BEGIN|[4]|comp|Compensation__c|true|false
14:58:49.0 (66313915)|VARIABLE_ASSIGNMENT|[4]|comp|{"Employee__c":"003f400000KXzEEAA1","IsDeleted":false,"OwnerId":"005f4000001iPIcAAM","Submitted__c":false,"RecordTypeId":"012f4000000xpkIAAQ","Location__c":"India","Status__c":"NOT SUBMITTED","Job_Category__c":"Junior","Name":"test1"}|0x4abf0619
14:58:49.0 (66322834)|STATEMENT_EXECUTE|[4]
14:58:49.0 (66329376)|STATEMENT_EXECUTE|[5]
14:58:49.0 (66338877)|HEAP_ALLOCATE|[4]|Bytes:5
14:58:49.0 (66349102)|HEAP_ALLOCATE|[4]|Bytes:4
14:58:49.0 (66354875)|VARIABLE_SCOPE_BEGIN|[4]|comp|Compensation__c|true|false
14:58:49.0 (66453487)|VARIABLE_ASSIGNMENT|[4]|comp|{"Employee__c":"003f400000KXzEEAA1","IsDeleted":false,"OwnerId":"005f4000001iPIcAAM","Submitted__c":false,"RecordTypeId":"012f4000000xpkIAAQ","Location__c":"India","Status__c":"NOT SUBMITTED","Job_Category__c":"Junior","Name":"test2"}|0x131d0a77
14:58:49.0 (66461810)|STATEMENT_EXECUTE|[4]
14:58:49.0 (66467304)|STATEMENT_EXECUTE|[5]
14:58:49.0 (66475824)|HEAP_ALLOCATE|[4]|Bytes:5
14:58:49.0 (66485754)|HEAP_ALLOCATE|[4]|Bytes:4
14:58:49.0 (66491119)|VARIABLE_SCOPE_BEGIN|[4]|comp|Compensation__c|true|false
14:58:49.0 (66587024)|VARIABLE_ASSIGNMENT|[4]|comp|{"Employee__c":"003f400000KXzEEAA1","IsDeleted":false,"OwnerId":"005f4000001iPIcAAM","Submitted__c":false,"RecordTypeId":"012f4000000xpkIAAQ","Location__c":"India","Status__c":"NOT SUBMITTED","Job_Category__c":"Junior","Name":"test3"}|0x64a5538f
14:58:49.0 (66595973)|STATEMENT_EXECUTE|[4]
14:58:49.0 (66601137)|STATEMENT_EXECUTE|[5]
14:58:49.0 (66609627)|HEAP_ALLOCATE|[4]|Bytes:5
14:58:49.0 (66618613)|HEAP_ALLOCATE|[4]|Bytes:4
14:58:49.0 (66623670)|VARIABLE_SCOPE_BEGIN|[4]|comp|Compensation__c|true|false
14:58:49.0 (66717265)|VARIABLE_ASSIGNMENT|[4]|comp|{"Employee__c":"003f400000KXzEEAA1","IsDeleted":false,"OwnerId":"005f4000001iPIcAAM","Submitted__c":false,"RecordTypeId":"012f4000000xpkIAAQ","Location__c":"India","Status__c":"NOT SUBMITTED","Job_Category__c":"Junior","Name":"test4"}|0x52e871fe
14:58:49.0 (66724652)|STATEMENT_EXECUTE|[4]
14:58:49.0 (66730197)|STATEMENT_EXECUTE|[5]
14:58:49.0 (66738330)|HEAP_ALLOCATE|[4]|Bytes:5
14:58:49.0 (66747104)|HEAP_ALLOCATE|[4]|Bytes:4
14:58:49.0 (66752160)|VARIABLE_SCOPE_BEGIN|[4]|comp|Compensation__c|true|false
14:58:49.0 (66845578)|VARIABLE_ASSIGNMENT|[4]|comp|{"Employee__c":"003f400000KXzEEAA1","IsDeleted":false,"OwnerId":"005f4000001iPIcAAM","Submitted__c":false,"RecordTypeId":"012f4000000xpkIAAQ","Location__c":"India","Status__c":"NOT SUBMITTED","Job_Category__c":"Junior","Name":"test5"}|0x60d52a74
14:58:49.0 (66853563)|STATEMENT_EXECUTE|[4]
14:58:49.0 (66858591)|STATEMENT_EXECUTE|[5]
14:58:49.0 (66866844)|HEAP_ALLOCATE|[4]|Bytes:5
14:58:49.0 (66876200)|HEAP_ALLOCATE|[4]|Bytes:4
14:58:49.0 (66881155)|VARIABLE_SCOPE_BEGIN|[4]|comp|Compensation__c|true|false
14:58:49.0 (66973662)|VARIABLE_ASSIGNMENT|[4]|comp|{"Employee__c":"003f400000KXzEEAA1","IsDeleted":false,"OwnerId":"005f4000001iPIcAAM","Submitted__c":false,"RecordTypeId":"012f4000000xpkIAAQ","Location__c":"India","Status__c":"NOT SUBMITTED","Job_Category__c":"Junior","Name":"test6"}|0x1be0daab
14:58:49.0 (66982080)|STATEMENT_EXECUTE|[4]
14:58:49.0 (66987004)|STATEMENT_EXECUTE|[5]
14:58:49.0 (66994996)|HEAP_ALLOCATE|[4]|Bytes:5
14:58:49.0 (67004387)|HEAP_ALLOCATE|[4]|Bytes:4
14:58:49.0 (67010076)|VARIABLE_SCOPE_BEGIN|[4]|comp|Compensation__c|true|false
14:58:49.0 (67109586)|VARIABLE_ASSIGNMENT|[4]|comp|{"Employee__c":"003f400000KXzEEAA1","IsDeleted":false,"OwnerId":"005f4000001iPIcAAM","Submitted__c":false,"RecordTypeId":"012f4000000xpkIAAQ","Location__c":"India","Status__c":"NOT SUBMITTED","Job_Category__c":"Junior","Name":"test7"}|0x5597cb73
14:58:49.0 (67117446)|STATEMENT_EXECUTE|[4]
14:58:49.0 (67122910)|STATEMENT_EXECUTE|[5]
14:58:49.0 (67130932)|HEAP_ALLOCATE|[4]|Bytes:5
14:58:49.0 (67140230)|HEAP_ALLOCATE|[4]|Bytes:4
14:58:49.0 (67145767)|VARIABLE_SCOPE_BEGIN|[4]|comp|Compensation__c|true|false
14:58:49.0 (67238203)|VARIABLE_ASSIGNMENT|[4]|comp|{"Employee__c":"003f400000KXzEEAA1","IsDeleted":false,"OwnerId":"005f4000001iPIcAAM","Submitted__c":false,"RecordTypeId":"012f4000000xpkIAAQ","Location__c":"India","Status__c":"NOT SUBMITTED","Job_Category__c":"Junior","Name":"test8"}|0x446127be
14:58:49.0 (67246647)|STATEMENT_EXECUTE|[4]
14:58:49.0 (67251438)|STATEMENT_EXECUTE|[5]
14:58:49.0 (67259514)|HEAP_ALLOCATE|[4]|Bytes:5
14:58:49.0 (67268339)|HEAP_ALLOCATE|[4]|Bytes:4
14:58:49.0 (67273394)|VARIABLE_SCOPE_BEGIN|[4]|comp|Compensation__c|true|false
14:58:49.0 (67365306)|VARIABLE_ASSIGNMENT|[4]|comp|{"Employee__c":"003f400000KXzEEAA1","IsDeleted":false,"OwnerId":"005f4000001iPIcAAM","Submitted__c":false,"RecordTypeId":"012f4000000xpkIAAQ","Location__c":"India","Status__c":"NOT SUBMITTED","Job_Category__c":"Junior","Name":"test9"}|0xd2e33cc
14:58:49.0 (67373461)|STATEMENT_EXECUTE|[4]
14:58:49.0 (67378426)|STATEMENT_EXECUTE|[5]
14:58:49.0 (67386245)|HEAP_ALLOCATE|[4]|Bytes:5
14:58:49.0 (67396146)|VARIABLE_ASSIGNMENT|[4]|comp|null|
14:58:49.67 (67403783)|CUMULATIVE_LIMIT_USAGE
14:58:49.67 (67403783)|LIMIT_USAGE_FOR_NS|(default)|
  Number of SOQL queries: 0 out of 100
  Number of query rows: 0 out of 50000
  Number of SOSL queries: 0 out of 20
  Number of DML statements: 2 out of 150
  Number of DML rows: 11 out of 10000
  Maximum CPU time: 0 out of 10000
  Maximum heap size: 0 out of 6000000
  Number of callouts: 0 out of 100
  Number of Email Invocations: 0 out of 10
  Number of future calls: 0 out of 50
  Number of queueable jobs added to the queue: 0 out of 50
  Number of Mobile Apex push calls: 0 out of 10

14:58:49.67 (67403783)|CUMULATIVE_LIMIT_USAGE_END

14:58:49.0 (68247008)|CODE_UNIT_FINISHED|Compensation_submitted_trigger on Compensation trigger event BeforeInsert
14:58:49.0 (75981808)|CODE_UNIT_STARTED|[EXTERNAL]|Validation:Compensation:new
14:58:49.0 (75994189)|VALIDATION_RULE|03df4000000tLey|Job_Category_Other
14:58:49.0 (76166031)|VALIDATION_FORMULA|ISPICKVAL(Job_Category__c, 'Other')&&(ISBLANK(Other__c))|Job_Category__c=Junior , Other__c=null
14:58:49.0 (76175216)|VALIDATION_PASS
14:58:49.0 (76293674)|CODE_UNIT_FINISHED|Validation:Compensation:new
14:58:49.0 (76320906)|CODE_UNIT_STARTED|[EXTERNAL]|Validation:Compensation:new
14:58:49.0 (76326544)|VALIDATION_RULE|03df4000000tLey|Job_Category_Other
14:58:49.0 (76428685)|VALIDATION_FORMULA|ISPICKVAL(Job_Category__c, 'Other')&&(ISBLANK(Other__c))|Job_Category__c=Junior , Other__c=null
14:58:49.0 (76436212)|VALIDATION_PASS
14:58:49.0 (76510093)|CODE_UNIT_FINISHED|Validation:Compensation:new
14:58:49.0 (76531738)|CODE_UNIT_STARTED|[EXTERNAL]|Validation:Compensation:new
14:58:49.0 (76537195)|VALIDATION_RULE|03df4000000tLey|Job_Category_Other
14:58:49.0 (76628710)|VALIDATION_FORMULA|ISPICKVAL(Job_Category__c, 'Other')&&(ISBLANK(Other__c))|Job_Category__c=Junior , Other__c=null
14:58:49.0 (76635552)|VALIDATION_PASS
14:58:49.0 (76705525)|CODE_UNIT_FINISHED|Validation:Compensation:new
14:58:49.0 (76725204)|CODE_UNIT_STARTED|[EXTERNAL]|Validation:Compensation:new
14:58:49.0 (76730184)|VALIDATION_RULE|03df4000000tLey|Job_Category_Other
14:58:49.0 (76821245)|VALIDATION_FORMULA|ISPICKVAL(Job_Category__c, 'Other')&&(ISBLANK(Other__c))|Job_Category__c=Junior , Other__c=null
14:58:49.0 (76828411)|VALIDATION_PASS
14:58:49.0 (76897923)|CODE_UNIT_FINISHED|Validation:Compensation:new
14:58:49.0 (76916822)|CODE_UNIT_STARTED|[EXTERNAL]|Validation:Compensation:new
14:58:49.0 (76922209)|VALIDATION_RULE|03df4000000tLey|Job_Category_Other
14:58:49.0 (77006800)|VALIDATION_FORMULA|ISPICKVAL(Job_Category__c, 'Other')&&(ISBLANK(Other__c))|Job_Category__c=Junior , Other__c=null
14:58:49.0 (77013875)|VALIDATION_PASS
14:58:49.0 (77087977)|CODE_UNIT_FINISHED|Validation:Compensation:new
14:58:49.0 (77105878)|CODE_UNIT_STARTED|[EXTERNAL]|Validation:Compensation:new
14:58:49.0 (77110417)|VALIDATION_RULE|03df4000000tLey|Job_Category_Other
14:58:49.0 (77196536)|VALIDATION_FORMULA|ISPICKVAL(Job_Category__c, 'Other')&&(ISBLANK(Other__c))|Job_Category__c=Junior , Other__c=null
14:58:49.0 (77203316)|VALIDATION_PASS
14:58:49.0 (77271993)|CODE_UNIT_FINISHED|Validation:Compensation:new
14:58:49.0 (77290553)|CODE_UNIT_STARTED|[EXTERNAL]|Validation:Compensation:new
14:58:49.0 (77296437)|VALIDATION_RULE|03df4000000tLey|Job_Category_Other
14:58:49.0 (77381562)|VALIDATION_FORMULA|ISPICKVAL(Job_Category__c, 'Other')&&(ISBLANK(Other__c))|Job_Category__c=Junior , Other__c=null
14:58:49.0 (77387802)|VALIDATION_PASS
14:58:49.0 (77453908)|CODE_UNIT_FINISHED|Validation:Compensation:new
14:58:49.0 (77471280)|CODE_UNIT_STARTED|[EXTERNAL]|Validation:Compensation:new
14:58:49.0 (77476293)|VALIDATION_RULE|03df4000000tLey|Job_Category_Other
14:58:49.0 (77558652)|VALIDATION_FORMULA|ISPICKVAL(Job_Category__c, 'Other')&&(ISBLANK(Other__c))|Job_Category__c=Junior , Other__c=null
14:58:49.0 (77564860)|VALIDATION_PASS
14:58:49.0 (77630570)|CODE_UNIT_FINISHED|Validation:Compensation:new
14:58:49.0 (77647475)|CODE_UNIT_STARTED|[EXTERNAL]|Validation:Compensation:new
14:58:49.0 (77652173)|VALIDATION_RULE|03df4000000tLey|Job_Category_Other
14:58:49.0 (77734603)|VALIDATION_FORMULA|ISPICKVAL(Job_Category__c, 'Other')&&(ISBLANK(Other__c))|Job_Category__c=Junior , Other__c=null
14:58:49.0 (77741814)|VALIDATION_PASS
14:58:49.0 (77820744)|CODE_UNIT_FINISHED|Validation:Compensation:new
14:58:49.0 (77847154)|CODE_UNIT_STARTED|[EXTERNAL]|Validation:Compensation:new
14:58:49.0 (77854529)|VALIDATION_RULE|03df4000000tLey|Job_Category_Other
14:58:49.0 (77963130)|VALIDATION_FORMULA|ISPICKVAL(Job_Category__c, 'Other')&&(ISBLANK(Other__c))|Job_Category__c=Junior , Other__c=null
14:58:49.0 (77970482)|VALIDATION_PASS
14:58:49.0 (78049104)|CODE_UNIT_FINISHED|Validation:Compensation:new
14:58:49.0 (108934585)|CODE_UNIT_STARTED|[EXTERNAL]|Workflow:01If40000017tCd
14:58:49.0 (114533006)|WF_RULE_EVAL_BEGIN|Workflow
14:58:49.0 (114551826)|WF_CRITERIA_BEGIN|[Compensation: test0 a00f4000007wxr5]|Uruguay_Location_Compensation301f40000002crQ|01Qf4000000nI5L|ON_CREATE_ONLY|0
14:58:49.0 (114608552)|WF_FORMULA|Formula:ENCODED:[treatNullAsNull]true|Values:
14:58:49.0 (114615575)|WF_CRITERIA_END|true
14:58:49.0 (115556482)|WF_CRITERIA_BEGIN|[Compensation: test1 a00f4000007wxr6]|Uruguay_Location_Compensation301f40000002crQ|01Qf4000000nI5L|ON_CREATE_ONLY|0
14:58:49.0 (115587472)|WF_FORMULA|Formula:ENCODED:[treatNullAsNull]true|Values:
14:58:49.0 (115593026)|WF_CRITERIA_END|true
14:58:49.0 (115602986)|WF_CRITERIA_BEGIN|[Compensation: test2 a00f4000007wxr7]|Uruguay_Location_Compensation301f40000002crQ|01Qf4000000nI5L|ON_CREATE_ONLY|0
14:58:49.0 (115619175)|WF_FORMULA|Formula:ENCODED:[treatNullAsNull]true|Values:
14:58:49.0 (115623666)|WF_CRITERIA_END|true
14:58:49.0 (115631413)|WF_CRITERIA_BEGIN|[Compensation: test3 a00f4000007wxr8]|Uruguay_Location_Compensation301f40000002crQ|01Qf4000000nI5L|ON_CREATE_ONLY|0
14:58:49.0 (115645786)|WF_FORMULA|Formula:ENCODED:[treatNullAsNull]true|Values:
14:58:49.0 (115649753)|WF_CRITERIA_END|true
14:58:49.0 (115657408)|WF_CRITERIA_BEGIN|[Compensation: test4 a00f4000007wxr9]|Uruguay_Location_Compensation301f40000002crQ|01Qf4000000nI5L|ON_CREATE_ONLY|0
14:58:49.0 (115671558)|WF_FORMULA|Formula:ENCODED:[treatNullAsNull]true|Values:
14:58:49.0 (115676477)|WF_CRITERIA_END|true
14:58:49.0 (115683822)|WF_CRITERIA_BEGIN|[Compensation: test5 a00f4000007wxrA]|Uruguay_Location_Compensation301f40000002crQ|01Qf4000000nI5L|ON_CREATE_ONLY|0
14:58:49.0 (115697508)|WF_FORMULA|Formula:ENCODED:[treatNullAsNull]true|Values:
14:58:49.0 (115701549)|WF_CRITERIA_END|true
14:58:49.0 (115708457)|WF_CRITERIA_BEGIN|[Compensation: test6 a00f4000007wxrB]|Uruguay_Location_Compensation301f40000002crQ|01Qf4000000nI5L|ON_CREATE_ONLY|0
14:58:49.0 (115721936)|WF_FORMULA|Formula:ENCODED:[treatNullAsNull]true|Values:
14:58:49.0 (115726239)|WF_CRITERIA_END|true
14:58:49.0 (115732960)|WF_CRITERIA_BEGIN|[Compensation: test7 a00f4000007wxrC]|Uruguay_Location_Compensation301f40000002crQ|01Qf4000000nI5L|ON_CREATE_ONLY|0
14:58:49.0 (115746937)|WF_FORMULA|Formula:ENCODED:[treatNullAsNull]true|Values:
14:58:49.0 (115751233)|WF_CRITERIA_END|true
14:58:49.0 (115757789)|WF_CRITERIA_BEGIN|[Compensation: test8 a00f4000007wxrD]|Uruguay_Location_Compensation301f40000002crQ|01Qf4000000nI5L|ON_CREATE_ONLY|0
14:58:49.0 (115771815)|WF_FORMULA|Formula:ENCODED:[treatNullAsNull]true|Values:
14:58:49.0 (115776557)|WF_CRITERIA_END|true
14:58:49.0 (115783132)|WF_CRITERIA_BEGIN|[Compensation: test9 a00f4000007wxrE]|Uruguay_Location_Compensation301f40000002crQ|01Qf4000000nI5L|ON_CREATE_ONLY|0
14:58:49.0 (115801657)|WF_FORMULA|Formula:ENCODED:[treatNullAsNull]true|Values:
14:58:49.0 (115805903)|WF_CRITERIA_END|true
14:58:49.0 (115817042)|WF_SPOOL_ACTION_BEGIN|Workflow
14:58:49.0 (115833944)|WF_ACTION| Flow Trigger: 10;
14:58:49.0 (115840185)|WF_RULE_EVAL_END
14:58:49.0 (116717290)|WF_FLOW_ACTION_BEGIN|09Lf4000000hSfK
14:58:49.116 (116795006)|FLOW_CREATE_INTERVIEW_BEGIN|00Df400000264R3|300f40000005TUu|301f40000002crQ
14:58:49.116 (118808529)|FLOW_CREATE_INTERVIEW_END|880885ad4d63bdc1572e2274f464162f8aa08f3-1cd5|Uruguay Location Compensation
14:58:49.0 (119027663)|WF_FLOW_ACTION_BEGIN|09Lf4000000hSfK
14:58:49.119 (119074125)|FLOW_CREATE_INTERVIEW_BEGIN|00Df400000264R3|300f40000005TUu|301f40000002crQ
14:58:49.119 (119102205)|FLOW_CREATE_INTERVIEW_END|881085ad4d63bdc1572e2274f464162f8aa08f3-1cd3|Uruguay Location Compensation
14:58:49.0 (119226293)|WF_FLOW_ACTION_BEGIN|09Lf4000000hSfK
14:58:49.119 (119260384)|FLOW_CREATE_INTERVIEW_BEGIN|00Df400000264R3|300f40000005TUu|301f40000002crQ
14:58:49.119 (119285239)|FLOW_CREATE_INTERVIEW_END|881285ad4d63bdc1572e2274f464162f8aa08f3-1cd1|Uruguay Location Compensation
14:58:49.0 (119398757)|WF_FLOW_ACTION_BEGIN|09Lf4000000hSfK
14:58:49.119 (119430219)|FLOW_CREATE_INTERVIEW_BEGIN|00Df400000264R3|300f40000005TUu|301f40000002crQ
14:58:49.119 (119453789)|FLOW_CREATE_INTERVIEW_END|881485ad4d63bdc1572e2274f464162f8aa08f3-1ccf|Uruguay Location Compensation
14:58:49.0 (119557939)|WF_FLOW_ACTION_BEGIN|09Lf4000000hSfK
14:58:49.119 (119588389)|FLOW_CREATE_INTERVIEW_BEGIN|00Df400000264R3|300f40000005TUu|301f40000002crQ
14:58:49.119 (119610829)|FLOW_CREATE_INTERVIEW_END|881685ad4d63bdc1572e2274f464162f8aa08f3-1ccd|Uruguay Location Compensation
14:58:49.0 (119708746)|WF_FLOW_ACTION_BEGIN|09Lf4000000hSfK
14:58:49.119 (119738906)|FLOW_CREATE_INTERVIEW_BEGIN|00Df400000264R3|300f40000005TUu|301f40000002crQ
14:58:49.119 (119761152)|FLOW_CREATE_INTERVIEW_END|881885ad4d63bdc1572e2274f464162f8aa08f3-1ccb|Uruguay Location Compensation
14:58:49.0 (119857251)|WF_FLOW_ACTION_BEGIN|09Lf4000000hSfK
14:58:49.119 (119887341)|FLOW_CREATE_INTERVIEW_BEGIN|00Df400000264R3|300f40000005TUu|301f40000002crQ
14:58:49.119 (119908902)|FLOW_CREATE_INTERVIEW_END|882085ad4d63bdc1572e2274f464162f8aa08f3-1cc9|Uruguay Location Compensation
14:58:49.0 (120003669)|WF_FLOW_ACTION_BEGIN|09Lf4000000hSfK
14:58:49.120 (120032643)|FLOW_CREATE_INTERVIEW_BEGIN|00Df400000264R3|300f40000005TUu|301f40000002crQ
14:58:49.120 (120059792)|FLOW_CREATE_INTERVIEW_END|882285ad4d63bdc1572e2274f464162f8aa08f3-1cc7|Uruguay Location Compensation
14:58:49.0 (120154527)|WF_FLOW_ACTION_BEGIN|09Lf4000000hSfK
14:58:49.120 (120183506)|FLOW_CREATE_INTERVIEW_BEGIN|00Df400000264R3|300f40000005TUu|301f40000002crQ
14:58:49.120 (120204722)|FLOW_CREATE_INTERVIEW_END|882485ad4d63bdc1572e2274f464162f8aa08f3-1cc5|Uruguay Location Compensation
14:58:49.0 (120299391)|WF_FLOW_ACTION_BEGIN|09Lf4000000hSfK
14:58:49.120 (120328013)|FLOW_CREATE_INTERVIEW_BEGIN|00Df400000264R3|300f40000005TUu|301f40000002crQ
14:58:49.120 (120349941)|FLOW_CREATE_INTERVIEW_END|882685ad4d63bdc1572e2274f464162f8aa08f3-1cc3|Uruguay Location Compensation
14:58:49.120 (120478797)|FLOW_START_INTERVIEWS_BEGIN|10
14:58:49.120 (120498313)|FLOW_START_INTERVIEW_BEGIN|880885ad4d63bdc1572e2274f464162f8aa08f3-1cd5|Uruguay Location Compensation
14:58:49.120 (121794386)|FLOW_START_INTERVIEW_END|880885ad4d63bdc1572e2274f464162f8aa08f3-1cd5|Uruguay Location Compensation
14:58:49.120 (121807385)|FLOW_START_INTERVIEW_BEGIN|881085ad4d63bdc1572e2274f464162f8aa08f3-1cd3|Uruguay Location Compensation
14:58:49.120 (122219870)|FLOW_START_INTERVIEW_END|881085ad4d63bdc1572e2274f464162f8aa08f3-1cd3|Uruguay Location Compensation
14:58:49.120 (122231865)|FLOW_START_INTERVIEW_BEGIN|881285ad4d63bdc1572e2274f464162f8aa08f3-1cd1|Uruguay Location Compensation
14:58:49.120 (122603144)|FLOW_START_INTERVIEW_END|881285ad4d63bdc1572e2274f464162f8aa08f3-1cd1|Uruguay Location Compensation
14:58:49.120 (122613953)|FLOW_START_INTERVIEW_BEGIN|881485ad4d63bdc1572e2274f464162f8aa08f3-1ccf|Uruguay Location Compensation
14:58:49.120 (122975408)|FLOW_START_INTERVIEW_END|881485ad4d63bdc1572e2274f464162f8aa08f3-1ccf|Uruguay Location Compensation
14:58:49.120 (122986286)|FLOW_START_INTERVIEW_BEGIN|881685ad4d63bdc1572e2274f464162f8aa08f3-1ccd|Uruguay Location Compensation
14:58:49.120 (123357447)|FLOW_START_INTERVIEW_END|881685ad4d63bdc1572e2274f464162f8aa08f3-1ccd|Uruguay Location Compensation
14:58:49.120 (123369063)|FLOW_START_INTERVIEW_BEGIN|881885ad4d63bdc1572e2274f464162f8aa08f3-1ccb|Uruguay Location Compensation
14:58:49.120 (123729303)|FLOW_START_INTERVIEW_END|881885ad4d63bdc1572e2274f464162f8aa08f3-1ccb|Uruguay Location Compensation
14:58:49.120 (123740049)|FLOW_START_INTERVIEW_BEGIN|882085ad4d63bdc1572e2274f464162f8aa08f3-1cc9|Uruguay Location Compensation
14:58:49.120 (124105482)|FLOW_START_INTERVIEW_END|882085ad4d63bdc1572e2274f464162f8aa08f3-1cc9|Uruguay Location Compensation
14:58:49.120 (124120589)|FLOW_START_INTERVIEW_BEGIN|882285ad4d63bdc1572e2274f464162f8aa08f3-1cc7|Uruguay Location Compensation
14:58:49.120 (124496388)|FLOW_START_INTERVIEW_END|882285ad4d63bdc1572e2274f464162f8aa08f3-1cc7|Uruguay Location Compensation
14:58:49.120 (124507117)|FLOW_START_INTERVIEW_BEGIN|882485ad4d63bdc1572e2274f464162f8aa08f3-1cc5|Uruguay Location Compensation
14:58:49.120 (124875515)|FLOW_START_INTERVIEW_END|882485ad4d63bdc1572e2274f464162f8aa08f3-1cc5|Uruguay Location Compensation
14:58:49.120 (124886413)|FLOW_START_INTERVIEW_BEGIN|882685ad4d63bdc1572e2274f464162f8aa08f3-1cc3|Uruguay Location Compensation
14:58:49.120 (125257825)|FLOW_START_INTERVIEW_END|882685ad4d63bdc1572e2274f464162f8aa08f3-1cc3|Uruguay Location Compensation
14:58:49.120 (125270180)|FLOW_START_INTERVIEWS_END|10
14:58:49.0 (126326550)|WF_FLOW_ACTION_END|09Lf4000000hSfK
14:58:49.0 (126334665)|WF_FLOW_ACTION_END|09Lf4000000hSfK
14:58:49.0 (126338351)|WF_FLOW_ACTION_END|09Lf4000000hSfK
14:58:49.0 (126340999)|WF_FLOW_ACTION_END|09Lf4000000hSfK
14:58:49.0 (126343519)|WF_FLOW_ACTION_END|09Lf4000000hSfK
14:58:49.0 (126346245)|WF_FLOW_ACTION_END|09Lf4000000hSfK
14:58:49.0 (126351607)|WF_FLOW_ACTION_END|09Lf4000000hSfK
14:58:49.0 (126354788)|WF_FLOW_ACTION_END|09Lf4000000hSfK
14:58:49.0 (126357541)|WF_FLOW_ACTION_END|09Lf4000000hSfK
14:58:49.0 (126360147)|WF_FLOW_ACTION_END|09Lf4000000hSfK
14:58:49.0 (126460695)|WF_ACTIONS_END| Flow Trigger: 10;
14:58:49.0 (126468513)|CODE_UNIT_FINISHED|Workflow:01If40000017tCd
14:58:49.0 (127361080)|DML_END|[13]
14:58:49.0 (127419816)|HEAP_ALLOCATE|[EXTERNAL]|Bytes:44
14:58:49.127 (127440716)|CUMULATIVE_LIMIT_USAGE
14:58:49.127 (127440716)|LIMIT_USAGE_FOR_NS|(default)|
  Number of SOQL queries: 0 out of 100
  Number of query rows: 0 out of 50000
  Number of SOSL queries: 0 out of 20
  Number of DML statements: 2 out of 150
  Number of DML rows: 11 out of 10000
  Maximum CPU time: 0 out of 10000
  Maximum heap size: 0 out of 6000000
  Number of callouts: 0 out of 100
  Number of Email Invocations: 0 out of 10
  Number of future calls: 0 out of 50
  Number of queueable jobs added to the queue: 0 out of 50
  Number of Mobile Apex push calls: 0 out of 10

14:58:49.127 (127440716)|CUMULATIVE_LIMIT_USAGE_END

14:58:49.0 (127468717)|CODE_UNIT_FINISHED|testCompensationController.testDataSetup
14:58:49.0 (128293064)|EXECUTION_FINISHED
14:58:49.134 (134085230)|USER_INFO|[EXTERNAL]|005f4000001iPIc|lrodriguez-onboarding@altimetrik.com|Argentine Time|GMT-03:00
14:58:49.134 (134100929)|EXECUTION_STARTED
14:58:49.134 (134104694)|CODE_UNIT_STARTED|[EXTERNAL]|01pf400000ARf7J|testCompensationController.getCompensationsTest4
14:58:49.134 (134231416)|HEAP_ALLOCATE|[72]|Bytes:3
14:58:49.134 (134260269)|HEAP_ALLOCATE|[77]|Bytes:152
14:58:49.134 (134274157)|HEAP_ALLOCATE|[342]|Bytes:408
14:58:49.134 (134286556)|HEAP_ALLOCATE|[355]|Bytes:408
14:58:49.134 (134298384)|HEAP_ALLOCATE|[467]|Bytes:48
14:58:49.134 (134323917)|HEAP_ALLOCATE|[139]|Bytes:6
14:58:49.134 (134338166)|HEAP_ALLOCATE|[EXTERNAL]|Bytes:138
14:58:49.134 (134346926)|METHOD_ENTRY|[2]|01pf400000ARf7J|testCompensationController.testCompensationController()
14:58:49.134 (134352411)|STATEMENT_EXECUTE|[2]
14:58:49.134 (134355887)|STATEMENT_EXECUTE|[2]
14:58:49.134 (134359495)|METHOD_EXIT|[2]|testCompensationController
14:58:49.134 (134443286)|HEAP_ALLOCATE|[50]|Bytes:5
14:58:49.134 (134461730)|HEAP_ALLOCATE|[56]|Bytes:5
14:58:49.134 (134469590)|HEAP_ALLOCATE|[64]|Bytes:7
14:58:49.134 (134498236)|STATEMENT_EXECUTE|[65]
14:58:49.134 (134500475)|STATEMENT_EXECUTE|[67]
14:58:49.134 (134504438)|HEAP_ALLOCATE|[67]|Bytes:88
14:58:49.134 (134520365)|HEAP_ALLOCATE|[67]|Bytes:4
14:58:49.134 (134750376)|SOQL_EXECUTE_BEGIN|[67]|Aggregations:0|SELECT Id, Name, RecordType.Name FROM Compensation__c WHERE RecordType.Name = 'research'
14:58:49.134 (138418222)|SOQL_EXECUTE_END|[67]|Rows:0
14:58:49.134 (138443311)|HEAP_ALLOCATE|[67]|Bytes:4
14:58:49.134 (138455033)|HEAP_ALLOCATE|[67]|Bytes:0
14:58:49.134 (138492138)|HEAP_ALLOCATE|[67]|Bytes:4
14:58:49.134 (138503471)|VARIABLE_SCOPE_BEGIN|[67]|all_comp|List<Compensation__c>|true|false
14:58:49.134 (138537730)|VARIABLE_ASSIGNMENT|[67]|all_comp|[]|0x15fe0160
14:58:49.134 (138543892)|STATEMENT_EXECUTE|[70]
14:58:49.134 (138573941)|VARIABLE_SCOPE_BEGIN|[70]|soql_count|Integer|false|false
14:58:49.134 (138581539)|HEAP_ALLOCATE|[70]|Bytes:4
14:58:49.134 (138590521)|VARIABLE_ASSIGNMENT|[70]|soql_count|0
14:58:49.134 (138595187)|STATEMENT_EXECUTE|[73]
14:58:49.134 (138665920)|HEAP_ALLOCATE|[73]|Bytes:63
14:58:49.134 (138675740)|SYSTEM_METHOD_ENTRY|[1]|Test.Test()
14:58:49.134 (138679929)|STATEMENT_EXECUTE|[1]
14:58:49.134 (138686070)|SYSTEM_METHOD_EXIT|[1]|Test
14:58:49.134 (138697237)|METHOD_ENTRY|[73]||System.Test.startTest()
14:58:49.134 (139796509)|METHOD_EXIT|[73]||System.Test.startTest()
14:58:49.134 (139804597)|STATEMENT_EXECUTE|[74]
14:58:49.134 (139808751)|HEAP_ALLOCATE|[74]|Bytes:8
14:58:49.134 (145540992)|HEAP_ALLOCATE|[74]|Bytes:4
14:58:49.134 (145560610)|METHOD_ENTRY|[1]|01pf4000009OyzM|CompensationController.CompensationController()
14:58:49.134 (145566423)|STATEMENT_EXECUTE|[1]
14:58:49.134 (145571287)|STATEMENT_EXECUTE|[1]
14:58:49.134 (145941075)|SYSTEM_MODE_ENTER|false
14:58:49.134 (145953492)|HEAP_ALLOCATE|[74]|Bytes:5
14:58:49.134 (145961707)|SYSTEM_MODE_EXIT|false
14:58:49.134 (145971425)|METHOD_EXIT|[1]|CompensationController
14:58:49.134 (145996489)|METHOD_ENTRY|[74]|01pf4000009OyzM|CompensationController.getCompensations(String)
14:58:49.134 (146022547)|VARIABLE_SCOPE_BEGIN|[3]|filter|String|false|false
14:58:49.134 (146035561)|VARIABLE_ASSIGNMENT|[3]|filter|"research"
14:58:49.134 (146057212)|SYSTEM_MODE_ENTER|false
14:58:49.134 (146063426)|HEAP_ALLOCATE|[4]|Bytes:5
14:58:49.134 (146068796)|STATEMENT_EXECUTE|[3]
14:58:49.134 (146070635)|STATEMENT_EXECUTE|[4]
14:58:49.134 (146087121)|HEAP_ALLOCATE|[4]|Bytes:4
14:58:49.134 (146131957)|VARIABLE_SCOPE_BEGIN|[4]|compensations|List<Compensation__c>|true|false
14:58:49.134 (146143135)|HEAP_ALLOCATE|[EXTERNAL]|Bytes:4
14:58:49.134 (146152887)|VARIABLE_ASSIGNMENT|[4]|compensations|[]|0x57abae18
14:58:49.134 (146159950)|HEAP_ALLOCATE|[5]|Bytes:3
14:58:49.134 (146176540)|HEAP_ALLOCATE|[10]|Bytes:5
14:58:49.134 (146183840)|HEAP_ALLOCATE|[10]|Bytes:6
14:58:49.134 (146193816)|STATEMENT_EXECUTE|[10]
14:58:49.134 (146195760)|STATEMENT_EXECUTE|[11]
14:58:49.134 (146197967)|HEAP_ALLOCATE|[11]|Bytes:210
14:58:49.134 (146209955)|HEAP_ALLOCATE|[11]|Bytes:4
14:58:49.134 (146215955)|HEAP_ALLOCATE|[11]|Bytes:7
14:58:49.134 (146599594)|SOQL_EXECUTE_BEGIN|[11]|Aggregations:0|SELECT Employee__r.Id, Employee__r.Name, Employee__r.birthdate, job_category__c, RecordType.Name, amount__c, location__c, office__c, submitted__c, status__c FROM Compensation__c WHERE RecordType.Name = :tmpVar1
14:58:49.134 (150332533)|SOQL_EXECUTE_END|[11]|Rows:0
14:58:49.134 (150355704)|HEAP_ALLOCATE|[11]|Bytes:4
14:58:49.134 (150368077)|HEAP_ALLOCATE|[11]|Bytes:0
14:58:49.134 (150395267)|HEAP_ALLOCATE|[11]|Bytes:4
14:58:49.134 (150412596)|VARIABLE_ASSIGNMENT|[11]|compensations|[]|0x7ea327c3
14:58:49.134 (150419735)|STATEMENT_EXECUTE|[17]
14:58:49.134 (150424254)|SYSTEM_MODE_EXIT|false
14:58:49.134 (150434689)|METHOD_EXIT|[74]|01pf4000009OyzM|CompensationController.getCompensations(String)
14:58:49.134 (150441935)|VARIABLE_SCOPE_BEGIN|[74]|all_comp_using_ctrl|List<Compensation__c>|true|false
14:58:49.134 (150452980)|VARIABLE_ASSIGNMENT|[74]|all_comp_using_ctrl|[]|0x7ea327c3
14:58:49.134 (150457947)|STATEMENT_EXECUTE|[75]
14:58:49.134 (150470180)|METHOD_ENTRY|[75]||System.Test.stopTest()
14:58:49.134 (151988201)|METHOD_EXIT|[75]||System.Test.stopTest()
14:58:49.134 (151996717)|STATEMENT_EXECUTE|[78]
14:58:49.134 (152026478)|VARIABLE_SCOPE_BEGIN|[78]|ctrl_count|Integer|false|false
14:58:49.134 (152035289)|HEAP_ALLOCATE|[78]|Bytes:4
14:58:49.134 (152050729)|VARIABLE_ASSIGNMENT|[78]|ctrl_count|0
14:58:49.134 (152055123)|STATEMENT_EXECUTE|[79]
14:58:49.152 (152095190)|CUMULATIVE_LIMIT_USAGE
14:58:49.152 (152095190)|LIMIT_USAGE_FOR_NS|(default)|
  Number of SOQL queries: 1 out of 100
  Number of query rows: 0 out of 50000
  Number of SOSL queries: 0 out of 20
  Number of DML statements: 2 out of 150
  Number of DML rows: 11 out of 10000
  Maximum CPU time: 0 out of 10000
  Maximum heap size: 0 out of 6000000
  Number of callouts: 0 out of 100
  Number of Email Invocations: 0 out of 10
  Number of future calls: 0 out of 50
  Number of queueable jobs added to the queue: 0 out of 50
  Number of Mobile Apex push calls: 0 out of 10

14:58:49.152 (152095190)|TESTING_LIMITS
14:58:49.152 (152095190)|LIMIT_USAGE_FOR_NS|(default)|
  Number of SOQL queries: 1 out of 100
  Number of query rows: 0 out of 50000
  Number of SOSL queries: 0 out of 20
  Number of DML statements: 0 out of 150
  Number of DML rows: 0 out of 10000
  Maximum CPU time: 0 out of 10000
  Maximum heap size: 0 out of 6000000
  Number of callouts: 0 out of 100
  Number of Email Invocations: 0 out of 10
  Number of future calls: 0 out of 50
  Number of queueable jobs added to the queue: 0 out of 50
  Number of Mobile Apex push calls: 0 out of 10

14:58:49.152 (152095190)|CUMULATIVE_LIMIT_USAGE_END

14:58:49.134 (152132985)|CODE_UNIT_FINISHED|testCompensationController.getCompensationsTest4
14:58:49.134 (153174830)|EXECUTION_FINISHED
14:58:49.188 (188528487)|USER_INFO|[EXTERNAL]|005f4000001iPIc|lrodriguez-onboarding@altimetrik.com|Argentine Time|GMT-03:00
14:58:49.188 (188547885)|EXECUTION_STARTED
14:58:49.188 (188551655)|CODE_UNIT_STARTED|[EXTERNAL]|01pf400000ARf7J|testCompensationController.getCompensationsTest3
14:58:49.188 (188703401)|HEAP_ALLOCATE|[72]|Bytes:3
14:58:49.188 (188734959)|HEAP_ALLOCATE|[77]|Bytes:152
14:58:49.188 (188748599)|HEAP_ALLOCATE|[342]|Bytes:408
14:58:49.188 (188761772)|HEAP_ALLOCATE|[355]|Bytes:408
14:58:49.188 (188773721)|HEAP_ALLOCATE|[467]|Bytes:48
14:58:49.188 (188799034)|HEAP_ALLOCATE|[139]|Bytes:6
14:58:49.188 (188813447)|HEAP_ALLOCATE|[EXTERNAL]|Bytes:138
14:58:49.188 (188823535)|METHOD_ENTRY|[2]|01pf400000ARf7J|testCompensationController.testCompensationController()
14:58:49.188 (188830308)|STATEMENT_EXECUTE|[2]
14:58:49.188 (188833381)|STATEMENT_EXECUTE|[2]
14:58:49.188 (188837539)|METHOD_EXIT|[2]|testCompensationController
14:58:49.188 (188911736)|HEAP_ALLOCATE|[50]|Bytes:5
14:58:49.188 (188930437)|HEAP_ALLOCATE|[56]|Bytes:5
14:58:49.188 (188938497)|HEAP_ALLOCATE|[64]|Bytes:7
14:58:49.188 (188967145)|STATEMENT_EXECUTE|[48]
14:58:49.188 (188969314)|STATEMENT_EXECUTE|[50]
14:58:49.188 (188972259)|HEAP_ALLOCATE|[50]|Bytes:86
14:58:49.188 (188986295)|HEAP_ALLOCATE|[50]|Bytes:4
14:58:49.188 (189222292)|SOQL_EXECUTE_BEGIN|[50]|Aggregations:0|SELECT Id, Name, RecordType.Name FROM Compensation__c WHERE RecordType.Name = 'salary'
14:58:49.188 (194702760)|SOQL_EXECUTE_END|[50]|Rows:0
14:58:49.188 (194732149)|HEAP_ALLOCATE|[50]|Bytes:4
14:58:49.188 (194747590)|HEAP_ALLOCATE|[50]|Bytes:0
14:58:49.188 (194793196)|HEAP_ALLOCATE|[50]|Bytes:4
14:58:49.188 (194808226)|VARIABLE_SCOPE_BEGIN|[50]|all_comp|List<Compensation__c>|true|false
14:58:49.188 (194839860)|VARIABLE_ASSIGNMENT|[50]|all_comp|[]|0x29024e9e
14:58:49.188 (194847745)|STATEMENT_EXECUTE|[53]
14:58:49.188 (194883817)|VARIABLE_SCOPE_BEGIN|[53]|soql_count|Integer|false|false
14:58:49.188 (194892260)|HEAP_ALLOCATE|[53]|Bytes:4
14:58:49.188 (194902186)|VARIABLE_ASSIGNMENT|[53]|soql_count|0
14:58:49.188 (194906488)|STATEMENT_EXECUTE|[56]
14:58:49.188 (194924546)|HEAP_ALLOCATE|[56]|Bytes:63
14:58:49.188 (194935360)|SYSTEM_METHOD_ENTRY|[1]|Test.Test()
14:58:49.188 (194939175)|STATEMENT_EXECUTE|[1]
14:58:49.188 (194947335)|SYSTEM_METHOD_EXIT|[1]|Test
14:58:49.188 (194957613)|METHOD_ENTRY|[56]||System.Test.startTest()
14:58:49.188 (196159418)|METHOD_EXIT|[56]||System.Test.startTest()
14:58:49.188 (196170945)|STATEMENT_EXECUTE|[57]
14:58:49.188 (196176576)|HEAP_ALLOCATE|[57]|Bytes:6
14:58:49.188 (196193009)|HEAP_ALLOCATE|[57]|Bytes:4
14:58:49.188 (196201124)|METHOD_ENTRY|[1]|01pf4000009OyzM|CompensationController.CompensationController()
14:58:49.188 (196207636)|STATEMENT_EXECUTE|[1]
14:58:49.188 (196210753)|STATEMENT_EXECUTE|[1]
14:58:49.188 (196587498)|SYSTEM_MODE_ENTER|false
14:58:49.188 (196606199)|HEAP_ALLOCATE|[57]|Bytes:5
14:58:49.188 (196616090)|SYSTEM_MODE_EXIT|false
14:58:49.188 (196626815)|METHOD_EXIT|[1]|CompensationController
14:58:49.188 (196638483)|METHOD_ENTRY|[57]|01pf4000009OyzM|CompensationController.getCompensations(String)
14:58:49.188 (196657230)|VARIABLE_SCOPE_BEGIN|[3]|filter|String|false|false
14:58:49.188 (196671446)|VARIABLE_ASSIGNMENT|[3]|filter|"salary"
14:58:49.188 (196688211)|SYSTEM_MODE_ENTER|false
14:58:49.188 (196694146)|HEAP_ALLOCATE|[4]|Bytes:5
14:58:49.188 (196699269)|STATEMENT_EXECUTE|[3]
14:58:49.188 (196701251)|STATEMENT_EXECUTE|[4]
14:58:49.188 (196733439)|HEAP_ALLOCATE|[4]|Bytes:4
14:58:49.188 (196761906)|VARIABLE_SCOPE_BEGIN|[4]|compensations|List<Compensation__c>|true|false
14:58:49.188 (196774809)|HEAP_ALLOCATE|[EXTERNAL]|Bytes:4
14:58:49.188 (196784203)|VARIABLE_ASSIGNMENT|[4]|compensations|[]|0x4c0bc4f8
14:58:49.188 (196791336)|HEAP_ALLOCATE|[5]|Bytes:3
14:58:49.188 (196812822)|HEAP_ALLOCATE|[10]|Bytes:5
14:58:49.188 (196827380)|STATEMENT_EXECUTE|[10]
14:58:49.188 (196829493)|STATEMENT_EXECUTE|[11]
14:58:49.188 (196832422)|HEAP_ALLOCATE|[11]|Bytes:210
14:58:49.188 (196843977)|HEAP_ALLOCATE|[11]|Bytes:4
14:58:49.188 (196863174)|HEAP_ALLOCATE|[11]|Bytes:7
14:58:49.188 (197230163)|SOQL_EXECUTE_BEGIN|[11]|Aggregations:0|SELECT Employee__r.Id, Employee__r.Name, Employee__r.birthdate, job_category__c, RecordType.Name, amount__c, location__c, office__c, submitted__c, status__c FROM Compensation__c WHERE RecordType.Name = :tmpVar1
14:58:49.188 (200708312)|SOQL_EXECUTE_END|[11]|Rows:0
14:58:49.188 (200730178)|HEAP_ALLOCATE|[11]|Bytes:4
14:58:49.188 (200742210)|HEAP_ALLOCATE|[11]|Bytes:0
14:58:49.188 (200769453)|HEAP_ALLOCATE|[11]|Bytes:4
14:58:49.188 (200787090)|VARIABLE_ASSIGNMENT|[11]|compensations|[]|0x1c0cfb1f
14:58:49.188 (200793609)|STATEMENT_EXECUTE|[17]
14:58:49.188 (200798303)|SYSTEM_MODE_EXIT|false
14:58:49.188 (200808709)|METHOD_EXIT|[57]|01pf4000009OyzM|CompensationController.getCompensations(String)
14:58:49.188 (200816681)|VARIABLE_SCOPE_BEGIN|[57]|all_comp_using_ctrl|List<Compensation__c>|true|false
14:58:49.188 (200826491)|VARIABLE_ASSIGNMENT|[57]|all_comp_using_ctrl|[]|0x1c0cfb1f
14:58:49.188 (200831819)|STATEMENT_EXECUTE|[58]
14:58:49.188 (200842747)|METHOD_ENTRY|[58]||System.Test.stopTest()
14:58:49.188 (202121821)|METHOD_EXIT|[58]||System.Test.stopTest()
14:58:49.188 (202130390)|STATEMENT_EXECUTE|[61]
14:58:49.188 (202157901)|VARIABLE_SCOPE_BEGIN|[61]|ctrl_count|Integer|false|false
14:58:49.188 (202165898)|HEAP_ALLOCATE|[61]|Bytes:4
14:58:49.188 (202175266)|VARIABLE_ASSIGNMENT|[61]|ctrl_count|0
14:58:49.188 (202179735)|STATEMENT_EXECUTE|[62]
14:58:49.202 (202219489)|CUMULATIVE_LIMIT_USAGE
14:58:49.202 (202219489)|LIMIT_USAGE_FOR_NS|(default)|
  Number of SOQL queries: 1 out of 100
  Number of query rows: 0 out of 50000
  Number of SOSL queries: 0 out of 20
  Number of DML statements: 2 out of 150
  Number of DML rows: 11 out of 10000
  Maximum CPU time: 0 out of 10000
  Maximum heap size: 0 out of 6000000
  Number of callouts: 0 out of 100
  Number of Email Invocations: 0 out of 10
  Number of future calls: 0 out of 50
  Number of queueable jobs added to the queue: 0 out of 50
  Number of Mobile Apex push calls: 0 out of 10

14:58:49.202 (202219489)|TESTING_LIMITS
14:58:49.202 (202219489)|LIMIT_USAGE_FOR_NS|(default)|
  Number of SOQL queries: 1 out of 100
  Number of query rows: 0 out of 50000
  Number of SOSL queries: 0 out of 20
  Number of DML statements: 0 out of 150
  Number of DML rows: 0 out of 10000
  Maximum CPU time: 0 out of 10000
  Maximum heap size: 0 out of 6000000
  Number of callouts: 0 out of 100
  Number of Email Invocations: 0 out of 10
  Number of future calls: 0 out of 50
  Number of queueable jobs added to the queue: 0 out of 50
  Number of Mobile Apex push calls: 0 out of 10

14:58:49.202 (202219489)|CUMULATIVE_LIMIT_USAGE_END

14:58:49.188 (202260245)|CODE_UNIT_FINISHED|testCompensationController.getCompensationsTest3
14:58:49.188 (203168176)|EXECUTION_FINISHED
14:58:49.233 (233508827)|USER_INFO|[EXTERNAL]|005f4000001iPIc|lrodriguez-onboarding@altimetrik.com|Argentine Time|GMT-03:00
14:58:49.233 (233528267)|EXECUTION_STARTED
14:58:49.233 (233531762)|CODE_UNIT_STARTED|[EXTERNAL]|01pf400000ARf7J|testCompensationController.getCompensationsTest2
14:58:49.233 (233625367)|HEAP_ALLOCATE|[72]|Bytes:3
14:58:49.233 (233646234)|HEAP_ALLOCATE|[77]|Bytes:152
14:58:49.233 (233657290)|HEAP_ALLOCATE|[342]|Bytes:408
14:58:49.233 (233672296)|HEAP_ALLOCATE|[355]|Bytes:408
14:58:49.233 (233685200)|HEAP_ALLOCATE|[467]|Bytes:48
14:58:49.233 (233705825)|HEAP_ALLOCATE|[139]|Bytes:6
14:58:49.233 (233718790)|HEAP_ALLOCATE|[EXTERNAL]|Bytes:138
14:58:49.233 (233726307)|METHOD_ENTRY|[2]|01pf400000ARf7J|testCompensationController.testCompensationController()
14:58:49.233 (233731621)|STATEMENT_EXECUTE|[2]
14:58:49.233 (233734853)|STATEMENT_EXECUTE|[2]
14:58:49.233 (233738251)|METHOD_EXIT|[2]|testCompensationController
14:58:49.233 (233804211)|HEAP_ALLOCATE|[50]|Bytes:5
14:58:49.233 (233821757)|HEAP_ALLOCATE|[56]|Bytes:5
14:58:49.233 (233830278)|HEAP_ALLOCATE|[64]|Bytes:7
14:58:49.233 (233852356)|STATEMENT_EXECUTE|[31]
14:58:49.233 (233857271)|STATEMENT_EXECUTE|[33]
14:58:49.233 (233860006)|HEAP_ALLOCATE|[33]|Bytes:85
14:58:49.233 (233873171)|HEAP_ALLOCATE|[33]|Bytes:4
14:58:49.233 (234103223)|SOQL_EXECUTE_BEGIN|[33]|Aggregations:0|SELECT Id, Name, RecordType.Name FROM Compensation__c WHERE RecordType.Name = 'study'
14:58:49.233 (238726900)|SOQL_EXECUTE_END|[33]|Rows:10
14:58:49.233 (238747385)|HEAP_ALLOCATE|[33]|Bytes:44
14:58:49.233 (238778350)|HEAP_ALLOCATE|[33]|Bytes:941
14:58:49.233 (238815884)|HEAP_ALLOCATE|[33]|Bytes:44
14:58:49.233 (238826548)|VARIABLE_SCOPE_BEGIN|[33]|all_comp|List<Compensation__c>|true|false
14:58:49.233 (238851356)|VARIABLE_ASSIGNMENT|[33]|all_comp|"List of size 10 too large to display"|0x6b7d85a8
14:58:49.233 (238857343)|STATEMENT_EXECUTE|[36]
14:58:49.233 (238886167)|VARIABLE_SCOPE_BEGIN|[36]|soql_count|Integer|false|false
14:58:49.233 (238897189)|HEAP_ALLOCATE|[36]|Bytes:4
14:58:49.233 (238907202)|VARIABLE_ASSIGNMENT|[36]|soql_count|10
14:58:49.233 (238911399)|STATEMENT_EXECUTE|[39]
14:58:49.233 (238925080)|HEAP_ALLOCATE|[39]|Bytes:63
14:58:49.233 (238934335)|SYSTEM_METHOD_ENTRY|[1]|Test.Test()
14:58:49.233 (238938212)|STATEMENT_EXECUTE|[1]
14:58:49.233 (238945865)|SYSTEM_METHOD_EXIT|[1]|Test
14:58:49.233 (238955642)|METHOD_ENTRY|[39]||System.Test.startTest()
14:58:49.233 (240106027)|METHOD_EXIT|[39]||System.Test.startTest()
14:58:49.233 (240117247)|STATEMENT_EXECUTE|[40]
14:58:49.233 (240121467)|HEAP_ALLOCATE|[40]|Bytes:5
14:58:49.233 (240135872)|HEAP_ALLOCATE|[40]|Bytes:4
14:58:49.233 (240142799)|METHOD_ENTRY|[1]|01pf4000009OyzM|CompensationController.CompensationController()
14:58:49.233 (240147268)|STATEMENT_EXECUTE|[1]
14:58:49.233 (240149884)|STATEMENT_EXECUTE|[1]
14:58:49.233 (240530910)|SYSTEM_MODE_ENTER|false
14:58:49.233 (240548616)|HEAP_ALLOCATE|[40]|Bytes:5
14:58:49.233 (240560847)|SYSTEM_MODE_EXIT|false
14:58:49.233 (240572824)|METHOD_EXIT|[1]|CompensationController
14:58:49.233 (240587766)|METHOD_ENTRY|[40]|01pf4000009OyzM|CompensationController.getCompensations(String)
14:58:49.233 (240610411)|VARIABLE_SCOPE_BEGIN|[3]|filter|String|false|false
14:58:49.233 (240625790)|VARIABLE_ASSIGNMENT|[3]|filter|"study"
14:58:49.233 (240643849)|SYSTEM_MODE_ENTER|false
14:58:49.233 (240650542)|HEAP_ALLOCATE|[4]|Bytes:5
14:58:49.233 (240656989)|STATEMENT_EXECUTE|[3]
14:58:49.233 (240659618)|STATEMENT_EXECUTE|[4]
14:58:49.233 (240682402)|HEAP_ALLOCATE|[4]|Bytes:4
14:58:49.233 (240709780)|VARIABLE_SCOPE_BEGIN|[4]|compensations|List<Compensation__c>|true|false
14:58:49.233 (240725949)|HEAP_ALLOCATE|[EXTERNAL]|Bytes:4
14:58:49.233 (240738126)|VARIABLE_ASSIGNMENT|[4]|compensations|[]|0x7e2b1493
14:58:49.233 (240747760)|HEAP_ALLOCATE|[5]|Bytes:3
14:58:49.233 (240779716)|STATEMENT_EXECUTE|[10]
14:58:49.233 (240782035)|STATEMENT_EXECUTE|[11]
14:58:49.233 (240785194)|HEAP_ALLOCATE|[11]|Bytes:210
14:58:49.233 (240798689)|HEAP_ALLOCATE|[11]|Bytes:4
14:58:49.233 (240806697)|HEAP_ALLOCATE|[11]|Bytes:7
14:58:49.233 (241305572)|SOQL_EXECUTE_BEGIN|[11]|Aggregations:0|SELECT Employee__r.Id, Employee__r.Name, Employee__r.birthdate, job_category__c, RecordType.Name, amount__c, location__c, office__c, submitted__c, status__c FROM Compensation__c WHERE RecordType.Name = :tmpVar1
14:58:49.233 (249830188)|SOQL_EXECUTE_END|[11]|Rows:10
14:58:49.233 (249858032)|HEAP_ALLOCATE|[11]|Bytes:44
14:58:49.233 (249906962)|HEAP_ALLOCATE|[11]|Bytes:2241
14:58:49.233 (249940119)|HEAP_ALLOCATE|[11]|Bytes:44
14:58:49.233 (249964418)|VARIABLE_ASSIGNMENT|[11]|compensations|"List of size 10 too large to display"|0x2f2707be
14:58:49.233 (249971904)|STATEMENT_EXECUTE|[17]
14:58:49.233 (249977322)|SYSTEM_MODE_EXIT|false
14:58:49.233 (249989902)|METHOD_EXIT|[40]|01pf4000009OyzM|CompensationController.getCompensations(String)
14:58:49.233 (249997807)|VARIABLE_SCOPE_BEGIN|[40]|all_comp_using_ctrl|List<Compensation__c>|true|false
14:58:49.233 (250008666)|VARIABLE_ASSIGNMENT|[40]|all_comp_using_ctrl|"List of size 10 too large to display"|0x2f2707be
14:58:49.233 (250014932)|STATEMENT_EXECUTE|[41]
14:58:49.233 (250028846)|METHOD_ENTRY|[41]||System.Test.stopTest()
14:58:49.233 (251147104)|METHOD_EXIT|[41]||System.Test.stopTest()
14:58:49.233 (251155770)|STATEMENT_EXECUTE|[44]
14:58:49.233 (251189190)|VARIABLE_SCOPE_BEGIN|[44]|ctrl_count|Integer|false|false
14:58:49.233 (251197720)|HEAP_ALLOCATE|[44]|Bytes:4
14:58:49.233 (251207855)|VARIABLE_ASSIGNMENT|[44]|ctrl_count|10
14:58:49.233 (251212553)|STATEMENT_EXECUTE|[45]
14:58:49.251 (251254264)|CUMULATIVE_LIMIT_USAGE
14:58:49.251 (251254264)|LIMIT_USAGE_FOR_NS|(default)|
  Number of SOQL queries: 1 out of 100
  Number of query rows: 10 out of 50000
  Number of SOSL queries: 0 out of 20
  Number of DML statements: 2 out of 150
  Number of DML rows: 11 out of 10000
  Maximum CPU time: 0 out of 10000
  Maximum heap size: 0 out of 6000000
  Number of callouts: 0 out of 100
  Number of Email Invocations: 0 out of 10
  Number of future calls: 0 out of 50
  Number of queueable jobs added to the queue: 0 out of 50
  Number of Mobile Apex push calls: 0 out of 10

14:58:49.251 (251254264)|TESTING_LIMITS
14:58:49.251 (251254264)|LIMIT_USAGE_FOR_NS|(default)|
  Number of SOQL queries: 1 out of 100
  Number of query rows: 10 out of 50000
  Number of SOSL queries: 0 out of 20
  Number of DML statements: 0 out of 150
  Number of DML rows: 0 out of 10000
  Maximum CPU time: 0 out of 10000
  Maximum heap size: 0 out of 6000000
  Number of callouts: 0 out of 100
  Number of Email Invocations: 0 out of 10
  Number of future calls: 0 out of 50
  Number of queueable jobs added to the queue: 0 out of 50
  Number of Mobile Apex push calls: 0 out of 10

14:58:49.251 (251254264)|CUMULATIVE_LIMIT_USAGE_END

14:58:49.233 (251295778)|CODE_UNIT_FINISHED|testCompensationController.getCompensationsTest2
14:58:49.233 (252099037)|EXECUTION_FINISHED
14:58:49.280 (280142200)|USER_INFO|[EXTERNAL]|005f4000001iPIc|lrodriguez-onboarding@altimetrik.com|Argentine Time|GMT-03:00
14:58:49.280 (280160484)|EXECUTION_STARTED
14:58:49.280 (280164128)|CODE_UNIT_STARTED|[EXTERNAL]|01pf400000ARf7J|testCompensationController.getCompensationsTest1
14:58:49.280 (280265278)|HEAP_ALLOCATE|[72]|Bytes:3
14:58:49.280 (280289594)|HEAP_ALLOCATE|[77]|Bytes:152
14:58:49.280 (280302065)|HEAP_ALLOCATE|[342]|Bytes:408
14:58:49.280 (280315209)|HEAP_ALLOCATE|[355]|Bytes:408
14:58:49.280 (280327356)|HEAP_ALLOCATE|[467]|Bytes:48
14:58:49.280 (280351119)|HEAP_ALLOCATE|[139]|Bytes:6
14:58:49.280 (280364588)|HEAP_ALLOCATE|[EXTERNAL]|Bytes:138
14:58:49.280 (280373375)|METHOD_ENTRY|[2]|01pf400000ARf7J|testCompensationController.testCompensationController()
14:58:49.280 (280378618)|STATEMENT_EXECUTE|[2]
14:58:49.280 (280381772)|STATEMENT_EXECUTE|[2]
14:58:49.280 (280385574)|METHOD_EXIT|[2]|testCompensationController
14:58:49.280 (280463107)|HEAP_ALLOCATE|[50]|Bytes:5
14:58:49.280 (280480933)|HEAP_ALLOCATE|[56]|Bytes:5
14:58:49.280 (280488568)|HEAP_ALLOCATE|[64]|Bytes:7
14:58:49.280 (280513514)|STATEMENT_EXECUTE|[16]
14:58:49.280 (280515831)|STATEMENT_EXECUTE|[18]
14:58:49.280 (280518644)|HEAP_ALLOCATE|[18]|Bytes:36
14:58:49.280 (280533072)|HEAP_ALLOCATE|[18]|Bytes:4
14:58:49.280 (280679767)|SOQL_EXECUTE_BEGIN|[18]|Aggregations:0|SELECT Id, Name FROM Compensation__c
14:58:49.280 (283203093)|SOQL_EXECUTE_END|[18]|Rows:10
14:58:49.280 (283223789)|HEAP_ALLOCATE|[18]|Bytes:44
14:58:49.280 (283249317)|HEAP_ALLOCATE|[18]|Bytes:420
14:58:49.280 (283283324)|HEAP_ALLOCATE|[18]|Bytes:44
14:58:49.280 (283293853)|VARIABLE_SCOPE_BEGIN|[18]|all_comp|List<Compensation__c>|true|false
14:58:49.280 (283321177)|VARIABLE_ASSIGNMENT|[18]|all_comp|"List of size 10 too large to display"|0x754bc008
14:58:49.280 (283327845)|STATEMENT_EXECUTE|[19]
14:58:49.280 (283358477)|VARIABLE_SCOPE_BEGIN|[19]|soql_count|Integer|false|false
14:58:49.280 (283366169)|HEAP_ALLOCATE|[19]|Bytes:4
14:58:49.280 (283374837)|VARIABLE_ASSIGNMENT|[19]|soql_count|10
14:58:49.280 (283379312)|STATEMENT_EXECUTE|[22]
14:58:49.280 (283392386)|HEAP_ALLOCATE|[22]|Bytes:63
14:58:49.280 (283400864)|SYSTEM_METHOD_ENTRY|[1]|Test.Test()
14:58:49.280 (283405012)|STATEMENT_EXECUTE|[1]
14:58:49.280 (283412162)|SYSTEM_METHOD_EXIT|[1]|Test
14:58:49.280 (283422057)|METHOD_ENTRY|[22]||System.Test.startTest()
14:58:49.280 (284607186)|METHOD_EXIT|[22]||System.Test.startTest()
14:58:49.280 (284618875)|STATEMENT_EXECUTE|[23]
14:58:49.280 (284623678)|HEAP_ALLOCATE|[23]|Bytes:3
14:58:49.280 (284643002)|HEAP_ALLOCATE|[23]|Bytes:4
14:58:49.280 (284650776)|METHOD_ENTRY|[1]|01pf4000009OyzM|CompensationController.CompensationController()
14:58:49.280 (284655502)|STATEMENT_EXECUTE|[1]
14:58:49.280 (284658718)|STATEMENT_EXECUTE|[1]
14:58:49.280 (285112210)|SYSTEM_MODE_ENTER|false
14:58:49.280 (285136602)|HEAP_ALLOCATE|[23]|Bytes:5
14:58:49.280 (285150183)|SYSTEM_MODE_EXIT|false
14:58:49.280 (285162864)|METHOD_EXIT|[1]|CompensationController
14:58:49.280 (285175828)|METHOD_ENTRY|[23]|01pf4000009OyzM|CompensationController.getCompensations(String)
14:58:49.280 (285195692)|VARIABLE_SCOPE_BEGIN|[3]|filter|String|false|false
14:58:49.280 (285208422)|VARIABLE_ASSIGNMENT|[3]|filter|"all"
14:58:49.280 (285225057)|SYSTEM_MODE_ENTER|false
14:58:49.280 (285231069)|HEAP_ALLOCATE|[4]|Bytes:5
14:58:49.280 (285235446)|STATEMENT_EXECUTE|[3]
14:58:49.280 (285237665)|STATEMENT_EXECUTE|[4]
14:58:49.280 (285255726)|HEAP_ALLOCATE|[4]|Bytes:4
14:58:49.280 (285276822)|VARIABLE_SCOPE_BEGIN|[4]|compensations|List<Compensation__c>|true|false
14:58:49.280 (285292857)|HEAP_ALLOCATE|[EXTERNAL]|Bytes:4
14:58:49.280 (285307128)|VARIABLE_ASSIGNMENT|[4]|compensations|[]|0xd450426
14:58:49.280 (285339801)|STATEMENT_EXECUTE|[5]
14:58:49.280 (285342790)|STATEMENT_EXECUTE|[6]
14:58:49.280 (285347860)|HEAP_ALLOCATE|[6]|Bytes:177
14:58:49.280 (285365314)|HEAP_ALLOCATE|[6]|Bytes:4
14:58:49.280 (285779253)|SOQL_EXECUTE_BEGIN|[6]|Aggregations:0|SELECT Employee__r.Id, Employee__r.Name, Employee__r.birthdate, job_category__c, RecordType.Name, amount__c, location__c, office__c, submitted__c, status__c FROM Compensation__c
14:58:49.280 (292442861)|SOQL_EXECUTE_END|[6]|Rows:10
14:58:49.280 (292468821)|HEAP_ALLOCATE|[6]|Bytes:44
14:58:49.280 (292519232)|HEAP_ALLOCATE|[6]|Bytes:2241
14:58:49.280 (292563299)|HEAP_ALLOCATE|[6]|Bytes:44
14:58:49.280 (292592842)|VARIABLE_ASSIGNMENT|[6]|compensations|"List of size 10 too large to display"|0x1ebcaba
14:58:49.280 (292600531)|STATEMENT_EXECUTE|[17]
14:58:49.280 (292606824)|SYSTEM_MODE_EXIT|false
14:58:49.280 (292621198)|METHOD_EXIT|[23]|01pf4000009OyzM|CompensationController.getCompensations(String)
14:58:49.280 (292630041)|VARIABLE_SCOPE_BEGIN|[23]|all_comp_using_ctrl|List<Compensation__c>|true|false
14:58:49.280 (292640993)|VARIABLE_ASSIGNMENT|[23]|all_comp_using_ctrl|"List of size 10 too large to display"|0x1ebcaba
14:58:49.280 (292646276)|STATEMENT_EXECUTE|[24]
14:58:49.280 (292662056)|METHOD_ENTRY|[24]||System.Test.stopTest()
14:58:49.280 (294240096)|METHOD_EXIT|[24]||System.Test.stopTest()
14:58:49.280 (294249249)|STATEMENT_EXECUTE|[27]
14:58:49.280 (294289807)|VARIABLE_SCOPE_BEGIN|[27]|ctrl_count|Integer|false|false
14:58:49.280 (294300001)|HEAP_ALLOCATE|[27]|Bytes:4
14:58:49.280 (294312130)|VARIABLE_ASSIGNMENT|[27]|ctrl_count|10
14:58:49.280 (294319488)|STATEMENT_EXECUTE|[28]
14:58:49.294 (294367846)|CUMULATIVE_LIMIT_USAGE
14:58:49.294 (294367846)|LIMIT_USAGE_FOR_NS|(default)|
  Number of SOQL queries: 1 out of 100
  Number of query rows: 10 out of 50000
  Number of SOSL queries: 0 out of 20
  Number of DML statements: 2 out of 150
  Number of DML rows: 11 out of 10000
  Maximum CPU time: 0 out of 10000
  Maximum heap size: 0 out of 6000000
  Number of callouts: 0 out of 100
  Number of Email Invocations: 0 out of 10
  Number of future calls: 0 out of 50
  Number of queueable jobs added to the queue: 0 out of 50
  Number of Mobile Apex push calls: 0 out of 10

14:58:49.294 (294367846)|TESTING_LIMITS
14:58:49.294 (294367846)|LIMIT_USAGE_FOR_NS|(default)|
  Number of SOQL queries: 1 out of 100
  Number of query rows: 10 out of 50000
  Number of SOSL queries: 0 out of 20
  Number of DML statements: 0 out of 150
  Number of DML rows: 0 out of 10000
  Maximum CPU time: 0 out of 10000
  Maximum heap size: 0 out of 6000000
  Number of callouts: 0 out of 100
  Number of Email Invocations: 0 out of 10
  Number of future calls: 0 out of 50
  Number of queueable jobs added to the queue: 0 out of 50
  Number of Mobile Apex push calls: 0 out of 10

14:58:49.294 (294367846)|CUMULATIVE_LIMIT_USAGE_END

14:58:49.280 (294410865)|CODE_UNIT_FINISHED|testCompensationController.getCompensationsTest1
14:58:49.280 (295566964)|EXECUTION_FINISHED
14:58:49.322 (322172373)|USER_INFO|[EXTERNAL]|005f4000001iPIc|lrodriguez-onboarding@altimetrik.com|Argentine Time|GMT-03:00
14:58:49.322 (322191204)|EXECUTION_STARTED
14:58:49.322 (322195110)|CODE_UNIT_STARTED|[EXTERNAL]|01pf400000ARf7J|testCompensationController.getCompensationsTest6
14:58:49.322 (322307583)|HEAP_ALLOCATE|[72]|Bytes:3
14:58:49.322 (322336612)|HEAP_ALLOCATE|[77]|Bytes:152
14:58:49.322 (322350296)|HEAP_ALLOCATE|[342]|Bytes:408
14:58:49.322 (322362807)|HEAP_ALLOCATE|[355]|Bytes:408
14:58:49.322 (322374657)|HEAP_ALLOCATE|[467]|Bytes:48
14:58:49.322 (322399808)|HEAP_ALLOCATE|[139]|Bytes:6
14:58:49.322 (322417759)|HEAP_ALLOCATE|[EXTERNAL]|Bytes:138
14:58:49.322 (322427716)|METHOD_ENTRY|[2]|01pf400000ARf7J|testCompensationController.testCompensationController()
14:58:49.322 (322433414)|STATEMENT_EXECUTE|[2]
14:58:49.322 (322436984)|STATEMENT_EXECUTE|[2]
14:58:49.322 (322441516)|METHOD_EXIT|[2]|testCompensationController
14:58:49.322 (322545406)|HEAP_ALLOCATE|[50]|Bytes:5
14:58:49.322 (322566673)|HEAP_ALLOCATE|[56]|Bytes:5
14:58:49.322 (322574428)|HEAP_ALLOCATE|[64]|Bytes:7
14:58:49.322 (322607011)|STATEMENT_EXECUTE|[105]
14:58:49.322 (322609376)|STATEMENT_EXECUTE|[107]
14:58:49.322 (322636671)|HEAP_ALLOCATE|[107]|Bytes:4
14:58:49.322 (322649068)|HEAP_ALLOCATE|[107]|Bytes:9
14:58:49.322 (322689754)|VARIABLE_ASSIGNMENT|[107]|this.LastName|"vatikutti"|0x573f67aa
14:58:49.322 (322715975)|VARIABLE_SCOPE_BEGIN|[107]|con|Contact|true|false
14:58:49.322 (322731358)|VARIABLE_ASSIGNMENT|[107]|con|{"LastName":"vatikutti"}|0x573f67aa
14:58:49.322 (322736682)|STATEMENT_EXECUTE|[108]
14:58:49.322 (322756510)|HEAP_ALLOCATE|[108]|Bytes:8
14:58:49.322 (322765947)|DML_BEGIN|[108]|Op:Insert|Type:Contact|Rows:1
14:58:49.322 (322794391)|HEAP_ALLOCATE|[EXTERNAL]|Bytes:8
14:58:49.322 (324232107)|CODE_UNIT_STARTED|[EXTERNAL]|DuplicateDetector
14:58:49.322 (324248028)|DUPLICATE_DETECTION_BEGIN
14:58:49.322 (324306860)|DUPLICATE_DETECTION_RULE_INVOCATION|DuplicateRuleId:0Bmf40000038BIj|DuplicateRuleName:Standard Contact Duplicate Rule|DmlType:INSERT
14:58:49.322 (337400273)|DUPLICATE_DETECTION_MATCH_INVOCATION_DETAILS|EntityType:Contact|ActionTaken:Allow_[Alert,Report]|DuplicateRecordIds:
14:58:49.322 (337419724)|DUPLICATE_DETECTION_MATCH_INVOCATION_SUMMARY|EntityType:Contact|NumRecordsToBeSaved:1|NumRecordsToBeSavedWithDuplicates:0|NumDuplicateRecordsFound:0
14:58:49.322 (337429663)|DUPLICATE_DETECTION_MATCH_INVOCATION_DETAILS|EntityType:Contact|ActionTaken:Allow_[Alert,Report]|DuplicateRecordIds:
14:58:49.322 (337435871)|DUPLICATE_DETECTION_MATCH_INVOCATION_SUMMARY|EntityType:Contact|NumRecordsToBeSaved:1|NumRecordsToBeSavedWithDuplicates:0|NumDuplicateRecordsFound:0
14:58:49.322 (337574141)|DUPLICATE_DETECTION_END
14:58:49.322 (337580470)|CODE_UNIT_FINISHED|DuplicateDetector
14:58:49.322 (351643107)|DML_END|[108]
14:58:49.322 (351667716)|STATEMENT_EXECUTE|[111]
14:58:49.322 (351695389)|HEAP_ALLOCATE|[111]|Bytes:63
14:58:49.322 (351714735)|SYSTEM_METHOD_ENTRY|[1]|Test.Test()
14:58:49.322 (351720719)|STATEMENT_EXECUTE|[1]
14:58:49.322 (351733276)|SYSTEM_METHOD_EXIT|[1]|Test
14:58:49.322 (351748463)|METHOD_ENTRY|[111]||System.Test.startTest()
14:58:49.322 (353228634)|METHOD_EXIT|[111]||System.Test.startTest()
14:58:49.322 (353238009)|STATEMENT_EXECUTE|[112]
14:58:49.322 (353263246)|HEAP_ALLOCATE|[112]|Bytes:18
14:58:49.322 (353277175)|HEAP_ALLOCATE|[112]|Bytes:4
14:58:49.322 (353284532)|METHOD_ENTRY|[1]|01pf4000009OyzM|CompensationController.CompensationController()
14:58:49.322 (353289207)|STATEMENT_EXECUTE|[1]
14:58:49.322 (353292383)|STATEMENT_EXECUTE|[1]
14:58:49.322 (353674215)|SYSTEM_MODE_ENTER|false
14:58:49.322 (353694636)|HEAP_ALLOCATE|[112]|Bytes:5
14:58:49.322 (353703420)|SYSTEM_MODE_EXIT|false
14:58:49.322 (353712599)|METHOD_EXIT|[1]|CompensationController
14:58:49.322 (353728347)|METHOD_ENTRY|[112]|01pf4000009OyzM|CompensationController.getCompensationsOfUser(String)
14:58:49.322 (353756458)|VARIABLE_SCOPE_BEGIN|[21]|recordId|String|false|false
14:58:49.322 (353770056)|VARIABLE_ASSIGNMENT|[21]|recordId|"003f400000KXzEFAA1"
14:58:49.322 (353784721)|SYSTEM_MODE_ENTER|false
14:58:49.322 (353790670)|HEAP_ALLOCATE|[22]|Bytes:5
14:58:49.322 (353795202)|STATEMENT_EXECUTE|[21]
14:58:49.322 (353797081)|STATEMENT_EXECUTE|[22]
14:58:49.322 (353821977)|HEAP_ALLOCATE|[22]|Bytes:4
14:58:49.322 (353855572)|VARIABLE_SCOPE_BEGIN|[22]|compensations|List<Compensation__c>|true|false
14:58:49.322 (353866634)|HEAP_ALLOCATE|[EXTERNAL]|Bytes:4
14:58:49.322 (353877310)|VARIABLE_ASSIGNMENT|[22]|compensations|[]|0x7b391a1f
14:58:49.322 (353882411)|STATEMENT_EXECUTE|[23]
14:58:49.322 (353886735)|HEAP_ALLOCATE|[23]|Bytes:48
14:58:49.322 (353914306)|HEAP_ALLOCATE|[23]|Bytes:4
14:58:49.322 (353924176)|HEAP_ALLOCATE|[23]|Bytes:7
14:58:49.322 (354138823)|SOQL_EXECUTE_BEGIN|[23]|Aggregations:0|SELECT Id, Name FROM Contact WHERE Id = :tmpVar1
14:58:49.322 (357485451)|SOQL_EXECUTE_END|[23]|Rows:1
14:58:49.322 (357507368)|HEAP_ALLOCATE|[23]|Bytes:8
14:58:49.322 (357523143)|HEAP_ALLOCATE|[23]|Bytes:46
14:58:49.322 (357575548)|HEAP_ALLOCATE|[23]|Bytes:8
14:58:49.322 (357587972)|VARIABLE_SCOPE_BEGIN|[23]|cts|List<Contact>|true|false
14:58:49.322 (357609799)|VARIABLE_ASSIGNMENT|[23]|cts|[{"Id":"003f400000KXzEFAA1","Name":"vatikutti"}]|0x7e90635a
14:58:49.322 (357672557)|STATEMENT_EXECUTE|[26]
14:58:49.322 (357675061)|STATEMENT_EXECUTE|[27]
14:58:49.322 (357678834)|HEAP_ALLOCATE|[27]|Bytes:209
14:58:49.322 (357694706)|HEAP_ALLOCATE|[27]|Bytes:4
14:58:49.322 (358060532)|SOQL_EXECUTE_BEGIN|[27]|Aggregations:0|SELECT Employee__r.Id, Employee__r.Name, Employee__r.birthdate, job_category__c, RecordType.Name, amount__c, location__c, office__c, submitted__c, status__c FROM Compensation__c WHERE Employee__r.Id = :tmpVar1
14:58:49.322 (361697195)|SOQL_EXECUTE_END|[27]|Rows:0
14:58:49.322 (361719157)|HEAP_ALLOCATE|[27]|Bytes:4
14:58:49.322 (361731126)|HEAP_ALLOCATE|[27]|Bytes:0
14:58:49.322 (361758252)|HEAP_ALLOCATE|[27]|Bytes:4
14:58:49.322 (361775005)|VARIABLE_ASSIGNMENT|[27]|compensations|[]|0xaadc93f
14:58:49.322 (361781777)|STATEMENT_EXECUTE|[33]
14:58:49.322 (361786876)|SYSTEM_MODE_EXIT|false
14:58:49.322 (361798305)|METHOD_EXIT|[112]|01pf4000009OyzM|CompensationController.getCompensationsOfUser(String)
14:58:49.322 (361806039)|VARIABLE_SCOPE_BEGIN|[112]|comps|List<Compensation__c>|true|false
14:58:49.322 (361815949)|VARIABLE_ASSIGNMENT|[112]|comps|[]|0xaadc93f
14:58:49.322 (361821261)|STATEMENT_EXECUTE|[113]
14:58:49.322 (361831529)|METHOD_ENTRY|[113]||System.Test.stopTest()
14:58:49.322 (362913263)|METHOD_EXIT|[113]||System.Test.stopTest()
14:58:49.322 (362921943)|STATEMENT_EXECUTE|[116]
14:58:49.362 (362975647)|CUMULATIVE_LIMIT_USAGE
14:58:49.362 (362975647)|LIMIT_USAGE_FOR_NS|(default)|
  Number of SOQL queries: 0 out of 100
  Number of query rows: 0 out of 50000
  Number of SOSL queries: 0 out of 20
  Number of DML statements: 3 out of 150
  Number of DML rows: 12 out of 10000
  Maximum CPU time: 0 out of 10000
  Maximum heap size: 0 out of 6000000
  Number of callouts: 0 out of 100
  Number of Email Invocations: 0 out of 10
  Number of future calls: 0 out of 50
  Number of queueable jobs added to the queue: 0 out of 50
  Number of Mobile Apex push calls: 0 out of 10

14:58:49.362 (362975647)|TESTING_LIMITS
14:58:49.362 (362975647)|LIMIT_USAGE_FOR_NS|(default)|
  Number of SOQL queries: 2 out of 100
  Number of query rows: 1 out of 50000
  Number of SOSL queries: 0 out of 20
  Number of DML statements: 0 out of 150
  Number of DML rows: 0 out of 10000
  Maximum CPU time: 0 out of 10000
  Maximum heap size: 0 out of 6000000
  Number of callouts: 0 out of 100
  Number of Email Invocations: 0 out of 10
  Number of future calls: 0 out of 50
  Number of queueable jobs added to the queue: 0 out of 50
  Number of Mobile Apex push calls: 0 out of 10

14:58:49.362 (362975647)|CUMULATIVE_LIMIT_USAGE_END

14:58:49.322 (363013725)|CODE_UNIT_FINISHED|testCompensationController.getCompensationsTest6
14:58:49.322 (363774582)|EXECUTION_FINISHED
14:58:49.387 (387850472)|USER_INFO|[EXTERNAL]|005f4000001iPIc|lrodriguez-onboarding@altimetrik.com|Argentine Time|GMT-03:00
14:58:49.387 (387874611)|EXECUTION_STARTED
14:58:49.387 (387879013)|CODE_UNIT_STARTED|[EXTERNAL]|01pf400000ARf7J|testCompensationController.getCompensationsTest5
14:58:49.387 (388019758)|HEAP_ALLOCATE|[72]|Bytes:3
14:58:49.387 (388064702)|HEAP_ALLOCATE|[77]|Bytes:152
14:58:49.387 (388080387)|HEAP_ALLOCATE|[342]|Bytes:408
14:58:49.387 (388093696)|HEAP_ALLOCATE|[355]|Bytes:408
14:58:49.387 (388108996)|HEAP_ALLOCATE|[467]|Bytes:48
14:58:49.387 (388135176)|HEAP_ALLOCATE|[139]|Bytes:6
14:58:49.387 (388150194)|HEAP_ALLOCATE|[EXTERNAL]|Bytes:138
14:58:49.387 (388161021)|METHOD_ENTRY|[2]|01pf400000ARf7J|testCompensationController.testCompensationController()
14:58:49.387 (388167709)|STATEMENT_EXECUTE|[2]
14:58:49.387 (388172468)|STATEMENT_EXECUTE|[2]
14:58:49.387 (388176830)|METHOD_EXIT|[2]|testCompensationController
14:58:49.387 (388322123)|HEAP_ALLOCATE|[50]|Bytes:5
14:58:49.387 (388349512)|HEAP_ALLOCATE|[56]|Bytes:5
14:58:49.387 (388357684)|HEAP_ALLOCATE|[64]|Bytes:7
14:58:49.387 (388393466)|STATEMENT_EXECUTE|[82]
14:58:49.387 (388395643)|STATEMENT_EXECUTE|[84]
14:58:49.387 (388398393)|HEAP_ALLOCATE|[84]|Bytes:60
14:58:49.387 (388417385)|HEAP_ALLOCATE|[84]|Bytes:4
14:58:49.387 (388669114)|SOQL_EXECUTE_BEGIN|[84]|Aggregations:0|SELECT Id, Name, Employee__r.Id FROM Compensation__c LIMIT 1
14:58:49.387 (393354890)|SOQL_EXECUTE_END|[84]|Rows:1
14:58:49.387 (393381336)|HEAP_ALLOCATE|[84]|Bytes:8
14:58:49.387 (393402607)|HEAP_ALLOCATE|[84]|Bytes:118
14:58:49.387 (393450855)|HEAP_ALLOCATE|[84]|Bytes:8
14:58:49.387 (393462828)|VARIABLE_SCOPE_BEGIN|[84]|comps|List<Compensation__c>|true|false
14:58:49.387 (393511714)|VARIABLE_ASSIGNMENT|[84]|comps|[{"Id":"a00f4000007wxr5AAA","Name":"test0","Employee__c":"003f400000KXzEEAA1","Employee__r":{"Id":"003f400000KXzEEAA1"}}]|0x76457a35
14:58:49.387 (393520731)|STATEMENT_EXECUTE|[88]
14:58:49.387 (393536234)|HEAP_ALLOCATE|[88]|Bytes:20
14:58:49.387 (393603654)|HEAP_ALLOCATE|[88]|Bytes:18
14:58:49.387 (393611685)|VARIABLE_SCOPE_BEGIN|[88]|ctc|String|false|false
14:58:49.387 (393622231)|VARIABLE_ASSIGNMENT|[88]|ctc|"003f400000KXzEEAA1"
14:58:49.387 (393626925)|STATEMENT_EXECUTE|[89]
14:58:49.387 (393633550)|HEAP_ALLOCATE|[89]|Bytes:20
14:58:49.387 (393650245)|HEAP_ALLOCATE|[89]|Bytes:18
14:58:49.387 (393655548)|VARIABLE_SCOPE_BEGIN|[89]|compId|String|false|false
14:58:49.387 (393664616)|VARIABLE_ASSIGNMENT|[89]|compId|"a00f4000007wxr5AAA"
14:58:49.387 (393668510)|STATEMENT_EXECUTE|[92]
14:58:49.387 (393682044)|HEAP_ALLOCATE|[92]|Bytes:63
14:58:49.387 (393691837)|SYSTEM_METHOD_ENTRY|[1]|Test.Test()
14:58:49.387 (393696215)|STATEMENT_EXECUTE|[1]
14:58:49.387 (393703794)|SYSTEM_METHOD_EXIT|[1]|Test
14:58:49.387 (393715506)|METHOD_ENTRY|[92]||System.Test.startTest()
14:58:49.387 (394798790)|METHOD_EXIT|[92]||System.Test.startTest()
14:58:49.387 (394807413)|STATEMENT_EXECUTE|[93]
14:58:49.387 (394819368)|HEAP_ALLOCATE|[93]|Bytes:4
14:58:49.387 (394831765)|METHOD_ENTRY|[1]|01pf4000009OyzM|CompensationController.CompensationController()
14:58:49.387 (394836803)|STATEMENT_EXECUTE|[1]
14:58:49.387 (394839434)|STATEMENT_EXECUTE|[1]
14:58:49.387 (395168979)|SYSTEM_MODE_ENTER|false
14:58:49.387 (395183824)|HEAP_ALLOCATE|[93]|Bytes:5
14:58:49.387 (395192538)|SYSTEM_MODE_EXIT|false
14:58:49.387 (395200917)|METHOD_EXIT|[1]|CompensationController
14:58:49.387 (395211182)|METHOD_ENTRY|[93]|01pf4000009OyzM|CompensationController.getCompensationsOfUser(String)
14:58:49.387 (395228958)|VARIABLE_SCOPE_BEGIN|[21]|recordId|String|false|false
14:58:49.387 (395241588)|VARIABLE_ASSIGNMENT|[21]|recordId|"003f400000KXzEEAA1"
14:58:49.387 (395255634)|SYSTEM_MODE_ENTER|false
14:58:49.387 (395261097)|HEAP_ALLOCATE|[22]|Bytes:5
14:58:49.387 (395266350)|STATEMENT_EXECUTE|[21]
14:58:49.387 (395268126)|STATEMENT_EXECUTE|[22]
14:58:49.387 (395288309)|HEAP_ALLOCATE|[22]|Bytes:4
14:58:49.387 (395309159)|VARIABLE_SCOPE_BEGIN|[22]|compensations|List<Compensation__c>|true|false
14:58:49.387 (395319249)|HEAP_ALLOCATE|[EXTERNAL]|Bytes:4
14:58:49.387 (395328037)|VARIABLE_ASSIGNMENT|[22]|compensations|[]|0x529ba11e
14:58:49.387 (395333160)|STATEMENT_EXECUTE|[23]
14:58:49.387 (395336973)|HEAP_ALLOCATE|[23]|Bytes:48
14:58:49.387 (395351357)|HEAP_ALLOCATE|[23]|Bytes:4
14:58:49.387 (395358252)|HEAP_ALLOCATE|[23]|Bytes:7
14:58:49.387 (395539014)|SOQL_EXECUTE_BEGIN|[23]|Aggregations:0|SELECT Id, Name FROM Contact WHERE Id = :tmpVar1
14:58:49.387 (398593188)|SOQL_EXECUTE_END|[23]|Rows:1
14:58:49.387 (398614638)|HEAP_ALLOCATE|[23]|Bytes:8
14:58:49.387 (398629267)|HEAP_ALLOCATE|[23]|Bytes:41
14:58:49.387 (398660975)|HEAP_ALLOCATE|[23]|Bytes:8
14:58:49.387 (398671517)|VARIABLE_SCOPE_BEGIN|[23]|cts|List<Contact>|true|false
14:58:49.387 (398693637)|VARIABLE_ASSIGNMENT|[23]|cts|[{"Id":"003f400000KXzEEAA1","Name":"Diaz"}]|0x27245e4b
14:58:49.387 (398719230)|STATEMENT_EXECUTE|[26]
14:58:49.387 (398721716)|STATEMENT_EXECUTE|[27]
14:58:49.387 (398725383)|HEAP_ALLOCATE|[27]|Bytes:209
14:58:49.387 (398738206)|HEAP_ALLOCATE|[27]|Bytes:4
14:58:49.387 (399112128)|SOQL_EXECUTE_BEGIN|[27]|Aggregations:0|SELECT Employee__r.Id, Employee__r.Name, Employee__r.birthdate, job_category__c, RecordType.Name, amount__c, location__c, office__c, submitted__c, status__c FROM Compensation__c WHERE Employee__r.Id = :tmpVar1
14:58:49.387 (405420727)|SOQL_EXECUTE_END|[27]|Rows:10
14:58:49.387 (405442378)|HEAP_ALLOCATE|[27]|Bytes:44
14:58:49.387 (405489765)|HEAP_ALLOCATE|[27]|Bytes:2241
14:58:49.387 (405519972)|HEAP_ALLOCATE|[27]|Bytes:44
14:58:49.387 (405541059)|VARIABLE_ASSIGNMENT|[27]|compensations|"List of size 10 too large to display"|0x408a3b87
14:58:49.387 (405547531)|STATEMENT_EXECUTE|[33]
14:58:49.387 (405552538)|SYSTEM_MODE_EXIT|false
14:58:49.387 (405564384)|METHOD_EXIT|[93]|01pf4000009OyzM|CompensationController.getCompensationsOfUser(String)
14:58:49.387 (405572865)|VARIABLE_SCOPE_BEGIN|[93]|comp_ctc|List<Compensation__c>|true|false
14:58:49.387 (405582950)|VARIABLE_ASSIGNMENT|[93]|comp_ctc|"List of size 10 too large to display"|0x408a3b87
14:58:49.387 (405587963)|STATEMENT_EXECUTE|[94]
14:58:49.387 (405601342)|METHOD_ENTRY|[94]||System.Test.stopTest()
14:58:49.387 (406843581)|METHOD_EXIT|[94]||System.Test.stopTest()
14:58:49.387 (406851412)|STATEMENT_EXECUTE|[97]
14:58:49.387 (406867476)|HEAP_ALLOCATE|[97]|Bytes:4
14:58:49.387 (406906103)|VARIABLE_SCOPE_BEGIN|[97]|id_set|Set<String>|true|false
14:58:49.387 (406934597)|VARIABLE_ASSIGNMENT|[97]|id_set|[]|0x78536191
14:58:49.387 (406981693)|HEAP_ALLOCATE|[98]|Bytes:5
14:58:49.387 (406997585)|HEAP_ALLOCATE|[98]|Bytes:40
14:58:49.387 (407007689)|VARIABLE_SCOPE_BEGIN|[98]|c|Compensation__c|true|false
14:58:49.387 (407033696)|VARIABLE_ASSIGNMENT|[98]|c|{"Employee__c":"003f400000KXzEEAA1","Job_Category__c":"Junior","RecordTypeId":"012f4000000xpkIAAQ","Location__c":"India","Submitted__c":false,"Status__c":"NOT SUBMITTED","Id":"a00f4000007wxr5AAA","Employee__r":{"Id":"003f400000KXzEEAA1","Name":"Diaz"},"RecordType":{"Id":"012f4000000xpkIAAQ","Name":"Study"}}|0x78609bfc
14:58:49.387 (407048723)|STATEMENT_EXECUTE|[98]
14:58:49.387 (407050638)|STATEMENT_EXECUTE|[99]
14:58:49.387 (407098772)|HEAP_ALLOCATE|[EXTERNAL]|Bytes:4
14:58:49.387 (407116946)|HEAP_ALLOCATE|[98]|Bytes:5
14:58:49.387 (407126967)|HEAP_ALLOCATE|[98]|Bytes:40
14:58:49.387 (407132846)|VARIABLE_SCOPE_BEGIN|[98]|c|Compensation__c|true|false
14:58:49.387 (407151374)|VARIABLE_ASSIGNMENT|[98]|c|{"Employee__c":"003f400000KXzEEAA1","Job_Category__c":"Junior","RecordTypeId":"012f4000000xpkIAAQ","Location__c":"India","Submitted__c":false,"Status__c":"NOT SUBMITTED","Id":"a00f4000007wxr6AAA","Employee__r":{"Id":"003f400000KXzEEAA1","Name":"Diaz"},"RecordType":{"Id":"012f4000000xpkIAAQ","Name":"Study"}}|0xc311fde
14:58:49.387 (407159532)|STATEMENT_EXECUTE|[98]
14:58:49.387 (407161216)|STATEMENT_EXECUTE|[99]
14:58:49.387 (407176621)|HEAP_ALLOCATE|[EXTERNAL]|Bytes:4
14:58:49.387 (407188826)|HEAP_ALLOCATE|[98]|Bytes:5
14:58:49.387 (407197450)|HEAP_ALLOCATE|[98]|Bytes:40
14:58:49.387 (407202363)|VARIABLE_SCOPE_BEGIN|[98]|c|Compensation__c|true|false
14:58:49.387 (407221548)|VARIABLE_ASSIGNMENT|[98]|c|{"Employee__c":"003f400000KXzEEAA1","Job_Category__c":"Junior","RecordTypeId":"012f4000000xpkIAAQ","Location__c":"India","Submitted__c":false,"Status__c":"NOT SUBMITTED","Id":"a00f4000007wxr7AAA","Employee__r":{"Id":"003f400000KXzEEAA1","Name":"Diaz"},"RecordType":{"Id":"012f4000000xpkIAAQ","Name":"Study"}}|0x7e4758d8
14:58:49.387 (407229531)|STATEMENT_EXECUTE|[98]
14:58:49.387 (407231346)|STATEMENT_EXECUTE|[99]
14:58:49.387 (407243502)|HEAP_ALLOCATE|[EXTERNAL]|Bytes:4
14:58:49.387 (407255691)|HEAP_ALLOCATE|[98]|Bytes:5
14:58:49.387 (407264366)|HEAP_ALLOCATE|[98]|Bytes:40
14:58:49.387 (407269189)|VARIABLE_SCOPE_BEGIN|[98]|c|Compensation__c|true|false
14:58:49.387 (407285016)|VARIABLE_ASSIGNMENT|[98]|c|{"Employee__c":"003f400000KXzEEAA1","Job_Category__c":"Junior","RecordTypeId":"012f4000000xpkIAAQ","Location__c":"India","Submitted__c":false,"Status__c":"NOT SUBMITTED","Id":"a00f4000007wxr8AAA","Employee__r":{"Id":"003f400000KXzEEAA1","Name":"Diaz"},"RecordType":{"Id":"012f4000000xpkIAAQ","Name":"Study"}}|0x3f65a295
14:58:49.387 (407293420)|STATEMENT_EXECUTE|[98]
14:58:49.387 (407295075)|STATEMENT_EXECUTE|[99]
14:58:49.387 (407306232)|HEAP_ALLOCATE|[EXTERNAL]|Bytes:4
14:58:49.387 (407317026)|HEAP_ALLOCATE|[98]|Bytes:5
14:58:49.387 (407324997)|HEAP_ALLOCATE|[98]|Bytes:40
14:58:49.387 (407329636)|VARIABLE_SCOPE_BEGIN|[98]|c|Compensation__c|true|false
14:58:49.387 (407345125)|VARIABLE_ASSIGNMENT|[98]|c|{"Employee__c":"003f400000KXzEEAA1","Job_Category__c":"Junior","RecordTypeId":"012f4000000xpkIAAQ","Location__c":"India","Submitted__c":false,"Status__c":"NOT SUBMITTED","Id":"a00f4000007wxr9AAA","Employee__r":{"Id":"003f400000KXzEEAA1","Name":"Diaz"},"RecordType":{"Id":"012f4000000xpkIAAQ","Name":"Study"}}|0x43a661fe
14:58:49.387 (407357219)|STATEMENT_EXECUTE|[98]
14:58:49.387 (407358803)|STATEMENT_EXECUTE|[99]
14:58:49.387 (407370837)|HEAP_ALLOCATE|[EXTERNAL]|Bytes:4
14:58:49.387 (407382174)|HEAP_ALLOCATE|[98]|Bytes:5
14:58:49.387 (407390099)|HEAP_ALLOCATE|[98]|Bytes:40
14:58:49.387 (407394707)|VARIABLE_SCOPE_BEGIN|[98]|c|Compensation__c|true|false
14:58:49.387 (407410615)|VARIABLE_ASSIGNMENT|[98]|c|{"Employee__c":"003f400000KXzEEAA1","Job_Category__c":"Junior","RecordTypeId":"012f4000000xpkIAAQ","Location__c":"India","Submitted__c":false,"Status__c":"NOT SUBMITTED","Id":"a00f4000007wxrAAAQ","Employee__r":{"Id":"003f400000KXzEEAA1","Name":"Diaz"},"RecordType":{"Id":"012f4000000xpkIAAQ","Name":"Study"}}|0x47ed49bb
14:58:49.387 (407417889)|STATEMENT_EXECUTE|[98]
14:58:49.387 (407419437)|STATEMENT_EXECUTE|[99]
14:58:49.387 (407430001)|HEAP_ALLOCATE|[EXTERNAL]|Bytes:4
14:58:49.387 (407440662)|HEAP_ALLOCATE|[98]|Bytes:5
14:58:49.387 (407448492)|HEAP_ALLOCATE|[98]|Bytes:40
14:58:49.387 (407453063)|VARIABLE_SCOPE_BEGIN|[98]|c|Compensation__c|true|false
14:58:49.387 (407467709)|VARIABLE_ASSIGNMENT|[98]|c|{"Employee__c":"003f400000KXzEEAA1","Job_Category__c":"Junior","RecordTypeId":"012f4000000xpkIAAQ","Location__c":"India","Submitted__c":false,"Status__c":"NOT SUBMITTED","Id":"a00f4000007wxrBAAQ","Employee__r":{"Id":"003f400000KXzEEAA1","Name":"Diaz"},"RecordType":{"Id":"012f4000000xpkIAAQ","Name":"Study"}}|0x3284806
14:58:49.387 (407475225)|STATEMENT_EXECUTE|[98]
14:58:49.387 (407476848)|STATEMENT_EXECUTE|[99]
14:58:49.387 (407487425)|HEAP_ALLOCATE|[EXTERNAL]|Bytes:4
14:58:49.387 (407498135)|HEAP_ALLOCATE|[98]|Bytes:5
14:58:49.387 (407506057)|HEAP_ALLOCATE|[98]|Bytes:40
14:58:49.387 (407510883)|VARIABLE_SCOPE_BEGIN|[98]|c|Compensation__c|true|false
14:58:49.387 (407525508)|VARIABLE_ASSIGNMENT|[98]|c|{"Employee__c":"003f400000KXzEEAA1","Job_Category__c":"Junior","RecordTypeId":"012f4000000xpkIAAQ","Location__c":"India","Submitted__c":false,"Status__c":"NOT SUBMITTED","Id":"a00f4000007wxrCAAQ","Employee__r":{"Id":"003f400000KXzEEAA1","Name":"Diaz"},"RecordType":{"Id":"012f4000000xpkIAAQ","Name":"Study"}}|0x114b23fc
14:58:49.387 (407534103)|STATEMENT_EXECUTE|[98]
14:58:49.387 (407535740)|STATEMENT_EXECUTE|[99]
14:58:49.387 (407546493)|HEAP_ALLOCATE|[EXTERNAL]|Bytes:4
14:58:49.387 (407557243)|HEAP_ALLOCATE|[98]|Bytes:5
14:58:49.387 (407564818)|HEAP_ALLOCATE|[98]|Bytes:40
14:58:49.387 (407569516)|VARIABLE_SCOPE_BEGIN|[98]|c|Compensation__c|true|false
14:58:49.387 (407583547)|VARIABLE_ASSIGNMENT|[98]|c|{"Employee__c":"003f400000KXzEEAA1","Job_Category__c":"Junior","RecordTypeId":"012f4000000xpkIAAQ","Location__c":"India","Submitted__c":false,"Status__c":"NOT SUBMITTED","Id":"a00f4000007wxrDAAQ","Employee__r":{"Id":"003f400000KXzEEAA1","Name":"Diaz"},"RecordType":{"Id":"012f4000000xpkIAAQ","Name":"Study"}}|0x619209ba
14:58:49.387 (407591058)|STATEMENT_EXECUTE|[98]
14:58:49.387 (407592642)|STATEMENT_EXECUTE|[99]
14:58:49.387 (407603223)|HEAP_ALLOCATE|[EXTERNAL]|Bytes:4
14:58:49.387 (407613836)|HEAP_ALLOCATE|[98]|Bytes:5
14:58:49.387 (407622350)|HEAP_ALLOCATE|[98]|Bytes:40
14:58:49.387 (407627120)|VARIABLE_SCOPE_BEGIN|[98]|c|Compensation__c|true|false
14:58:49.387 (407641678)|VARIABLE_ASSIGNMENT|[98]|c|{"Employee__c":"003f400000KXzEEAA1","Job_Category__c":"Junior","RecordTypeId":"012f4000000xpkIAAQ","Location__c":"India","Submitted__c":false,"Status__c":"NOT SUBMITTED","Id":"a00f4000007wxrEAAQ","Employee__r":{"Id":"003f400000KXzEEAA1","Name":"Diaz"},"RecordType":{"Id":"012f4000000xpkIAAQ","Name":"Study"}}|0x4c9f24a2
14:58:49.387 (407649149)|STATEMENT_EXECUTE|[98]
14:58:49.387 (407650788)|STATEMENT_EXECUTE|[99]
14:58:49.387 (407661473)|HEAP_ALLOCATE|[EXTERNAL]|Bytes:4
14:58:49.387 (407672954)|HEAP_ALLOCATE|[98]|Bytes:5
14:58:49.387 (407682195)|VARIABLE_ASSIGNMENT|[98]|c|null|
14:58:49.387 (407686976)|STATEMENT_EXECUTE|[102]
14:58:49.407 (407747065)|CUMULATIVE_LIMIT_USAGE
14:58:49.407 (407747065)|LIMIT_USAGE_FOR_NS|(default)|
  Number of SOQL queries: 1 out of 100
  Number of query rows: 1 out of 50000
  Number of SOSL queries: 0 out of 20
  Number of DML statements: 2 out of 150
  Number of DML rows: 11 out of 10000
  Maximum CPU time: 0 out of 10000
  Maximum heap size: 0 out of 6000000
  Number of callouts: 0 out of 100
  Number of Email Invocations: 0 out of 10
  Number of future calls: 0 out of 50
  Number of queueable jobs added to the queue: 0 out of 50
  Number of Mobile Apex push calls: 0 out of 10

14:58:49.407 (407747065)|TESTING_LIMITS
14:58:49.407 (407747065)|LIMIT_USAGE_FOR_NS|(default)|
  Number of SOQL queries: 2 out of 100
  Number of query rows: 11 out of 50000
  Number of SOSL queries: 0 out of 20
  Number of DML statements: 0 out of 150
  Number of DML rows: 0 out of 10000
  Maximum CPU time: 0 out of 10000
  Maximum heap size: 0 out of 6000000
  Number of callouts: 0 out of 100
  Number of Email Invocations: 0 out of 10
  Number of future calls: 0 out of 50
  Number of queueable jobs added to the queue: 0 out of 50
  Number of Mobile Apex push calls: 0 out of 10

14:58:49.407 (407747065)|CUMULATIVE_LIMIT_USAGE_END

14:58:49.387 (407791561)|CODE_UNIT_FINISHED|testCompensationController.getCompensationsTest5
14:58:49.387 (408583277)|EXECUTION_FINISHED
14:58:49.489 (489676754)|USER_INFO|[EXTERNAL]|005f4000001iPIc|lrodriguez-onboarding@altimetrik.com|Argentine Time|GMT-03:00
14:58:49.489 (489703225)|EXECUTION_STARTED
14:58:49.489 (489707424)|CODE_UNIT_STARTED|[EXTERNAL]|DuplicateDetector
14:58:49.489 (489719457)|DUPLICATE_DETECTION_BEGIN
14:58:49.489 (489777735)|DUPLICATE_DETECTION_RULE_INVOCATION|DuplicateRuleId:0Bmf40000038BIj|DuplicateRuleName:Standard Contact Duplicate Rule|DmlType:INSERT
14:58:49.489 (498526708)|DUPLICATE_DETECTION_END
14:58:49.489 (498536016)|CODE_UNIT_FINISHED|DuplicateDetector
14:58:49.489 (499313628)|EXECUTION_FINISHED
