42.0 APEX_CODE,FINEST;APEX_PROFILING,INFO;CALLOUT,INFO;DB,INFO;SYSTEM,DEBUG;VALIDATION,INFO;VISUALFORCE,INFO;WAVE,INFO;WORKFLOW,INFO
11:42:31.0 (435189)|USER_INFO|[EXTERNAL]|005f4000001iPIc|lrodriguez-onboarding@altimetrik.com|Hora de Argentina|GMT-03:00
11:42:31.0 (692333)|EXECUTION_STARTED
11:42:31.0 (700102)|CODE_UNIT_STARTED|[EXTERNAL]|Aura
11:42:31.0 (3653389)|HEAP_ALLOCATE|[72]|Bytes:3
11:42:31.0 (3741773)|HEAP_ALLOCATE|[77]|Bytes:152
11:42:31.0 (3771562)|HEAP_ALLOCATE|[342]|Bytes:408
11:42:31.0 (3794162)|HEAP_ALLOCATE|[355]|Bytes:408
11:42:31.0 (3812368)|HEAP_ALLOCATE|[467]|Bytes:48
11:42:31.0 (3913353)|HEAP_ALLOCATE|[139]|Bytes:6
11:42:31.0 (3947053)|HEAP_ALLOCATE|[EXTERNAL]|Bytes:3
11:42:31.0 (3977366)|HEAP_ALLOCATE|[EXTERNAL]|Bytes:3
11:42:31.0 (4873556)|CODE_UNIT_STARTED|[EXTERNAL]|01pf4000009OyzM|CompensationController.getCompensations
11:42:31.0 (5009861)|HEAP_ALLOCATE|[EXTERNAL]|Bytes:1
11:42:31.0 (5051114)|METHOD_ENTRY|[1]|01pf4000009OyzM|CompensationController.CompensationController()
11:42:31.0 (5061015)|STATEMENT_EXECUTE|[1]
11:42:31.0 (5067154)|STATEMENT_EXECUTE|[1]
11:42:31.0 (5105088)|HEAP_ALLOCATE|[50]|Bytes:5
11:42:31.0 (5132428)|HEAP_ALLOCATE|[56]|Bytes:5
11:42:31.0 (5144501)|HEAP_ALLOCATE|[64]|Bytes:7
11:42:31.0 (5178101)|SYSTEM_MODE_ENTER|false
11:42:31.0 (5334394)|HEAP_ALLOCATE|[EXTERNAL]|Bytes:5
11:42:31.0 (5344796)|SYSTEM_MODE_EXIT|false
11:42:31.0 (5378190)|METHOD_EXIT|[1]|CompensationController
11:42:31.0 (5388224)|HEAP_ALLOCATE|[EXTERNAL]|Bytes:3
11:42:31.0 (5404517)|SYSTEM_MODE_ENTER|false
11:42:31.0 (5414173)|VARIABLE_SCOPE_BEGIN|[3]|filter|String|false|false
11:42:31.0 (5446679)|VARIABLE_ASSIGNMENT|[3]|filter|"all"
11:42:31.0 (5467834)|HEAP_ALLOCATE|[4]|Bytes:5
11:42:31.0 (5475213)|STATEMENT_EXECUTE|[3]
11:42:31.0 (5477283)|STATEMENT_EXECUTE|[4]
11:42:31.0 (5612103)|HEAP_ALLOCATE|[4]|Bytes:4
11:42:31.0 (5696071)|VARIABLE_SCOPE_BEGIN|[4]|compensations|List<Compensation__c>|true|false
11:42:31.0 (5711065)|HEAP_ALLOCATE|[EXTERNAL]|Bytes:4
11:42:31.0 (5725070)|VARIABLE_ASSIGNMENT|[4]|compensations|[]|0x37348300
11:42:31.0 (5734380)|HEAP_ALLOCATE|[5]|Bytes:3
11:42:31.0 (5771150)|STATEMENT_EXECUTE|[5]
11:42:31.0 (5773990)|STATEMENT_EXECUTE|[6]
11:42:31.0 (5777283)|HEAP_ALLOCATE|[6]|Bytes:161
11:42:31.0 (5796610)|HEAP_ALLOCATE|[6]|Bytes:4
11:42:31.0 (9090061)|SOQL_EXECUTE_BEGIN|[6]|Aggregations:0|SELECT Employee__r.Name, Employee__r.birthdate, job_category__c, RecordType.Name, amount__c, location__c, office__c, submitted__c, status__c FROM Compensation__c
11:42:31.0 (35750348)|SOQL_EXECUTE_END|[6]|Rows:232
11:42:31.0 (35793747)|HEAP_ALLOCATE|[6]|Bytes:932
11:42:31.0 (36504100)|HEAP_ALLOCATE|[6]|Bytes:62649
11:42:31.0 (36558505)|HEAP_ALLOCATE|[6]|Bytes:932
11:42:31.0 (36601165)|VARIABLE_ASSIGNMENT|[6]|compensations|"List of size 232 too large to display"|0x6bcd0cf8
11:42:31.0 (36612611)|STATEMENT_EXECUTE|[17]
11:42:31.0 (36625502)|SYSTEM_MODE_EXIT|false
11:42:31.36 (36661646)|CUMULATIVE_LIMIT_USAGE
11:42:31.36 (36661646)|LIMIT_USAGE_FOR_NS|(default)|
  Number of SOQL queries: 1 out of 100
  Number of query rows: 232 out of 50000
  Number of SOSL queries: 0 out of 20
  Number of DML statements: 0 out of 150
  Number of DML rows: 0 out of 10000
  Maximum CPU time: 0 out of 10000
  Maximum heap size: 0 out of 6000000
  Number of callouts: 0 out of 100
  Number of Email Invocations: 0 out of 10
  Number of future calls: 0 out of 50
  Number of queueable jobs added to the queue: 0 out of 50
  Number of Mobile Apex push calls: 0 out of 10

11:42:31.36 (36661646)|CUMULATIVE_LIMIT_USAGE_END

11:42:31.0 (36701898)|CODE_UNIT_FINISHED|CompensationController.getCompensations
11:42:31.0 (40758992)|CODE_UNIT_FINISHED|Aura
11:42:31.0 (42231030)|EXECUTION_FINISHED
