42.0 APEX_CODE,FINEST;APEX_PROFILING,INFO;CALLOUT,INFO;DB,INFO;SYSTEM,DEBUG;VALIDATION,INFO;VISUALFORCE,INFO;WAVE,INFO;WORKFLOW,INFO
Execute Anonymous: Contact[] contacts = [SELECT Id, Name
Execute Anonymous: 							FROM Contact
Execute Anonymous: 							LIMIT 2];
Execute Anonymous: Compensation__c comp = new Compensation__c(Name='testingComp1',
Execute Anonymous:                                            Employee__c=contacts[0].Id,
Execute Anonymous:                                            Location__c='India',
Execute Anonymous:                                            Job_Category__c='Junior',
Execute Anonymous:                                            Submitted__c=true);
Execute Anonymous: insert comp;
Execute Anonymous: 
Execute Anonymous: // get the new compensation from the database, modify the Job_Category__c
Execute Anonymous: Compensation__c[] fresh_comp = [SELECT Id, Name, Status__c, Job_Category__c
Execute Anonymous:                                 FROM Compensation__c
Execute Anonymous:                                 WHERE Id = :comp.Id];
Execute Anonymous: 
Execute Anonymous: // update the compensation back to the Database
Execute Anonymous: fresh_comp[0].Job_Category__c = 'Senior';
Execute Anonymous: update fresh_comp;
12:52:04.1 (1219459)|USER_INFO|[EXTERNAL]|005f4000001iPIc|lrodriguez-onboarding@altimetrik.com|Argentine Time|GMT-03:00
12:52:04.1 (1239473)|EXECUTION_STARTED
12:52:04.1 (1243155)|CODE_UNIT_STARTED|[EXTERNAL]|execute_anonymous_apex
12:52:04.1 (1373639)|VARIABLE_SCOPE_BEGIN|[4]|comp|Compensation__c|true|false
12:52:04.1 (1452737)|VARIABLE_SCOPE_BEGIN|[1]|contacts|List<Contact>|true|false
12:52:04.1 (1470897)|VARIABLE_SCOPE_BEGIN|[12]|fresh_comp|List<Compensation__c>|true|false
12:52:04.1 (1570007)|HEAP_ALLOCATE|[72]|Bytes:3
12:52:04.1 (1601705)|HEAP_ALLOCATE|[77]|Bytes:152
12:52:04.1 (1614605)|HEAP_ALLOCATE|[342]|Bytes:408
12:52:04.1 (1629994)|HEAP_ALLOCATE|[355]|Bytes:408
12:52:04.1 (1640885)|HEAP_ALLOCATE|[467]|Bytes:48
12:52:04.1 (1666544)|HEAP_ALLOCATE|[139]|Bytes:6
12:52:04.1 (1682224)|HEAP_ALLOCATE|[EXTERNAL]|Bytes:25
12:52:04.1 (1821040)|STATEMENT_EXECUTE|[1]
12:52:04.1 (1824679)|STATEMENT_EXECUTE|[1]
12:52:04.1 (1827972)|HEAP_ALLOCATE|[1]|Bytes:36
12:52:04.1 (1843104)|HEAP_ALLOCATE|[1]|Bytes:4
12:52:04.1 (1876708)|HEAP_ALLOCATE|[50]|Bytes:5
12:52:04.1 (1894783)|HEAP_ALLOCATE|[56]|Bytes:5
12:52:04.1 (1902639)|HEAP_ALLOCATE|[64]|Bytes:7
12:52:04.1 (2027105)|SOQL_EXECUTE_BEGIN|[1]|Aggregations:0|SELECT Id, Name FROM Contact LIMIT 2
12:52:04.1 (6890603)|SOQL_EXECUTE_END|[1]|Rows:2
12:52:04.1 (6913817)|HEAP_ALLOCATE|[1]|Bytes:12
12:52:04.1 (6926925)|HEAP_ALLOCATE|[1]|Bytes:92
12:52:04.1 (6959637)|HEAP_ALLOCATE|[1]|Bytes:12
12:52:04.1 (7005290)|VARIABLE_ASSIGNMENT|[1]|contacts|[{"Id":"003f400000I1phtAAB","Name":"Juan Foo"},{"Id":"003f400000I1ma3AAB","Name":"Julio Rios"}]|0x65bb2f2a
12:52:04.1 (7014160)|STATEMENT_EXECUTE|[4]
12:52:04.1 (7034631)|HEAP_ALLOCATE|[4]|Bytes:4
12:52:04.1 (7106647)|HEAP_ALLOCATE|[4]|Bytes:12
12:52:04.1 (7140223)|VARIABLE_ASSIGNMENT|[4]|this.Name|"testingComp1"|0x6459339b
12:52:04.1 (7178730)|HEAP_ALLOCATE|[5]|Bytes:12
12:52:04.1 (7236431)|VARIABLE_ASSIGNMENT|[4]|this.Employee__c|"003f400000I1phtAAB"|0x6459339b
12:52:04.1 (7243837)|HEAP_ALLOCATE|[6]|Bytes:5
12:52:04.1 (7262690)|VARIABLE_ASSIGNMENT|[4]|this.Location__c|"India"|0x6459339b
12:52:04.1 (7268612)|HEAP_ALLOCATE|[7]|Bytes:6
12:52:04.1 (7282612)|VARIABLE_ASSIGNMENT|[4]|this.Job_Category__c|"Junior"|0x6459339b
12:52:04.1 (7339400)|VARIABLE_ASSIGNMENT|[4]|this.Submitted__c|true|0x6459339b
12:52:04.1 (7375539)|VARIABLE_ASSIGNMENT|[4]|comp|{"Name":"testingComp1","Employee__c":"003f400000I1phtAAB","Location__c":"India","Job_Category__c":"Junior","Submitted__c":true}|0x6459339b
12:52:04.1 (7382996)|STATEMENT_EXECUTE|[9]
12:52:04.1 (7401984)|HEAP_ALLOCATE|[9]|Bytes:8
12:52:04.1 (7413008)|DML_BEGIN|[9]|Op:Insert|Type:Compensation__c|Rows:1
12:52:04.1 (7438806)|HEAP_ALLOCATE|[EXTERNAL]|Bytes:8
12:52:04.1 (22130344)|CODE_UNIT_STARTED|[EXTERNAL]|01qf4000000wGad|Compensation_submitted_trigger on Compensation trigger event BeforeInsert
12:52:04.1 (22179454)|HEAP_ALLOCATE|[EXTERNAL]|Bytes:8
12:52:04.1 (22267454)|HEAP_ALLOCATE|[EXTERNAL]|Bytes:4
12:52:04.1 (22279903)|VARIABLE_SCOPE_BEGIN|[1]|this|Compensation_submitted_trigger|true|false
12:52:04.1 (22326209)|VARIABLE_ASSIGNMENT|[1]|this|{}|0x1293a53a
12:52:04.1 (22379922)|HEAP_ALLOCATE|[EXTERNAL]|Bytes:4
12:52:04.1 (22386649)|VARIABLE_SCOPE_BEGIN|[1]|this|Compensation_submitted_trigger|true|false
12:52:04.1 (22398919)|VARIABLE_ASSIGNMENT|[1]|this|{}|0x1293a53a
12:52:04.1 (22406374)|STATEMENT_EXECUTE|[1]
12:52:04.1 (22650638)|HEAP_ALLOCATE|[4]|Bytes:5
12:52:04.1 (22673029)|HEAP_ALLOCATE|[4]|Bytes:4
12:52:04.1 (22681635)|VARIABLE_SCOPE_BEGIN|[4]|comp|Compensation__c|true|false
12:52:04.1 (22960181)|VARIABLE_ASSIGNMENT|[4]|comp|{"Employee__c":"003f400000I1phtAAB","IsDeleted":false,"OwnerId":"005f4000001iPIcAAM","Submitted__c":true,"RecordTypeId":"012f4000000xpkIAAQ","Location__c":"India","Status__c":"NOT SUBMITTED","Job_Category__c":"Junior","Name":"testingComp1"}|0x1e993d5
12:52:04.1 (22970324)|STATEMENT_EXECUTE|[4]
12:52:04.1 (22989991)|STATEMENT_EXECUTE|[5]
12:52:04.1 (22991847)|STATEMENT_EXECUTE|[6]
12:52:04.1 (22995648)|HEAP_ALLOCATE|[6]|Bytes:9
12:52:04.1 (23106671)|VARIABLE_ASSIGNMENT|[6]|this.Status__c|"SUBMITTED"|0x1e993d5
12:52:04.1 (23125117)|HEAP_ALLOCATE|[4]|Bytes:5
12:52:04.1 (23138354)|VARIABLE_ASSIGNMENT|[4]|comp|null|
12:52:04.23 (23153445)|CUMULATIVE_LIMIT_USAGE
12:52:04.23 (23153445)|LIMIT_USAGE_FOR_NS|(default)|
  Number of SOQL queries: 1 out of 100
  Number of query rows: 2 out of 50000
  Number of SOSL queries: 0 out of 20
  Number of DML statements: 1 out of 150
  Number of DML rows: 1 out of 10000
  Maximum CPU time: 0 out of 10000
  Maximum heap size: 0 out of 6000000
  Number of callouts: 0 out of 100
  Number of Email Invocations: 0 out of 10
  Number of future calls: 0 out of 50
  Number of queueable jobs added to the queue: 0 out of 50
  Number of Mobile Apex push calls: 0 out of 10

12:52:04.23 (23153445)|CUMULATIVE_LIMIT_USAGE_END

12:52:04.1 (27166080)|CODE_UNIT_FINISHED|Compensation_submitted_trigger on Compensation trigger event BeforeInsert
12:52:04.1 (34285593)|CODE_UNIT_STARTED|[EXTERNAL]|Validation:Compensation:new
12:52:04.1 (34300850)|VALIDATION_RULE|03df4000000tLey|Job_Category_Other
12:52:04.1 (34458575)|VALIDATION_FORMULA|ISPICKVAL(Job_Category__c, 'Other')&&(ISBLANK(Other__c))|Job_Category__c=Junior , Other__c=null
12:52:04.1 (34468750)|VALIDATION_PASS
12:52:04.1 (34675564)|CODE_UNIT_FINISHED|Validation:Compensation:new
12:52:04.1 (64064024)|CODE_UNIT_STARTED|[EXTERNAL]|Workflow:01If40000017tCd
12:52:04.1 (70658431)|WF_RULE_EVAL_BEGIN|Workflow
12:52:04.1 (70686256)|WF_CRITERIA_BEGIN|[Compensation: testingComp1 a00f4000007wwGQ]|Uruguay_Location_Compensation301f40000002crQ|01Qf4000000nI5L|ON_CREATE_ONLY|0
12:52:04.1 (70774160)|WF_FORMULA|Formula:ENCODED:[treatNullAsNull]true|Values:
12:52:04.1 (70780955)|WF_CRITERIA_END|true
12:52:04.1 (71361679)|WF_SPOOL_ACTION_BEGIN|Workflow
12:52:04.1 (71391538)|WF_ACTION| Flow Trigger: 1;
12:52:04.1 (71398600)|WF_RULE_EVAL_END
12:52:04.1 (71961232)|WF_FLOW_ACTION_BEGIN|09Lf4000000hSfK
12:52:04.72 (72034495)|FLOW_CREATE_INTERVIEW_BEGIN|00Df400000264R3|300f40000005TUu|301f40000002crQ
12:52:04.72 (73676830)|FLOW_CREATE_INTERVIEW_END|280164dee31f388e8aba54777fcc162f8537e4c-6300|Uruguay Location Compensation
12:52:04.74 (74001788)|FLOW_START_INTERVIEWS_BEGIN|1
12:52:04.74 (74023150)|FLOW_START_INTERVIEW_BEGIN|280164dee31f388e8aba54777fcc162f8537e4c-6300|Uruguay Location Compensation
12:52:04.74 (75266251)|FLOW_START_INTERVIEW_END|280164dee31f388e8aba54777fcc162f8537e4c-6300|Uruguay Location Compensation
12:52:04.74 (75284889)|FLOW_START_INTERVIEWS_END|1
12:52:04.1 (76234197)|WF_FLOW_ACTION_END|09Lf4000000hSfK
12:52:04.1 (76328571)|WF_ACTIONS_END| Flow Trigger: 1;
12:52:04.1 (76337532)|CODE_UNIT_FINISHED|Workflow:01If40000017tCd
12:52:04.1 (77429415)|DML_END|[9]
12:52:04.1 (77450334)|STATEMENT_EXECUTE|[12]
12:52:04.1 (77456215)|HEAP_ALLOCATE|[12]|Bytes:84
12:52:04.1 (77475677)|HEAP_ALLOCATE|[12]|Bytes:4
12:52:04.1 (77483795)|HEAP_ALLOCATE|[12]|Bytes:7
12:52:04.1 (77674321)|SOQL_EXECUTE_BEGIN|[12]|Aggregations:0|SELECT Id, Name, Status__c, Job_Category__c FROM Compensation__c WHERE Id = :tmpVar1
12:52:04.1 (87252724)|SOQL_EXECUTE_END|[12]|Rows:1
12:52:04.1 (87277877)|HEAP_ALLOCATE|[12]|Bytes:8
12:52:04.1 (87293190)|HEAP_ALLOCATE|[12]|Bytes:130
12:52:04.1 (87322366)|HEAP_ALLOCATE|[12]|Bytes:8
12:52:04.1 (87362620)|VARIABLE_ASSIGNMENT|[12]|fresh_comp|[{"Id":"a00f4000007wwGQAAY","Name":"testingComp1","Status__c":"SUBMITTED","Job_Category__c":"Junior","RecordTypeId":"012f4000000xpkIAAQ"}]|0x6f498ec4
12:52:04.1 (87370606)|STATEMENT_EXECUTE|[17]
12:52:04.1 (87374621)|HEAP_ALLOCATE|[17]|Bytes:6
12:52:04.1 (87387552)|HEAP_ALLOCATE|[17]|Bytes:24
12:52:04.1 (87432825)|VARIABLE_ASSIGNMENT|[17]|this.Job_Category__c|"Senior"|0x7274b1dd
12:52:04.1 (87439607)|STATEMENT_EXECUTE|[18]
12:52:04.1 (87482868)|DML_BEGIN|[18]|Op:Update|Type:Compensation__c|Rows:1
12:52:04.1 (87512085)|HEAP_ALLOCATE|[EXTERNAL]|Bytes:8
12:52:04.1 (101849663)|CODE_UNIT_STARTED|[EXTERNAL]|01qf4000000wGty|CompensationSubmittedCantBeModifiedOrDeleted on Compensation trigger event BeforeUpdate
12:52:04.1 (101885377)|HEAP_ALLOCATE|[EXTERNAL]|Bytes:8
12:52:04.1 (101915249)|HEAP_ALLOCATE|[EXTERNAL]|Bytes:8
12:52:04.1 (101998814)|HEAP_ALLOCATE|[EXTERNAL]|Bytes:4
12:52:04.1 (102012986)|VARIABLE_SCOPE_BEGIN|[1]|this|CompensationSubmittedCantBeModifiedOrDeleted|true|false
12:52:04.1 (102054470)|VARIABLE_ASSIGNMENT|[1]|this|{}|0x5688905a
12:52:04.1 (102102700)|HEAP_ALLOCATE|[EXTERNAL]|Bytes:4
12:52:04.1 (102165250)|VARIABLE_SCOPE_BEGIN|[1]|this|CompensationSubmittedCantBeModifiedOrDeleted|true|false
12:52:04.1 (102180144)|VARIABLE_ASSIGNMENT|[1]|this|{}|0x5688905a
12:52:04.1 (102187494)|STATEMENT_EXECUTE|[1]
12:52:04.1 (102274043)|HEAP_ALLOCATE|[2]|Bytes:5
12:52:04.1 (102294493)|VARIABLE_SCOPE_BEGIN|[2]|c|Compensation__c|true|false
12:52:04.1 (102494401)|VARIABLE_ASSIGNMENT|[2]|c|{"LastModifiedDate":"2018-04-24T15:52:04.000Z","IsDeleted":false,"Name":"testingComp1","SystemModstamp":"2018-04-24T15:52:04.000Z","Employee__c":"003f400000I1phtAAB","OwnerId":"005f4000001iPIcAAM","CreatedById":"005f4000001iPIcAAM","Submitted__c":true,"RecordTypeId":"012f4000000xpkIAAQ","CreatedDate":"2018-04-24T15:52:04.000Z","Location__c":"India","Id":"a00f4000007wwGQAAY","Status__c":"SUBMITTED","LastModifiedById":"005f4000001iPIcAAM","Job_Category__c":"Junior"}|0x59582ce4
12:52:04.1 (102506935)|STATEMENT_EXECUTE|[2]
12:52:04.1 (102524472)|STATEMENT_EXECUTE|[3]
12:52:04.1 (102526120)|STATEMENT_EXECUTE|[4]
12:52:04.1 (102648628)|HEAP_ALLOCATE|[4]|Bytes:54
12:52:04.1 (102736595)|VF_PAGE_MESSAGE|Submitted compensations cannot be modified nor deleted
12:52:04.1 (102758851)|HEAP_ALLOCATE|[2]|Bytes:5
12:52:04.1 (102772156)|VARIABLE_ASSIGNMENT|[2]|c|null|
12:52:04.102 (102798372)|CUMULATIVE_LIMIT_USAGE
12:52:04.102 (102798372)|LIMIT_USAGE_FOR_NS|(default)|
  Number of SOQL queries: 2 out of 100
  Number of query rows: 3 out of 50000
  Number of SOSL queries: 0 out of 20
  Number of DML statements: 2 out of 150
  Number of DML rows: 2 out of 10000
  Maximum CPU time: 0 out of 10000
  Maximum heap size: 0 out of 6000000
  Number of callouts: 0 out of 100
  Number of Email Invocations: 0 out of 10
  Number of future calls: 0 out of 50
  Number of queueable jobs added to the queue: 0 out of 50
  Number of Mobile Apex push calls: 0 out of 10

12:52:04.102 (102798372)|CUMULATIVE_LIMIT_USAGE_END

12:52:04.1 (103805278)|CODE_UNIT_FINISHED|CompensationSubmittedCantBeModifiedOrDeleted on Compensation trigger event BeforeUpdate
12:52:04.1 (104966367)|DML_END|[18]
12:52:04.1 (105055011)|EXCEPTION_THROWN|[18]|System.DmlException: Update failed. First exception on row 0 with id a00f4000007wwGQAAY; first error: FIELD_CUSTOM_VALIDATION_EXCEPTION, Submitted compensations cannot be modified nor deleted: []
12:52:04.1 (105340830)|HEAP_ALLOCATE|[18]|Bytes:178
12:52:04.1 (105436858)|FATAL_ERROR|System.DmlException: Update failed. First exception on row 0 with id a00f4000007wwGQAAY; first error: FIELD_CUSTOM_VALIDATION_EXCEPTION, Submitted compensations cannot be modified nor deleted: []

AnonymousBlock: line 18, column 1
12:52:04.105 (105450455)|CUMULATIVE_LIMIT_USAGE
12:52:04.105 (105450455)|LIMIT_USAGE_FOR_NS|(default)|
  Number of SOQL queries: 2 out of 100
  Number of query rows: 3 out of 50000
  Number of SOSL queries: 0 out of 20
  Number of DML statements: 2 out of 150
  Number of DML rows: 2 out of 10000
  Maximum CPU time: 0 out of 10000
  Maximum heap size: 0 out of 6000000
  Number of callouts: 0 out of 100
  Number of Email Invocations: 0 out of 10
  Number of future calls: 0 out of 50
  Number of queueable jobs added to the queue: 0 out of 50
  Number of Mobile Apex push calls: 0 out of 10

12:52:04.105 (105450455)|CUMULATIVE_LIMIT_USAGE_END

12:52:04.1 (105474981)|CODE_UNIT_FINISHED|execute_anonymous_apex
12:52:04.1 (106256203)|EXECUTION_FINISHED
