42.0 APEX_CODE,FINEST;APEX_PROFILING,INFO;CALLOUT,INFO;DB,INFO;SYSTEM,DEBUG;VALIDATION,INFO;VISUALFORCE,INFO;WAVE,INFO;WORKFLOW,INFO
Execute Anonymous: Contact[] contacts = [SELECT Id, Name FROM Contact LIMIT 2];
Execute Anonymous: Compensation__c comp = new Compensation__c(Name='testingComp',
Execute Anonymous:                                         Employee__c=contacts[0].Id,
Execute Anonymous:                                         Location__c='India',
Execute Anonymous:                                         Job_Category__c='Junior');
Execute Anonymous: insert comp;
11:29:06.1 (1088804)|USER_INFO|[EXTERNAL]|005f4000001iPIc|lrodriguez-onboarding@altimetrik.com|Argentine Time|GMT-03:00
11:29:06.1 (1109439)|EXECUTION_STARTED
11:29:06.1 (1113623)|CODE_UNIT_STARTED|[EXTERNAL]|execute_anonymous_apex
11:29:06.1 (1241387)|VARIABLE_SCOPE_BEGIN|[2]|comp|Compensation__c|true|false
11:29:06.1 (1453931)|VARIABLE_SCOPE_BEGIN|[1]|contacts|List<Contact>|true|false
11:29:06.1 (1552086)|HEAP_ALLOCATE|[72]|Bytes:3
11:29:06.1 (1597620)|HEAP_ALLOCATE|[77]|Bytes:152
11:29:06.1 (1609604)|HEAP_ALLOCATE|[342]|Bytes:408
11:29:06.1 (1620949)|HEAP_ALLOCATE|[355]|Bytes:408
11:29:06.1 (1631678)|HEAP_ALLOCATE|[467]|Bytes:48
11:29:06.1 (1656744)|HEAP_ALLOCATE|[139]|Bytes:6
11:29:06.1 (1672571)|HEAP_ALLOCATE|[EXTERNAL]|Bytes:11
11:29:06.1 (1812511)|STATEMENT_EXECUTE|[1]
11:29:06.1 (1815293)|STATEMENT_EXECUTE|[1]
11:29:06.1 (1818650)|HEAP_ALLOCATE|[1]|Bytes:36
11:29:06.1 (1832834)|HEAP_ALLOCATE|[1]|Bytes:4
11:29:06.1 (1865335)|HEAP_ALLOCATE|[50]|Bytes:5
11:29:06.1 (1886402)|HEAP_ALLOCATE|[56]|Bytes:5
11:29:06.1 (1893336)|HEAP_ALLOCATE|[64]|Bytes:7
11:29:06.1 (2010849)|SOQL_EXECUTE_BEGIN|[1]|Aggregations:0|SELECT Id, Name FROM Contact LIMIT 2
11:29:06.1 (12220418)|SOQL_EXECUTE_END|[1]|Rows:2
11:29:06.1 (12252705)|HEAP_ALLOCATE|[1]|Bytes:12
11:29:06.1 (12273587)|HEAP_ALLOCATE|[1]|Bytes:92
11:29:06.1 (12318956)|HEAP_ALLOCATE|[1]|Bytes:12
11:29:06.1 (12413449)|VARIABLE_ASSIGNMENT|[1]|contacts|[{"Id":"003f400000I1phtAAB","Name":"Juan Foo"},{"Id":"003f400000I1ma3AAB","Name":"Julio Rios"}]|0x5b66614e
11:29:06.1 (12429208)|STATEMENT_EXECUTE|[2]
11:29:06.1 (12459305)|HEAP_ALLOCATE|[2]|Bytes:4
11:29:06.1 (12585206)|HEAP_ALLOCATE|[2]|Bytes:11
11:29:06.1 (12632898)|VARIABLE_ASSIGNMENT|[2]|this.Name|"testingComp"|0x6e6ce723
11:29:06.1 (12704544)|HEAP_ALLOCATE|[3]|Bytes:12
11:29:06.1 (12790287)|VARIABLE_ASSIGNMENT|[2]|this.Employee__c|"003f400000I1phtAAB"|0x6e6ce723
11:29:06.1 (12803534)|HEAP_ALLOCATE|[4]|Bytes:5
11:29:06.1 (12833678)|VARIABLE_ASSIGNMENT|[2]|this.Location__c|"India"|0x6e6ce723
11:29:06.1 (12844843)|HEAP_ALLOCATE|[5]|Bytes:6
11:29:06.1 (12869996)|VARIABLE_ASSIGNMENT|[2]|this.Job_Category__c|"Junior"|0x6e6ce723
11:29:06.1 (12911021)|VARIABLE_ASSIGNMENT|[2]|comp|{"Name":"testingComp","Employee__c":"003f400000I1phtAAB","Location__c":"India","Job_Category__c":"Junior"}|0x6e6ce723
11:29:06.1 (12920909)|STATEMENT_EXECUTE|[6]
11:29:06.1 (12946702)|HEAP_ALLOCATE|[6]|Bytes:8
11:29:06.1 (12961046)|DML_BEGIN|[6]|Op:Insert|Type:Compensation__c|Rows:1
11:29:06.1 (12994549)|HEAP_ALLOCATE|[EXTERNAL]|Bytes:8
11:29:06.1 (35584257)|CODE_UNIT_STARTED|[EXTERNAL]|01qf4000000wGad|Compensation_submitted_trigger on Compensation trigger event BeforeInsert
11:29:06.1 (35621006)|HEAP_ALLOCATE|[EXTERNAL]|Bytes:8
11:29:06.1 (35708052)|HEAP_ALLOCATE|[EXTERNAL]|Bytes:4
11:29:06.1 (35721465)|VARIABLE_SCOPE_BEGIN|[1]|this|Compensation_submitted_trigger|true|false
11:29:06.1 (35787100)|VARIABLE_ASSIGNMENT|[1]|this|{}|0x7119812
11:29:06.1 (35839824)|HEAP_ALLOCATE|[EXTERNAL]|Bytes:4
11:29:06.1 (35876112)|VARIABLE_SCOPE_BEGIN|[1]|this|Compensation_submitted_trigger|true|false
11:29:06.1 (35890625)|VARIABLE_ASSIGNMENT|[1]|this|{}|0x7119812
11:29:06.1 (35897554)|STATEMENT_EXECUTE|[1]
11:29:06.1 (36151887)|HEAP_ALLOCATE|[4]|Bytes:5
11:29:06.1 (36187057)|HEAP_ALLOCATE|[4]|Bytes:4
11:29:06.1 (36195617)|VARIABLE_SCOPE_BEGIN|[4]|comp|Compensation__c|true|false
11:29:06.1 (36477994)|VARIABLE_ASSIGNMENT|[4]|comp|{"Employee__c":"003f400000I1phtAAB","IsDeleted":false,"OwnerId":"005f4000001iPIcAAM","Submitted__c":false,"RecordTypeId":"012f4000000xpkIAAQ","Location__c":"India","Status__c":"NOT SUBMITTED","Job_Category__c":"Junior","Name":"testingComp"}|0x1a3909cf
11:29:06.1 (36489163)|STATEMENT_EXECUTE|[4]
11:29:06.1 (36512872)|STATEMENT_EXECUTE|[5]
11:29:06.1 (36524817)|HEAP_ALLOCATE|[4]|Bytes:5
11:29:06.1 (36538714)|VARIABLE_ASSIGNMENT|[4]|comp|null|
11:29:06.36 (36546954)|CUMULATIVE_LIMIT_USAGE
11:29:06.36 (36546954)|LIMIT_USAGE_FOR_NS|(default)|
  Number of SOQL queries: 1 out of 100
  Number of query rows: 2 out of 50000
  Number of SOSL queries: 0 out of 20
  Number of DML statements: 1 out of 150
  Number of DML rows: 1 out of 10000
  Maximum CPU time: 0 out of 10000
  Maximum heap size: 0 out of 6000000
  Number of callouts: 0 out of 100
  Number of Email Invocations: 0 out of 10
  Number of future calls: 0 out of 50
  Number of queueable jobs added to the queue: 0 out of 50
  Number of Mobile Apex push calls: 0 out of 10

11:29:06.36 (36546954)|CUMULATIVE_LIMIT_USAGE_END

11:29:06.1 (37425306)|CODE_UNIT_FINISHED|Compensation_submitted_trigger on Compensation trigger event BeforeInsert
11:29:06.1 (46348058)|CODE_UNIT_STARTED|[EXTERNAL]|Validation:Compensation:new
11:29:06.1 (46359702)|VALIDATION_RULE|03df4000000tLey|Job_Category_Other
11:29:06.1 (46498681)|VALIDATION_FORMULA|ISPICKVAL(Job_Category__c, 'Other')&&(ISBLANK(Other__c))|Job_Category__c=Junior , Other__c=null
11:29:06.1 (46507369)|VALIDATION_PASS
11:29:06.1 (46685621)|CODE_UNIT_FINISHED|Validation:Compensation:new
11:29:06.1 (73934029)|CODE_UNIT_STARTED|[EXTERNAL]|Workflow:01If40000017tCd
11:29:06.1 (85136527)|WF_RULE_EVAL_BEGIN|Workflow
11:29:06.1 (85162786)|WF_CRITERIA_BEGIN|[Compensation: testingComp a00f4000007wvxC]|Uruguay_Location_Compensation301f40000002crQ|01Qf4000000nI5L|ON_CREATE_ONLY|0
11:29:06.1 (85260258)|WF_FORMULA|Formula:ENCODED:[treatNullAsNull]true|Values:
11:29:06.1 (85267250)|WF_CRITERIA_END|true
11:29:06.1 (100021471)|WF_SPOOL_ACTION_BEGIN|Workflow
11:29:06.1 (100059230)|WF_ACTION| Flow Trigger: 1;
11:29:06.1 (100068468)|WF_RULE_EVAL_END
11:29:06.1 (105654591)|WF_FLOW_ACTION_BEGIN|09Lf4000000hSfK
11:29:06.105 (105739066)|FLOW_CREATE_INTERVIEW_BEGIN|00Df400000264R3|300f40000005TUu|301f40000002crQ
11:29:06.105 (231515580)|FLOW_CREATE_INTERVIEW_END|79933befcdccb398a51c3df1788162f7f644f8-251a|Uruguay Location Compensation
11:29:06.231 (231880176)|FLOW_START_INTERVIEWS_BEGIN|1
11:29:06.231 (231906793)|FLOW_START_INTERVIEW_BEGIN|79933befcdccb398a51c3df1788162f7f644f8-251a|Uruguay Location Compensation
11:29:06.231 (260237726)|FLOW_START_INTERVIEW_END|79933befcdccb398a51c3df1788162f7f644f8-251a|Uruguay Location Compensation
11:29:06.231 (260265524)|FLOW_START_INTERVIEWS_END|1
11:29:06.1 (261356350)|WF_FLOW_ACTION_END|09Lf4000000hSfK
11:29:06.1 (261507809)|WF_ACTIONS_END| Flow Trigger: 1;
11:29:06.1 (261519289)|CODE_UNIT_FINISHED|Workflow:01If40000017tCd
11:29:06.1 (265292563)|DML_END|[6]
11:29:06.269 (269672016)|CUMULATIVE_LIMIT_USAGE
11:29:06.269 (269672016)|LIMIT_USAGE_FOR_NS|(default)|
  Number of SOQL queries: 1 out of 100
  Number of query rows: 2 out of 50000
  Number of SOSL queries: 0 out of 20
  Number of DML statements: 1 out of 150
  Number of DML rows: 1 out of 10000
  Maximum CPU time: 0 out of 10000
  Maximum heap size: 0 out of 6000000
  Number of callouts: 0 out of 100
  Number of Email Invocations: 0 out of 10
  Number of future calls: 0 out of 50
  Number of queueable jobs added to the queue: 0 out of 50
  Number of Mobile Apex push calls: 0 out of 10

11:29:06.269 (269672016)|CUMULATIVE_LIMIT_USAGE_END

11:29:06.1 (269716239)|CODE_UNIT_FINISHED|execute_anonymous_apex
11:29:06.1 (270682701)|EXECUTION_FINISHED
