42.0 APEX_CODE,FINEST;APEX_PROFILING,INFO;CALLOUT,INFO;DB,INFO;SYSTEM,DEBUG;VALIDATION,INFO;VISUALFORCE,INFO;WAVE,INFO;WORKFLOW,INFO
16:15:18.0 (60571)|USER_INFO|[EXTERNAL]|005f4000001iPIc|lrodriguez-onboarding@altimetrik.com|Argentine Time|GMT-03:00
16:15:18.0 (95142)|EXECUTION_STARTED
16:15:18.0 (99465)|CODE_UNIT_STARTED|[EXTERNAL]|Aura
16:15:18.0 (827901)|HEAP_ALLOCATE|[72]|Bytes:3
16:15:18.0 (879882)|HEAP_ALLOCATE|[77]|Bytes:152
16:15:18.0 (894803)|HEAP_ALLOCATE|[342]|Bytes:408
16:15:18.0 (907219)|HEAP_ALLOCATE|[355]|Bytes:408
16:15:18.0 (917365)|HEAP_ALLOCATE|[467]|Bytes:48
16:15:18.0 (964277)|HEAP_ALLOCATE|[139]|Bytes:6
16:15:18.0 (982682)|HEAP_ALLOCATE|[EXTERNAL]|Bytes:3
16:15:18.0 (999164)|HEAP_ALLOCATE|[EXTERNAL]|Bytes:3
16:15:18.0 (1849438)|CODE_UNIT_STARTED|[EXTERNAL]|01pf4000009OyzM|CompensationController.getCompensations
16:15:18.0 (1930514)|HEAP_ALLOCATE|[EXTERNAL]|Bytes:1
16:15:18.0 (1957718)|METHOD_ENTRY|[1]|01pf4000009OyzM|CompensationController.CompensationController()
16:15:18.0 (1964642)|STATEMENT_EXECUTE|[1]
16:15:18.0 (1971616)|STATEMENT_EXECUTE|[1]
16:15:18.0 (2005174)|HEAP_ALLOCATE|[50]|Bytes:5
16:15:18.0 (2027309)|HEAP_ALLOCATE|[56]|Bytes:5
16:15:18.0 (2035679)|HEAP_ALLOCATE|[64]|Bytes:7
16:15:18.0 (2057718)|SYSTEM_MODE_ENTER|false
16:15:18.0 (2069575)|HEAP_ALLOCATE|[EXTERNAL]|Bytes:5
16:15:18.0 (2077608)|SYSTEM_MODE_EXIT|false
16:15:18.0 (2102164)|METHOD_EXIT|[1]|CompensationController
16:15:18.0 (2107739)|HEAP_ALLOCATE|[EXTERNAL]|Bytes:3
16:15:18.0 (2116701)|SYSTEM_MODE_ENTER|false
16:15:18.0 (2123826)|VARIABLE_SCOPE_BEGIN|[3]|filter|String|false|false
16:15:18.0 (2147481)|VARIABLE_ASSIGNMENT|[3]|filter|"all"
16:15:18.0 (2162090)|HEAP_ALLOCATE|[4]|Bytes:5
16:15:18.0 (2173343)|STATEMENT_EXECUTE|[3]
16:15:18.0 (2175252)|STATEMENT_EXECUTE|[4]
16:15:18.0 (2276806)|HEAP_ALLOCATE|[4]|Bytes:4
16:15:18.0 (2385286)|VARIABLE_SCOPE_BEGIN|[4]|compensations|List<Compensation__c>|true|false
16:15:18.0 (2396799)|HEAP_ALLOCATE|[EXTERNAL]|Bytes:4
16:15:18.0 (2410102)|VARIABLE_ASSIGNMENT|[4]|compensations|[]|0x2a6ecab4
16:15:18.0 (2417387)|HEAP_ALLOCATE|[5]|Bytes:3
16:15:18.0 (2438162)|STATEMENT_EXECUTE|[5]
16:15:18.0 (2440337)|STATEMENT_EXECUTE|[6]
16:15:18.0 (2442660)|HEAP_ALLOCATE|[6]|Bytes:177
16:15:18.0 (2464564)|HEAP_ALLOCATE|[6]|Bytes:4
16:15:18.0 (3181730)|SOQL_EXECUTE_BEGIN|[6]|Aggregations:0|SELECT Employee__r.Id, Employee__r.Name, Employee__r.birthdate, job_category__c, RecordType.Name, amount__c, location__c, office__c, submitted__c, status__c FROM Compensation__c
16:15:18.0 (12045420)|SOQL_EXECUTE_END|[6]|Rows:232
16:15:18.0 (12081027)|HEAP_ALLOCATE|[6]|Bytes:932
16:15:18.0 (12719400)|HEAP_ALLOCATE|[6]|Bytes:62649
16:15:18.0 (12767599)|HEAP_ALLOCATE|[6]|Bytes:932
16:15:18.0 (12803615)|VARIABLE_ASSIGNMENT|[6]|compensations|"List of size 232 too large to display"|0x7fea2ffe
16:15:18.0 (12813119)|STATEMENT_EXECUTE|[17]
16:15:18.0 (12824689)|SYSTEM_MODE_EXIT|false
16:15:18.12 (12856778)|CUMULATIVE_LIMIT_USAGE
16:15:18.12 (12856778)|LIMIT_USAGE_FOR_NS|(default)|
  Number of SOQL queries: 1 out of 100
  Number of query rows: 232 out of 50000
  Number of SOSL queries: 0 out of 20
  Number of DML statements: 0 out of 150
  Number of DML rows: 0 out of 10000
  Maximum CPU time: 0 out of 10000
  Maximum heap size: 0 out of 6000000
  Number of callouts: 0 out of 100
  Number of Email Invocations: 0 out of 10
  Number of future calls: 0 out of 50
  Number of queueable jobs added to the queue: 0 out of 50
  Number of Mobile Apex push calls: 0 out of 10

16:15:18.12 (12856778)|CUMULATIVE_LIMIT_USAGE_END

16:15:18.0 (12889276)|CODE_UNIT_FINISHED|CompensationController.getCompensations
16:15:18.0 (16176674)|CODE_UNIT_FINISHED|Aura
16:15:18.0 (17479464)|EXECUTION_FINISHED
