42.0 APEX_CODE,FINEST;APEX_PROFILING,INFO;CALLOUT,INFO;DB,INFO;SYSTEM,DEBUG;VALIDATION,INFO;VISUALFORCE,INFO;WAVE,INFO;WORKFLOW,INFO
16:20:59.0 (75199)|USER_INFO|[EXTERNAL]|005f4000001iPIc|lrodriguez-onboarding@altimetrik.com|Argentine Time|GMT-03:00
16:20:59.0 (125168)|EXECUTION_STARTED
16:20:59.0 (131188)|CODE_UNIT_STARTED|[EXTERNAL]|Aura
16:20:59.0 (1045060)|HEAP_ALLOCATE|[72]|Bytes:3
16:20:59.0 (1109521)|HEAP_ALLOCATE|[77]|Bytes:152
16:20:59.0 (1135278)|HEAP_ALLOCATE|[342]|Bytes:408
16:20:59.0 (1157016)|HEAP_ALLOCATE|[355]|Bytes:408
16:20:59.0 (1175175)|HEAP_ALLOCATE|[467]|Bytes:48
16:20:59.0 (1205227)|HEAP_ALLOCATE|[139]|Bytes:6
16:20:59.0 (1230255)|HEAP_ALLOCATE|[EXTERNAL]|Bytes:3
16:20:59.0 (1240757)|HEAP_ALLOCATE|[EXTERNAL]|Bytes:3
16:20:59.0 (2158070)|CODE_UNIT_STARTED|[EXTERNAL]|01pf4000009OyzM|CompensationController.getCompensations
16:20:59.0 (2294073)|HEAP_ALLOCATE|[EXTERNAL]|Bytes:1
16:20:59.0 (2338411)|METHOD_ENTRY|[1]|01pf4000009OyzM|CompensationController.CompensationController()
16:20:59.0 (2347871)|STATEMENT_EXECUTE|[1]
16:20:59.0 (2355665)|STATEMENT_EXECUTE|[1]
16:20:59.0 (2393846)|HEAP_ALLOCATE|[50]|Bytes:5
16:20:59.0 (2420200)|HEAP_ALLOCATE|[56]|Bytes:5
16:20:59.0 (2433398)|HEAP_ALLOCATE|[64]|Bytes:7
16:20:59.0 (2461046)|SYSTEM_MODE_ENTER|false
16:20:59.0 (2474565)|HEAP_ALLOCATE|[EXTERNAL]|Bytes:5
16:20:59.0 (2487731)|SYSTEM_MODE_EXIT|false
16:20:59.0 (2499519)|METHOD_EXIT|[1]|CompensationController
16:20:59.0 (2507366)|HEAP_ALLOCATE|[EXTERNAL]|Bytes:3
16:20:59.0 (2519718)|SYSTEM_MODE_ENTER|false
16:20:59.0 (2530719)|VARIABLE_SCOPE_BEGIN|[3]|filter|String|false|false
16:20:59.0 (2560998)|VARIABLE_ASSIGNMENT|[3]|filter|"all"
16:20:59.0 (2586269)|HEAP_ALLOCATE|[4]|Bytes:5
16:20:59.0 (2593102)|STATEMENT_EXECUTE|[3]
16:20:59.0 (2595545)|STATEMENT_EXECUTE|[4]
16:20:59.0 (2693289)|HEAP_ALLOCATE|[4]|Bytes:4
16:20:59.0 (2764611)|VARIABLE_SCOPE_BEGIN|[4]|compensations|List<Compensation__c>|true|false
16:20:59.0 (2782539)|HEAP_ALLOCATE|[EXTERNAL]|Bytes:4
16:20:59.0 (2799895)|VARIABLE_ASSIGNMENT|[4]|compensations|[]|0x6f40351d
16:20:59.0 (2811915)|HEAP_ALLOCATE|[5]|Bytes:3
16:20:59.0 (2846201)|STATEMENT_EXECUTE|[5]
16:20:59.0 (2849055)|STATEMENT_EXECUTE|[6]
16:20:59.0 (2853012)|HEAP_ALLOCATE|[6]|Bytes:177
16:20:59.0 (2869832)|HEAP_ALLOCATE|[6]|Bytes:4
16:20:59.0 (3636931)|SOQL_EXECUTE_BEGIN|[6]|Aggregations:0|SELECT Employee__r.Id, Employee__r.Name, Employee__r.birthdate, job_category__c, RecordType.Name, amount__c, location__c, office__c, submitted__c, status__c FROM Compensation__c
16:20:59.0 (12476544)|SOQL_EXECUTE_END|[6]|Rows:232
16:20:59.0 (12505168)|HEAP_ALLOCATE|[6]|Bytes:932
16:20:59.0 (13112763)|HEAP_ALLOCATE|[6]|Bytes:62649
16:20:59.0 (13147551)|HEAP_ALLOCATE|[6]|Bytes:932
16:20:59.0 (13180864)|VARIABLE_ASSIGNMENT|[6]|compensations|"List of size 232 too large to display"|0x7104afde
16:20:59.0 (13189897)|STATEMENT_EXECUTE|[17]
16:20:59.0 (13199230)|SYSTEM_MODE_EXIT|false
16:20:59.13 (13226620)|CUMULATIVE_LIMIT_USAGE
16:20:59.13 (13226620)|LIMIT_USAGE_FOR_NS|(default)|
  Number of SOQL queries: 1 out of 100
  Number of query rows: 232 out of 50000
  Number of SOSL queries: 0 out of 20
  Number of DML statements: 0 out of 150
  Number of DML rows: 0 out of 10000
  Maximum CPU time: 0 out of 10000
  Maximum heap size: 0 out of 6000000
  Number of callouts: 0 out of 100
  Number of Email Invocations: 0 out of 10
  Number of future calls: 0 out of 50
  Number of queueable jobs added to the queue: 0 out of 50
  Number of Mobile Apex push calls: 0 out of 10

16:20:59.13 (13226620)|CUMULATIVE_LIMIT_USAGE_END

16:20:59.0 (13257502)|CODE_UNIT_FINISHED|CompensationController.getCompensations
16:20:59.0 (18872654)|CODE_UNIT_FINISHED|Aura
16:20:59.0 (20017734)|EXECUTION_FINISHED
