42.0 APEX_CODE,FINEST;APEX_PROFILING,INFO;CALLOUT,INFO;DB,INFO;SYSTEM,DEBUG;VALIDATION,INFO;VISUALFORCE,INFO;WAVE,INFO;WORKFLOW,INFO
15:58:40.0 (79942)|USER_INFO|[EXTERNAL]|005f4000001iPIc|lrodriguez-onboarding@altimetrik.com|Hora de Argentina|GMT-03:00
15:58:40.0 (118969)|EXECUTION_STARTED
15:58:40.0 (128300)|CODE_UNIT_STARTED|[EXTERNAL]|Aura
15:58:40.0 (931010)|HEAP_ALLOCATE|[72]|Bytes:3
15:58:40.0 (990075)|HEAP_ALLOCATE|[77]|Bytes:152
15:58:40.0 (1013791)|HEAP_ALLOCATE|[342]|Bytes:408
15:58:40.0 (1036974)|HEAP_ALLOCATE|[355]|Bytes:408
15:58:40.0 (1056178)|HEAP_ALLOCATE|[467]|Bytes:48
15:58:40.0 (1091977)|HEAP_ALLOCATE|[139]|Bytes:6
15:58:40.0 (1120435)|HEAP_ALLOCATE|[EXTERNAL]|Bytes:5
15:58:40.0 (1133359)|HEAP_ALLOCATE|[EXTERNAL]|Bytes:5
15:58:40.0 (1938028)|CODE_UNIT_STARTED|[EXTERNAL]|01pf4000009OyzM|CompensationController.getCompensations
15:58:40.0 (2045119)|HEAP_ALLOCATE|[EXTERNAL]|Bytes:1
15:58:40.0 (2064177)|METHOD_ENTRY|[1]|01pf4000009OyzM|CompensationController.CompensationController()
15:58:40.0 (2070533)|STATEMENT_EXECUTE|[1]
15:58:40.0 (2078013)|STATEMENT_EXECUTE|[1]
15:58:40.0 (2109722)|HEAP_ALLOCATE|[50]|Bytes:5
15:58:40.0 (2134172)|HEAP_ALLOCATE|[56]|Bytes:5
15:58:40.0 (2142458)|HEAP_ALLOCATE|[64]|Bytes:7
15:58:40.0 (2168133)|SYSTEM_MODE_ENTER|false
15:58:40.0 (2182017)|HEAP_ALLOCATE|[EXTERNAL]|Bytes:5
15:58:40.0 (2190240)|SYSTEM_MODE_EXIT|false
15:58:40.0 (2199640)|METHOD_EXIT|[1]|CompensationController
15:58:40.0 (2204755)|HEAP_ALLOCATE|[EXTERNAL]|Bytes:5
15:58:40.0 (2213828)|SYSTEM_MODE_ENTER|false
15:58:40.0 (2221889)|VARIABLE_SCOPE_BEGIN|[3]|filter|String|false|false
15:58:40.0 (2243592)|VARIABLE_ASSIGNMENT|[3]|filter|"study"
15:58:40.0 (2258337)|HEAP_ALLOCATE|[4]|Bytes:5
15:58:40.0 (2263420)|STATEMENT_EXECUTE|[3]
15:58:40.0 (2265200)|STATEMENT_EXECUTE|[4]
15:58:40.0 (2428334)|HEAP_ALLOCATE|[4]|Bytes:4
15:58:40.0 (2523215)|VARIABLE_SCOPE_BEGIN|[4]|compensations|List<Compensation__c>|true|false
15:58:40.0 (2540241)|HEAP_ALLOCATE|[EXTERNAL]|Bytes:4
15:58:40.0 (2557362)|VARIABLE_ASSIGNMENT|[4]|compensations|[]|0x4cc66f2f
15:58:40.0 (2569368)|HEAP_ALLOCATE|[5]|Bytes:3
15:58:40.0 (2606635)|HEAP_ALLOCATE|[10]|Bytes:5
15:58:40.0 (2624472)|STATEMENT_EXECUTE|[10]
15:58:40.0 (2627038)|STATEMENT_EXECUTE|[11]
15:58:40.0 (2630221)|HEAP_ALLOCATE|[11]|Bytes:194
15:58:40.0 (2651862)|HEAP_ALLOCATE|[11]|Bytes:4
15:58:40.0 (2665141)|HEAP_ALLOCATE|[11]|Bytes:7
15:58:40.0 (3696502)|SOQL_EXECUTE_BEGIN|[11]|Aggregations:0|SELECT Employee__r.Name, Employee__r.birthdate, job_category__c, RecordType.Name, amount__c, location__c, office__c, submitted__c, status__c FROM Compensation__c WHERE RecordType.Name = :tmpVar1
15:58:40.0 (17476431)|SOQL_EXECUTE_END|[11]|Rows:223
15:58:40.0 (17509545)|HEAP_ALLOCATE|[11]|Bytes:896
15:58:40.0 (18104625)|HEAP_ALLOCATE|[11]|Bytes:60371
15:58:40.0 (18165495)|HEAP_ALLOCATE|[11]|Bytes:896
15:58:40.0 (18205367)|VARIABLE_ASSIGNMENT|[11]|compensations|"List of size 223 too large to display"|0x34c55756
15:58:40.0 (18215471)|STATEMENT_EXECUTE|[17]
15:58:40.0 (18230857)|SYSTEM_MODE_EXIT|false
15:58:40.18 (18257304)|CUMULATIVE_LIMIT_USAGE
15:58:40.18 (18257304)|LIMIT_USAGE_FOR_NS|(default)|
  Number of SOQL queries: 1 out of 100
  Number of query rows: 223 out of 50000
  Number of SOSL queries: 0 out of 20
  Number of DML statements: 0 out of 150
  Number of DML rows: 0 out of 10000
  Maximum CPU time: 0 out of 10000
  Maximum heap size: 0 out of 6000000
  Number of callouts: 0 out of 100
  Number of Email Invocations: 0 out of 10
  Number of future calls: 0 out of 50
  Number of queueable jobs added to the queue: 0 out of 50
  Number of Mobile Apex push calls: 0 out of 10

15:58:40.18 (18257304)|CUMULATIVE_LIMIT_USAGE_END

15:58:40.0 (18291040)|CODE_UNIT_FINISHED|CompensationController.getCompensations
15:58:40.0 (21671421)|CODE_UNIT_FINISHED|Aura
15:58:40.0 (23172682)|EXECUTION_FINISHED
