42.0 APEX_CODE,FINEST;APEX_PROFILING,INFO;CALLOUT,INFO;DB,INFO;SYSTEM,DEBUG;VALIDATION,INFO;VISUALFORCE,INFO;WAVE,INFO;WORKFLOW,INFO
14:42:57.0 (59341)|USER_INFO|[EXTERNAL]|005f4000001iPIc|lrodriguez-onboarding@altimetrik.com|Hora de Argentina|GMT-03:00
14:42:57.0 (90362)|EXECUTION_STARTED
14:42:57.0 (95107)|CODE_UNIT_STARTED|[EXTERNAL]|Aura
14:42:57.0 (812707)|HEAP_ALLOCATE|[72]|Bytes:3
14:42:57.0 (856357)|HEAP_ALLOCATE|[77]|Bytes:152
14:42:57.0 (871812)|HEAP_ALLOCATE|[342]|Bytes:408
14:42:57.0 (885019)|HEAP_ALLOCATE|[355]|Bytes:408
14:42:57.0 (895482)|HEAP_ALLOCATE|[467]|Bytes:48
14:42:57.0 (917740)|HEAP_ALLOCATE|[139]|Bytes:6
14:42:57.0 (935954)|HEAP_ALLOCATE|[EXTERNAL]|Bytes:6
14:42:57.0 (943914)|HEAP_ALLOCATE|[EXTERNAL]|Bytes:6
14:42:57.0 (1685952)|CODE_UNIT_STARTED|[EXTERNAL]|01pf4000009OyzM|CompensationController.getCompensations
14:42:57.0 (1780411)|HEAP_ALLOCATE|[EXTERNAL]|Bytes:1
14:42:57.0 (1792855)|METHOD_ENTRY|[1]|01pf4000009OyzM|CompensationController.CompensationController()
14:42:57.0 (1798403)|STATEMENT_EXECUTE|[1]
14:42:57.0 (1804906)|STATEMENT_EXECUTE|[1]
14:42:57.0 (1835669)|HEAP_ALLOCATE|[50]|Bytes:5
14:42:57.0 (1860268)|HEAP_ALLOCATE|[56]|Bytes:5
14:42:57.0 (1868455)|HEAP_ALLOCATE|[64]|Bytes:7
14:42:57.0 (1893125)|SYSTEM_MODE_ENTER|false
14:42:57.0 (1907317)|HEAP_ALLOCATE|[EXTERNAL]|Bytes:5
14:42:57.0 (1916001)|SYSTEM_MODE_EXIT|false
14:42:57.0 (1925581)|METHOD_EXIT|[1]|CompensationController
14:42:57.0 (1930916)|HEAP_ALLOCATE|[EXTERNAL]|Bytes:6
14:42:57.0 (1939566)|SYSTEM_MODE_ENTER|false
14:42:57.0 (1947083)|VARIABLE_SCOPE_BEGIN|[3]|filter|String|false|false
14:42:57.0 (1968223)|VARIABLE_ASSIGNMENT|[3]|filter|"salary"
14:42:57.0 (1983198)|HEAP_ALLOCATE|[4]|Bytes:5
14:42:57.0 (1988672)|STATEMENT_EXECUTE|[3]
14:42:57.0 (1990444)|STATEMENT_EXECUTE|[4]
14:42:57.0 (2093210)|HEAP_ALLOCATE|[4]|Bytes:4
14:42:57.0 (2164593)|VARIABLE_SCOPE_BEGIN|[4]|compensations|List<Compensation__c>|true|false
14:42:57.0 (2176262)|HEAP_ALLOCATE|[EXTERNAL]|Bytes:4
14:42:57.0 (2189807)|VARIABLE_ASSIGNMENT|[4]|compensations|[]|0x2c3aea60
14:42:57.0 (2197919)|HEAP_ALLOCATE|[5]|Bytes:3
14:42:57.0 (2222545)|HEAP_ALLOCATE|[10]|Bytes:5
14:42:57.0 (2231274)|HEAP_ALLOCATE|[10]|Bytes:6
14:42:57.0 (2240987)|STATEMENT_EXECUTE|[10]
14:42:57.0 (2242791)|STATEMENT_EXECUTE|[11]
14:42:57.0 (2245599)|HEAP_ALLOCATE|[11]|Bytes:194
14:42:57.0 (2261432)|HEAP_ALLOCATE|[11]|Bytes:4
14:42:57.0 (2269720)|HEAP_ALLOCATE|[11]|Bytes:7
14:42:57.0 (2972339)|SOQL_EXECUTE_BEGIN|[11]|Aggregations:0|SELECT Employee__r.Name, Employee__r.birthdate, job_category__c, RecordType.Name, amount__c, location__c, office__c, submitted__c, status__c FROM Compensation__c WHERE RecordType.Name = :tmpVar1
14:42:57.0 (9011415)|SOQL_EXECUTE_END|[11]|Rows:3
14:42:57.0 (9033960)|HEAP_ALLOCATE|[11]|Bytes:16
14:42:57.0 (9066596)|HEAP_ALLOCATE|[11]|Bytes:855
14:42:57.0 (9106226)|HEAP_ALLOCATE|[11]|Bytes:16
14:42:57.0 (9157228)|VARIABLE_ASSIGNMENT|[11]|compensations|[{"Employee__c":"003f400000Im3OFAAZ","Job_Category__c":"Senior","RecordTypeId":"012f4000000xpoaAAA","Location__c":"Uruguay","Office__c":"MVD WTC 2","Submitted__c":false,"Status__c":"NOT SUBMITTED","Id":"a00f4000007wcrhAAA","Employee__r":{"Name":"Andy Young","Id":"003f400000Im3OFAAZ"},"RecordType":{"Name":"Salary","Id":"012f4000000xpoaAAA"}},{"Employee__c":"003f400000Im3OFAAZ","Job_Category__c":"Semi-Senior","RecordTypeId":"012f4000000xpoaAAA","Location__c":"Uruguay","Office__c":"MVD WTC 1","Submitted__c":true,"Status__c":"SUBMITTED","Id":"a00f4000007wcrmAAA","Employee__r":{"Name":"Andy Young","Id":"003f400000Im3OFAAZ"},"RecordType":{"Name":"Salary","Id":"012f4000000xpoaAAA"}},{"Employee__c":"003f400000I1ma3AAB","Job_Category__c":"Junior","RecordTypeId":"012f4000000xpoaAAA","Location__c":"Uruguay","Office__c":"MVD WTC 1","Submitted__c":false,"Status__c":"NOT SUBMITTED","Id":"a00f4000007wUBOAA2","Employee__r":{"Name":"Julio Rios","Id":"003f400000I1ma3AAB"},"RecordType":{"Name":"Salary","Id":"012f4000000xpoaAAA"}}]|0x583bf745
14:42:57.0 (9179405)|STATEMENT_EXECUTE|[17]
14:42:57.0 (9190144)|SYSTEM_MODE_EXIT|false
14:42:57.9 (9213567)|CUMULATIVE_LIMIT_USAGE
14:42:57.9 (9213567)|LIMIT_USAGE_FOR_NS|(default)|
  Number of SOQL queries: 1 out of 100
  Number of query rows: 3 out of 50000
  Number of SOSL queries: 0 out of 20
  Number of DML statements: 0 out of 150
  Number of DML rows: 0 out of 10000
  Maximum CPU time: 0 out of 10000
  Maximum heap size: 0 out of 6000000
  Number of callouts: 0 out of 100
  Number of Email Invocations: 0 out of 10
  Number of future calls: 0 out of 50
  Number of queueable jobs added to the queue: 0 out of 50
  Number of Mobile Apex push calls: 0 out of 10

14:42:57.9 (9213567)|CUMULATIVE_LIMIT_USAGE_END

14:42:57.0 (9242923)|CODE_UNIT_FINISHED|CompensationController.getCompensations
14:42:57.0 (9350439)|CODE_UNIT_FINISHED|Aura
14:42:57.0 (10479419)|EXECUTION_FINISHED
