42.0 APEX_CODE,FINEST;APEX_PROFILING,INFO;CALLOUT,INFO;DB,INFO;SYSTEM,DEBUG;VALIDATION,INFO;VISUALFORCE,INFO;WAVE,INFO;WORKFLOW,INFO
16:31:21.0 (331621)|USER_INFO|[EXTERNAL]|005f4000001iPIc|lrodriguez-onboarding@altimetrik.com|Argentine Time|GMT-03:00
16:31:21.0 (370760)|EXECUTION_STARTED
16:31:21.0 (376834)|CODE_UNIT_STARTED|[EXTERNAL]|Aura
16:31:21.0 (1361929)|HEAP_ALLOCATE|[72]|Bytes:3
16:31:21.0 (1395417)|HEAP_ALLOCATE|[77]|Bytes:152
16:31:21.0 (1410736)|HEAP_ALLOCATE|[342]|Bytes:408
16:31:21.0 (1424080)|HEAP_ALLOCATE|[355]|Bytes:408
16:31:21.0 (1434710)|HEAP_ALLOCATE|[467]|Bytes:48
16:31:21.0 (1455742)|HEAP_ALLOCATE|[139]|Bytes:6
16:31:21.0 (1474250)|HEAP_ALLOCATE|[EXTERNAL]|Bytes:3
16:31:21.0 (1482061)|HEAP_ALLOCATE|[EXTERNAL]|Bytes:3
16:31:21.0 (2266853)|CODE_UNIT_STARTED|[EXTERNAL]|01pf4000009OyzM|CompensationController.getCompensations
16:31:21.0 (2361693)|HEAP_ALLOCATE|[EXTERNAL]|Bytes:1
16:31:21.0 (2373168)|METHOD_ENTRY|[1]|01pf4000009OyzM|CompensationController.CompensationController()
16:31:21.0 (2379678)|STATEMENT_EXECUTE|[1]
16:31:21.0 (2385863)|STATEMENT_EXECUTE|[1]
16:31:21.0 (2415040)|HEAP_ALLOCATE|[50]|Bytes:5
16:31:21.0 (2437004)|HEAP_ALLOCATE|[56]|Bytes:5
16:31:21.0 (2445087)|HEAP_ALLOCATE|[64]|Bytes:7
16:31:21.0 (2468426)|SYSTEM_MODE_ENTER|false
16:31:21.0 (2484079)|HEAP_ALLOCATE|[EXTERNAL]|Bytes:5
16:31:21.0 (2492065)|SYSTEM_MODE_EXIT|false
16:31:21.0 (2500427)|METHOD_EXIT|[1]|CompensationController
16:31:21.0 (2505317)|HEAP_ALLOCATE|[EXTERNAL]|Bytes:3
16:31:21.0 (2513986)|SYSTEM_MODE_ENTER|false
16:31:21.0 (2520975)|VARIABLE_SCOPE_BEGIN|[3]|filter|String|false|false
16:31:21.0 (2544795)|VARIABLE_ASSIGNMENT|[3]|filter|"all"
16:31:21.0 (2559316)|HEAP_ALLOCATE|[4]|Bytes:5
16:31:21.0 (2564184)|STATEMENT_EXECUTE|[3]
16:31:21.0 (2566047)|STATEMENT_EXECUTE|[4]
16:31:21.0 (2634324)|HEAP_ALLOCATE|[4]|Bytes:4
16:31:21.0 (2698820)|VARIABLE_SCOPE_BEGIN|[4]|compensations|List<Compensation__c>|true|false
16:31:21.0 (2710331)|HEAP_ALLOCATE|[EXTERNAL]|Bytes:4
16:31:21.0 (2723737)|VARIABLE_ASSIGNMENT|[4]|compensations|[]|0x63cf45f5
16:31:21.0 (2731245)|HEAP_ALLOCATE|[5]|Bytes:3
16:31:21.0 (2756070)|STATEMENT_EXECUTE|[5]
16:31:21.0 (2757859)|STATEMENT_EXECUTE|[6]
16:31:21.0 (2760133)|HEAP_ALLOCATE|[6]|Bytes:177
16:31:21.0 (2775138)|HEAP_ALLOCATE|[6]|Bytes:4
16:31:21.0 (4071673)|SOQL_EXECUTE_BEGIN|[6]|Aggregations:0|SELECT Employee__r.Id, Employee__r.Name, Employee__r.birthdate, job_category__c, RecordType.Name, amount__c, location__c, office__c, submitted__c, status__c FROM Compensation__c
16:31:21.0 (13855494)|SOQL_EXECUTE_END|[6]|Rows:232
16:31:21.0 (13890906)|HEAP_ALLOCATE|[6]|Bytes:932
16:31:21.0 (14532366)|HEAP_ALLOCATE|[6]|Bytes:62649
16:31:21.0 (14595968)|HEAP_ALLOCATE|[6]|Bytes:932
16:31:21.0 (14637710)|VARIABLE_ASSIGNMENT|[6]|compensations|"List of size 232 too large to display"|0x59c06dd1
16:31:21.0 (14647988)|STATEMENT_EXECUTE|[17]
16:31:21.0 (14662493)|SYSTEM_MODE_EXIT|false
16:31:21.14 (14693357)|CUMULATIVE_LIMIT_USAGE
16:31:21.14 (14693357)|LIMIT_USAGE_FOR_NS|(default)|
  Number of SOQL queries: 1 out of 100
  Number of query rows: 232 out of 50000
  Number of SOSL queries: 0 out of 20
  Number of DML statements: 0 out of 150
  Number of DML rows: 0 out of 10000
  Maximum CPU time: 0 out of 10000
  Maximum heap size: 0 out of 6000000
  Number of callouts: 0 out of 100
  Number of Email Invocations: 0 out of 10
  Number of future calls: 0 out of 50
  Number of queueable jobs added to the queue: 0 out of 50
  Number of Mobile Apex push calls: 0 out of 10

16:31:21.14 (14693357)|CUMULATIVE_LIMIT_USAGE_END

16:31:21.0 (14724061)|CODE_UNIT_FINISHED|CompensationController.getCompensations
16:31:21.0 (17962595)|CODE_UNIT_FINISHED|Aura
16:31:21.0 (19200735)|EXECUTION_FINISHED
