42.0 APEX_CODE,FINEST;APEX_PROFILING,INFO;CALLOUT,INFO;DB,INFO;SYSTEM,DEBUG;VALIDATION,INFO;VISUALFORCE,INFO;WAVE,INFO;WORKFLOW,INFO
14:34:25.0 (370949)|USER_INFO|[EXTERNAL]|005f4000001iPIc|lrodriguez-onboarding@altimetrik.com|Hora de Argentina|GMT-03:00
14:34:25.0 (403966)|EXECUTION_STARTED
14:34:25.0 (408659)|CODE_UNIT_STARTED|[EXTERNAL]|Aura
14:34:25.0 (1528182)|HEAP_ALLOCATE|[72]|Bytes:3
14:34:25.0 (1571340)|HEAP_ALLOCATE|[77]|Bytes:152
14:34:25.0 (1587841)|HEAP_ALLOCATE|[342]|Bytes:408
14:34:25.0 (1607406)|HEAP_ALLOCATE|[355]|Bytes:408
14:34:25.0 (1627506)|HEAP_ALLOCATE|[467]|Bytes:48
14:34:25.0 (1661872)|HEAP_ALLOCATE|[139]|Bytes:6
14:34:25.0 (1691000)|HEAP_ALLOCATE|[EXTERNAL]|Bytes:3
14:34:25.0 (1700677)|HEAP_ALLOCATE|[EXTERNAL]|Bytes:3
14:34:25.0 (2650297)|CODE_UNIT_STARTED|[EXTERNAL]|01pf4000009OyzM|CompensationController.getCompensations
14:34:25.0 (2881361)|HEAP_ALLOCATE|[EXTERNAL]|Bytes:1
14:34:25.0 (2896007)|METHOD_ENTRY|[1]|01pf4000009OyzM|CompensationController.CompensationController()
14:34:25.0 (2902896)|STATEMENT_EXECUTE|[1]
14:34:25.0 (2909591)|STATEMENT_EXECUTE|[1]
14:34:25.0 (2943237)|HEAP_ALLOCATE|[50]|Bytes:5
14:34:25.0 (2967390)|HEAP_ALLOCATE|[56]|Bytes:5
14:34:25.0 (2975911)|HEAP_ALLOCATE|[64]|Bytes:7
14:34:25.0 (2998306)|SYSTEM_MODE_ENTER|false
14:34:25.0 (3013837)|HEAP_ALLOCATE|[EXTERNAL]|Bytes:5
14:34:25.0 (3023356)|SYSTEM_MODE_EXIT|false
14:34:25.0 (3031886)|METHOD_EXIT|[1]|CompensationController
14:34:25.0 (3037118)|HEAP_ALLOCATE|[EXTERNAL]|Bytes:3
14:34:25.0 (3055182)|SYSTEM_MODE_ENTER|false
14:34:25.0 (3065204)|VARIABLE_SCOPE_BEGIN|[3]|filter|String|false|false
14:34:25.0 (3090415)|VARIABLE_ASSIGNMENT|[3]|filter|"all"
14:34:25.0 (3105736)|HEAP_ALLOCATE|[4]|Bytes:5
14:34:25.0 (3110698)|STATEMENT_EXECUTE|[3]
14:34:25.0 (3112529)|STATEMENT_EXECUTE|[4]
14:34:25.0 (3141160)|HEAP_ALLOCATE|[4]|Bytes:4
14:34:25.0 (3207401)|VARIABLE_SCOPE_BEGIN|[4]|compensations|List<Compensation__c>|true|false
14:34:25.0 (3218507)|HEAP_ALLOCATE|[EXTERNAL]|Bytes:4
14:34:25.0 (3232034)|VARIABLE_ASSIGNMENT|[4]|compensations|[]|0x2945f904
14:34:25.0 (3239353)|HEAP_ALLOCATE|[5]|Bytes:3
14:34:25.0 (3267290)|STATEMENT_EXECUTE|[5]
14:34:25.0 (3269313)|STATEMENT_EXECUTE|[6]
14:34:25.0 (3271809)|HEAP_ALLOCATE|[6]|Bytes:161
14:34:25.0 (3289736)|HEAP_ALLOCATE|[6]|Bytes:4
14:34:25.0 (4690741)|SOQL_EXECUTE_BEGIN|[6]|Aggregations:0|SELECT Employee__r.Name, Employee__r.birthdate, job_category__c, RecordType.Name, amount__c, location__c, office__c, submitted__c, status__c FROM Compensation__c
14:34:25.0 (16696255)|SOQL_EXECUTE_END|[6]|Rows:232
14:34:25.0 (16729031)|HEAP_ALLOCATE|[6]|Bytes:932
14:34:25.0 (17357268)|HEAP_ALLOCATE|[6]|Bytes:62649
14:34:25.0 (17416108)|HEAP_ALLOCATE|[6]|Bytes:932
14:34:25.0 (17454396)|VARIABLE_ASSIGNMENT|[6]|compensations|"List of size 232 too large to display"|0x575134c1
14:34:25.0 (17463626)|STATEMENT_EXECUTE|[17]
14:34:25.0 (17476621)|SYSTEM_MODE_EXIT|false
14:34:25.17 (17501644)|CUMULATIVE_LIMIT_USAGE
14:34:25.17 (17501644)|LIMIT_USAGE_FOR_NS|(default)|
  Number of SOQL queries: 1 out of 100
  Number of query rows: 232 out of 50000
  Number of SOSL queries: 0 out of 20
  Number of DML statements: 0 out of 150
  Number of DML rows: 0 out of 10000
  Maximum CPU time: 0 out of 10000
  Maximum heap size: 0 out of 6000000
  Number of callouts: 0 out of 100
  Number of Email Invocations: 0 out of 10
  Number of future calls: 0 out of 50
  Number of queueable jobs added to the queue: 0 out of 50
  Number of Mobile Apex push calls: 0 out of 10

14:34:25.17 (17501644)|CUMULATIVE_LIMIT_USAGE_END

14:34:25.0 (17531190)|CODE_UNIT_FINISHED|CompensationController.getCompensations
14:34:25.0 (20874165)|CODE_UNIT_FINISHED|Aura
14:34:25.0 (22122650)|EXECUTION_FINISHED
