42.0 APEX_CODE,FINEST;APEX_PROFILING,INFO;CALLOUT,INFO;DB,INFO;SYSTEM,DEBUG;VALIDATION,INFO;VISUALFORCE,INFO;WAVE,INFO;WORKFLOW,INFO
11:39:53.1 (1988394)|USER_INFO|[EXTERNAL]|005f4000001iPIc|lrodriguez-onboarding@altimetrik.com|Hora de Argentina|GMT-03:00
11:39:53.1 (2030534)|EXECUTION_STARTED
11:39:53.1 (2037240)|CODE_UNIT_STARTED|[EXTERNAL]|Aura
11:39:53.1 (4455639)|HEAP_ALLOCATE|[72]|Bytes:3
11:39:53.1 (4512521)|HEAP_ALLOCATE|[77]|Bytes:152
11:39:53.1 (4536764)|HEAP_ALLOCATE|[342]|Bytes:408
11:39:53.1 (4559500)|HEAP_ALLOCATE|[355]|Bytes:408
11:39:53.1 (4577386)|HEAP_ALLOCATE|[467]|Bytes:48
11:39:53.1 (4616040)|HEAP_ALLOCATE|[139]|Bytes:6
11:39:53.1 (4640431)|HEAP_ALLOCATE|[EXTERNAL]|Bytes:3
11:39:53.1 (4652134)|HEAP_ALLOCATE|[EXTERNAL]|Bytes:3
11:39:53.1 (5455810)|CODE_UNIT_STARTED|[EXTERNAL]|01pf4000009OyzM|CompensationController.getCompensations
11:39:53.1 (5747507)|HEAP_ALLOCATE|[EXTERNAL]|Bytes:1
11:39:53.1 (5767887)|METHOD_ENTRY|[1]|01pf4000009OyzM|CompensationController.CompensationController()
11:39:53.1 (5776340)|STATEMENT_EXECUTE|[1]
11:39:53.1 (5783318)|STATEMENT_EXECUTE|[1]
11:39:53.1 (5827541)|HEAP_ALLOCATE|[50]|Bytes:5
11:39:53.1 (5866741)|HEAP_ALLOCATE|[56]|Bytes:5
11:39:53.1 (5884605)|HEAP_ALLOCATE|[64]|Bytes:7
11:39:53.1 (5913691)|SYSTEM_MODE_ENTER|false
11:39:53.1 (5927961)|HEAP_ALLOCATE|[EXTERNAL]|Bytes:5
11:39:53.1 (5936309)|SYSTEM_MODE_EXIT|false
11:39:53.1 (5946757)|METHOD_EXIT|[1]|CompensationController
11:39:53.1 (5953645)|HEAP_ALLOCATE|[EXTERNAL]|Bytes:3
11:39:53.1 (5965864)|SYSTEM_MODE_ENTER|false
11:39:53.1 (5977744)|VARIABLE_SCOPE_BEGIN|[3]|filter|String|false|false
11:39:53.1 (6008147)|VARIABLE_ASSIGNMENT|[3]|filter|"all"
11:39:53.1 (6029847)|HEAP_ALLOCATE|[4]|Bytes:5
11:39:53.1 (6036665)|STATEMENT_EXECUTE|[3]
11:39:53.1 (6038913)|STATEMENT_EXECUTE|[4]
11:39:53.1 (6072303)|HEAP_ALLOCATE|[4]|Bytes:4
11:39:53.1 (6148470)|VARIABLE_SCOPE_BEGIN|[4]|compensations|List<Compensation__c>|true|false
11:39:53.1 (6161842)|HEAP_ALLOCATE|[EXTERNAL]|Bytes:4
11:39:53.1 (6175472)|VARIABLE_ASSIGNMENT|[4]|compensations|[]|0x3ff74f67
11:39:53.1 (6184442)|HEAP_ALLOCATE|[5]|Bytes:3
11:39:53.1 (6210843)|STATEMENT_EXECUTE|[5]
11:39:53.1 (6213376)|STATEMENT_EXECUTE|[6]
11:39:53.1 (6216818)|HEAP_ALLOCATE|[6]|Bytes:161
11:39:53.1 (6237712)|HEAP_ALLOCATE|[6]|Bytes:4
11:39:53.1 (7214289)|SOQL_EXECUTE_BEGIN|[6]|Aggregations:0|SELECT Employee__r.Name, Employee__r.birthdate, job_category__c, RecordType.Name, amount__c, location__c, office__c, submitted__c, status__c FROM Compensation__c
11:39:53.1 (37437047)|SOQL_EXECUTE_END|[6]|Rows:232
11:39:53.1 (37473641)|HEAP_ALLOCATE|[6]|Bytes:932
11:39:53.1 (38437090)|HEAP_ALLOCATE|[6]|Bytes:62649
11:39:53.1 (38492597)|HEAP_ALLOCATE|[6]|Bytes:932
11:39:53.1 (38537155)|VARIABLE_ASSIGNMENT|[6]|compensations|"List of size 232 too large to display"|0x544fe766
11:39:53.1 (38548654)|STATEMENT_EXECUTE|[17]
11:39:53.1 (38561525)|SYSTEM_MODE_EXIT|false
11:39:53.38 (38595229)|CUMULATIVE_LIMIT_USAGE
11:39:53.38 (38595229)|LIMIT_USAGE_FOR_NS|(default)|
  Number of SOQL queries: 1 out of 100
  Number of query rows: 232 out of 50000
  Number of SOSL queries: 0 out of 20
  Number of DML statements: 0 out of 150
  Number of DML rows: 0 out of 10000
  Maximum CPU time: 0 out of 10000
  Maximum heap size: 0 out of 6000000
  Number of callouts: 0 out of 100
  Number of Email Invocations: 0 out of 10
  Number of future calls: 0 out of 50
  Number of queueable jobs added to the queue: 0 out of 50
  Number of Mobile Apex push calls: 0 out of 10

11:39:53.38 (38595229)|CUMULATIVE_LIMIT_USAGE_END

11:39:53.1 (38639973)|CODE_UNIT_FINISHED|CompensationController.getCompensations
11:39:53.1 (43267958)|CODE_UNIT_FINISHED|Aura
11:39:53.1 (45603788)|EXECUTION_FINISHED
