42.0 APEX_CODE,FINEST;APEX_PROFILING,INFO;CALLOUT,INFO;DB,INFO;SYSTEM,DEBUG;VALIDATION,INFO;VISUALFORCE,INFO;WAVE,INFO;WORKFLOW,INFO
16:15:36.0 (53723)|USER_INFO|[EXTERNAL]|005f4000001iPIc|lrodriguez-onboarding@altimetrik.com|Argentine Time|GMT-03:00
16:15:36.0 (87550)|EXECUTION_STARTED
16:15:36.0 (91387)|CODE_UNIT_STARTED|[EXTERNAL]|Aura
16:15:36.0 (792676)|HEAP_ALLOCATE|[72]|Bytes:3
16:15:36.0 (820699)|HEAP_ALLOCATE|[77]|Bytes:152
16:15:36.0 (832262)|HEAP_ALLOCATE|[342]|Bytes:408
16:15:36.0 (844334)|HEAP_ALLOCATE|[355]|Bytes:408
16:15:36.0 (854663)|HEAP_ALLOCATE|[467]|Bytes:48
16:15:36.0 (873222)|HEAP_ALLOCATE|[139]|Bytes:6
16:15:36.0 (894769)|HEAP_ALLOCATE|[EXTERNAL]|Bytes:3
16:15:36.0 (903250)|HEAP_ALLOCATE|[EXTERNAL]|Bytes:3
16:15:36.0 (1684699)|CODE_UNIT_STARTED|[EXTERNAL]|01pf4000009OyzM|CompensationController.getCompensations
16:15:36.0 (1757106)|HEAP_ALLOCATE|[EXTERNAL]|Bytes:1
16:15:36.0 (1782184)|METHOD_ENTRY|[1]|01pf4000009OyzM|CompensationController.CompensationController()
16:15:36.0 (1788251)|STATEMENT_EXECUTE|[1]
16:15:36.0 (1793718)|STATEMENT_EXECUTE|[1]
16:15:36.0 (1832083)|HEAP_ALLOCATE|[50]|Bytes:5
16:15:36.0 (1850669)|HEAP_ALLOCATE|[56]|Bytes:5
16:15:36.0 (1858489)|HEAP_ALLOCATE|[64]|Bytes:7
16:15:36.0 (1881881)|SYSTEM_MODE_ENTER|false
16:15:36.0 (1893208)|HEAP_ALLOCATE|[EXTERNAL]|Bytes:5
16:15:36.0 (1900440)|SYSTEM_MODE_EXIT|false
16:15:36.0 (1909300)|METHOD_EXIT|[1]|CompensationController
16:15:36.0 (1914749)|HEAP_ALLOCATE|[EXTERNAL]|Bytes:3
16:15:36.0 (1923734)|SYSTEM_MODE_ENTER|false
16:15:36.0 (1931016)|VARIABLE_SCOPE_BEGIN|[3]|filter|String|false|false
16:15:36.0 (1953227)|VARIABLE_ASSIGNMENT|[3]|filter|"all"
16:15:36.0 (1967051)|HEAP_ALLOCATE|[4]|Bytes:5
16:15:36.0 (1972192)|STATEMENT_EXECUTE|[3]
16:15:36.0 (1974062)|STATEMENT_EXECUTE|[4]
16:15:36.0 (2054538)|HEAP_ALLOCATE|[4]|Bytes:4
16:15:36.0 (2106867)|VARIABLE_SCOPE_BEGIN|[4]|compensations|List<Compensation__c>|true|false
16:15:36.0 (2118844)|HEAP_ALLOCATE|[EXTERNAL]|Bytes:4
16:15:36.0 (2131373)|VARIABLE_ASSIGNMENT|[4]|compensations|[]|0x66d41eaa
16:15:36.0 (2139037)|HEAP_ALLOCATE|[5]|Bytes:3
16:15:36.0 (2155993)|STATEMENT_EXECUTE|[5]
16:15:36.0 (2157885)|STATEMENT_EXECUTE|[6]
16:15:36.0 (2160368)|HEAP_ALLOCATE|[6]|Bytes:177
16:15:36.0 (2173801)|HEAP_ALLOCATE|[6]|Bytes:4
16:15:36.0 (2841208)|SOQL_EXECUTE_BEGIN|[6]|Aggregations:0|SELECT Employee__r.Id, Employee__r.Name, Employee__r.birthdate, job_category__c, RecordType.Name, amount__c, location__c, office__c, submitted__c, status__c FROM Compensation__c
16:15:36.0 (14315322)|SOQL_EXECUTE_END|[6]|Rows:232
16:15:36.0 (14346327)|HEAP_ALLOCATE|[6]|Bytes:932
16:15:36.0 (14972551)|HEAP_ALLOCATE|[6]|Bytes:62649
16:15:36.0 (15011452)|HEAP_ALLOCATE|[6]|Bytes:932
16:15:36.0 (15045587)|VARIABLE_ASSIGNMENT|[6]|compensations|"List of size 232 too large to display"|0x3b090bc0
16:15:36.0 (15054400)|STATEMENT_EXECUTE|[17]
16:15:36.0 (15065098)|SYSTEM_MODE_EXIT|false
16:15:36.15 (15091597)|CUMULATIVE_LIMIT_USAGE
16:15:36.15 (15091597)|LIMIT_USAGE_FOR_NS|(default)|
  Number of SOQL queries: 1 out of 100
  Number of query rows: 232 out of 50000
  Number of SOSL queries: 0 out of 20
  Number of DML statements: 0 out of 150
  Number of DML rows: 0 out of 10000
  Maximum CPU time: 0 out of 10000
  Maximum heap size: 0 out of 6000000
  Number of callouts: 0 out of 100
  Number of Email Invocations: 0 out of 10
  Number of future calls: 0 out of 50
  Number of queueable jobs added to the queue: 0 out of 50
  Number of Mobile Apex push calls: 0 out of 10

16:15:36.15 (15091597)|CUMULATIVE_LIMIT_USAGE_END

16:15:36.0 (15121140)|CODE_UNIT_FINISHED|CompensationController.getCompensations
16:15:36.0 (18444825)|CODE_UNIT_FINISHED|Aura
16:15:36.0 (19613359)|EXECUTION_FINISHED
