42.0 APEX_CODE,FINEST;APEX_PROFILING,INFO;CALLOUT,INFO;DB,INFO;SYSTEM,DEBUG;VALIDATION,INFO;VISUALFORCE,INFO;WAVE,INFO;WORKFLOW,INFO
16:06:57.0 (62715)|USER_INFO|[EXTERNAL]|005f4000001iPIc|lrodriguez-onboarding@altimetrik.com|Argentine Time|GMT-03:00
16:06:57.0 (96221)|EXECUTION_STARTED
16:06:57.0 (101208)|CODE_UNIT_STARTED|[EXTERNAL]|Aura
16:06:57.0 (878713)|HEAP_ALLOCATE|[72]|Bytes:3
16:06:57.0 (950409)|HEAP_ALLOCATE|[77]|Bytes:152
16:06:57.0 (965998)|HEAP_ALLOCATE|[342]|Bytes:408
16:06:57.0 (979841)|HEAP_ALLOCATE|[355]|Bytes:408
16:06:57.0 (990281)|HEAP_ALLOCATE|[467]|Bytes:48
16:06:57.0 (1012850)|HEAP_ALLOCATE|[139]|Bytes:6
16:06:57.0 (1032652)|HEAP_ALLOCATE|[EXTERNAL]|Bytes:3
16:06:57.0 (1059832)|HEAP_ALLOCATE|[EXTERNAL]|Bytes:3
16:06:57.0 (1871498)|CODE_UNIT_STARTED|[EXTERNAL]|01pf4000009OyzM|CompensationController.getCompensations
16:06:57.0 (1967600)|HEAP_ALLOCATE|[EXTERNAL]|Bytes:1
16:06:57.0 (1979816)|METHOD_ENTRY|[1]|01pf4000009OyzM|CompensationController.CompensationController()
16:06:57.0 (1985624)|STATEMENT_EXECUTE|[1]
16:06:57.0 (1992785)|STATEMENT_EXECUTE|[1]
16:06:57.0 (2026320)|HEAP_ALLOCATE|[50]|Bytes:5
16:06:57.0 (2051263)|HEAP_ALLOCATE|[56]|Bytes:5
16:06:57.0 (2059657)|HEAP_ALLOCATE|[64]|Bytes:7
16:06:57.0 (2084367)|SYSTEM_MODE_ENTER|false
16:06:57.0 (2099569)|HEAP_ALLOCATE|[EXTERNAL]|Bytes:5
16:06:57.0 (2108000)|SYSTEM_MODE_EXIT|false
16:06:57.0 (2117561)|METHOD_EXIT|[1]|CompensationController
16:06:57.0 (2122983)|HEAP_ALLOCATE|[EXTERNAL]|Bytes:3
16:06:57.0 (2130684)|SYSTEM_MODE_ENTER|false
16:06:57.0 (2138782)|VARIABLE_SCOPE_BEGIN|[3]|filter|String|false|false
16:06:57.0 (2164142)|VARIABLE_ASSIGNMENT|[3]|filter|"all"
16:06:57.0 (2178684)|HEAP_ALLOCATE|[4]|Bytes:5
16:06:57.0 (2183811)|STATEMENT_EXECUTE|[3]
16:06:57.0 (2186232)|STATEMENT_EXECUTE|[4]
16:06:57.0 (2292318)|HEAP_ALLOCATE|[4]|Bytes:4
16:06:57.0 (2362298)|VARIABLE_SCOPE_BEGIN|[4]|compensations|List<Compensation__c>|true|false
16:06:57.0 (2374858)|HEAP_ALLOCATE|[EXTERNAL]|Bytes:4
16:06:57.0 (2388301)|VARIABLE_ASSIGNMENT|[4]|compensations|[]|0x47006a6
16:06:57.0 (2395917)|HEAP_ALLOCATE|[5]|Bytes:3
16:06:57.0 (2420591)|STATEMENT_EXECUTE|[5]
16:06:57.0 (2422378)|STATEMENT_EXECUTE|[6]
16:06:57.0 (2425103)|HEAP_ALLOCATE|[6]|Bytes:161
16:06:57.0 (2442897)|HEAP_ALLOCATE|[6]|Bytes:4
16:06:57.0 (3125332)|SOQL_EXECUTE_BEGIN|[6]|Aggregations:0|SELECT Employee__r.Name, Employee__r.birthdate, job_category__c, RecordType.Name, amount__c, location__c, office__c, submitted__c, status__c FROM Compensation__c
16:06:57.0 (12801457)|SOQL_EXECUTE_END|[6]|Rows:232
16:06:57.0 (12840048)|HEAP_ALLOCATE|[6]|Bytes:932
16:06:57.0 (13477004)|HEAP_ALLOCATE|[6]|Bytes:62649
16:06:57.0 (13546020)|HEAP_ALLOCATE|[6]|Bytes:932
16:06:57.0 (13586945)|VARIABLE_ASSIGNMENT|[6]|compensations|"List of size 232 too large to display"|0x5922182d
16:06:57.0 (13597250)|STATEMENT_EXECUTE|[17]
16:06:57.0 (13612861)|SYSTEM_MODE_EXIT|false
16:06:57.13 (13640950)|CUMULATIVE_LIMIT_USAGE
16:06:57.13 (13640950)|LIMIT_USAGE_FOR_NS|(default)|
  Number of SOQL queries: 1 out of 100
  Number of query rows: 232 out of 50000
  Number of SOSL queries: 0 out of 20
  Number of DML statements: 0 out of 150
  Number of DML rows: 0 out of 10000
  Maximum CPU time: 0 out of 10000
  Maximum heap size: 0 out of 6000000
  Number of callouts: 0 out of 100
  Number of Email Invocations: 0 out of 10
  Number of future calls: 0 out of 50
  Number of queueable jobs added to the queue: 0 out of 50
  Number of Mobile Apex push calls: 0 out of 10

16:06:57.13 (13640950)|CUMULATIVE_LIMIT_USAGE_END

16:06:57.0 (13673776)|CODE_UNIT_FINISHED|CompensationController.getCompensations
16:06:57.0 (17142320)|CODE_UNIT_FINISHED|Aura
16:06:57.0 (18412989)|EXECUTION_FINISHED
