42.0 APEX_CODE,FINEST;APEX_PROFILING,INFO;CALLOUT,INFO;DB,INFO;SYSTEM,DEBUG;VALIDATION,INFO;VISUALFORCE,INFO;WAVE,INFO;WORKFLOW,INFO
14:42:40.0 (627638)|USER_INFO|[EXTERNAL]|005f4000001iPIc|lrodriguez-onboarding@altimetrik.com|Hora de Argentina|GMT-03:00
14:42:40.0 (665581)|EXECUTION_STARTED
14:42:40.0 (670601)|CODE_UNIT_STARTED|[EXTERNAL]|Aura
14:42:40.0 (1744227)|HEAP_ALLOCATE|[72]|Bytes:3
14:42:40.0 (1809863)|HEAP_ALLOCATE|[77]|Bytes:152
14:42:40.0 (1826145)|HEAP_ALLOCATE|[342]|Bytes:408
14:42:40.0 (1839268)|HEAP_ALLOCATE|[355]|Bytes:408
14:42:40.0 (1849973)|HEAP_ALLOCATE|[467]|Bytes:48
14:42:40.0 (1872724)|HEAP_ALLOCATE|[139]|Bytes:6
14:42:40.0 (1890702)|HEAP_ALLOCATE|[EXTERNAL]|Bytes:6
14:42:40.0 (1921718)|HEAP_ALLOCATE|[EXTERNAL]|Bytes:6
14:42:40.0 (2711137)|CODE_UNIT_STARTED|[EXTERNAL]|01pf4000009OyzM|CompensationController.getCompensations
14:42:40.0 (2807040)|HEAP_ALLOCATE|[EXTERNAL]|Bytes:1
14:42:40.0 (2836207)|METHOD_ENTRY|[1]|01pf4000009OyzM|CompensationController.CompensationController()
14:42:40.0 (2843025)|STATEMENT_EXECUTE|[1]
14:42:40.0 (2849631)|STATEMENT_EXECUTE|[1]
14:42:40.0 (2883096)|HEAP_ALLOCATE|[50]|Bytes:5
14:42:40.0 (2906539)|HEAP_ALLOCATE|[56]|Bytes:5
14:42:40.0 (2914403)|HEAP_ALLOCATE|[64]|Bytes:7
14:42:40.0 (2939104)|SYSTEM_MODE_ENTER|false
14:42:40.0 (2952476)|HEAP_ALLOCATE|[EXTERNAL]|Bytes:5
14:42:40.0 (2960279)|SYSTEM_MODE_EXIT|false
14:42:40.0 (2980791)|METHOD_EXIT|[1]|CompensationController
14:42:40.0 (2987077)|HEAP_ALLOCATE|[EXTERNAL]|Bytes:6
14:42:40.0 (2997251)|SYSTEM_MODE_ENTER|false
14:42:40.0 (3004896)|VARIABLE_SCOPE_BEGIN|[3]|filter|String|false|false
14:42:40.0 (3030064)|VARIABLE_ASSIGNMENT|[3]|filter|"salary"
14:42:40.0 (3046351)|HEAP_ALLOCATE|[4]|Bytes:5
14:42:40.0 (3051652)|STATEMENT_EXECUTE|[3]
14:42:40.0 (3053558)|STATEMENT_EXECUTE|[4]
14:42:40.0 (3129832)|HEAP_ALLOCATE|[4]|Bytes:4
14:42:40.0 (3198791)|VARIABLE_SCOPE_BEGIN|[4]|compensations|List<Compensation__c>|true|false
14:42:40.0 (3210928)|HEAP_ALLOCATE|[EXTERNAL]|Bytes:4
14:42:40.0 (3225051)|VARIABLE_ASSIGNMENT|[4]|compensations|[]|0x39524f61
14:42:40.0 (3232940)|HEAP_ALLOCATE|[5]|Bytes:3
14:42:40.0 (3258257)|HEAP_ALLOCATE|[10]|Bytes:5
14:42:40.0 (3267348)|HEAP_ALLOCATE|[10]|Bytes:6
14:42:40.0 (3277117)|STATEMENT_EXECUTE|[10]
14:42:40.0 (3279111)|STATEMENT_EXECUTE|[11]
14:42:40.0 (3281671)|HEAP_ALLOCATE|[11]|Bytes:194
14:42:40.0 (3317644)|HEAP_ALLOCATE|[11]|Bytes:4
14:42:40.0 (3329208)|HEAP_ALLOCATE|[11]|Bytes:7
14:42:40.0 (4775258)|SOQL_EXECUTE_BEGIN|[11]|Aggregations:0|SELECT Employee__r.Name, Employee__r.birthdate, job_category__c, RecordType.Name, amount__c, location__c, office__c, submitted__c, status__c FROM Compensation__c WHERE RecordType.Name = :tmpVar1
14:42:40.0 (11878335)|SOQL_EXECUTE_END|[11]|Rows:3
14:42:40.0 (11917860)|HEAP_ALLOCATE|[11]|Bytes:16
14:42:40.0 (11955796)|HEAP_ALLOCATE|[11]|Bytes:855
14:42:40.0 (12007114)|HEAP_ALLOCATE|[11]|Bytes:16
14:42:40.0 (12077720)|VARIABLE_ASSIGNMENT|[11]|compensations|[{"Employee__c":"003f400000Im3OFAAZ","Job_Category__c":"Senior","RecordTypeId":"012f4000000xpoaAAA","Location__c":"Uruguay","Office__c":"MVD WTC 2","Submitted__c":false,"Status__c":"NOT SUBMITTED","Id":"a00f4000007wcrhAAA","Employee__r":{"Name":"Andy Young","Id":"003f400000Im3OFAAZ"},"RecordType":{"Name":"Salary","Id":"012f4000000xpoaAAA"}},{"Employee__c":"003f400000Im3OFAAZ","Job_Category__c":"Semi-Senior","RecordTypeId":"012f4000000xpoaAAA","Location__c":"Uruguay","Office__c":"MVD WTC 1","Submitted__c":true,"Status__c":"SUBMITTED","Id":"a00f4000007wcrmAAA","Employee__r":{"Name":"Andy Young","Id":"003f400000Im3OFAAZ"},"RecordType":{"Name":"Salary","Id":"012f4000000xpoaAAA"}},{"Employee__c":"003f400000I1ma3AAB","Job_Category__c":"Junior","RecordTypeId":"012f4000000xpoaAAA","Location__c":"Uruguay","Office__c":"MVD WTC 1","Submitted__c":false,"Status__c":"NOT SUBMITTED","Id":"a00f4000007wUBOAA2","Employee__r":{"Name":"Julio Rios","Id":"003f400000I1ma3AAB"},"RecordType":{"Name":"Salary","Id":"012f4000000xpoaAAA"}}]|0x18068d3b
14:42:40.0 (12100663)|STATEMENT_EXECUTE|[17]
14:42:40.0 (12115077)|SYSTEM_MODE_EXIT|false
14:42:40.12 (12138509)|CUMULATIVE_LIMIT_USAGE
14:42:40.12 (12138509)|LIMIT_USAGE_FOR_NS|(default)|
  Number of SOQL queries: 1 out of 100
  Number of query rows: 3 out of 50000
  Number of SOSL queries: 0 out of 20
  Number of DML statements: 0 out of 150
  Number of DML rows: 0 out of 10000
  Maximum CPU time: 0 out of 10000
  Maximum heap size: 0 out of 6000000
  Number of callouts: 0 out of 100
  Number of Email Invocations: 0 out of 10
  Number of future calls: 0 out of 50
  Number of queueable jobs added to the queue: 0 out of 50
  Number of Mobile Apex push calls: 0 out of 10

14:42:40.12 (12138509)|CUMULATIVE_LIMIT_USAGE_END

14:42:40.0 (12171502)|CODE_UNIT_FINISHED|CompensationController.getCompensations
14:42:40.0 (12281723)|CODE_UNIT_FINISHED|Aura
14:42:40.0 (13394076)|EXECUTION_FINISHED
