42.0 APEX_CODE,FINEST;APEX_PROFILING,INFO;CALLOUT,INFO;DB,INFO;SYSTEM,DEBUG;VALIDATION,INFO;VISUALFORCE,INFO;WAVE,INFO;WORKFLOW,INFO
14:48:55.0 (376196)|USER_INFO|[EXTERNAL]|005f4000001iPIc|lrodriguez-onboarding@altimetrik.com|Hora de Argentina|GMT-03:00
14:48:55.0 (415545)|EXECUTION_STARTED
14:48:55.0 (424118)|CODE_UNIT_STARTED|[EXTERNAL]|Aura
14:48:55.0 (1352966)|HEAP_ALLOCATE|[72]|Bytes:3
14:48:55.0 (1404237)|HEAP_ALLOCATE|[77]|Bytes:152
14:48:55.0 (1419446)|HEAP_ALLOCATE|[342]|Bytes:408
14:48:55.0 (1433130)|HEAP_ALLOCATE|[355]|Bytes:408
14:48:55.0 (1443952)|HEAP_ALLOCATE|[467]|Bytes:48
14:48:55.0 (1494207)|HEAP_ALLOCATE|[139]|Bytes:6
14:48:55.0 (1513182)|HEAP_ALLOCATE|[EXTERNAL]|Bytes:3
14:48:55.0 (1530583)|HEAP_ALLOCATE|[EXTERNAL]|Bytes:3
14:48:55.0 (2301792)|CODE_UNIT_STARTED|[EXTERNAL]|01pf4000009OyzM|CompensationController.getCompensations
14:48:55.0 (2406506)|HEAP_ALLOCATE|[EXTERNAL]|Bytes:1
14:48:55.0 (2433313)|METHOD_ENTRY|[1]|01pf4000009OyzM|CompensationController.CompensationController()
14:48:55.0 (2439791)|STATEMENT_EXECUTE|[1]
14:48:55.0 (2445996)|STATEMENT_EXECUTE|[1]
14:48:55.0 (2477471)|HEAP_ALLOCATE|[50]|Bytes:5
14:48:55.0 (2501495)|HEAP_ALLOCATE|[56]|Bytes:5
14:48:55.0 (2509452)|HEAP_ALLOCATE|[64]|Bytes:7
14:48:55.0 (2532859)|SYSTEM_MODE_ENTER|false
14:48:55.0 (2546749)|HEAP_ALLOCATE|[EXTERNAL]|Bytes:5
14:48:55.0 (2554978)|SYSTEM_MODE_EXIT|false
14:48:55.0 (2578709)|METHOD_EXIT|[1]|CompensationController
14:48:55.0 (2584700)|HEAP_ALLOCATE|[EXTERNAL]|Bytes:3
14:48:55.0 (2594520)|SYSTEM_MODE_ENTER|false
14:48:55.0 (2601960)|VARIABLE_SCOPE_BEGIN|[3]|filter|String|false|false
14:48:55.0 (2624916)|VARIABLE_ASSIGNMENT|[3]|filter|"all"
14:48:55.0 (2639539)|HEAP_ALLOCATE|[4]|Bytes:5
14:48:55.0 (2644646)|STATEMENT_EXECUTE|[3]
14:48:55.0 (2646523)|STATEMENT_EXECUTE|[4]
14:48:55.0 (2712085)|HEAP_ALLOCATE|[4]|Bytes:4
14:48:55.0 (2818593)|VARIABLE_SCOPE_BEGIN|[4]|compensations|List<Compensation__c>|true|false
14:48:55.0 (2831115)|HEAP_ALLOCATE|[EXTERNAL]|Bytes:4
14:48:55.0 (2844296)|VARIABLE_ASSIGNMENT|[4]|compensations|[]|0x6fe79a00
14:48:55.0 (2852168)|HEAP_ALLOCATE|[5]|Bytes:3
14:48:55.0 (2876901)|STATEMENT_EXECUTE|[5]
14:48:55.0 (2878877)|STATEMENT_EXECUTE|[6]
14:48:55.0 (2882049)|HEAP_ALLOCATE|[6]|Bytes:161
14:48:55.0 (2896569)|HEAP_ALLOCATE|[6]|Bytes:4
14:48:55.0 (4141018)|SOQL_EXECUTE_BEGIN|[6]|Aggregations:0|SELECT Employee__r.Name, Employee__r.birthdate, job_category__c, RecordType.Name, amount__c, location__c, office__c, submitted__c, status__c FROM Compensation__c
14:48:55.0 (33321846)|SOQL_EXECUTE_END|[6]|Rows:232
14:48:55.0 (33352255)|HEAP_ALLOCATE|[6]|Bytes:932
14:48:55.0 (34286147)|HEAP_ALLOCATE|[6]|Bytes:62649
14:48:55.0 (34345923)|HEAP_ALLOCATE|[6]|Bytes:932
14:48:55.0 (34392457)|VARIABLE_ASSIGNMENT|[6]|compensations|"List of size 232 too large to display"|0xacaed68
14:48:55.0 (34405892)|STATEMENT_EXECUTE|[17]
14:48:55.0 (34423900)|SYSTEM_MODE_EXIT|false
14:48:55.34 (34474947)|CUMULATIVE_LIMIT_USAGE
14:48:55.34 (34474947)|LIMIT_USAGE_FOR_NS|(default)|
  Number of SOQL queries: 1 out of 100
  Number of query rows: 232 out of 50000
  Number of SOSL queries: 0 out of 20
  Number of DML statements: 0 out of 150
  Number of DML rows: 0 out of 10000
  Maximum CPU time: 0 out of 10000
  Maximum heap size: 0 out of 6000000
  Number of callouts: 0 out of 100
  Number of Email Invocations: 0 out of 10
  Number of future calls: 0 out of 50
  Number of queueable jobs added to the queue: 0 out of 50
  Number of Mobile Apex push calls: 0 out of 10

14:48:55.34 (34474947)|CUMULATIVE_LIMIT_USAGE_END

14:48:55.0 (34553456)|CODE_UNIT_FINISHED|CompensationController.getCompensations
14:48:55.0 (39357340)|CODE_UNIT_FINISHED|Aura
14:48:55.0 (40728954)|EXECUTION_FINISHED
