42.0 APEX_CODE,FINEST;APEX_PROFILING,INFO;CALLOUT,INFO;DB,INFO;SYSTEM,DEBUG;VALIDATION,INFO;VISUALFORCE,INFO;WAVE,INFO;WORKFLOW,INFO
14:52:47.0 (68519)|USER_INFO|[EXTERNAL]|005f4000001iPIc|lrodriguez-onboarding@altimetrik.com|Hora de Argentina|GMT-03:00
14:52:47.0 (108596)|EXECUTION_STARTED
14:52:47.0 (113225)|CODE_UNIT_STARTED|[EXTERNAL]|Aura
14:52:47.0 (935775)|HEAP_ALLOCATE|[72]|Bytes:3
14:52:47.0 (977778)|HEAP_ALLOCATE|[77]|Bytes:152
14:52:47.0 (993262)|HEAP_ALLOCATE|[342]|Bytes:408
14:52:47.0 (1006318)|HEAP_ALLOCATE|[355]|Bytes:408
14:52:47.0 (1017931)|HEAP_ALLOCATE|[467]|Bytes:48
14:52:47.0 (1039751)|HEAP_ALLOCATE|[139]|Bytes:6
14:52:47.0 (1056866)|HEAP_ALLOCATE|[EXTERNAL]|Bytes:3
14:52:47.0 (1065226)|HEAP_ALLOCATE|[EXTERNAL]|Bytes:3
14:52:47.0 (1821373)|CODE_UNIT_STARTED|[EXTERNAL]|01pf4000009OyzM|CompensationController.getCompensations
14:52:47.0 (1912141)|HEAP_ALLOCATE|[EXTERNAL]|Bytes:1
14:52:47.0 (1923627)|METHOD_ENTRY|[1]|01pf4000009OyzM|CompensationController.CompensationController()
14:52:47.0 (1929682)|STATEMENT_EXECUTE|[1]
14:52:47.0 (1935504)|STATEMENT_EXECUTE|[1]
14:52:47.0 (1968205)|HEAP_ALLOCATE|[50]|Bytes:5
14:52:47.0 (1992018)|HEAP_ALLOCATE|[56]|Bytes:5
14:52:47.0 (2000169)|HEAP_ALLOCATE|[64]|Bytes:7
14:52:47.0 (2024143)|SYSTEM_MODE_ENTER|false
14:52:47.0 (2038612)|HEAP_ALLOCATE|[EXTERNAL]|Bytes:5
14:52:47.0 (2046656)|SYSTEM_MODE_EXIT|false
14:52:47.0 (2056084)|METHOD_EXIT|[1]|CompensationController
14:52:47.0 (2061124)|HEAP_ALLOCATE|[EXTERNAL]|Bytes:3
14:52:47.0 (2069934)|SYSTEM_MODE_ENTER|false
14:52:47.0 (2076837)|VARIABLE_SCOPE_BEGIN|[3]|filter|String|false|false
14:52:47.0 (2101713)|VARIABLE_ASSIGNMENT|[3]|filter|"all"
14:52:47.0 (2117189)|HEAP_ALLOCATE|[4]|Bytes:5
14:52:47.0 (2122465)|STATEMENT_EXECUTE|[3]
14:52:47.0 (2124282)|STATEMENT_EXECUTE|[4]
14:52:47.0 (2229573)|HEAP_ALLOCATE|[4]|Bytes:4
14:52:47.0 (2299780)|VARIABLE_SCOPE_BEGIN|[4]|compensations|List<Compensation__c>|true|false
14:52:47.0 (2311267)|HEAP_ALLOCATE|[EXTERNAL]|Bytes:4
14:52:47.0 (2325163)|VARIABLE_ASSIGNMENT|[4]|compensations|[]|0x71602192
14:52:47.0 (2332743)|HEAP_ALLOCATE|[5]|Bytes:3
14:52:47.0 (2359048)|STATEMENT_EXECUTE|[5]
14:52:47.0 (2360880)|STATEMENT_EXECUTE|[6]
14:52:47.0 (2363482)|HEAP_ALLOCATE|[6]|Bytes:161
14:52:47.0 (2380824)|HEAP_ALLOCATE|[6]|Bytes:4
14:52:47.0 (3062718)|SOQL_EXECUTE_BEGIN|[6]|Aggregations:0|SELECT Employee__r.Name, Employee__r.birthdate, job_category__c, RecordType.Name, amount__c, location__c, office__c, submitted__c, status__c FROM Compensation__c
14:52:47.0 (12896685)|SOQL_EXECUTE_END|[6]|Rows:232
14:52:47.0 (12926772)|HEAP_ALLOCATE|[6]|Bytes:932
14:52:47.0 (13537157)|HEAP_ALLOCATE|[6]|Bytes:62649
14:52:47.0 (13589086)|HEAP_ALLOCATE|[6]|Bytes:932
14:52:47.0 (13621809)|VARIABLE_ASSIGNMENT|[6]|compensations|"List of size 232 too large to display"|0x520143b7
14:52:47.0 (13629822)|STATEMENT_EXECUTE|[17]
14:52:47.0 (13642543)|SYSTEM_MODE_EXIT|false
14:52:47.13 (13669914)|CUMULATIVE_LIMIT_USAGE
14:52:47.13 (13669914)|LIMIT_USAGE_FOR_NS|(default)|
  Number of SOQL queries: 1 out of 100
  Number of query rows: 232 out of 50000
  Number of SOSL queries: 0 out of 20
  Number of DML statements: 0 out of 150
  Number of DML rows: 0 out of 10000
  Maximum CPU time: 0 out of 10000
  Maximum heap size: 0 out of 6000000
  Number of callouts: 0 out of 100
  Number of Email Invocations: 0 out of 10
  Number of future calls: 0 out of 50
  Number of queueable jobs added to the queue: 0 out of 50
  Number of Mobile Apex push calls: 0 out of 10

14:52:47.13 (13669914)|CUMULATIVE_LIMIT_USAGE_END

14:52:47.0 (13702545)|CODE_UNIT_FINISHED|CompensationController.getCompensations
14:52:47.0 (17028704)|CODE_UNIT_FINISHED|Aura
14:52:47.0 (18199665)|EXECUTION_FINISHED
