42.0 APEX_CODE,FINEST;APEX_PROFILING,INFO;CALLOUT,INFO;DB,INFO;SYSTEM,DEBUG;VALIDATION,INFO;VISUALFORCE,INFO;WAVE,INFO;WORKFLOW,INFO
11:40:13.0 (86370)|USER_INFO|[EXTERNAL]|005f4000001iPIc|lrodriguez-onboarding@altimetrik.com|Hora de Argentina|GMT-03:00
11:40:13.0 (131846)|EXECUTION_STARTED
11:40:13.0 (138316)|CODE_UNIT_STARTED|[EXTERNAL]|Aura
11:40:13.0 (1066027)|HEAP_ALLOCATE|[72]|Bytes:3
11:40:13.0 (1122798)|HEAP_ALLOCATE|[77]|Bytes:152
11:40:13.0 (1147021)|HEAP_ALLOCATE|[342]|Bytes:408
11:40:13.0 (1169957)|HEAP_ALLOCATE|[355]|Bytes:408
11:40:13.0 (1187692)|HEAP_ALLOCATE|[467]|Bytes:48
11:40:13.0 (1219716)|HEAP_ALLOCATE|[139]|Bytes:6
11:40:13.0 (1244726)|HEAP_ALLOCATE|[EXTERNAL]|Bytes:6
11:40:13.0 (1255570)|HEAP_ALLOCATE|[EXTERNAL]|Bytes:6
11:40:13.0 (2050166)|CODE_UNIT_STARTED|[EXTERNAL]|01pf4000009OyzM|CompensationController.getCompensations
11:40:13.0 (2177856)|HEAP_ALLOCATE|[EXTERNAL]|Bytes:1
11:40:13.0 (2195249)|METHOD_ENTRY|[1]|01pf4000009OyzM|CompensationController.CompensationController()
11:40:13.0 (2204806)|STATEMENT_EXECUTE|[1]
11:40:13.0 (2213180)|STATEMENT_EXECUTE|[1]
11:40:13.0 (2252726)|HEAP_ALLOCATE|[50]|Bytes:5
11:40:13.0 (2285483)|HEAP_ALLOCATE|[56]|Bytes:5
11:40:13.0 (2297437)|HEAP_ALLOCATE|[64]|Bytes:7
11:40:13.0 (2329144)|SYSTEM_MODE_ENTER|false
11:40:13.0 (2350030)|HEAP_ALLOCATE|[EXTERNAL]|Bytes:5
11:40:13.0 (2360650)|SYSTEM_MODE_EXIT|false
11:40:13.0 (2374460)|METHOD_EXIT|[1]|CompensationController
11:40:13.0 (2382586)|HEAP_ALLOCATE|[EXTERNAL]|Bytes:6
11:40:13.0 (2398122)|SYSTEM_MODE_ENTER|false
11:40:13.0 (2407853)|VARIABLE_SCOPE_BEGIN|[3]|filter|String|false|false
11:40:13.0 (2436628)|VARIABLE_ASSIGNMENT|[3]|filter|"salary"
11:40:13.0 (2460171)|HEAP_ALLOCATE|[4]|Bytes:5
11:40:13.0 (2467111)|STATEMENT_EXECUTE|[3]
11:40:13.0 (2469325)|STATEMENT_EXECUTE|[4]
11:40:13.0 (2615897)|HEAP_ALLOCATE|[4]|Bytes:4
11:40:13.0 (2715474)|VARIABLE_SCOPE_BEGIN|[4]|compensations|List<Compensation__c>|true|false
11:40:13.0 (2730425)|HEAP_ALLOCATE|[EXTERNAL]|Bytes:4
11:40:13.0 (2743890)|VARIABLE_ASSIGNMENT|[4]|compensations|[]|0x628d33e3
11:40:13.0 (2754248)|HEAP_ALLOCATE|[5]|Bytes:3
11:40:13.0 (2795771)|HEAP_ALLOCATE|[10]|Bytes:5
11:40:13.0 (2808863)|HEAP_ALLOCATE|[10]|Bytes:6
11:40:13.0 (2823323)|STATEMENT_EXECUTE|[10]
11:40:13.0 (2825815)|STATEMENT_EXECUTE|[11]
11:40:13.0 (2828612)|HEAP_ALLOCATE|[11]|Bytes:194
11:40:13.0 (2852790)|HEAP_ALLOCATE|[11]|Bytes:4
11:40:13.0 (2867408)|HEAP_ALLOCATE|[11]|Bytes:7
11:40:13.0 (3818581)|SOQL_EXECUTE_BEGIN|[11]|Aggregations:0|SELECT Employee__r.Name, Employee__r.birthdate, job_category__c, RecordType.Name, amount__c, location__c, office__c, submitted__c, status__c FROM Compensation__c WHERE RecordType.Name = :tmpVar1
11:40:13.0 (11647340)|SOQL_EXECUTE_END|[11]|Rows:3
11:40:13.0 (11686719)|HEAP_ALLOCATE|[11]|Bytes:16
11:40:13.0 (11731728)|HEAP_ALLOCATE|[11]|Bytes:855
11:40:13.0 (11796932)|HEAP_ALLOCATE|[11]|Bytes:16
11:40:13.0 (11872870)|VARIABLE_ASSIGNMENT|[11]|compensations|[{"Employee__c":"003f400000Im3OFAAZ","Job_Category__c":"Senior","RecordTypeId":"012f4000000xpoaAAA","Location__c":"Uruguay","Office__c":"MVD WTC 2","Submitted__c":false,"Status__c":"NOT SUBMITTED","Id":"a00f4000007wcrhAAA","Employee__r":{"Name":"Andy Young","Id":"003f400000Im3OFAAZ"},"RecordType":{"Name":"Salary","Id":"012f4000000xpoaAAA"}},{"Employee__c":"003f400000Im3OFAAZ","Job_Category__c":"Semi-Senior","RecordTypeId":"012f4000000xpoaAAA","Location__c":"Uruguay","Office__c":"MVD WTC 1","Submitted__c":true,"Status__c":"SUBMITTED","Id":"a00f4000007wcrmAAA","Employee__r":{"Name":"Andy Young","Id":"003f400000Im3OFAAZ"},"RecordType":{"Name":"Salary","Id":"012f4000000xpoaAAA"}},{"Employee__c":"003f400000I1ma3AAB","Job_Category__c":"Junior","RecordTypeId":"012f4000000xpoaAAA","Location__c":"Uruguay","Office__c":"MVD WTC 1","Submitted__c":false,"Status__c":"NOT SUBMITTED","Id":"a00f4000007wUBOAA2","Employee__r":{"Name":"Julio Rios","Id":"003f400000I1ma3AAB"},"RecordType":{"Name":"Salary","Id":"012f4000000xpoaAAA"}}]|0x6ab50c97
11:40:13.0 (11900507)|STATEMENT_EXECUTE|[17]
11:40:13.0 (11917373)|SYSTEM_MODE_EXIT|false
11:40:13.11 (11950676)|CUMULATIVE_LIMIT_USAGE
11:40:13.11 (11950676)|LIMIT_USAGE_FOR_NS|(default)|
  Number of SOQL queries: 1 out of 100
  Number of query rows: 3 out of 50000
  Number of SOSL queries: 0 out of 20
  Number of DML statements: 0 out of 150
  Number of DML rows: 0 out of 10000
  Maximum CPU time: 0 out of 10000
  Maximum heap size: 0 out of 6000000
  Number of callouts: 0 out of 100
  Number of Email Invocations: 0 out of 10
  Number of future calls: 0 out of 50
  Number of queueable jobs added to the queue: 0 out of 50
  Number of Mobile Apex push calls: 0 out of 10

11:40:13.11 (11950676)|CUMULATIVE_LIMIT_USAGE_END

11:40:13.0 (11994878)|CODE_UNIT_FINISHED|CompensationController.getCompensations
11:40:13.0 (12113622)|CODE_UNIT_FINISHED|Aura
11:40:13.0 (13304424)|EXECUTION_FINISHED
