42.0 APEX_CODE,FINEST;APEX_PROFILING,INFO;CALLOUT,INFO;DB,INFO;SYSTEM,DEBUG;VALIDATION,INFO;VISUALFORCE,INFO;WAVE,INFO;WORKFLOW,INFO
15:56:20.0 (77217)|USER_INFO|[EXTERNAL]|005f4000001iPIc|lrodriguez-onboarding@altimetrik.com|Hora de Argentina|GMT-03:00
15:56:20.0 (111539)|EXECUTION_STARTED
15:56:20.0 (116196)|CODE_UNIT_STARTED|[EXTERNAL]|Aura
15:56:20.0 (1004547)|HEAP_ALLOCATE|[72]|Bytes:3
15:56:20.0 (1060892)|HEAP_ALLOCATE|[77]|Bytes:152
15:56:20.0 (1077462)|HEAP_ALLOCATE|[342]|Bytes:408
15:56:20.0 (1090433)|HEAP_ALLOCATE|[355]|Bytes:408
15:56:20.0 (1101198)|HEAP_ALLOCATE|[467]|Bytes:48
15:56:20.0 (1147698)|HEAP_ALLOCATE|[139]|Bytes:6
15:56:20.0 (1168281)|HEAP_ALLOCATE|[EXTERNAL]|Bytes:3
15:56:20.0 (1196186)|HEAP_ALLOCATE|[EXTERNAL]|Bytes:3
15:56:20.0 (1952412)|CODE_UNIT_STARTED|[EXTERNAL]|01pf4000009OyzM|CompensationController.getCompensations
15:56:20.0 (2049413)|HEAP_ALLOCATE|[EXTERNAL]|Bytes:1
15:56:20.0 (2079255)|METHOD_ENTRY|[1]|01pf4000009OyzM|CompensationController.CompensationController()
15:56:20.0 (2085595)|STATEMENT_EXECUTE|[1]
15:56:20.0 (2091594)|STATEMENT_EXECUTE|[1]
15:56:20.0 (2125005)|HEAP_ALLOCATE|[50]|Bytes:5
15:56:20.0 (2148670)|HEAP_ALLOCATE|[56]|Bytes:5
15:56:20.0 (2156991)|HEAP_ALLOCATE|[64]|Bytes:7
15:56:20.0 (2181285)|SYSTEM_MODE_ENTER|false
15:56:20.0 (2196797)|HEAP_ALLOCATE|[EXTERNAL]|Bytes:5
15:56:20.0 (2204864)|SYSTEM_MODE_EXIT|false
15:56:20.0 (2229440)|METHOD_EXIT|[1]|CompensationController
15:56:20.0 (2237389)|HEAP_ALLOCATE|[EXTERNAL]|Bytes:3
15:56:20.0 (2264743)|SYSTEM_MODE_ENTER|false
15:56:20.0 (2277543)|VARIABLE_SCOPE_BEGIN|[3]|filter|String|false|false
15:56:20.0 (2304362)|VARIABLE_ASSIGNMENT|[3]|filter|"all"
15:56:20.0 (2321315)|HEAP_ALLOCATE|[4]|Bytes:5
15:56:20.0 (2326940)|STATEMENT_EXECUTE|[3]
15:56:20.0 (2328751)|STATEMENT_EXECUTE|[4]
15:56:20.0 (2449527)|HEAP_ALLOCATE|[4]|Bytes:4
15:56:20.0 (2568823)|VARIABLE_SCOPE_BEGIN|[4]|compensations|List<Compensation__c>|true|false
15:56:20.0 (2581680)|HEAP_ALLOCATE|[EXTERNAL]|Bytes:4
15:56:20.0 (2597103)|VARIABLE_ASSIGNMENT|[4]|compensations|[]|0x6421d2d2
15:56:20.0 (2605884)|HEAP_ALLOCATE|[5]|Bytes:3
15:56:20.0 (2632540)|STATEMENT_EXECUTE|[5]
15:56:20.0 (2634514)|STATEMENT_EXECUTE|[6]
15:56:20.0 (2637261)|HEAP_ALLOCATE|[6]|Bytes:161
15:56:20.0 (2655476)|HEAP_ALLOCATE|[6]|Bytes:4
15:56:20.0 (3386635)|SOQL_EXECUTE_BEGIN|[6]|Aggregations:0|SELECT Employee__r.Name, Employee__r.birthdate, job_category__c, RecordType.Name, amount__c, location__c, office__c, submitted__c, status__c FROM Compensation__c
15:56:20.0 (18563663)|SOQL_EXECUTE_END|[6]|Rows:232
15:56:20.0 (18600561)|HEAP_ALLOCATE|[6]|Bytes:932
15:56:20.0 (19236287)|HEAP_ALLOCATE|[6]|Bytes:62649
15:56:20.0 (19280826)|HEAP_ALLOCATE|[6]|Bytes:932
15:56:20.0 (19318206)|VARIABLE_ASSIGNMENT|[6]|compensations|"List of size 232 too large to display"|0x4a324638
15:56:20.0 (19327713)|STATEMENT_EXECUTE|[17]
15:56:20.0 (19338533)|SYSTEM_MODE_EXIT|false
15:56:20.19 (19361770)|CUMULATIVE_LIMIT_USAGE
15:56:20.19 (19361770)|LIMIT_USAGE_FOR_NS|(default)|
  Number of SOQL queries: 1 out of 100
  Number of query rows: 232 out of 50000
  Number of SOSL queries: 0 out of 20
  Number of DML statements: 0 out of 150
  Number of DML rows: 0 out of 10000
  Maximum CPU time: 0 out of 10000
  Maximum heap size: 0 out of 6000000
  Number of callouts: 0 out of 100
  Number of Email Invocations: 0 out of 10
  Number of future calls: 0 out of 50
  Number of queueable jobs added to the queue: 0 out of 50
  Number of Mobile Apex push calls: 0 out of 10

15:56:20.19 (19361770)|CUMULATIVE_LIMIT_USAGE_END

15:56:20.0 (19392907)|CODE_UNIT_FINISHED|CompensationController.getCompensations
15:56:20.0 (22773812)|CODE_UNIT_FINISHED|Aura
15:56:20.0 (23902117)|EXECUTION_FINISHED
