42.0 APEX_CODE,FINEST;APEX_PROFILING,INFO;CALLOUT,INFO;DB,INFO;SYSTEM,DEBUG;VALIDATION,INFO;VISUALFORCE,INFO;WAVE,INFO;WORKFLOW,INFO
14:49:29.0 (67832)|USER_INFO|[EXTERNAL]|005f4000001iPIc|lrodriguez-onboarding@altimetrik.com|Hora de Argentina|GMT-03:00
14:49:29.0 (101672)|EXECUTION_STARTED
14:49:29.0 (107322)|CODE_UNIT_STARTED|[EXTERNAL]|Aura
14:49:29.0 (900621)|HEAP_ALLOCATE|[72]|Bytes:3
14:49:29.0 (945367)|HEAP_ALLOCATE|[77]|Bytes:152
14:49:29.0 (961375)|HEAP_ALLOCATE|[342]|Bytes:408
14:49:29.0 (975701)|HEAP_ALLOCATE|[355]|Bytes:408
14:49:29.0 (986446)|HEAP_ALLOCATE|[467]|Bytes:48
14:49:29.0 (1009070)|HEAP_ALLOCATE|[139]|Bytes:6
14:49:29.0 (1028394)|HEAP_ALLOCATE|[EXTERNAL]|Bytes:3
14:49:29.0 (1037374)|HEAP_ALLOCATE|[EXTERNAL]|Bytes:3
14:49:29.0 (1953748)|CODE_UNIT_STARTED|[EXTERNAL]|01pf4000009OyzM|CompensationController.getCompensations
14:49:29.0 (2050591)|HEAP_ALLOCATE|[EXTERNAL]|Bytes:1
14:49:29.0 (2063229)|METHOD_ENTRY|[1]|01pf4000009OyzM|CompensationController.CompensationController()
14:49:29.0 (2069206)|STATEMENT_EXECUTE|[1]
14:49:29.0 (2075621)|STATEMENT_EXECUTE|[1]
14:49:29.0 (2108292)|HEAP_ALLOCATE|[50]|Bytes:5
14:49:29.0 (2133521)|HEAP_ALLOCATE|[56]|Bytes:5
14:49:29.0 (2141952)|HEAP_ALLOCATE|[64]|Bytes:7
14:49:29.0 (2167388)|SYSTEM_MODE_ENTER|false
14:49:29.0 (2182127)|HEAP_ALLOCATE|[EXTERNAL]|Bytes:5
14:49:29.0 (2190998)|SYSTEM_MODE_EXIT|false
14:49:29.0 (2200586)|METHOD_EXIT|[1]|CompensationController
14:49:29.0 (2206152)|HEAP_ALLOCATE|[EXTERNAL]|Bytes:3
14:49:29.0 (2215495)|SYSTEM_MODE_ENTER|false
14:49:29.0 (2223014)|VARIABLE_SCOPE_BEGIN|[3]|filter|String|false|false
14:49:29.0 (2246193)|VARIABLE_ASSIGNMENT|[3]|filter|"all"
14:49:29.0 (2261553)|HEAP_ALLOCATE|[4]|Bytes:5
14:49:29.0 (2266453)|STATEMENT_EXECUTE|[3]
14:49:29.0 (2268268)|STATEMENT_EXECUTE|[4]
14:49:29.0 (2377075)|HEAP_ALLOCATE|[4]|Bytes:4
14:49:29.0 (2447591)|VARIABLE_SCOPE_BEGIN|[4]|compensations|List<Compensation__c>|true|false
14:49:29.0 (2459272)|HEAP_ALLOCATE|[EXTERNAL]|Bytes:4
14:49:29.0 (2472829)|VARIABLE_ASSIGNMENT|[4]|compensations|[]|0x1b6bb53a
14:49:29.0 (2481402)|HEAP_ALLOCATE|[5]|Bytes:3
14:49:29.0 (2506590)|STATEMENT_EXECUTE|[5]
14:49:29.0 (2508781)|STATEMENT_EXECUTE|[6]
14:49:29.0 (2511548)|HEAP_ALLOCATE|[6]|Bytes:161
14:49:29.0 (2530158)|HEAP_ALLOCATE|[6]|Bytes:4
14:49:29.0 (3196656)|SOQL_EXECUTE_BEGIN|[6]|Aggregations:0|SELECT Employee__r.Name, Employee__r.birthdate, job_category__c, RecordType.Name, amount__c, location__c, office__c, submitted__c, status__c FROM Compensation__c
14:49:29.0 (19775342)|SOQL_EXECUTE_END|[6]|Rows:232
14:49:29.0 (19822496)|HEAP_ALLOCATE|[6]|Bytes:932
14:49:29.0 (20814986)|HEAP_ALLOCATE|[6]|Bytes:62649
14:49:29.0 (20868510)|HEAP_ALLOCATE|[6]|Bytes:932
14:49:29.0 (20904601)|VARIABLE_ASSIGNMENT|[6]|compensations|"List of size 232 too large to display"|0x2ee17621
14:49:29.0 (20915251)|STATEMENT_EXECUTE|[17]
14:49:29.0 (20927709)|SYSTEM_MODE_EXIT|false
14:49:29.20 (20966905)|CUMULATIVE_LIMIT_USAGE
14:49:29.20 (20966905)|LIMIT_USAGE_FOR_NS|(default)|
  Number of SOQL queries: 1 out of 100
  Number of query rows: 232 out of 50000
  Number of SOSL queries: 0 out of 20
  Number of DML statements: 0 out of 150
  Number of DML rows: 0 out of 10000
  Maximum CPU time: 0 out of 10000
  Maximum heap size: 0 out of 6000000
  Number of callouts: 0 out of 100
  Number of Email Invocations: 0 out of 10
  Number of future calls: 0 out of 50
  Number of queueable jobs added to the queue: 0 out of 50
  Number of Mobile Apex push calls: 0 out of 10

14:49:29.20 (20966905)|CUMULATIVE_LIMIT_USAGE_END

14:49:29.0 (21011628)|CODE_UNIT_FINISHED|CompensationController.getCompensations
14:49:29.0 (24437758)|CODE_UNIT_FINISHED|Aura
14:49:29.0 (25880321)|EXECUTION_FINISHED
