36.0 APEX_CODE,FINEST;APEX_PROFILING,INFO;CALLOUT,INFO;DB,INFO;SYSTEM,DEBUG;VALIDATION,INFO;VISUALFORCE,INFO;WAVE,INFO;WORKFLOW,INFO
14:48:13.0 (325506)|USER_INFO|[EXTERNAL]|005f4000001iPIc|lrodriguez-onboarding@altimetrik.com|Argentine Time|GMT-03:00
14:48:13.0 (397585)|EXECUTION_STARTED
14:48:13.0 (406996)|CODE_UNIT_STARTED|[EXTERNAL]|01pf400000ARf7J|testCompensationController.testDataSetup
14:48:13.0 (618188)|HEAP_ALLOCATE|[72]|Bytes:3
14:48:13.0 (666754)|HEAP_ALLOCATE|[77]|Bytes:152
14:48:13.0 (689929)|HEAP_ALLOCATE|[342]|Bytes:408
14:48:13.0 (711062)|HEAP_ALLOCATE|[355]|Bytes:408
14:48:13.0 (724525)|HEAP_ALLOCATE|[467]|Bytes:48
14:48:13.0 (753986)|HEAP_ALLOCATE|[139]|Bytes:6
14:48:13.0 (770007)|HEAP_ALLOCATE|[EXTERNAL]|Bytes:138
14:48:13.0 (787379)|METHOD_ENTRY|[2]|01pf400000ARf7J|testCompensationController.testCompensationController()
14:48:13.0 (793557)|STATEMENT_EXECUTE|[2]
14:48:13.0 (797404)|STATEMENT_EXECUTE|[2]
14:48:13.0 (801126)|METHOD_EXIT|[2]|testCompensationController
14:48:13.0 (961857)|HEAP_ALLOCATE|[50]|Bytes:5
14:48:13.0 (992114)|HEAP_ALLOCATE|[56]|Bytes:5
14:48:13.0 (1006491)|HEAP_ALLOCATE|[64]|Bytes:7
14:48:13.0 (1060290)|STATEMENT_EXECUTE|[4]
14:48:13.0 (1063885)|STATEMENT_EXECUTE|[5]
14:48:13.0 (1119735)|HEAP_ALLOCATE|[5]|Bytes:4
14:48:13.0 (1223963)|HEAP_ALLOCATE|[5]|Bytes:4
14:48:13.0 (1298113)|VARIABLE_ASSIGNMENT|[5]|this.LastName|"Diaz"|0x569ef24b
14:48:13.0 (1337685)|VARIABLE_SCOPE_BEGIN|[5]|c|Contact|true|false
14:48:13.0 (1367219)|VARIABLE_ASSIGNMENT|[5]|c|{"LastName":"Diaz"}|0x569ef24b
14:48:13.0 (1375245)|STATEMENT_EXECUTE|[6]
14:48:13.0 (1405857)|HEAP_ALLOCATE|[6]|Bytes:8
14:48:13.0 (1420745)|DML_BEGIN|[6]|Op:Insert|Type:Contact|Rows:1
14:48:13.0 (1453691)|HEAP_ALLOCATE|[EXTERNAL]|Bytes:8
14:48:13.0 (10879758)|CODE_UNIT_STARTED|[EXTERNAL]|DuplicateDetector
14:48:13.0 (10908909)|DUPLICATE_DETECTION_BEGIN
14:48:13.0 (11646542)|DUPLICATE_DETECTION_RULE_INVOCATION|DuplicateRuleId:0Bmf40000038BIj|DuplicateRuleName:Standard Contact Duplicate Rule|DmlType:INSERT
14:48:13.0 (35125859)|DUPLICATE_DETECTION_MATCH_INVOCATION_DETAILS|EntityType:Contact|ActionTaken:Allow_[Alert,Report]|DuplicateRecordIds:
14:48:13.0 (35149468)|DUPLICATE_DETECTION_MATCH_INVOCATION_SUMMARY|EntityType:Contact|NumRecordsToBeSaved:1|NumRecordsToBeSavedWithDuplicates:0|NumDuplicateRecordsFound:0
14:48:13.0 (35158839)|DUPLICATE_DETECTION_MATCH_INVOCATION_DETAILS|EntityType:Contact|ActionTaken:Allow_[Alert,Report]|DuplicateRecordIds:
14:48:13.0 (35165434)|DUPLICATE_DETECTION_MATCH_INVOCATION_SUMMARY|EntityType:Contact|NumRecordsToBeSaved:1|NumRecordsToBeSavedWithDuplicates:0|NumDuplicateRecordsFound:0
14:48:13.0 (35308324)|DUPLICATE_DETECTION_END
14:48:13.0 (35314849)|CODE_UNIT_FINISHED|DuplicateDetector
14:48:13.0 (60608328)|DML_END|[6]
14:48:13.0 (60637816)|STATEMENT_EXECUTE|[8]
14:48:13.0 (60796308)|HEAP_ALLOCATE|[8]|Bytes:4
14:48:13.0 (60879925)|VARIABLE_SCOPE_BEGIN|[8]|comp_list|List<Compensation__c>|true|false
14:48:13.0 (60893705)|HEAP_ALLOCATE|[EXTERNAL]|Bytes:4
14:48:13.0 (60910649)|VARIABLE_ASSIGNMENT|[8]|comp_list|[]|0x1e8bbc32
14:48:13.0 (60919746)|STATEMENT_EXECUTE|[9]
14:48:13.0 (60927547)|VARIABLE_SCOPE_BEGIN|[9]|i|Integer|false|false
14:48:13.0 (60936983)|HEAP_ALLOCATE|[9]|Bytes:4
14:48:13.0 (60946063)|VARIABLE_ASSIGNMENT|[9]|i|0
14:48:13.0 (60955633)|STATEMENT_EXECUTE|[9]
14:48:13.0 (60957356)|STATEMENT_EXECUTE|[10]
14:48:13.0 (60976838)|HEAP_ALLOCATE|[10]|Bytes:4
14:48:13.0 (61129320)|VARIABLE_ASSIGNMENT|[10]|this.Employee__c|"003f400000KXyvPAAT"|0x130d45fe
14:48:13.0 (61140558)|HEAP_ALLOCATE|[10]|Bytes:4
14:48:13.0 (61206925)|HEAP_ALLOCATE|[10]|Bytes:1
14:48:13.0 (61227554)|HEAP_ALLOCATE|[10]|Bytes:5
14:48:13.0 (61252631)|VARIABLE_ASSIGNMENT|[10]|this.Name|"test0"|0x130d45fe
14:48:13.0 (61259436)|HEAP_ALLOCATE|[11]|Bytes:6
14:48:13.0 (61275247)|VARIABLE_ASSIGNMENT|[10]|this.Job_Category__c|"Junior"|0x130d45fe
14:48:13.0 (61281281)|HEAP_ALLOCATE|[11]|Bytes:5
14:48:13.0 (61294503)|VARIABLE_ASSIGNMENT|[10]|this.Location__c|"India"|0x130d45fe
14:48:13.0 (61334365)|HEAP_ALLOCATE|[EXTERNAL]|Bytes:4
14:48:13.0 (61343220)|HEAP_ALLOCATE|[9]|Bytes:4
14:48:13.0 (61350633)|VARIABLE_ASSIGNMENT|[9]|i|1
14:48:13.0 (61357705)|STATEMENT_EXECUTE|[9]
14:48:13.0 (61359479)|STATEMENT_EXECUTE|[10]
14:48:13.0 (61373212)|HEAP_ALLOCATE|[10]|Bytes:4
14:48:13.0 (61399435)|VARIABLE_ASSIGNMENT|[10]|this.Employee__c|"003f400000KXyvPAAT"|0x315eafdf
14:48:13.0 (61416825)|HEAP_ALLOCATE|[10]|Bytes:1
14:48:13.0 (61427084)|HEAP_ALLOCATE|[10]|Bytes:5
14:48:13.0 (61441752)|VARIABLE_ASSIGNMENT|[10]|this.Name|"test1"|0x315eafdf
14:48:13.0 (61455434)|VARIABLE_ASSIGNMENT|[10]|this.Job_Category__c|"Junior"|0x315eafdf
14:48:13.0 (61467349)|VARIABLE_ASSIGNMENT|[10]|this.Location__c|"India"|0x315eafdf
14:48:13.0 (61480715)|HEAP_ALLOCATE|[EXTERNAL]|Bytes:4
14:48:13.0 (61487559)|HEAP_ALLOCATE|[9]|Bytes:4
14:48:13.0 (61493921)|VARIABLE_ASSIGNMENT|[9]|i|2
14:48:13.0 (61499096)|STATEMENT_EXECUTE|[9]
14:48:13.0 (61500648)|STATEMENT_EXECUTE|[10]
14:48:13.0 (61511277)|HEAP_ALLOCATE|[10]|Bytes:4
14:48:13.0 (61533807)|VARIABLE_ASSIGNMENT|[10]|this.Employee__c|"003f400000KXyvPAAT"|0x22377377
14:48:13.0 (61548586)|HEAP_ALLOCATE|[10]|Bytes:1
14:48:13.0 (61557945)|HEAP_ALLOCATE|[10]|Bytes:5
14:48:13.0 (61577056)|VARIABLE_ASSIGNMENT|[10]|this.Name|"test2"|0x22377377
14:48:13.0 (61590976)|VARIABLE_ASSIGNMENT|[10]|this.Job_Category__c|"Junior"|0x22377377
14:48:13.0 (61602810)|VARIABLE_ASSIGNMENT|[10]|this.Location__c|"India"|0x22377377
14:48:13.0 (61614563)|HEAP_ALLOCATE|[EXTERNAL]|Bytes:4
14:48:13.0 (61620612)|HEAP_ALLOCATE|[9]|Bytes:4
14:48:13.0 (61627086)|VARIABLE_ASSIGNMENT|[9]|i|3
14:48:13.0 (61632315)|STATEMENT_EXECUTE|[9]
14:48:13.0 (61633891)|STATEMENT_EXECUTE|[10]
14:48:13.0 (61643863)|HEAP_ALLOCATE|[10]|Bytes:4
14:48:13.0 (61665204)|VARIABLE_ASSIGNMENT|[10]|this.Employee__c|"003f400000KXyvPAAT"|0x4a44f2d0
14:48:13.0 (61679689)|HEAP_ALLOCATE|[10]|Bytes:1
14:48:13.0 (61689480)|HEAP_ALLOCATE|[10]|Bytes:5
14:48:13.0 (61702536)|VARIABLE_ASSIGNMENT|[10]|this.Name|"test3"|0x4a44f2d0
14:48:13.0 (61715698)|VARIABLE_ASSIGNMENT|[10]|this.Job_Category__c|"Junior"|0x4a44f2d0
14:48:13.0 (61727682)|VARIABLE_ASSIGNMENT|[10]|this.Location__c|"India"|0x4a44f2d0
14:48:13.0 (61739144)|HEAP_ALLOCATE|[EXTERNAL]|Bytes:4
14:48:13.0 (61745073)|HEAP_ALLOCATE|[9]|Bytes:4
14:48:13.0 (61750776)|VARIABLE_ASSIGNMENT|[9]|i|4
14:48:13.0 (61755867)|STATEMENT_EXECUTE|[9]
14:48:13.0 (61757445)|STATEMENT_EXECUTE|[10]
14:48:13.0 (61766991)|HEAP_ALLOCATE|[10]|Bytes:4
14:48:13.0 (61787326)|VARIABLE_ASSIGNMENT|[10]|this.Employee__c|"003f400000KXyvPAAT"|0x2bac738d
14:48:13.0 (61800921)|HEAP_ALLOCATE|[10]|Bytes:1
14:48:13.0 (61810014)|HEAP_ALLOCATE|[10]|Bytes:5
14:48:13.0 (61822828)|VARIABLE_ASSIGNMENT|[10]|this.Name|"test4"|0x2bac738d
14:48:13.0 (61835436)|VARIABLE_ASSIGNMENT|[10]|this.Job_Category__c|"Junior"|0x2bac738d
14:48:13.0 (61847415)|VARIABLE_ASSIGNMENT|[10]|this.Location__c|"India"|0x2bac738d
14:48:13.0 (61857829)|HEAP_ALLOCATE|[EXTERNAL]|Bytes:4
14:48:13.0 (61863976)|HEAP_ALLOCATE|[9]|Bytes:4
14:48:13.0 (61869823)|VARIABLE_ASSIGNMENT|[9]|i|5
14:48:13.0 (61874214)|STATEMENT_EXECUTE|[9]
14:48:13.0 (61875699)|STATEMENT_EXECUTE|[10]
14:48:13.0 (61885815)|HEAP_ALLOCATE|[10]|Bytes:4
14:48:13.0 (61905946)|VARIABLE_ASSIGNMENT|[10]|this.Employee__c|"003f400000KXyvPAAT"|0x6fc81170
14:48:13.0 (61919708)|HEAP_ALLOCATE|[10]|Bytes:1
14:48:13.0 (61928805)|HEAP_ALLOCATE|[10]|Bytes:5
14:48:13.0 (61941756)|VARIABLE_ASSIGNMENT|[10]|this.Name|"test5"|0x6fc81170
14:48:13.0 (61954499)|VARIABLE_ASSIGNMENT|[10]|this.Job_Category__c|"Junior"|0x6fc81170
14:48:13.0 (61966398)|VARIABLE_ASSIGNMENT|[10]|this.Location__c|"India"|0x6fc81170
14:48:13.0 (61977147)|HEAP_ALLOCATE|[EXTERNAL]|Bytes:4
14:48:13.0 (61983421)|HEAP_ALLOCATE|[9]|Bytes:4
14:48:13.0 (61989428)|VARIABLE_ASSIGNMENT|[9]|i|6
14:48:13.0 (61994335)|STATEMENT_EXECUTE|[9]
14:48:13.0 (61995860)|STATEMENT_EXECUTE|[10]
14:48:13.0 (62005412)|HEAP_ALLOCATE|[10]|Bytes:4
14:48:13.0 (62027151)|VARIABLE_ASSIGNMENT|[10]|this.Employee__c|"003f400000KXyvPAAT"|0x767d6b35
14:48:13.0 (62040995)|HEAP_ALLOCATE|[10]|Bytes:1
14:48:13.0 (62050377)|HEAP_ALLOCATE|[10]|Bytes:5
14:48:13.0 (62062758)|VARIABLE_ASSIGNMENT|[10]|this.Name|"test6"|0x767d6b35
14:48:13.0 (62080259)|VARIABLE_ASSIGNMENT|[10]|this.Job_Category__c|"Junior"|0x767d6b35
14:48:13.0 (62092102)|VARIABLE_ASSIGNMENT|[10]|this.Location__c|"India"|0x767d6b35
14:48:13.0 (62103246)|HEAP_ALLOCATE|[EXTERNAL]|Bytes:4
14:48:13.0 (62108924)|HEAP_ALLOCATE|[9]|Bytes:4
14:48:13.0 (62114979)|VARIABLE_ASSIGNMENT|[9]|i|7
14:48:13.0 (62119468)|STATEMENT_EXECUTE|[9]
14:48:13.0 (62120976)|STATEMENT_EXECUTE|[10]
14:48:13.0 (62130279)|HEAP_ALLOCATE|[10]|Bytes:4
14:48:13.0 (62153413)|VARIABLE_ASSIGNMENT|[10]|this.Employee__c|"003f400000KXyvPAAT"|0x1bc2d558
14:48:13.0 (62167778)|HEAP_ALLOCATE|[10]|Bytes:1
14:48:13.0 (62176987)|HEAP_ALLOCATE|[10]|Bytes:5
14:48:13.0 (62189727)|VARIABLE_ASSIGNMENT|[10]|this.Name|"test7"|0x1bc2d558
14:48:13.0 (62202264)|VARIABLE_ASSIGNMENT|[10]|this.Job_Category__c|"Junior"|0x1bc2d558
14:48:13.0 (62214614)|VARIABLE_ASSIGNMENT|[10]|this.Location__c|"India"|0x1bc2d558
14:48:13.0 (62225254)|HEAP_ALLOCATE|[EXTERNAL]|Bytes:4
14:48:13.0 (62231202)|HEAP_ALLOCATE|[9]|Bytes:4
14:48:13.0 (62237313)|VARIABLE_ASSIGNMENT|[9]|i|8
14:48:13.0 (62241969)|STATEMENT_EXECUTE|[9]
14:48:13.0 (62243500)|STATEMENT_EXECUTE|[10]
14:48:13.0 (62253001)|HEAP_ALLOCATE|[10]|Bytes:4
14:48:13.0 (62273368)|VARIABLE_ASSIGNMENT|[10]|this.Employee__c|"003f400000KXyvPAAT"|0x533aedb6
14:48:13.0 (62287814)|HEAP_ALLOCATE|[10]|Bytes:1
14:48:13.0 (62297256)|HEAP_ALLOCATE|[10]|Bytes:5
14:48:13.0 (62310030)|VARIABLE_ASSIGNMENT|[10]|this.Name|"test8"|0x533aedb6
14:48:13.0 (62322974)|VARIABLE_ASSIGNMENT|[10]|this.Job_Category__c|"Junior"|0x533aedb6
14:48:13.0 (62334486)|VARIABLE_ASSIGNMENT|[10]|this.Location__c|"India"|0x533aedb6
14:48:13.0 (62345722)|HEAP_ALLOCATE|[EXTERNAL]|Bytes:4
14:48:13.0 (62351528)|HEAP_ALLOCATE|[9]|Bytes:4
14:48:13.0 (62357366)|VARIABLE_ASSIGNMENT|[9]|i|9
14:48:13.0 (62361988)|STATEMENT_EXECUTE|[9]
14:48:13.0 (62363494)|STATEMENT_EXECUTE|[10]
14:48:13.0 (62372796)|HEAP_ALLOCATE|[10]|Bytes:4
14:48:13.0 (62392765)|VARIABLE_ASSIGNMENT|[10]|this.Employee__c|"003f400000KXyvPAAT"|0x7cd63530
14:48:13.0 (62406377)|HEAP_ALLOCATE|[10]|Bytes:1
14:48:13.0 (62416092)|HEAP_ALLOCATE|[10]|Bytes:5
14:48:13.0 (62428547)|VARIABLE_ASSIGNMENT|[10]|this.Name|"test9"|0x7cd63530
14:48:13.0 (62441348)|VARIABLE_ASSIGNMENT|[10]|this.Job_Category__c|"Junior"|0x7cd63530
14:48:13.0 (62453221)|VARIABLE_ASSIGNMENT|[10]|this.Location__c|"India"|0x7cd63530
14:48:13.0 (62463931)|HEAP_ALLOCATE|[EXTERNAL]|Bytes:4
14:48:13.0 (62469979)|HEAP_ALLOCATE|[9]|Bytes:4
14:48:13.0 (62475794)|VARIABLE_ASSIGNMENT|[9]|i|10
14:48:13.0 (62482627)|STATEMENT_EXECUTE|[13]
14:48:13.0 (62533938)|DML_BEGIN|[13]|Op:Insert|Type:Compensation__c|Rows:10
14:48:13.0 (62578520)|HEAP_ALLOCATE|[EXTERNAL]|Bytes:44
14:48:13.0 (68366800)|CODE_UNIT_STARTED|[EXTERNAL]|01qf4000000wGad|Compensation_submitted_trigger on Compensation trigger event BeforeInsert
14:48:13.0 (68422549)|HEAP_ALLOCATE|[EXTERNAL]|Bytes:44
14:48:13.0 (68548321)|HEAP_ALLOCATE|[EXTERNAL]|Bytes:4
14:48:13.0 (68563224)|VARIABLE_SCOPE_BEGIN|[1]|this|Compensation_submitted_trigger|true|false
14:48:13.0 (68614927)|VARIABLE_ASSIGNMENT|[1]|this|{}|0x5573ea0f
14:48:13.0 (68674652)|HEAP_ALLOCATE|[EXTERNAL]|Bytes:4
14:48:13.0 (68684058)|VARIABLE_SCOPE_BEGIN|[1]|this|Compensation_submitted_trigger|true|false
14:48:13.0 (68696686)|VARIABLE_ASSIGNMENT|[1]|this|{}|0x5573ea0f
14:48:13.0 (68703514)|STATEMENT_EXECUTE|[1]
14:48:13.0 (68921054)|HEAP_ALLOCATE|[4]|Bytes:5
14:48:13.0 (68944074)|HEAP_ALLOCATE|[4]|Bytes:4
14:48:13.0 (68954292)|VARIABLE_SCOPE_BEGIN|[4]|comp|Compensation__c|true|false
14:48:13.0 (69242127)|VARIABLE_ASSIGNMENT|[4]|comp|{"Employee__c":"003f400000KXyvPAAT","IsDeleted":false,"OwnerId":"005f4000001iPIcAAM","Submitted__c":false,"RecordTypeId":"012f4000000xpkIAAQ","Location__c":"India","Status__c":"NOT SUBMITTED","Job_Category__c":"Junior","Name":"test0"}|0x420f6a8f
14:48:13.0 (69253890)|STATEMENT_EXECUTE|[4]
14:48:13.0 (69275738)|STATEMENT_EXECUTE|[5]
14:48:13.0 (69288003)|HEAP_ALLOCATE|[4]|Bytes:5
14:48:13.0 (69301286)|HEAP_ALLOCATE|[4]|Bytes:4
14:48:13.0 (69308080)|VARIABLE_SCOPE_BEGIN|[4]|comp|Compensation__c|true|false
14:48:13.0 (69464748)|VARIABLE_ASSIGNMENT|[4]|comp|{"Employee__c":"003f400000KXyvPAAT","IsDeleted":false,"OwnerId":"005f4000001iPIcAAM","Submitted__c":false,"RecordTypeId":"012f4000000xpkIAAQ","Location__c":"India","Status__c":"NOT SUBMITTED","Job_Category__c":"Junior","Name":"test1"}|0x2d8e02c
14:48:13.0 (69479582)|STATEMENT_EXECUTE|[4]
14:48:13.0 (69495463)|STATEMENT_EXECUTE|[5]
14:48:13.0 (69508048)|HEAP_ALLOCATE|[4]|Bytes:5
14:48:13.0 (69521885)|HEAP_ALLOCATE|[4]|Bytes:4
14:48:13.0 (69529085)|VARIABLE_SCOPE_BEGIN|[4]|comp|Compensation__c|true|false
14:48:13.0 (69676944)|VARIABLE_ASSIGNMENT|[4]|comp|{"Employee__c":"003f400000KXyvPAAT","IsDeleted":false,"OwnerId":"005f4000001iPIcAAM","Submitted__c":false,"RecordTypeId":"012f4000000xpkIAAQ","Location__c":"India","Status__c":"NOT SUBMITTED","Job_Category__c":"Junior","Name":"test2"}|0x41af1056
14:48:13.0 (69690680)|STATEMENT_EXECUTE|[4]
14:48:13.0 (69699913)|STATEMENT_EXECUTE|[5]
14:48:13.0 (69710175)|HEAP_ALLOCATE|[4]|Bytes:5
14:48:13.0 (69722010)|HEAP_ALLOCATE|[4]|Bytes:4
14:48:13.0 (69727817)|VARIABLE_SCOPE_BEGIN|[4]|comp|Compensation__c|true|false
14:48:13.0 (69839928)|VARIABLE_ASSIGNMENT|[4]|comp|{"Employee__c":"003f400000KXyvPAAT","IsDeleted":false,"OwnerId":"005f4000001iPIcAAM","Submitted__c":false,"RecordTypeId":"012f4000000xpkIAAQ","Location__c":"India","Status__c":"NOT SUBMITTED","Job_Category__c":"Junior","Name":"test3"}|0x7f279457
14:48:13.0 (69848335)|STATEMENT_EXECUTE|[4]
14:48:13.0 (69853780)|STATEMENT_EXECUTE|[5]
14:48:13.0 (69861518)|HEAP_ALLOCATE|[4]|Bytes:5
14:48:13.0 (69870953)|HEAP_ALLOCATE|[4]|Bytes:4
14:48:13.0 (69876464)|VARIABLE_SCOPE_BEGIN|[4]|comp|Compensation__c|true|false
14:48:13.0 (69982091)|VARIABLE_ASSIGNMENT|[4]|comp|{"Employee__c":"003f400000KXyvPAAT","IsDeleted":false,"OwnerId":"005f4000001iPIcAAM","Submitted__c":false,"RecordTypeId":"012f4000000xpkIAAQ","Location__c":"India","Status__c":"NOT SUBMITTED","Job_Category__c":"Junior","Name":"test4"}|0x4645c22e
14:48:13.0 (69989953)|STATEMENT_EXECUTE|[4]
14:48:13.0 (69995102)|STATEMENT_EXECUTE|[5]
14:48:13.0 (70002860)|HEAP_ALLOCATE|[4]|Bytes:5
14:48:13.0 (70013146)|HEAP_ALLOCATE|[4]|Bytes:4
14:48:13.0 (70018202)|VARIABLE_SCOPE_BEGIN|[4]|comp|Compensation__c|true|false
14:48:13.0 (70121690)|VARIABLE_ASSIGNMENT|[4]|comp|{"Employee__c":"003f400000KXyvPAAT","IsDeleted":false,"OwnerId":"005f4000001iPIcAAM","Submitted__c":false,"RecordTypeId":"012f4000000xpkIAAQ","Location__c":"India","Status__c":"NOT SUBMITTED","Job_Category__c":"Junior","Name":"test5"}|0x3d9834a
14:48:13.0 (70129776)|STATEMENT_EXECUTE|[4]
14:48:13.0 (70134420)|STATEMENT_EXECUTE|[5]
14:48:13.0 (70142009)|HEAP_ALLOCATE|[4]|Bytes:5
14:48:13.0 (70150700)|HEAP_ALLOCATE|[4]|Bytes:4
14:48:13.0 (70155490)|VARIABLE_SCOPE_BEGIN|[4]|comp|Compensation__c|true|false
14:48:13.0 (70257516)|VARIABLE_ASSIGNMENT|[4]|comp|{"Employee__c":"003f400000KXyvPAAT","IsDeleted":false,"OwnerId":"005f4000001iPIcAAM","Submitted__c":false,"RecordTypeId":"012f4000000xpkIAAQ","Location__c":"India","Status__c":"NOT SUBMITTED","Job_Category__c":"Junior","Name":"test6"}|0x3a4d1ec7
14:48:13.0 (70265738)|STATEMENT_EXECUTE|[4]
14:48:13.0 (70270125)|STATEMENT_EXECUTE|[5]
14:48:13.0 (70277671)|HEAP_ALLOCATE|[4]|Bytes:5
14:48:13.0 (70286996)|HEAP_ALLOCATE|[4]|Bytes:4
14:48:13.0 (70291865)|VARIABLE_SCOPE_BEGIN|[4]|comp|Compensation__c|true|false
14:48:13.0 (70424554)|VARIABLE_ASSIGNMENT|[4]|comp|{"Employee__c":"003f400000KXyvPAAT","IsDeleted":false,"OwnerId":"005f4000001iPIcAAM","Submitted__c":false,"RecordTypeId":"012f4000000xpkIAAQ","Location__c":"India","Status__c":"NOT SUBMITTED","Job_Category__c":"Junior","Name":"test7"}|0x790bb0f5
14:48:13.0 (70433240)|STATEMENT_EXECUTE|[4]
14:48:13.0 (70438555)|STATEMENT_EXECUTE|[5]
14:48:13.0 (70447026)|HEAP_ALLOCATE|[4]|Bytes:5
14:48:13.0 (70457147)|HEAP_ALLOCATE|[4]|Bytes:4
14:48:13.0 (70462808)|VARIABLE_SCOPE_BEGIN|[4]|comp|Compensation__c|true|false
14:48:13.0 (70577819)|VARIABLE_ASSIGNMENT|[4]|comp|{"Employee__c":"003f400000KXyvPAAT","IsDeleted":false,"OwnerId":"005f4000001iPIcAAM","Submitted__c":false,"RecordTypeId":"012f4000000xpkIAAQ","Location__c":"India","Status__c":"NOT SUBMITTED","Job_Category__c":"Junior","Name":"test8"}|0x11b74948
14:48:13.0 (70586898)|STATEMENT_EXECUTE|[4]
14:48:13.0 (70591591)|STATEMENT_EXECUTE|[5]
14:48:13.0 (70599265)|HEAP_ALLOCATE|[4]|Bytes:5
14:48:13.0 (70608095)|HEAP_ALLOCATE|[4]|Bytes:4
14:48:13.0 (70612931)|VARIABLE_SCOPE_BEGIN|[4]|comp|Compensation__c|true|false
14:48:13.0 (70717480)|VARIABLE_ASSIGNMENT|[4]|comp|{"Employee__c":"003f400000KXyvPAAT","IsDeleted":false,"OwnerId":"005f4000001iPIcAAM","Submitted__c":false,"RecordTypeId":"012f4000000xpkIAAQ","Location__c":"India","Status__c":"NOT SUBMITTED","Job_Category__c":"Junior","Name":"test9"}|0x5e3b5be7
14:48:13.0 (70725486)|STATEMENT_EXECUTE|[4]
14:48:13.0 (70729708)|STATEMENT_EXECUTE|[5]
14:48:13.0 (70736996)|HEAP_ALLOCATE|[4]|Bytes:5
14:48:13.0 (70747533)|VARIABLE_ASSIGNMENT|[4]|comp|null|
14:48:13.70 (70757699)|CUMULATIVE_LIMIT_USAGE
14:48:13.70 (70757699)|LIMIT_USAGE_FOR_NS|(default)|
  Number of SOQL queries: 0 out of 100
  Number of query rows: 0 out of 50000
  Number of SOSL queries: 0 out of 20
  Number of DML statements: 2 out of 150
  Number of DML rows: 11 out of 10000
  Maximum CPU time: 0 out of 10000
  Maximum heap size: 0 out of 6000000
  Number of callouts: 0 out of 100
  Number of Email Invocations: 0 out of 10
  Number of future calls: 0 out of 50
  Number of queueable jobs added to the queue: 0 out of 50
  Number of Mobile Apex push calls: 0 out of 10

14:48:13.70 (70757699)|CUMULATIVE_LIMIT_USAGE_END

14:48:13.0 (71720488)|CODE_UNIT_FINISHED|Compensation_submitted_trigger on Compensation trigger event BeforeInsert
14:48:13.0 (79286341)|CODE_UNIT_STARTED|[EXTERNAL]|Validation:Compensation:new
14:48:13.0 (79301910)|VALIDATION_RULE|03df4000000tLey|Job_Category_Other
14:48:13.0 (79448559)|VALIDATION_FORMULA|ISPICKVAL(Job_Category__c, 'Other')&&(ISBLANK(Other__c))|Job_Category__c=Junior , Other__c=null
14:48:13.0 (79456731)|VALIDATION_PASS
14:48:13.0 (79677058)|CODE_UNIT_FINISHED|Validation:Compensation:new
14:48:13.0 (80467191)|CODE_UNIT_STARTED|[EXTERNAL]|Validation:Compensation:new
14:48:13.0 (80476413)|VALIDATION_RULE|03df4000000tLey|Job_Category_Other
14:48:13.0 (80611948)|VALIDATION_FORMULA|ISPICKVAL(Job_Category__c, 'Other')&&(ISBLANK(Other__c))|Job_Category__c=Junior , Other__c=null
14:48:13.0 (80619475)|VALIDATION_PASS
14:48:13.0 (80759590)|CODE_UNIT_FINISHED|Validation:Compensation:new
14:48:13.0 (81458040)|CODE_UNIT_STARTED|[EXTERNAL]|Validation:Compensation:new
14:48:13.0 (81468811)|VALIDATION_RULE|03df4000000tLey|Job_Category_Other
14:48:13.0 (81608098)|VALIDATION_FORMULA|ISPICKVAL(Job_Category__c, 'Other')&&(ISBLANK(Other__c))|Job_Category__c=Junior , Other__c=null
14:48:13.0 (81615678)|VALIDATION_PASS
14:48:13.0 (81757597)|CODE_UNIT_FINISHED|Validation:Compensation:new
14:48:13.0 (82644692)|CODE_UNIT_STARTED|[EXTERNAL]|Validation:Compensation:new
14:48:13.0 (82654382)|VALIDATION_RULE|03df4000000tLey|Job_Category_Other
14:48:13.0 (83659697)|VALIDATION_FORMULA|ISPICKVAL(Job_Category__c, 'Other')&&(ISBLANK(Other__c))|Job_Category__c=Junior , Other__c=null
14:48:13.0 (83669438)|VALIDATION_PASS
14:48:13.0 (83828287)|CODE_UNIT_FINISHED|Validation:Compensation:new
14:48:13.0 (84550096)|CODE_UNIT_STARTED|[EXTERNAL]|Validation:Compensation:new
14:48:13.0 (84558299)|VALIDATION_RULE|03df4000000tLey|Job_Category_Other
14:48:13.0 (84684861)|VALIDATION_FORMULA|ISPICKVAL(Job_Category__c, 'Other')&&(ISBLANK(Other__c))|Job_Category__c=Junior , Other__c=null
14:48:13.0 (84692418)|VALIDATION_PASS
14:48:13.0 (84836388)|CODE_UNIT_FINISHED|Validation:Compensation:new
14:48:13.0 (85551615)|CODE_UNIT_STARTED|[EXTERNAL]|Validation:Compensation:new
14:48:13.0 (85568403)|VALIDATION_RULE|03df4000000tLey|Job_Category_Other
14:48:13.0 (85751419)|VALIDATION_FORMULA|ISPICKVAL(Job_Category__c, 'Other')&&(ISBLANK(Other__c))|Job_Category__c=Junior , Other__c=null
14:48:13.0 (85759606)|VALIDATION_PASS
14:48:13.0 (85912361)|CODE_UNIT_FINISHED|Validation:Compensation:new
14:48:13.0 (86605795)|CODE_UNIT_STARTED|[EXTERNAL]|Validation:Compensation:new
14:48:13.0 (86614825)|VALIDATION_RULE|03df4000000tLey|Job_Category_Other
14:48:13.0 (86739322)|VALIDATION_FORMULA|ISPICKVAL(Job_Category__c, 'Other')&&(ISBLANK(Other__c))|Job_Category__c=Junior , Other__c=null
14:48:13.0 (86746195)|VALIDATION_PASS
14:48:13.0 (86891246)|CODE_UNIT_FINISHED|Validation:Compensation:new
14:48:13.0 (87618661)|CODE_UNIT_STARTED|[EXTERNAL]|Validation:Compensation:new
14:48:13.0 (87629248)|VALIDATION_RULE|03df4000000tLey|Job_Category_Other
14:48:13.0 (87758852)|VALIDATION_FORMULA|ISPICKVAL(Job_Category__c, 'Other')&&(ISBLANK(Other__c))|Job_Category__c=Junior , Other__c=null
14:48:13.0 (87765987)|VALIDATION_PASS
14:48:13.0 (87905809)|CODE_UNIT_FINISHED|Validation:Compensation:new
14:48:13.0 (88599568)|CODE_UNIT_STARTED|[EXTERNAL]|Validation:Compensation:new
14:48:13.0 (88607604)|VALIDATION_RULE|03df4000000tLey|Job_Category_Other
14:48:13.0 (88732290)|VALIDATION_FORMULA|ISPICKVAL(Job_Category__c, 'Other')&&(ISBLANK(Other__c))|Job_Category__c=Junior , Other__c=null
14:48:13.0 (88739837)|VALIDATION_PASS
14:48:13.0 (88887488)|CODE_UNIT_FINISHED|Validation:Compensation:new
14:48:13.0 (89793827)|CODE_UNIT_STARTED|[EXTERNAL]|Validation:Compensation:new
14:48:13.0 (89807205)|VALIDATION_RULE|03df4000000tLey|Job_Category_Other
14:48:13.0 (89983195)|VALIDATION_FORMULA|ISPICKVAL(Job_Category__c, 'Other')&&(ISBLANK(Other__c))|Job_Category__c=Junior , Other__c=null
14:48:13.0 (89992499)|VALIDATION_PASS
14:48:13.0 (90248623)|CODE_UNIT_FINISHED|Validation:Compensation:new
14:48:13.0 (123643899)|CODE_UNIT_STARTED|[EXTERNAL]|Workflow:01If40000017tCd
14:48:13.0 (128174389)|WF_RULE_EVAL_BEGIN|Workflow
14:48:13.0 (128203191)|WF_CRITERIA_BEGIN|[Compensation: test0 a00f4000007wxYx]|Uruguay_Location_Compensation301f40000002crQ|01Qf4000000nI5L|ON_CREATE_ONLY|0
14:48:13.0 (128301218)|WF_FORMULA|Formula:ENCODED:[treatNullAsNull]true|Values:
14:48:13.0 (128308610)|WF_CRITERIA_END|true
14:48:13.0 (129012101)|WF_CRITERIA_BEGIN|[Compensation: test1 a00f4000007wxYy]|Uruguay_Location_Compensation301f40000002crQ|01Qf4000000nI5L|ON_CREATE_ONLY|0
14:48:13.0 (129042429)|WF_FORMULA|Formula:ENCODED:[treatNullAsNull]true|Values:
14:48:13.0 (129047675)|WF_CRITERIA_END|true
14:48:13.0 (129057795)|WF_CRITERIA_BEGIN|[Compensation: test2 a00f4000007wxYz]|Uruguay_Location_Compensation301f40000002crQ|01Qf4000000nI5L|ON_CREATE_ONLY|0
14:48:13.0 (129073248)|WF_FORMULA|Formula:ENCODED:[treatNullAsNull]true|Values:
14:48:13.0 (129077687)|WF_CRITERIA_END|true
14:48:13.0 (129102424)|WF_CRITERIA_BEGIN|[Compensation: test3 a00f4000007wxZ0]|Uruguay_Location_Compensation301f40000002crQ|01Qf4000000nI5L|ON_CREATE_ONLY|0
14:48:13.0 (129119116)|WF_FORMULA|Formula:ENCODED:[treatNullAsNull]true|Values:
14:48:13.0 (129123713)|WF_CRITERIA_END|true
14:48:13.0 (129131088)|WF_CRITERIA_BEGIN|[Compensation: test4 a00f4000007wxZ1]|Uruguay_Location_Compensation301f40000002crQ|01Qf4000000nI5L|ON_CREATE_ONLY|0
14:48:13.0 (129144955)|WF_FORMULA|Formula:ENCODED:[treatNullAsNull]true|Values:
14:48:13.0 (129148609)|WF_CRITERIA_END|true
14:48:13.0 (129155628)|WF_CRITERIA_BEGIN|[Compensation: test5 a00f4000007wxZ2]|Uruguay_Location_Compensation301f40000002crQ|01Qf4000000nI5L|ON_CREATE_ONLY|0
14:48:13.0 (129173082)|WF_FORMULA|Formula:ENCODED:[treatNullAsNull]true|Values:
14:48:13.0 (129177247)|WF_CRITERIA_END|true
14:48:13.0 (129184052)|WF_CRITERIA_BEGIN|[Compensation: test6 a00f4000007wxZ3]|Uruguay_Location_Compensation301f40000002crQ|01Qf4000000nI5L|ON_CREATE_ONLY|0
14:48:13.0 (129196419)|WF_FORMULA|Formula:ENCODED:[treatNullAsNull]true|Values:
14:48:13.0 (129200163)|WF_CRITERIA_END|true
14:48:13.0 (129206681)|WF_CRITERIA_BEGIN|[Compensation: test7 a00f4000007wxZ4]|Uruguay_Location_Compensation301f40000002crQ|01Qf4000000nI5L|ON_CREATE_ONLY|0
14:48:13.0 (129219385)|WF_FORMULA|Formula:ENCODED:[treatNullAsNull]true|Values:
14:48:13.0 (129223295)|WF_CRITERIA_END|true
14:48:13.0 (129229842)|WF_CRITERIA_BEGIN|[Compensation: test8 a00f4000007wxZ5]|Uruguay_Location_Compensation301f40000002crQ|01Qf4000000nI5L|ON_CREATE_ONLY|0
14:48:13.0 (129242488)|WF_FORMULA|Formula:ENCODED:[treatNullAsNull]true|Values:
14:48:13.0 (129257583)|WF_CRITERIA_END|true
14:48:13.0 (129264521)|WF_CRITERIA_BEGIN|[Compensation: test9 a00f4000007wxZ6]|Uruguay_Location_Compensation301f40000002crQ|01Qf4000000nI5L|ON_CREATE_ONLY|0
14:48:13.0 (129277922)|WF_FORMULA|Formula:ENCODED:[treatNullAsNull]true|Values:
14:48:13.0 (129281814)|WF_CRITERIA_END|true
14:48:13.0 (129295804)|WF_SPOOL_ACTION_BEGIN|Workflow
14:48:13.0 (129322501)|WF_ACTION| Flow Trigger: 10;
14:48:13.0 (129327990)|WF_RULE_EVAL_END
14:48:13.0 (129969944)|WF_FLOW_ACTION_BEGIN|09Lf4000000hSfK
14:48:13.130 (130730495)|FLOW_CREATE_INTERVIEW_BEGIN|00Df400000264R3|300f40000005TUu|301f40000002crQ
14:48:13.130 (132371764)|FLOW_CREATE_INTERVIEW_END|59213eb3d5d744ab51d2437d1113162f8a42560-2ada|Uruguay Location Compensation
14:48:13.0 (132668413)|WF_FLOW_ACTION_BEGIN|09Lf4000000hSfK
14:48:13.133 (133362765)|FLOW_CREATE_INTERVIEW_BEGIN|00Df400000264R3|300f40000005TUu|301f40000002crQ
14:48:13.133 (133392999)|FLOW_CREATE_INTERVIEW_END|59223eb3d5d744ab51d2437d1113162f8a42560-2ad9|Uruguay Location Compensation
14:48:13.0 (133545256)|WF_FLOW_ACTION_BEGIN|09Lf4000000hSfK
14:48:13.134 (134234785)|FLOW_CREATE_INTERVIEW_BEGIN|00Df400000264R3|300f40000005TUu|301f40000002crQ
14:48:13.134 (134262318)|FLOW_CREATE_INTERVIEW_END|59233eb3d5d744ab51d2437d1113162f8a42560-2ad8|Uruguay Location Compensation
14:48:13.0 (134403591)|WF_FLOW_ACTION_BEGIN|09Lf4000000hSfK
14:48:13.135 (135145840)|FLOW_CREATE_INTERVIEW_BEGIN|00Df400000264R3|300f40000005TUu|301f40000002crQ
14:48:13.135 (135176680)|FLOW_CREATE_INTERVIEW_END|59243eb3d5d744ab51d2437d1113162f8a42560-2ad7|Uruguay Location Compensation
14:48:13.0 (135330379)|WF_FLOW_ACTION_BEGIN|09Lf4000000hSfK
14:48:13.136 (136013236)|FLOW_CREATE_INTERVIEW_BEGIN|00Df400000264R3|300f40000005TUu|301f40000002crQ
14:48:13.136 (136040875)|FLOW_CREATE_INTERVIEW_END|59253eb3d5d744ab51d2437d1113162f8a42560-2ad6|Uruguay Location Compensation
14:48:13.0 (136183633)|WF_FLOW_ACTION_BEGIN|09Lf4000000hSfK
14:48:13.136 (136864009)|FLOW_CREATE_INTERVIEW_BEGIN|00Df400000264R3|300f40000005TUu|301f40000002crQ
14:48:13.136 (136891408)|FLOW_CREATE_INTERVIEW_END|59263eb3d5d744ab51d2437d1113162f8a42560-2ad5|Uruguay Location Compensation
14:48:13.0 (137030536)|WF_FLOW_ACTION_BEGIN|09Lf4000000hSfK
14:48:13.137 (137703689)|FLOW_CREATE_INTERVIEW_BEGIN|00Df400000264R3|300f40000005TUu|301f40000002crQ
14:48:13.137 (137731227)|FLOW_CREATE_INTERVIEW_END|59273eb3d5d744ab51d2437d1113162f8a42560-2ad4|Uruguay Location Compensation
14:48:13.0 (137868205)|WF_FLOW_ACTION_BEGIN|09Lf4000000hSfK
14:48:13.138 (138539321)|FLOW_CREATE_INTERVIEW_BEGIN|00Df400000264R3|300f40000005TUu|301f40000002crQ
14:48:13.138 (138571285)|FLOW_CREATE_INTERVIEW_END|59283eb3d5d744ab51d2437d1113162f8a42560-2ad3|Uruguay Location Compensation
14:48:13.0 (138706745)|WF_FLOW_ACTION_BEGIN|09Lf4000000hSfK
14:48:13.139 (139388411)|FLOW_CREATE_INTERVIEW_BEGIN|00Df400000264R3|300f40000005TUu|301f40000002crQ
14:48:13.139 (139414440)|FLOW_CREATE_INTERVIEW_END|59293eb3d5d744ab51d2437d1113162f8a42560-2ad2|Uruguay Location Compensation
14:48:13.0 (139548484)|WF_FLOW_ACTION_BEGIN|09Lf4000000hSfK
14:48:13.140 (140458051)|FLOW_CREATE_INTERVIEW_BEGIN|00Df400000264R3|300f40000005TUu|301f40000002crQ
14:48:13.140 (140484473)|FLOW_CREATE_INTERVIEW_END|59303eb3d5d744ab51d2437d1113162f8a42560-2ad1|Uruguay Location Compensation
14:48:13.141 (141345249)|FLOW_START_INTERVIEWS_BEGIN|10
14:48:13.141 (141369874)|FLOW_START_INTERVIEW_BEGIN|59213eb3d5d744ab51d2437d1113162f8a42560-2ada|Uruguay Location Compensation
14:48:13.141 (142620353)|FLOW_START_INTERVIEW_END|59213eb3d5d744ab51d2437d1113162f8a42560-2ada|Uruguay Location Compensation
14:48:13.141 (142633555)|FLOW_START_INTERVIEW_BEGIN|59223eb3d5d744ab51d2437d1113162f8a42560-2ad9|Uruguay Location Compensation
14:48:13.141 (143046463)|FLOW_START_INTERVIEW_END|59223eb3d5d744ab51d2437d1113162f8a42560-2ad9|Uruguay Location Compensation
14:48:13.141 (143057879)|FLOW_START_INTERVIEW_BEGIN|59233eb3d5d744ab51d2437d1113162f8a42560-2ad8|Uruguay Location Compensation
14:48:13.141 (143458936)|FLOW_START_INTERVIEW_END|59233eb3d5d744ab51d2437d1113162f8a42560-2ad8|Uruguay Location Compensation
14:48:13.141 (143469975)|FLOW_START_INTERVIEW_BEGIN|59243eb3d5d744ab51d2437d1113162f8a42560-2ad7|Uruguay Location Compensation
14:48:13.141 (143960964)|FLOW_START_INTERVIEW_END|59243eb3d5d744ab51d2437d1113162f8a42560-2ad7|Uruguay Location Compensation
14:48:13.141 (143972064)|FLOW_START_INTERVIEW_BEGIN|59253eb3d5d744ab51d2437d1113162f8a42560-2ad6|Uruguay Location Compensation
14:48:13.141 (144374438)|FLOW_START_INTERVIEW_END|59253eb3d5d744ab51d2437d1113162f8a42560-2ad6|Uruguay Location Compensation
14:48:13.141 (144386395)|FLOW_START_INTERVIEW_BEGIN|59263eb3d5d744ab51d2437d1113162f8a42560-2ad5|Uruguay Location Compensation
14:48:13.141 (144782943)|FLOW_START_INTERVIEW_END|59263eb3d5d744ab51d2437d1113162f8a42560-2ad5|Uruguay Location Compensation
14:48:13.141 (144793891)|FLOW_START_INTERVIEW_BEGIN|59273eb3d5d744ab51d2437d1113162f8a42560-2ad4|Uruguay Location Compensation
14:48:13.141 (145178542)|FLOW_START_INTERVIEW_END|59273eb3d5d744ab51d2437d1113162f8a42560-2ad4|Uruguay Location Compensation
14:48:13.141 (145189894)|FLOW_START_INTERVIEW_BEGIN|59283eb3d5d744ab51d2437d1113162f8a42560-2ad3|Uruguay Location Compensation
14:48:13.141 (145589503)|FLOW_START_INTERVIEW_END|59283eb3d5d744ab51d2437d1113162f8a42560-2ad3|Uruguay Location Compensation
14:48:13.141 (145600175)|FLOW_START_INTERVIEW_BEGIN|59293eb3d5d744ab51d2437d1113162f8a42560-2ad2|Uruguay Location Compensation
14:48:13.141 (145985507)|FLOW_START_INTERVIEW_END|59293eb3d5d744ab51d2437d1113162f8a42560-2ad2|Uruguay Location Compensation
14:48:13.141 (145995352)|FLOW_START_INTERVIEW_BEGIN|59303eb3d5d744ab51d2437d1113162f8a42560-2ad1|Uruguay Location Compensation
14:48:13.141 (146401153)|FLOW_START_INTERVIEW_END|59303eb3d5d744ab51d2437d1113162f8a42560-2ad1|Uruguay Location Compensation
14:48:13.141 (146416422)|FLOW_START_INTERVIEWS_END|10
14:48:13.0 (147520383)|WF_FLOW_ACTION_END|09Lf4000000hSfK
14:48:13.0 (147527574)|WF_FLOW_ACTION_END|09Lf4000000hSfK
14:48:13.0 (147530807)|WF_FLOW_ACTION_END|09Lf4000000hSfK
14:48:13.0 (147533089)|WF_FLOW_ACTION_END|09Lf4000000hSfK
14:48:13.0 (147535502)|WF_FLOW_ACTION_END|09Lf4000000hSfK
14:48:13.0 (147537939)|WF_FLOW_ACTION_END|09Lf4000000hSfK
14:48:13.0 (147540150)|WF_FLOW_ACTION_END|09Lf4000000hSfK
14:48:13.0 (147542833)|WF_FLOW_ACTION_END|09Lf4000000hSfK
14:48:13.0 (147545158)|WF_FLOW_ACTION_END|09Lf4000000hSfK
14:48:13.0 (147547581)|WF_FLOW_ACTION_END|09Lf4000000hSfK
14:48:13.0 (147659592)|WF_ACTIONS_END| Flow Trigger: 10;
14:48:13.0 (147668157)|CODE_UNIT_FINISHED|Workflow:01If40000017tCd
14:48:13.0 (148303526)|DML_END|[13]
14:48:13.0 (148366058)|HEAP_ALLOCATE|[EXTERNAL]|Bytes:44
14:48:13.148 (148387929)|CUMULATIVE_LIMIT_USAGE
14:48:13.148 (148387929)|LIMIT_USAGE_FOR_NS|(default)|
  Number of SOQL queries: 0 out of 100
  Number of query rows: 0 out of 50000
  Number of SOSL queries: 0 out of 20
  Number of DML statements: 2 out of 150
  Number of DML rows: 11 out of 10000
  Maximum CPU time: 0 out of 10000
  Maximum heap size: 0 out of 6000000
  Number of callouts: 0 out of 100
  Number of Email Invocations: 0 out of 10
  Number of future calls: 0 out of 50
  Number of queueable jobs added to the queue: 0 out of 50
  Number of Mobile Apex push calls: 0 out of 10

14:48:13.148 (148387929)|CUMULATIVE_LIMIT_USAGE_END

14:48:13.0 (148417021)|CODE_UNIT_FINISHED|testCompensationController.testDataSetup
14:48:13.0 (149434361)|EXECUTION_FINISHED
14:48:13.161 (161520773)|USER_INFO|[EXTERNAL]|005f4000001iPIc|lrodriguez-onboarding@altimetrik.com|Argentine Time|GMT-03:00
14:48:13.161 (161541584)|EXECUTION_STARTED
14:48:13.161 (161546108)|CODE_UNIT_STARTED|[EXTERNAL]|01pf400000ARf7J|testCompensationController.getCompensationsTest1
14:48:13.161 (161681614)|HEAP_ALLOCATE|[72]|Bytes:3
14:48:13.161 (161714541)|HEAP_ALLOCATE|[77]|Bytes:152
14:48:13.161 (161729353)|HEAP_ALLOCATE|[342]|Bytes:408
14:48:13.161 (161742020)|HEAP_ALLOCATE|[355]|Bytes:408
14:48:13.161 (161754499)|HEAP_ALLOCATE|[467]|Bytes:48
14:48:13.161 (161779540)|HEAP_ALLOCATE|[139]|Bytes:6
14:48:13.161 (161795179)|HEAP_ALLOCATE|[EXTERNAL]|Bytes:138
14:48:13.161 (161804936)|METHOD_ENTRY|[2]|01pf400000ARf7J|testCompensationController.testCompensationController()
14:48:13.161 (161810870)|STATEMENT_EXECUTE|[2]
14:48:13.161 (161815318)|STATEMENT_EXECUTE|[2]
14:48:13.161 (161819989)|METHOD_EXIT|[2]|testCompensationController
14:48:13.161 (161909615)|HEAP_ALLOCATE|[50]|Bytes:5
14:48:13.161 (161932120)|HEAP_ALLOCATE|[56]|Bytes:5
14:48:13.161 (161939587)|HEAP_ALLOCATE|[64]|Bytes:7
14:48:13.161 (161981646)|STATEMENT_EXECUTE|[16]
14:48:13.161 (161983729)|STATEMENT_EXECUTE|[18]
14:48:13.161 (161986776)|HEAP_ALLOCATE|[18]|Bytes:36
14:48:13.161 (162006966)|HEAP_ALLOCATE|[18]|Bytes:4
14:48:13.161 (162148238)|SOQL_EXECUTE_BEGIN|[18]|Aggregations:0|SELECT Id, Name FROM Compensation__c
14:48:13.161 (170661729)|SOQL_EXECUTE_END|[18]|Rows:10
14:48:13.161 (170692257)|HEAP_ALLOCATE|[18]|Bytes:44
14:48:13.161 (170722028)|HEAP_ALLOCATE|[18]|Bytes:420
14:48:13.161 (170795084)|HEAP_ALLOCATE|[18]|Bytes:44
14:48:13.161 (170815910)|VARIABLE_SCOPE_BEGIN|[18]|all_comp|List<Compensation__c>|true|false
14:48:13.161 (170849828)|VARIABLE_ASSIGNMENT|[18]|all_comp|"List of size 10 too large to display"|0x5545e08b
14:48:13.161 (170857277)|STATEMENT_EXECUTE|[19]
14:48:13.161 (170904367)|VARIABLE_SCOPE_BEGIN|[19]|soql_count|Integer|false|false
14:48:13.161 (170915167)|HEAP_ALLOCATE|[19]|Bytes:4
14:48:13.161 (170924768)|VARIABLE_ASSIGNMENT|[19]|soql_count|10
14:48:13.161 (170929467)|STATEMENT_EXECUTE|[22]
14:48:13.161 (170995054)|HEAP_ALLOCATE|[22]|Bytes:63
14:48:13.161 (171007802)|SYSTEM_METHOD_ENTRY|[1]|Test.Test()
14:48:13.161 (171012405)|STATEMENT_EXECUTE|[1]
14:48:13.161 (171021210)|SYSTEM_METHOD_EXIT|[1]|Test
14:48:13.161 (171033499)|METHOD_ENTRY|[22]||System.Test.startTest()
14:48:13.161 (172373223)|METHOD_EXIT|[22]||System.Test.startTest()
14:48:13.161 (172386177)|STATEMENT_EXECUTE|[23]
14:48:13.161 (172393388)|HEAP_ALLOCATE|[23]|Bytes:3
14:48:13.161 (173939803)|HEAP_ALLOCATE|[23]|Bytes:4
14:48:13.161 (173961368)|METHOD_ENTRY|[1]|01pf4000009OyzM|CompensationController.CompensationController()
14:48:13.161 (173968253)|STATEMENT_EXECUTE|[1]
14:48:13.161 (173972629)|STATEMENT_EXECUTE|[1]
14:48:13.161 (174293809)|SYSTEM_MODE_ENTER|false
14:48:13.161 (174311529)|HEAP_ALLOCATE|[23]|Bytes:5
14:48:13.161 (174320798)|SYSTEM_MODE_EXIT|false
14:48:13.161 (174330236)|METHOD_EXIT|[1]|CompensationController
14:48:13.161 (174357531)|METHOD_ENTRY|[23]|01pf4000009OyzM|CompensationController.getCompensations(String)
14:48:13.161 (174385185)|VARIABLE_SCOPE_BEGIN|[3]|filter|String|false|false
14:48:13.161 (174399517)|VARIABLE_ASSIGNMENT|[3]|filter|"all"
14:48:13.161 (174423352)|SYSTEM_MODE_ENTER|false
14:48:13.161 (174429657)|HEAP_ALLOCATE|[4]|Bytes:5
14:48:13.161 (174434796)|STATEMENT_EXECUTE|[3]
14:48:13.161 (174436553)|STATEMENT_EXECUTE|[4]
14:48:13.161 (174464677)|HEAP_ALLOCATE|[4]|Bytes:4
14:48:13.161 (174517421)|VARIABLE_SCOPE_BEGIN|[4]|compensations|List<Compensation__c>|true|false
14:48:13.161 (174529697)|HEAP_ALLOCATE|[EXTERNAL]|Bytes:4
14:48:13.161 (174540706)|VARIABLE_ASSIGNMENT|[4]|compensations|[]|0x4f2cd03b
14:48:13.161 (174565334)|STATEMENT_EXECUTE|[5]
14:48:13.161 (174567083)|STATEMENT_EXECUTE|[6]
14:48:13.161 (174570648)|HEAP_ALLOCATE|[6]|Bytes:177
14:48:13.161 (174586743)|HEAP_ALLOCATE|[6]|Bytes:4
14:48:13.161 (174965922)|SOQL_EXECUTE_BEGIN|[6]|Aggregations:0|SELECT Employee__r.Id, Employee__r.Name, Employee__r.birthdate, job_category__c, RecordType.Name, amount__c, location__c, office__c, submitted__c, status__c FROM Compensation__c
14:48:13.161 (189355380)|SOQL_EXECUTE_END|[6]|Rows:10
14:48:13.161 (189393248)|HEAP_ALLOCATE|[6]|Bytes:44
14:48:13.161 (189450306)|HEAP_ALLOCATE|[6]|Bytes:2241
14:48:13.161 (189499285)|HEAP_ALLOCATE|[6]|Bytes:44
14:48:13.161 (189532826)|VARIABLE_ASSIGNMENT|[6]|compensations|"List of size 10 too large to display"|0x22bb71b4
14:48:13.161 (189540233)|STATEMENT_EXECUTE|[17]
14:48:13.161 (189546430)|SYSTEM_MODE_EXIT|false
14:48:13.161 (189560001)|METHOD_EXIT|[23]|01pf4000009OyzM|CompensationController.getCompensations(String)
14:48:13.161 (189574655)|VARIABLE_SCOPE_BEGIN|[23]|all_comp_using_ctrl|List<Compensation__c>|true|false
14:48:13.161 (189586082)|VARIABLE_ASSIGNMENT|[23]|all_comp_using_ctrl|"List of size 10 too large to display"|0x22bb71b4
14:48:13.161 (189591727)|STATEMENT_EXECUTE|[24]
14:48:13.161 (189606911)|METHOD_ENTRY|[24]||System.Test.stopTest()
14:48:13.161 (190743878)|METHOD_EXIT|[24]||System.Test.stopTest()
14:48:13.161 (190752630)|STATEMENT_EXECUTE|[27]
14:48:13.161 (190786604)|VARIABLE_SCOPE_BEGIN|[27]|ctrl_count|Integer|false|false
14:48:13.161 (190797139)|HEAP_ALLOCATE|[27]|Bytes:4
14:48:13.161 (190807024)|VARIABLE_ASSIGNMENT|[27]|ctrl_count|10
14:48:13.161 (190812189)|STATEMENT_EXECUTE|[28]
14:48:13.190 (190850599)|CUMULATIVE_LIMIT_USAGE
14:48:13.190 (190850599)|LIMIT_USAGE_FOR_NS|(default)|
  Number of SOQL queries: 1 out of 100
  Number of query rows: 10 out of 50000
  Number of SOSL queries: 0 out of 20
  Number of DML statements: 2 out of 150
  Number of DML rows: 11 out of 10000
  Maximum CPU time: 0 out of 10000
  Maximum heap size: 0 out of 6000000
  Number of callouts: 0 out of 100
  Number of Email Invocations: 0 out of 10
  Number of future calls: 0 out of 50
  Number of queueable jobs added to the queue: 0 out of 50
  Number of Mobile Apex push calls: 0 out of 10

14:48:13.190 (190850599)|TESTING_LIMITS
14:48:13.190 (190850599)|LIMIT_USAGE_FOR_NS|(default)|
  Number of SOQL queries: 1 out of 100
  Number of query rows: 10 out of 50000
  Number of SOSL queries: 0 out of 20
  Number of DML statements: 0 out of 150
  Number of DML rows: 0 out of 10000
  Maximum CPU time: 0 out of 10000
  Maximum heap size: 0 out of 6000000
  Number of callouts: 0 out of 100
  Number of Email Invocations: 0 out of 10
  Number of future calls: 0 out of 50
  Number of queueable jobs added to the queue: 0 out of 50
  Number of Mobile Apex push calls: 0 out of 10

14:48:13.190 (190850599)|CUMULATIVE_LIMIT_USAGE_END

14:48:13.161 (190892765)|CODE_UNIT_FINISHED|testCompensationController.getCompensationsTest1
14:48:13.161 (191679463)|EXECUTION_FINISHED
14:48:13.209 (209343155)|USER_INFO|[EXTERNAL]|005f4000001iPIc|lrodriguez-onboarding@altimetrik.com|Argentine Time|GMT-03:00
14:48:13.209 (209368608)|EXECUTION_STARTED
14:48:13.209 (209372410)|CODE_UNIT_STARTED|[EXTERNAL]|01pf400000ARf7J|testCompensationController.getCompensationsTest2
14:48:13.209 (209497369)|HEAP_ALLOCATE|[72]|Bytes:3
14:48:13.209 (209523351)|HEAP_ALLOCATE|[77]|Bytes:152
14:48:13.209 (209537815)|HEAP_ALLOCATE|[342]|Bytes:408
14:48:13.209 (209551663)|HEAP_ALLOCATE|[355]|Bytes:408
14:48:13.209 (209569401)|HEAP_ALLOCATE|[467]|Bytes:48
14:48:13.209 (209595000)|HEAP_ALLOCATE|[139]|Bytes:6
14:48:13.209 (209610344)|HEAP_ALLOCATE|[EXTERNAL]|Bytes:138
14:48:13.209 (209620107)|METHOD_ENTRY|[2]|01pf400000ARf7J|testCompensationController.testCompensationController()
14:48:13.209 (209625935)|STATEMENT_EXECUTE|[2]
14:48:13.209 (209629682)|STATEMENT_EXECUTE|[2]
14:48:13.209 (209634147)|METHOD_EXIT|[2]|testCompensationController
14:48:13.209 (209720688)|HEAP_ALLOCATE|[50]|Bytes:5
14:48:13.209 (209741646)|HEAP_ALLOCATE|[56]|Bytes:5
14:48:13.209 (209749368)|HEAP_ALLOCATE|[64]|Bytes:7
14:48:13.209 (209783221)|STATEMENT_EXECUTE|[31]
14:48:13.209 (209785365)|STATEMENT_EXECUTE|[33]
14:48:13.209 (209788382)|HEAP_ALLOCATE|[33]|Bytes:85
14:48:13.209 (209802054)|HEAP_ALLOCATE|[33]|Bytes:4
14:48:13.209 (210029075)|SOQL_EXECUTE_BEGIN|[33]|Aggregations:0|SELECT Id, Name, RecordType.Name FROM Compensation__c WHERE RecordType.Name = 'study'
14:48:13.209 (225126204)|SOQL_EXECUTE_END|[33]|Rows:10
14:48:13.209 (225163395)|HEAP_ALLOCATE|[33]|Bytes:44
14:48:13.209 (225201881)|HEAP_ALLOCATE|[33]|Bytes:941
14:48:13.209 (225271577)|HEAP_ALLOCATE|[33]|Bytes:44
14:48:13.209 (225292687)|VARIABLE_SCOPE_BEGIN|[33]|all_comp|List<Compensation__c>|true|false
14:48:13.209 (225326556)|VARIABLE_ASSIGNMENT|[33]|all_comp|"List of size 10 too large to display"|0x2ee1c546
14:48:13.209 (225334374)|STATEMENT_EXECUTE|[36]
14:48:13.209 (225384954)|VARIABLE_SCOPE_BEGIN|[36]|soql_count|Integer|false|false
14:48:13.209 (225394983)|HEAP_ALLOCATE|[36]|Bytes:4
14:48:13.209 (225404983)|VARIABLE_ASSIGNMENT|[36]|soql_count|10
14:48:13.209 (225409392)|STATEMENT_EXECUTE|[39]
14:48:13.209 (225429132)|HEAP_ALLOCATE|[39]|Bytes:63
14:48:13.209 (225442370)|SYSTEM_METHOD_ENTRY|[1]|Test.Test()
14:48:13.209 (225446870)|STATEMENT_EXECUTE|[1]
14:48:13.209 (225456802)|SYSTEM_METHOD_EXIT|[1]|Test
14:48:13.209 (225467207)|METHOD_ENTRY|[39]||System.Test.startTest()
14:48:13.209 (226979940)|METHOD_EXIT|[39]||System.Test.startTest()
14:48:13.209 (226989571)|STATEMENT_EXECUTE|[40]
14:48:13.209 (226995627)|HEAP_ALLOCATE|[40]|Bytes:5
14:48:13.209 (227011400)|HEAP_ALLOCATE|[40]|Bytes:4
14:48:13.209 (227018641)|METHOD_ENTRY|[1]|01pf4000009OyzM|CompensationController.CompensationController()
14:48:13.209 (227023077)|STATEMENT_EXECUTE|[1]
14:48:13.209 (227026088)|STATEMENT_EXECUTE|[1]
14:48:13.209 (227379814)|SYSTEM_MODE_ENTER|false
14:48:13.209 (227397073)|HEAP_ALLOCATE|[40]|Bytes:5
14:48:13.209 (227405753)|SYSTEM_MODE_EXIT|false
14:48:13.209 (227415157)|METHOD_EXIT|[1]|CompensationController
14:48:13.209 (227425571)|METHOD_ENTRY|[40]|01pf4000009OyzM|CompensationController.getCompensations(String)
14:48:13.209 (227445924)|VARIABLE_SCOPE_BEGIN|[3]|filter|String|false|false
14:48:13.209 (227459224)|VARIABLE_ASSIGNMENT|[3]|filter|"study"
14:48:13.209 (227481162)|SYSTEM_MODE_ENTER|false
14:48:13.209 (227487205)|HEAP_ALLOCATE|[4]|Bytes:5
14:48:13.209 (227492289)|STATEMENT_EXECUTE|[3]
14:48:13.209 (227494199)|STATEMENT_EXECUTE|[4]
14:48:13.209 (227512945)|HEAP_ALLOCATE|[4]|Bytes:4
14:48:13.209 (227534951)|VARIABLE_SCOPE_BEGIN|[4]|compensations|List<Compensation__c>|true|false
14:48:13.209 (227544443)|HEAP_ALLOCATE|[EXTERNAL]|Bytes:4
14:48:13.209 (227554610)|VARIABLE_ASSIGNMENT|[4]|compensations|[]|0x1b6702e8
14:48:13.209 (227567380)|HEAP_ALLOCATE|[5]|Bytes:3
14:48:13.209 (227597627)|STATEMENT_EXECUTE|[10]
14:48:13.209 (227599748)|STATEMENT_EXECUTE|[11]
14:48:13.209 (227603241)|HEAP_ALLOCATE|[11]|Bytes:210
14:48:13.209 (227619544)|HEAP_ALLOCATE|[11]|Bytes:4
14:48:13.209 (227627061)|HEAP_ALLOCATE|[11]|Bytes:7
14:48:13.209 (228011217)|SOQL_EXECUTE_BEGIN|[11]|Aggregations:0|SELECT Employee__r.Id, Employee__r.Name, Employee__r.birthdate, job_category__c, RecordType.Name, amount__c, location__c, office__c, submitted__c, status__c FROM Compensation__c WHERE RecordType.Name = :tmpVar1
14:48:13.209 (241572064)|SOQL_EXECUTE_END|[11]|Rows:10
14:48:13.209 (241595559)|HEAP_ALLOCATE|[11]|Bytes:44
14:48:13.209 (241640369)|HEAP_ALLOCATE|[11]|Bytes:2241
14:48:13.209 (241670547)|HEAP_ALLOCATE|[11]|Bytes:44
14:48:13.209 (241693700)|VARIABLE_ASSIGNMENT|[11]|compensations|"List of size 10 too large to display"|0x335e37c5
14:48:13.209 (241700941)|STATEMENT_EXECUTE|[17]
14:48:13.209 (241705690)|SYSTEM_MODE_EXIT|false
14:48:13.209 (241717022)|METHOD_EXIT|[40]|01pf4000009OyzM|CompensationController.getCompensations(String)
14:48:13.209 (241724696)|VARIABLE_SCOPE_BEGIN|[40]|all_comp_using_ctrl|List<Compensation__c>|true|false
14:48:13.209 (241735169)|VARIABLE_ASSIGNMENT|[40]|all_comp_using_ctrl|"List of size 10 too large to display"|0x335e37c5
14:48:13.209 (241740917)|STATEMENT_EXECUTE|[41]
14:48:13.209 (241752383)|METHOD_ENTRY|[41]||System.Test.stopTest()
14:48:13.209 (242848267)|METHOD_EXIT|[41]||System.Test.stopTest()
14:48:13.209 (242856979)|STATEMENT_EXECUTE|[44]
14:48:13.209 (242885424)|VARIABLE_SCOPE_BEGIN|[44]|ctrl_count|Integer|false|false
14:48:13.209 (242895467)|HEAP_ALLOCATE|[44]|Bytes:4
14:48:13.209 (242905066)|VARIABLE_ASSIGNMENT|[44]|ctrl_count|10
14:48:13.209 (242910180)|STATEMENT_EXECUTE|[45]
14:48:13.242 (242951175)|CUMULATIVE_LIMIT_USAGE
14:48:13.242 (242951175)|LIMIT_USAGE_FOR_NS|(default)|
  Number of SOQL queries: 1 out of 100
  Number of query rows: 10 out of 50000
  Number of SOSL queries: 0 out of 20
  Number of DML statements: 2 out of 150
  Number of DML rows: 11 out of 10000
  Maximum CPU time: 0 out of 10000
  Maximum heap size: 0 out of 6000000
  Number of callouts: 0 out of 100
  Number of Email Invocations: 0 out of 10
  Number of future calls: 0 out of 50
  Number of queueable jobs added to the queue: 0 out of 50
  Number of Mobile Apex push calls: 0 out of 10

14:48:13.242 (242951175)|TESTING_LIMITS
14:48:13.242 (242951175)|LIMIT_USAGE_FOR_NS|(default)|
  Number of SOQL queries: 1 out of 100
  Number of query rows: 10 out of 50000
  Number of SOSL queries: 0 out of 20
  Number of DML statements: 0 out of 150
  Number of DML rows: 0 out of 10000
  Maximum CPU time: 0 out of 10000
  Maximum heap size: 0 out of 6000000
  Number of callouts: 0 out of 100
  Number of Email Invocations: 0 out of 10
  Number of future calls: 0 out of 50
  Number of queueable jobs added to the queue: 0 out of 50
  Number of Mobile Apex push calls: 0 out of 10

14:48:13.242 (242951175)|CUMULATIVE_LIMIT_USAGE_END

14:48:13.209 (242991742)|CODE_UNIT_FINISHED|testCompensationController.getCompensationsTest2
14:48:13.209 (243744114)|EXECUTION_FINISHED
14:48:13.255 (255875608)|USER_INFO|[EXTERNAL]|005f4000001iPIc|lrodriguez-onboarding@altimetrik.com|Argentine Time|GMT-03:00
14:48:13.255 (255894365)|EXECUTION_STARTED
14:48:13.255 (255898013)|CODE_UNIT_STARTED|[EXTERNAL]|01pf400000ARf7J|testCompensationController.getCompensationsTest3
14:48:13.255 (256021724)|HEAP_ALLOCATE|[72]|Bytes:3
14:48:13.255 (256052448)|HEAP_ALLOCATE|[77]|Bytes:152
14:48:13.255 (256068329)|HEAP_ALLOCATE|[342]|Bytes:408
14:48:13.255 (256081642)|HEAP_ALLOCATE|[355]|Bytes:408
14:48:13.255 (256094270)|HEAP_ALLOCATE|[467]|Bytes:48
14:48:13.255 (256119219)|HEAP_ALLOCATE|[139]|Bytes:6
14:48:13.255 (256134185)|HEAP_ALLOCATE|[EXTERNAL]|Bytes:138
14:48:13.255 (256143200)|METHOD_ENTRY|[2]|01pf400000ARf7J|testCompensationController.testCompensationController()
14:48:13.255 (256148563)|STATEMENT_EXECUTE|[2]
14:48:13.255 (256152618)|STATEMENT_EXECUTE|[2]
14:48:13.255 (256156168)|METHOD_EXIT|[2]|testCompensationController
14:48:13.255 (256241722)|HEAP_ALLOCATE|[50]|Bytes:5
14:48:13.255 (256261595)|HEAP_ALLOCATE|[56]|Bytes:5
14:48:13.255 (256268938)|HEAP_ALLOCATE|[64]|Bytes:7
14:48:13.255 (256297402)|STATEMENT_EXECUTE|[48]
14:48:13.255 (256299936)|STATEMENT_EXECUTE|[50]
14:48:13.255 (256302812)|HEAP_ALLOCATE|[50]|Bytes:86
14:48:13.255 (256320243)|HEAP_ALLOCATE|[50]|Bytes:4
14:48:13.255 (256546170)|SOQL_EXECUTE_BEGIN|[50]|Aggregations:0|SELECT Id, Name, RecordType.Name FROM Compensation__c WHERE RecordType.Name = 'salary'
14:48:13.255 (266334615)|SOQL_EXECUTE_END|[50]|Rows:0
14:48:13.255 (266380511)|HEAP_ALLOCATE|[50]|Bytes:4
14:48:13.255 (266405430)|HEAP_ALLOCATE|[50]|Bytes:0
14:48:13.255 (266486932)|HEAP_ALLOCATE|[50]|Bytes:4
14:48:13.255 (266507506)|VARIABLE_SCOPE_BEGIN|[50]|all_comp|List<Compensation__c>|true|false
14:48:13.255 (266541130)|VARIABLE_ASSIGNMENT|[50]|all_comp|[]|0x2e28b088
14:48:13.255 (266549009)|STATEMENT_EXECUTE|[53]
14:48:13.255 (266595689)|VARIABLE_SCOPE_BEGIN|[53]|soql_count|Integer|false|false
14:48:13.255 (266606239)|HEAP_ALLOCATE|[53]|Bytes:4
14:48:13.255 (266617315)|VARIABLE_ASSIGNMENT|[53]|soql_count|0
14:48:13.255 (266622320)|STATEMENT_EXECUTE|[56]
14:48:13.255 (266639915)|HEAP_ALLOCATE|[56]|Bytes:63
14:48:13.255 (266653301)|SYSTEM_METHOD_ENTRY|[1]|Test.Test()
14:48:13.255 (266657800)|STATEMENT_EXECUTE|[1]
14:48:13.255 (266668421)|SYSTEM_METHOD_EXIT|[1]|Test
14:48:13.255 (266678375)|METHOD_ENTRY|[56]||System.Test.startTest()
14:48:13.255 (267962700)|METHOD_EXIT|[56]||System.Test.startTest()
14:48:13.255 (267980755)|STATEMENT_EXECUTE|[57]
14:48:13.255 (267989606)|HEAP_ALLOCATE|[57]|Bytes:6
14:48:13.255 (268016391)|HEAP_ALLOCATE|[57]|Bytes:4
14:48:13.255 (268031084)|METHOD_ENTRY|[1]|01pf4000009OyzM|CompensationController.CompensationController()
14:48:13.255 (268037944)|STATEMENT_EXECUTE|[1]
14:48:13.255 (268042213)|STATEMENT_EXECUTE|[1]
14:48:13.255 (268392601)|SYSTEM_MODE_ENTER|false
14:48:13.255 (268411663)|HEAP_ALLOCATE|[57]|Bytes:5
14:48:13.255 (268422333)|SYSTEM_MODE_EXIT|false
14:48:13.255 (268432300)|METHOD_EXIT|[1]|CompensationController
14:48:13.255 (268443563)|METHOD_ENTRY|[57]|01pf4000009OyzM|CompensationController.getCompensations(String)
14:48:13.255 (268465644)|VARIABLE_SCOPE_BEGIN|[3]|filter|String|false|false
14:48:13.255 (268482333)|VARIABLE_ASSIGNMENT|[3]|filter|"salary"
14:48:13.255 (268506287)|SYSTEM_MODE_ENTER|false
14:48:13.255 (268512153)|HEAP_ALLOCATE|[4]|Bytes:5
14:48:13.255 (268517170)|STATEMENT_EXECUTE|[3]
14:48:13.255 (268519573)|STATEMENT_EXECUTE|[4]
14:48:13.255 (268545284)|HEAP_ALLOCATE|[4]|Bytes:4
14:48:13.255 (268574776)|VARIABLE_SCOPE_BEGIN|[4]|compensations|List<Compensation__c>|true|false
14:48:13.255 (268586201)|HEAP_ALLOCATE|[EXTERNAL]|Bytes:4
14:48:13.255 (268597070)|VARIABLE_ASSIGNMENT|[4]|compensations|[]|0x4d3da289
14:48:13.255 (268605413)|HEAP_ALLOCATE|[5]|Bytes:3
14:48:13.255 (268627107)|HEAP_ALLOCATE|[10]|Bytes:5
14:48:13.255 (268641249)|STATEMENT_EXECUTE|[10]
14:48:13.255 (268643228)|STATEMENT_EXECUTE|[11]
14:48:13.255 (268645425)|HEAP_ALLOCATE|[11]|Bytes:210
14:48:13.255 (268659322)|HEAP_ALLOCATE|[11]|Bytes:4
14:48:13.255 (268666159)|HEAP_ALLOCATE|[11]|Bytes:7
14:48:13.255 (269203860)|SOQL_EXECUTE_BEGIN|[11]|Aggregations:0|SELECT Employee__r.Id, Employee__r.Name, Employee__r.birthdate, job_category__c, RecordType.Name, amount__c, location__c, office__c, submitted__c, status__c FROM Compensation__c WHERE RecordType.Name = :tmpVar1
14:48:13.255 (272654267)|SOQL_EXECUTE_END|[11]|Rows:0
14:48:13.255 (272679387)|HEAP_ALLOCATE|[11]|Bytes:4
14:48:13.255 (272694336)|HEAP_ALLOCATE|[11]|Bytes:0
14:48:13.255 (272733739)|HEAP_ALLOCATE|[11]|Bytes:4
14:48:13.255 (272752746)|VARIABLE_ASSIGNMENT|[11]|compensations|[]|0x399c696e
14:48:13.255 (272760524)|STATEMENT_EXECUTE|[17]
14:48:13.255 (272764747)|SYSTEM_MODE_EXIT|false
14:48:13.255 (272774959)|METHOD_EXIT|[57]|01pf4000009OyzM|CompensationController.getCompensations(String)
14:48:13.255 (272782939)|VARIABLE_SCOPE_BEGIN|[57]|all_comp_using_ctrl|List<Compensation__c>|true|false
14:48:13.255 (272792306)|VARIABLE_ASSIGNMENT|[57]|all_comp_using_ctrl|[]|0x399c696e
14:48:13.255 (272797544)|STATEMENT_EXECUTE|[58]
14:48:13.255 (272808577)|METHOD_ENTRY|[58]||System.Test.stopTest()
14:48:13.255 (274254273)|METHOD_EXIT|[58]||System.Test.stopTest()
14:48:13.255 (274264784)|STATEMENT_EXECUTE|[61]
14:48:13.255 (274301468)|VARIABLE_SCOPE_BEGIN|[61]|ctrl_count|Integer|false|false
14:48:13.255 (274311907)|HEAP_ALLOCATE|[61]|Bytes:4
14:48:13.255 (274322025)|VARIABLE_ASSIGNMENT|[61]|ctrl_count|0
14:48:13.255 (274327004)|STATEMENT_EXECUTE|[62]
14:48:13.274 (274369604)|CUMULATIVE_LIMIT_USAGE
14:48:13.274 (274369604)|LIMIT_USAGE_FOR_NS|(default)|
  Number of SOQL queries: 1 out of 100
  Number of query rows: 0 out of 50000
  Number of SOSL queries: 0 out of 20
  Number of DML statements: 2 out of 150
  Number of DML rows: 11 out of 10000
  Maximum CPU time: 0 out of 10000
  Maximum heap size: 0 out of 6000000
  Number of callouts: 0 out of 100
  Number of Email Invocations: 0 out of 10
  Number of future calls: 0 out of 50
  Number of queueable jobs added to the queue: 0 out of 50
  Number of Mobile Apex push calls: 0 out of 10

14:48:13.274 (274369604)|TESTING_LIMITS
14:48:13.274 (274369604)|LIMIT_USAGE_FOR_NS|(default)|
  Number of SOQL queries: 1 out of 100
  Number of query rows: 0 out of 50000
  Number of SOSL queries: 0 out of 20
  Number of DML statements: 0 out of 150
  Number of DML rows: 0 out of 10000
  Maximum CPU time: 0 out of 10000
  Maximum heap size: 0 out of 6000000
  Number of callouts: 0 out of 100
  Number of Email Invocations: 0 out of 10
  Number of future calls: 0 out of 50
  Number of queueable jobs added to the queue: 0 out of 50
  Number of Mobile Apex push calls: 0 out of 10

14:48:13.274 (274369604)|CUMULATIVE_LIMIT_USAGE_END

14:48:13.255 (274414543)|CODE_UNIT_FINISHED|testCompensationController.getCompensationsTest3
14:48:13.255 (275367554)|EXECUTION_FINISHED
14:48:13.286 (286771288)|USER_INFO|[EXTERNAL]|005f4000001iPIc|lrodriguez-onboarding@altimetrik.com|Argentine Time|GMT-03:00
14:48:13.286 (286791780)|EXECUTION_STARTED
14:48:13.286 (286796926)|CODE_UNIT_STARTED|[EXTERNAL]|01pf400000ARf7J|testCompensationController.getCompensationsTest4
14:48:13.286 (286944664)|HEAP_ALLOCATE|[72]|Bytes:3
14:48:13.286 (286985055)|HEAP_ALLOCATE|[77]|Bytes:152
14:48:13.286 (287002338)|HEAP_ALLOCATE|[342]|Bytes:408
14:48:13.286 (287016816)|HEAP_ALLOCATE|[355]|Bytes:408
14:48:13.286 (287029437)|HEAP_ALLOCATE|[467]|Bytes:48
14:48:13.286 (287056862)|HEAP_ALLOCATE|[139]|Bytes:6
14:48:13.286 (287072233)|HEAP_ALLOCATE|[EXTERNAL]|Bytes:138
14:48:13.286 (287081817)|METHOD_ENTRY|[2]|01pf400000ARf7J|testCompensationController.testCompensationController()
14:48:13.286 (287088044)|STATEMENT_EXECUTE|[2]
14:48:13.286 (287092496)|STATEMENT_EXECUTE|[2]
14:48:13.286 (287096447)|METHOD_EXIT|[2]|testCompensationController
14:48:13.286 (287190566)|HEAP_ALLOCATE|[50]|Bytes:5
14:48:13.286 (287214451)|HEAP_ALLOCATE|[56]|Bytes:5
14:48:13.286 (287221857)|HEAP_ALLOCATE|[64]|Bytes:7
14:48:13.286 (287261459)|STATEMENT_EXECUTE|[65]
14:48:13.286 (287263623)|STATEMENT_EXECUTE|[67]
14:48:13.286 (287267017)|HEAP_ALLOCATE|[67]|Bytes:88
14:48:13.286 (287287678)|HEAP_ALLOCATE|[67]|Bytes:4
14:48:13.286 (287568878)|SOQL_EXECUTE_BEGIN|[67]|Aggregations:0|SELECT Id, Name, RecordType.Name FROM Compensation__c WHERE RecordType.Name = 'research'
14:48:13.286 (298811198)|SOQL_EXECUTE_END|[67]|Rows:0
14:48:13.286 (298849954)|HEAP_ALLOCATE|[67]|Bytes:4
14:48:13.286 (298870433)|HEAP_ALLOCATE|[67]|Bytes:0
14:48:13.286 (298951133)|HEAP_ALLOCATE|[67]|Bytes:4
14:48:13.286 (298974227)|VARIABLE_SCOPE_BEGIN|[67]|all_comp|List<Compensation__c>|true|false
14:48:13.286 (299007339)|VARIABLE_ASSIGNMENT|[67]|all_comp|[]|0x74b725b3
14:48:13.286 (299015667)|STATEMENT_EXECUTE|[70]
14:48:13.286 (299070484)|VARIABLE_SCOPE_BEGIN|[70]|soql_count|Integer|false|false
14:48:13.286 (299080064)|HEAP_ALLOCATE|[70]|Bytes:4
14:48:13.286 (299089859)|VARIABLE_ASSIGNMENT|[70]|soql_count|0
14:48:13.286 (299094613)|STATEMENT_EXECUTE|[73]
14:48:13.286 (299116866)|HEAP_ALLOCATE|[73]|Bytes:63
14:48:13.286 (299130715)|SYSTEM_METHOD_ENTRY|[1]|Test.Test()
14:48:13.286 (299135018)|STATEMENT_EXECUTE|[1]
14:48:13.286 (299146654)|SYSTEM_METHOD_EXIT|[1]|Test
14:48:13.286 (299156410)|METHOD_ENTRY|[73]||System.Test.startTest()
14:48:13.286 (300346171)|METHOD_EXIT|[73]||System.Test.startTest()
14:48:13.286 (300355859)|STATEMENT_EXECUTE|[74]
14:48:13.286 (300362194)|HEAP_ALLOCATE|[74]|Bytes:8
14:48:13.286 (300376930)|HEAP_ALLOCATE|[74]|Bytes:4
14:48:13.286 (300383766)|METHOD_ENTRY|[1]|01pf4000009OyzM|CompensationController.CompensationController()
14:48:13.286 (300388545)|STATEMENT_EXECUTE|[1]
14:48:13.286 (300391307)|STATEMENT_EXECUTE|[1]
14:48:13.286 (300756489)|SYSTEM_MODE_ENTER|false
14:48:13.286 (300774625)|HEAP_ALLOCATE|[74]|Bytes:5
14:48:13.286 (300784311)|SYSTEM_MODE_EXIT|false
14:48:13.286 (300793550)|METHOD_EXIT|[1]|CompensationController
14:48:13.286 (300803105)|METHOD_ENTRY|[74]|01pf4000009OyzM|CompensationController.getCompensations(String)
14:48:13.286 (300821761)|VARIABLE_SCOPE_BEGIN|[3]|filter|String|false|false
14:48:13.286 (300835255)|VARIABLE_ASSIGNMENT|[3]|filter|"research"
14:48:13.286 (300856642)|SYSTEM_MODE_ENTER|false
14:48:13.286 (300862169)|HEAP_ALLOCATE|[4]|Bytes:5
14:48:13.286 (300867062)|STATEMENT_EXECUTE|[3]
14:48:13.286 (300868935)|STATEMENT_EXECUTE|[4]
14:48:13.286 (300889637)|HEAP_ALLOCATE|[4]|Bytes:4
14:48:13.286 (300911699)|VARIABLE_SCOPE_BEGIN|[4]|compensations|List<Compensation__c>|true|false
14:48:13.286 (300921892)|HEAP_ALLOCATE|[EXTERNAL]|Bytes:4
14:48:13.286 (300931063)|VARIABLE_ASSIGNMENT|[4]|compensations|[]|0xb432bf5
14:48:13.286 (300938971)|HEAP_ALLOCATE|[5]|Bytes:3
14:48:13.286 (300963462)|HEAP_ALLOCATE|[10]|Bytes:5
14:48:13.286 (300970763)|HEAP_ALLOCATE|[10]|Bytes:6
14:48:13.286 (300983795)|STATEMENT_EXECUTE|[10]
14:48:13.286 (300985795)|STATEMENT_EXECUTE|[11]
14:48:13.286 (300988192)|HEAP_ALLOCATE|[11]|Bytes:210
14:48:13.286 (301003283)|HEAP_ALLOCATE|[11]|Bytes:4
14:48:13.286 (301011092)|HEAP_ALLOCATE|[11]|Bytes:7
14:48:13.286 (301423820)|SOQL_EXECUTE_BEGIN|[11]|Aggregations:0|SELECT Employee__r.Id, Employee__r.Name, Employee__r.birthdate, job_category__c, RecordType.Name, amount__c, location__c, office__c, submitted__c, status__c FROM Compensation__c WHERE RecordType.Name = :tmpVar1
14:48:13.286 (304485726)|SOQL_EXECUTE_END|[11]|Rows:0
14:48:13.286 (304513460)|HEAP_ALLOCATE|[11]|Bytes:4
14:48:13.286 (304529030)|HEAP_ALLOCATE|[11]|Bytes:0
14:48:13.286 (304578512)|HEAP_ALLOCATE|[11]|Bytes:4
14:48:13.286 (304604739)|VARIABLE_ASSIGNMENT|[11]|compensations|[]|0x37dc4f4f
14:48:13.286 (304612220)|STATEMENT_EXECUTE|[17]
14:48:13.286 (304618386)|SYSTEM_MODE_EXIT|false
14:48:13.286 (304630708)|METHOD_EXIT|[74]|01pf4000009OyzM|CompensationController.getCompensations(String)
14:48:13.286 (304638228)|VARIABLE_SCOPE_BEGIN|[74]|all_comp_using_ctrl|List<Compensation__c>|true|false
14:48:13.286 (304647793)|VARIABLE_ASSIGNMENT|[74]|all_comp_using_ctrl|[]|0x37dc4f4f
14:48:13.286 (304653032)|STATEMENT_EXECUTE|[75]
14:48:13.286 (304666104)|METHOD_ENTRY|[75]||System.Test.stopTest()
14:48:13.286 (305771470)|METHOD_EXIT|[75]||System.Test.stopTest()
14:48:13.286 (305780625)|STATEMENT_EXECUTE|[78]
14:48:13.286 (305813491)|VARIABLE_SCOPE_BEGIN|[78]|ctrl_count|Integer|false|false
14:48:13.286 (305823031)|HEAP_ALLOCATE|[78]|Bytes:4
14:48:13.286 (305832826)|VARIABLE_ASSIGNMENT|[78]|ctrl_count|0
14:48:13.286 (305837797)|STATEMENT_EXECUTE|[79]
14:48:13.305 (305881251)|CUMULATIVE_LIMIT_USAGE
14:48:13.305 (305881251)|LIMIT_USAGE_FOR_NS|(default)|
  Number of SOQL queries: 1 out of 100
  Number of query rows: 0 out of 50000
  Number of SOSL queries: 0 out of 20
  Number of DML statements: 2 out of 150
  Number of DML rows: 11 out of 10000
  Maximum CPU time: 0 out of 10000
  Maximum heap size: 0 out of 6000000
  Number of callouts: 0 out of 100
  Number of Email Invocations: 0 out of 10
  Number of future calls: 0 out of 50
  Number of queueable jobs added to the queue: 0 out of 50
  Number of Mobile Apex push calls: 0 out of 10

14:48:13.305 (305881251)|TESTING_LIMITS
14:48:13.305 (305881251)|LIMIT_USAGE_FOR_NS|(default)|
  Number of SOQL queries: 1 out of 100
  Number of query rows: 0 out of 50000
  Number of SOSL queries: 0 out of 20
  Number of DML statements: 0 out of 150
  Number of DML rows: 0 out of 10000
  Maximum CPU time: 0 out of 10000
  Maximum heap size: 0 out of 6000000
  Number of callouts: 0 out of 100
  Number of Email Invocations: 0 out of 10
  Number of future calls: 0 out of 50
  Number of queueable jobs added to the queue: 0 out of 50
  Number of Mobile Apex push calls: 0 out of 10

14:48:13.305 (305881251)|CUMULATIVE_LIMIT_USAGE_END

14:48:13.286 (305918422)|CODE_UNIT_FINISHED|testCompensationController.getCompensationsTest4
14:48:13.286 (306706563)|EXECUTION_FINISHED
14:48:13.318 (318404832)|USER_INFO|[EXTERNAL]|005f4000001iPIc|lrodriguez-onboarding@altimetrik.com|Argentine Time|GMT-03:00
14:48:13.318 (318430190)|EXECUTION_STARTED
14:48:13.318 (318435007)|CODE_UNIT_STARTED|[EXTERNAL]|01pf400000ARf7J|testCompensationController.getCompensationsTest5
14:48:13.318 (318597556)|HEAP_ALLOCATE|[72]|Bytes:3
14:48:13.318 (318637881)|HEAP_ALLOCATE|[77]|Bytes:152
14:48:13.318 (318653691)|HEAP_ALLOCATE|[342]|Bytes:408
14:48:13.318 (318667312)|HEAP_ALLOCATE|[355]|Bytes:408
14:48:13.318 (318679659)|HEAP_ALLOCATE|[467]|Bytes:48
14:48:13.318 (318707764)|HEAP_ALLOCATE|[139]|Bytes:6
14:48:13.318 (318724091)|HEAP_ALLOCATE|[EXTERNAL]|Bytes:138
14:48:13.318 (318734463)|METHOD_ENTRY|[2]|01pf400000ARf7J|testCompensationController.testCompensationController()
14:48:13.318 (318740839)|STATEMENT_EXECUTE|[2]
14:48:13.318 (318745208)|STATEMENT_EXECUTE|[2]
14:48:13.318 (318749952)|METHOD_EXIT|[2]|testCompensationController
14:48:13.318 (318893979)|HEAP_ALLOCATE|[50]|Bytes:5
14:48:13.318 (318919032)|HEAP_ALLOCATE|[56]|Bytes:5
14:48:13.318 (318926855)|HEAP_ALLOCATE|[64]|Bytes:7
14:48:13.318 (318966965)|STATEMENT_EXECUTE|[82]
14:48:13.318 (318969307)|STATEMENT_EXECUTE|[84]
14:48:13.318 (318972357)|HEAP_ALLOCATE|[84]|Bytes:60
14:48:13.318 (318993907)|HEAP_ALLOCATE|[84]|Bytes:4
14:48:13.318 (320152901)|SOQL_EXECUTE_BEGIN|[84]|Aggregations:0|SELECT Id, Name, Employee__r.Id FROM Compensation__c LIMIT 1
14:48:13.318 (335455695)|SOQL_EXECUTE_END|[84]|Rows:1
14:48:13.318 (335493864)|HEAP_ALLOCATE|[84]|Bytes:8
14:48:13.318 (335518006)|HEAP_ALLOCATE|[84]|Bytes:118
14:48:13.318 (335603039)|HEAP_ALLOCATE|[84]|Bytes:8
14:48:13.318 (335627232)|VARIABLE_SCOPE_BEGIN|[84]|comps|List<Compensation__c>|true|false
14:48:13.318 (335673157)|VARIABLE_ASSIGNMENT|[84]|comps|[{"Id":"a00f4000007wxYxAAI","Name":"test0","Employee__c":"003f400000KXyvPAAT","Employee__r":{"Id":"003f400000KXyvPAAT"}}]|0x73bef46e
14:48:13.318 (335681970)|STATEMENT_EXECUTE|[88]
14:48:13.318 (335706414)|HEAP_ALLOCATE|[88]|Bytes:20
14:48:13.318 (335792577)|HEAP_ALLOCATE|[88]|Bytes:18
14:48:13.318 (335801351)|VARIABLE_SCOPE_BEGIN|[88]|ctc|String|false|false
14:48:13.318 (335812044)|VARIABLE_ASSIGNMENT|[88]|ctc|"003f400000KXyvPAAT"
14:48:13.318 (335817245)|STATEMENT_EXECUTE|[89]
14:48:13.318 (335823132)|HEAP_ALLOCATE|[89]|Bytes:20
14:48:13.318 (335841864)|HEAP_ALLOCATE|[89]|Bytes:18
14:48:13.318 (335846898)|VARIABLE_SCOPE_BEGIN|[89]|compId|String|false|false
14:48:13.318 (335856382)|VARIABLE_ASSIGNMENT|[89]|compId|"a00f4000007wxYxAAI"
14:48:13.318 (335860425)|STATEMENT_EXECUTE|[92]
14:48:13.318 (335877326)|HEAP_ALLOCATE|[92]|Bytes:63
14:48:13.318 (335893338)|SYSTEM_METHOD_ENTRY|[1]|Test.Test()
14:48:13.318 (335897652)|STATEMENT_EXECUTE|[1]
14:48:13.318 (335909553)|SYSTEM_METHOD_EXIT|[1]|Test
14:48:13.318 (335922644)|METHOD_ENTRY|[92]||System.Test.startTest()
14:48:13.318 (337184534)|METHOD_EXIT|[92]||System.Test.startTest()
14:48:13.318 (337194765)|STATEMENT_EXECUTE|[93]
14:48:13.318 (337207413)|HEAP_ALLOCATE|[93]|Bytes:4
14:48:13.318 (337215905)|METHOD_ENTRY|[1]|01pf4000009OyzM|CompensationController.CompensationController()
14:48:13.318 (337221156)|STATEMENT_EXECUTE|[1]
14:48:13.318 (337223945)|STATEMENT_EXECUTE|[1]
14:48:13.318 (337591678)|SYSTEM_MODE_ENTER|false
14:48:13.318 (337611902)|HEAP_ALLOCATE|[93]|Bytes:5
14:48:13.318 (337621074)|SYSTEM_MODE_EXIT|false
14:48:13.318 (337630536)|METHOD_EXIT|[1]|CompensationController
14:48:13.318 (337646511)|METHOD_ENTRY|[93]|01pf4000009OyzM|CompensationController.getCompensationsOfUser(String)
14:48:13.318 (337669004)|VARIABLE_SCOPE_BEGIN|[21]|recordId|String|false|false
14:48:13.318 (337681189)|VARIABLE_ASSIGNMENT|[21]|recordId|"003f400000KXyvPAAT"
14:48:13.318 (337704700)|SYSTEM_MODE_ENTER|false
14:48:13.318 (337710503)|HEAP_ALLOCATE|[22]|Bytes:5
14:48:13.318 (337715390)|STATEMENT_EXECUTE|[21]
14:48:13.318 (337717117)|STATEMENT_EXECUTE|[22]
14:48:13.318 (337736758)|HEAP_ALLOCATE|[22]|Bytes:4
14:48:13.318 (337769244)|VARIABLE_SCOPE_BEGIN|[22]|compensations|List<Compensation__c>|true|false
14:48:13.318 (337778569)|HEAP_ALLOCATE|[EXTERNAL]|Bytes:4
14:48:13.318 (337787199)|VARIABLE_ASSIGNMENT|[22]|compensations|[]|0x3f76b046
14:48:13.318 (337796382)|STATEMENT_EXECUTE|[23]
14:48:13.318 (337801131)|HEAP_ALLOCATE|[23]|Bytes:48
14:48:13.318 (337817573)|HEAP_ALLOCATE|[23]|Bytes:4
14:48:13.318 (337824600)|HEAP_ALLOCATE|[23]|Bytes:7
14:48:13.318 (338030841)|SOQL_EXECUTE_BEGIN|[23]|Aggregations:0|SELECT Id, Name FROM Contact WHERE Id = :tmpVar1
14:48:13.318 (342137292)|SOQL_EXECUTE_END|[23]|Rows:1
14:48:13.318 (342158316)|HEAP_ALLOCATE|[23]|Bytes:8
14:48:13.318 (342172195)|HEAP_ALLOCATE|[23]|Bytes:41
14:48:13.318 (342231630)|HEAP_ALLOCATE|[23]|Bytes:8
14:48:13.318 (342245668)|VARIABLE_SCOPE_BEGIN|[23]|cts|List<Contact>|true|false
14:48:13.318 (342265608)|VARIABLE_ASSIGNMENT|[23]|cts|[{"Id":"003f400000KXyvPAAT","Name":"Diaz"}]|0x15be31eb
14:48:13.318 (342334104)|STATEMENT_EXECUTE|[26]
14:48:13.318 (342336753)|STATEMENT_EXECUTE|[27]
14:48:13.318 (342340719)|HEAP_ALLOCATE|[27]|Bytes:209
14:48:13.318 (342354489)|HEAP_ALLOCATE|[27]|Bytes:4
14:48:13.318 (342727959)|SOQL_EXECUTE_BEGIN|[27]|Aggregations:0|SELECT Employee__r.Id, Employee__r.Name, Employee__r.birthdate, job_category__c, RecordType.Name, amount__c, location__c, office__c, submitted__c, status__c FROM Compensation__c WHERE Employee__r.Id = :tmpVar1
14:48:13.318 (356726839)|SOQL_EXECUTE_END|[27]|Rows:10
14:48:13.318 (356752207)|HEAP_ALLOCATE|[27]|Bytes:44
14:48:13.318 (356799407)|HEAP_ALLOCATE|[27]|Bytes:2241
14:48:13.318 (356842332)|HEAP_ALLOCATE|[27]|Bytes:44
14:48:13.318 (356873560)|VARIABLE_ASSIGNMENT|[27]|compensations|"List of size 10 too large to display"|0x775c9b16
14:48:13.318 (356882515)|STATEMENT_EXECUTE|[33]
14:48:13.318 (356889491)|SYSTEM_MODE_EXIT|false
14:48:13.318 (356905939)|METHOD_EXIT|[93]|01pf4000009OyzM|CompensationController.getCompensationsOfUser(String)
14:48:13.318 (356914837)|VARIABLE_SCOPE_BEGIN|[93]|comp_ctc|List<Compensation__c>|true|false
14:48:13.318 (356925029)|VARIABLE_ASSIGNMENT|[93]|comp_ctc|"List of size 10 too large to display"|0x775c9b16
14:48:13.318 (356930469)|STATEMENT_EXECUTE|[94]
14:48:13.318 (356947464)|METHOD_ENTRY|[94]||System.Test.stopTest()
14:48:13.318 (358055932)|METHOD_EXIT|[94]||System.Test.stopTest()
14:48:13.318 (358065309)|STATEMENT_EXECUTE|[97]
14:48:13.318 (358085041)|HEAP_ALLOCATE|[97]|Bytes:4
14:48:13.318 (358127045)|VARIABLE_SCOPE_BEGIN|[97]|id_set|Set<String>|true|false
14:48:13.318 (358155985)|VARIABLE_ASSIGNMENT|[97]|id_set|[]|0x65e33bfd
14:48:13.318 (358210918)|HEAP_ALLOCATE|[98]|Bytes:5
14:48:13.318 (358230917)|HEAP_ALLOCATE|[98]|Bytes:40
14:48:13.318 (358242063)|VARIABLE_SCOPE_BEGIN|[98]|c|Compensation__c|true|false
14:48:13.318 (358267881)|VARIABLE_ASSIGNMENT|[98]|c|{"Employee__c":"003f400000KXyvPAAT","Job_Category__c":"Junior","RecordTypeId":"012f4000000xpkIAAQ","Location__c":"India","Submitted__c":false,"Status__c":"NOT SUBMITTED","Id":"a00f4000007wxYxAAI","Employee__r":{"Id":"003f400000KXyvPAAT","Name":"Diaz"},"RecordType":{"Id":"012f4000000xpkIAAQ","Name":"Study"}}|0x5d336022
14:48:13.318 (358277174)|STATEMENT_EXECUTE|[98]
14:48:13.318 (358279142)|STATEMENT_EXECUTE|[99]
14:48:13.318 (358337398)|HEAP_ALLOCATE|[EXTERNAL]|Bytes:4
14:48:13.318 (358353989)|HEAP_ALLOCATE|[98]|Bytes:5
14:48:13.318 (358364542)|HEAP_ALLOCATE|[98]|Bytes:40
14:48:13.318 (358370527)|VARIABLE_SCOPE_BEGIN|[98]|c|Compensation__c|true|false
14:48:13.318 (358388458)|VARIABLE_ASSIGNMENT|[98]|c|{"Employee__c":"003f400000KXyvPAAT","Job_Category__c":"Junior","RecordTypeId":"012f4000000xpkIAAQ","Location__c":"India","Submitted__c":false,"Status__c":"NOT SUBMITTED","Id":"a00f4000007wxYyAAI","Employee__r":{"Id":"003f400000KXyvPAAT","Name":"Diaz"},"RecordType":{"Id":"012f4000000xpkIAAQ","Name":"Study"}}|0x674c7e6e
14:48:13.318 (358396370)|STATEMENT_EXECUTE|[98]
14:48:13.318 (358398354)|STATEMENT_EXECUTE|[99]
14:48:13.318 (358411652)|HEAP_ALLOCATE|[EXTERNAL]|Bytes:4
14:48:13.318 (358423845)|HEAP_ALLOCATE|[98]|Bytes:5
14:48:13.318 (358432350)|HEAP_ALLOCATE|[98]|Bytes:40
14:48:13.318 (358437540)|VARIABLE_SCOPE_BEGIN|[98]|c|Compensation__c|true|false
14:48:13.318 (358453526)|VARIABLE_ASSIGNMENT|[98]|c|{"Employee__c":"003f400000KXyvPAAT","Job_Category__c":"Junior","RecordTypeId":"012f4000000xpkIAAQ","Location__c":"India","Submitted__c":false,"Status__c":"NOT SUBMITTED","Id":"a00f4000007wxYzAAI","Employee__r":{"Id":"003f400000KXyvPAAT","Name":"Diaz"},"RecordType":{"Id":"012f4000000xpkIAAQ","Name":"Study"}}|0x71af3919
14:48:13.318 (358461835)|STATEMENT_EXECUTE|[98]
14:48:13.318 (358463309)|STATEMENT_EXECUTE|[99]
14:48:13.318 (358473737)|HEAP_ALLOCATE|[EXTERNAL]|Bytes:4
14:48:13.318 (358484628)|HEAP_ALLOCATE|[98]|Bytes:5
14:48:13.318 (358493241)|HEAP_ALLOCATE|[98]|Bytes:40
14:48:13.318 (358499988)|VARIABLE_SCOPE_BEGIN|[98]|c|Compensation__c|true|false
14:48:13.318 (358515072)|VARIABLE_ASSIGNMENT|[98]|c|{"Employee__c":"003f400000KXyvPAAT","Job_Category__c":"Junior","RecordTypeId":"012f4000000xpkIAAQ","Location__c":"India","Submitted__c":false,"Status__c":"NOT SUBMITTED","Id":"a00f4000007wxZ0AAI","Employee__r":{"Id":"003f400000KXyvPAAT","Name":"Diaz"},"RecordType":{"Id":"012f4000000xpkIAAQ","Name":"Study"}}|0x3b717d0a
14:48:13.318 (358522614)|STATEMENT_EXECUTE|[98]
14:48:13.318 (358524082)|STATEMENT_EXECUTE|[99]
14:48:13.318 (358534140)|HEAP_ALLOCATE|[EXTERNAL]|Bytes:4
14:48:13.318 (358544461)|HEAP_ALLOCATE|[98]|Bytes:5
14:48:13.318 (358552811)|HEAP_ALLOCATE|[98]|Bytes:40
14:48:13.318 (358557464)|VARIABLE_SCOPE_BEGIN|[98]|c|Compensation__c|true|false
14:48:13.318 (358594443)|VARIABLE_ASSIGNMENT|[98]|c|{"Employee__c":"003f400000KXyvPAAT","Job_Category__c":"Junior","RecordTypeId":"012f4000000xpkIAAQ","Location__c":"India","Submitted__c":false,"Status__c":"NOT SUBMITTED","Id":"a00f4000007wxZ1AAI","Employee__r":{"Id":"003f400000KXyvPAAT","Name":"Diaz"},"RecordType":{"Id":"012f4000000xpkIAAQ","Name":"Study"}}|0x7d853836
14:48:13.318 (358602654)|STATEMENT_EXECUTE|[98]
14:48:13.318 (358604157)|STATEMENT_EXECUTE|[99]
14:48:13.318 (358614970)|HEAP_ALLOCATE|[EXTERNAL]|Bytes:4
14:48:13.318 (358626021)|HEAP_ALLOCATE|[98]|Bytes:5
14:48:13.318 (358633943)|HEAP_ALLOCATE|[98]|Bytes:40
14:48:13.318 (358638259)|VARIABLE_SCOPE_BEGIN|[98]|c|Compensation__c|true|false
14:48:13.318 (358652759)|VARIABLE_ASSIGNMENT|[98]|c|{"Employee__c":"003f400000KXyvPAAT","Job_Category__c":"Junior","RecordTypeId":"012f4000000xpkIAAQ","Location__c":"India","Submitted__c":false,"Status__c":"NOT SUBMITTED","Id":"a00f4000007wxZ2AAI","Employee__r":{"Id":"003f400000KXyvPAAT","Name":"Diaz"},"RecordType":{"Id":"012f4000000xpkIAAQ","Name":"Study"}}|0x793e96e6
14:48:13.318 (358660601)|STATEMENT_EXECUTE|[98]
14:48:13.318 (358662424)|STATEMENT_EXECUTE|[99]
14:48:13.318 (358672163)|HEAP_ALLOCATE|[EXTERNAL]|Bytes:4
14:48:13.318 (358682734)|HEAP_ALLOCATE|[98]|Bytes:5
14:48:13.318 (358690132)|HEAP_ALLOCATE|[98]|Bytes:40
14:48:13.318 (358694653)|VARIABLE_SCOPE_BEGIN|[98]|c|Compensation__c|true|false
14:48:13.318 (358709370)|VARIABLE_ASSIGNMENT|[98]|c|{"Employee__c":"003f400000KXyvPAAT","Job_Category__c":"Junior","RecordTypeId":"012f4000000xpkIAAQ","Location__c":"India","Submitted__c":false,"Status__c":"NOT SUBMITTED","Id":"a00f4000007wxZ3AAI","Employee__r":{"Id":"003f400000KXyvPAAT","Name":"Diaz"},"RecordType":{"Id":"012f4000000xpkIAAQ","Name":"Study"}}|0x71511f29
14:48:13.318 (358716565)|STATEMENT_EXECUTE|[98]
14:48:13.318 (358718003)|STATEMENT_EXECUTE|[99]
14:48:13.318 (358728012)|HEAP_ALLOCATE|[EXTERNAL]|Bytes:4
14:48:13.318 (358738226)|HEAP_ALLOCATE|[98]|Bytes:5
14:48:13.318 (358746018)|HEAP_ALLOCATE|[98]|Bytes:40
14:48:13.318 (358751139)|VARIABLE_SCOPE_BEGIN|[98]|c|Compensation__c|true|false
14:48:13.318 (358766422)|VARIABLE_ASSIGNMENT|[98]|c|{"Employee__c":"003f400000KXyvPAAT","Job_Category__c":"Junior","RecordTypeId":"012f4000000xpkIAAQ","Location__c":"India","Submitted__c":false,"Status__c":"NOT SUBMITTED","Id":"a00f4000007wxZ4AAI","Employee__r":{"Id":"003f400000KXyvPAAT","Name":"Diaz"},"RecordType":{"Id":"012f4000000xpkIAAQ","Name":"Study"}}|0x4178b524
14:48:13.318 (358773834)|STATEMENT_EXECUTE|[98]
14:48:13.318 (358775389)|STATEMENT_EXECUTE|[99]
14:48:13.318 (358785042)|HEAP_ALLOCATE|[EXTERNAL]|Bytes:4
14:48:13.318 (358795708)|HEAP_ALLOCATE|[98]|Bytes:5
14:48:13.318 (358803505)|HEAP_ALLOCATE|[98]|Bytes:40
14:48:13.318 (358807767)|VARIABLE_SCOPE_BEGIN|[98]|c|Compensation__c|true|false
14:48:13.318 (358822930)|VARIABLE_ASSIGNMENT|[98]|c|{"Employee__c":"003f400000KXyvPAAT","Job_Category__c":"Junior","RecordTypeId":"012f4000000xpkIAAQ","Location__c":"India","Submitted__c":false,"Status__c":"NOT SUBMITTED","Id":"a00f4000007wxZ5AAI","Employee__r":{"Id":"003f400000KXyvPAAT","Name":"Diaz"},"RecordType":{"Id":"012f4000000xpkIAAQ","Name":"Study"}}|0x15e871b5
14:48:13.318 (358830076)|STATEMENT_EXECUTE|[98]
14:48:13.318 (358831783)|STATEMENT_EXECUTE|[99]
14:48:13.318 (358841658)|HEAP_ALLOCATE|[EXTERNAL]|Bytes:4
14:48:13.318 (358851861)|HEAP_ALLOCATE|[98]|Bytes:5
14:48:13.318 (358859151)|HEAP_ALLOCATE|[98]|Bytes:40
14:48:13.318 (358863711)|VARIABLE_SCOPE_BEGIN|[98]|c|Compensation__c|true|false
14:48:13.318 (358878522)|VARIABLE_ASSIGNMENT|[98]|c|{"Employee__c":"003f400000KXyvPAAT","Job_Category__c":"Junior","RecordTypeId":"012f4000000xpkIAAQ","Location__c":"India","Submitted__c":false,"Status__c":"NOT SUBMITTED","Id":"a00f4000007wxZ6AAI","Employee__r":{"Id":"003f400000KXyvPAAT","Name":"Diaz"},"RecordType":{"Id":"012f4000000xpkIAAQ","Name":"Study"}}|0x186c4c48
14:48:13.318 (358885613)|STATEMENT_EXECUTE|[98]
14:48:13.318 (358887127)|STATEMENT_EXECUTE|[99]
14:48:13.318 (358896790)|HEAP_ALLOCATE|[EXTERNAL]|Bytes:4
14:48:13.318 (358907160)|HEAP_ALLOCATE|[98]|Bytes:5
14:48:13.318 (358916816)|VARIABLE_ASSIGNMENT|[98]|c|null|
14:48:13.318 (358922461)|STATEMENT_EXECUTE|[102]
14:48:13.358 (358972063)|CUMULATIVE_LIMIT_USAGE
14:48:13.358 (358972063)|LIMIT_USAGE_FOR_NS|(default)|
  Number of SOQL queries: 1 out of 100
  Number of query rows: 1 out of 50000
  Number of SOSL queries: 0 out of 20
  Number of DML statements: 2 out of 150
  Number of DML rows: 11 out of 10000
  Maximum CPU time: 0 out of 10000
  Maximum heap size: 0 out of 6000000
  Number of callouts: 0 out of 100
  Number of Email Invocations: 0 out of 10
  Number of future calls: 0 out of 50
  Number of queueable jobs added to the queue: 0 out of 50
  Number of Mobile Apex push calls: 0 out of 10

14:48:13.358 (358972063)|TESTING_LIMITS
14:48:13.358 (358972063)|LIMIT_USAGE_FOR_NS|(default)|
  Number of SOQL queries: 2 out of 100
  Number of query rows: 11 out of 50000
  Number of SOSL queries: 0 out of 20
  Number of DML statements: 0 out of 150
  Number of DML rows: 0 out of 10000
  Maximum CPU time: 0 out of 10000
  Maximum heap size: 0 out of 6000000
  Number of callouts: 0 out of 100
  Number of Email Invocations: 0 out of 10
  Number of future calls: 0 out of 50
  Number of queueable jobs added to the queue: 0 out of 50
  Number of Mobile Apex push calls: 0 out of 10

14:48:13.358 (358972063)|CUMULATIVE_LIMIT_USAGE_END

14:48:13.318 (359013893)|CODE_UNIT_FINISHED|testCompensationController.getCompensationsTest5
14:48:13.318 (359915134)|EXECUTION_FINISHED
14:48:13.371 (371054072)|USER_INFO|[EXTERNAL]|005f4000001iPIc|lrodriguez-onboarding@altimetrik.com|Argentine Time|GMT-03:00
14:48:13.371 (371075151)|EXECUTION_STARTED
14:48:13.371 (371079594)|CODE_UNIT_STARTED|[EXTERNAL]|01pf400000ARf7J|testCompensationController.getCompensationsTest6
14:48:13.371 (371222463)|HEAP_ALLOCATE|[72]|Bytes:3
14:48:13.371 (371259712)|HEAP_ALLOCATE|[77]|Bytes:152
14:48:13.371 (371275785)|HEAP_ALLOCATE|[342]|Bytes:408
14:48:13.371 (371289359)|HEAP_ALLOCATE|[355]|Bytes:408
14:48:13.371 (371301316)|HEAP_ALLOCATE|[467]|Bytes:48
14:48:13.371 (371328937)|HEAP_ALLOCATE|[139]|Bytes:6
14:48:13.371 (371343796)|HEAP_ALLOCATE|[EXTERNAL]|Bytes:138
14:48:13.371 (371352969)|METHOD_ENTRY|[2]|01pf400000ARf7J|testCompensationController.testCompensationController()
14:48:13.371 (371359574)|STATEMENT_EXECUTE|[2]
14:48:13.371 (371363629)|STATEMENT_EXECUTE|[2]
14:48:13.371 (371367813)|METHOD_EXIT|[2]|testCompensationController
14:48:13.371 (371482158)|HEAP_ALLOCATE|[50]|Bytes:5
14:48:13.371 (371505373)|HEAP_ALLOCATE|[56]|Bytes:5
14:48:13.371 (371512683)|HEAP_ALLOCATE|[64]|Bytes:7
14:48:13.371 (371551365)|STATEMENT_EXECUTE|[105]
14:48:13.371 (371553599)|STATEMENT_EXECUTE|[107]
14:48:13.371 (371593331)|HEAP_ALLOCATE|[107]|Bytes:4
14:48:13.371 (371607557)|HEAP_ALLOCATE|[107]|Bytes:9
14:48:13.371 (371664743)|VARIABLE_ASSIGNMENT|[107]|this.LastName|"vatikutti"|0x39b6895e
14:48:13.371 (371696512)|VARIABLE_SCOPE_BEGIN|[107]|con|Contact|true|false
14:48:13.371 (371715223)|VARIABLE_ASSIGNMENT|[107]|con|{"LastName":"vatikutti"}|0x39b6895e
14:48:13.371 (371721481)|STATEMENT_EXECUTE|[108]
14:48:13.371 (371743666)|HEAP_ALLOCATE|[108]|Bytes:8
14:48:13.371 (371758503)|DML_BEGIN|[108]|Op:Insert|Type:Contact|Rows:1
14:48:13.371 (371788058)|HEAP_ALLOCATE|[EXTERNAL]|Bytes:8
14:48:13.371 (374005577)|CODE_UNIT_STARTED|[EXTERNAL]|DuplicateDetector
14:48:13.371 (374022257)|DUPLICATE_DETECTION_BEGIN
14:48:13.371 (374087883)|DUPLICATE_DETECTION_RULE_INVOCATION|DuplicateRuleId:0Bmf40000038BIj|DuplicateRuleName:Standard Contact Duplicate Rule|DmlType:INSERT
14:48:13.371 (386584690)|DUPLICATE_DETECTION_MATCH_INVOCATION_DETAILS|EntityType:Contact|ActionTaken:Allow_[Alert,Report]|DuplicateRecordIds:
14:48:13.371 (386609127)|DUPLICATE_DETECTION_MATCH_INVOCATION_SUMMARY|EntityType:Contact|NumRecordsToBeSaved:1|NumRecordsToBeSavedWithDuplicates:0|NumDuplicateRecordsFound:0
14:48:13.371 (386619037)|DUPLICATE_DETECTION_MATCH_INVOCATION_DETAILS|EntityType:Contact|ActionTaken:Allow_[Alert,Report]|DuplicateRecordIds:
14:48:13.371 (386625381)|DUPLICATE_DETECTION_MATCH_INVOCATION_SUMMARY|EntityType:Contact|NumRecordsToBeSaved:1|NumRecordsToBeSavedWithDuplicates:0|NumDuplicateRecordsFound:0
14:48:13.371 (386767584)|DUPLICATE_DETECTION_END
14:48:13.371 (386774432)|CODE_UNIT_FINISHED|DuplicateDetector
14:48:13.371 (400287344)|DML_END|[108]
14:48:13.371 (400318570)|STATEMENT_EXECUTE|[111]
14:48:13.371 (400354652)|HEAP_ALLOCATE|[111]|Bytes:63
14:48:13.371 (400375751)|SYSTEM_METHOD_ENTRY|[1]|Test.Test()
14:48:13.371 (400379944)|STATEMENT_EXECUTE|[1]
14:48:13.371 (400392931)|SYSTEM_METHOD_EXIT|[1]|Test
14:48:13.371 (400408009)|METHOD_ENTRY|[111]||System.Test.startTest()
14:48:13.371 (401552178)|METHOD_EXIT|[111]||System.Test.startTest()
14:48:13.371 (401561870)|STATEMENT_EXECUTE|[112]
14:48:13.371 (401600118)|HEAP_ALLOCATE|[112]|Bytes:18
14:48:13.371 (401614153)|HEAP_ALLOCATE|[112]|Bytes:4
14:48:13.371 (401621345)|METHOD_ENTRY|[1]|01pf4000009OyzM|CompensationController.CompensationController()
14:48:13.371 (401626028)|STATEMENT_EXECUTE|[1]
14:48:13.371 (401629238)|STATEMENT_EXECUTE|[1]
14:48:13.371 (401983672)|SYSTEM_MODE_ENTER|false
14:48:13.371 (402003450)|HEAP_ALLOCATE|[112]|Bytes:5
14:48:13.371 (402012776)|SYSTEM_MODE_EXIT|false
14:48:13.371 (402022589)|METHOD_EXIT|[1]|CompensationController
14:48:13.371 (402034305)|METHOD_ENTRY|[112]|01pf4000009OyzM|CompensationController.getCompensationsOfUser(String)
14:48:13.371 (402054695)|VARIABLE_SCOPE_BEGIN|[21]|recordId|String|false|false
14:48:13.371 (402073015)|VARIABLE_ASSIGNMENT|[21]|recordId|"003f400000KXyvQAAT"
14:48:13.371 (402095181)|SYSTEM_MODE_ENTER|false
14:48:13.371 (402101681)|HEAP_ALLOCATE|[22]|Bytes:5
14:48:13.371 (402106697)|STATEMENT_EXECUTE|[21]
14:48:13.371 (402108519)|STATEMENT_EXECUTE|[22]
14:48:13.371 (402164210)|HEAP_ALLOCATE|[22]|Bytes:4
14:48:13.371 (402190250)|VARIABLE_SCOPE_BEGIN|[22]|compensations|List<Compensation__c>|true|false
14:48:13.371 (402200748)|HEAP_ALLOCATE|[EXTERNAL]|Bytes:4
14:48:13.371 (402212583)|VARIABLE_ASSIGNMENT|[22]|compensations|[]|0x2feeae02
14:48:13.371 (402218228)|STATEMENT_EXECUTE|[23]
14:48:13.371 (402223159)|HEAP_ALLOCATE|[23]|Bytes:48
14:48:13.371 (402242022)|HEAP_ALLOCATE|[23]|Bytes:4
14:48:13.371 (402251443)|HEAP_ALLOCATE|[23]|Bytes:7
14:48:13.371 (402473165)|SOQL_EXECUTE_BEGIN|[23]|Aggregations:0|SELECT Id, Name FROM Contact WHERE Id = :tmpVar1
14:48:13.371 (406351426)|SOQL_EXECUTE_END|[23]|Rows:1
14:48:13.371 (406378303)|HEAP_ALLOCATE|[23]|Bytes:8
14:48:13.371 (406395119)|HEAP_ALLOCATE|[23]|Bytes:46
14:48:13.371 (406446770)|HEAP_ALLOCATE|[23]|Bytes:8
14:48:13.371 (406462249)|VARIABLE_SCOPE_BEGIN|[23]|cts|List<Contact>|true|false
14:48:13.371 (406483803)|VARIABLE_ASSIGNMENT|[23]|cts|[{"Id":"003f400000KXyvQAAT","Name":"vatikutti"}]|0x64b21db3
14:48:13.371 (406512603)|STATEMENT_EXECUTE|[26]
14:48:13.371 (406514837)|STATEMENT_EXECUTE|[27]
14:48:13.371 (406519287)|HEAP_ALLOCATE|[27]|Bytes:209
14:48:13.371 (406534964)|HEAP_ALLOCATE|[27]|Bytes:4
14:48:13.371 (406932284)|SOQL_EXECUTE_BEGIN|[27]|Aggregations:0|SELECT Employee__r.Id, Employee__r.Name, Employee__r.birthdate, job_category__c, RecordType.Name, amount__c, location__c, office__c, submitted__c, status__c FROM Compensation__c WHERE Employee__r.Id = :tmpVar1
14:48:13.371 (409669354)|SOQL_EXECUTE_END|[27]|Rows:0
14:48:13.371 (409691361)|HEAP_ALLOCATE|[27]|Bytes:4
14:48:13.371 (409705566)|HEAP_ALLOCATE|[27]|Bytes:0
14:48:13.371 (409737724)|HEAP_ALLOCATE|[27]|Bytes:4
14:48:13.371 (409756308)|VARIABLE_ASSIGNMENT|[27]|compensations|[]|0x73d384e6
14:48:13.371 (409763454)|STATEMENT_EXECUTE|[33]
14:48:13.371 (409769596)|SYSTEM_MODE_EXIT|false
14:48:13.371 (409787900)|METHOD_EXIT|[112]|01pf4000009OyzM|CompensationController.getCompensationsOfUser(String)
14:48:13.371 (409796163)|VARIABLE_SCOPE_BEGIN|[112]|comps|List<Compensation__c>|true|false
14:48:13.371 (409806501)|VARIABLE_ASSIGNMENT|[112]|comps|[]|0x73d384e6
14:48:13.371 (409812072)|STATEMENT_EXECUTE|[113]
14:48:13.371 (409827726)|METHOD_ENTRY|[113]||System.Test.stopTest()
14:48:13.371 (410992808)|METHOD_EXIT|[113]||System.Test.stopTest()
14:48:13.371 (411001886)|STATEMENT_EXECUTE|[116]
14:48:13.411 (411064966)|CUMULATIVE_LIMIT_USAGE
14:48:13.411 (411064966)|LIMIT_USAGE_FOR_NS|(default)|
  Number of SOQL queries: 0 out of 100
  Number of query rows: 0 out of 50000
  Number of SOSL queries: 0 out of 20
  Number of DML statements: 3 out of 150
  Number of DML rows: 12 out of 10000
  Maximum CPU time: 0 out of 10000
  Maximum heap size: 0 out of 6000000
  Number of callouts: 0 out of 100
  Number of Email Invocations: 0 out of 10
  Number of future calls: 0 out of 50
  Number of queueable jobs added to the queue: 0 out of 50
  Number of Mobile Apex push calls: 0 out of 10

14:48:13.411 (411064966)|TESTING_LIMITS
14:48:13.411 (411064966)|LIMIT_USAGE_FOR_NS|(default)|
  Number of SOQL queries: 2 out of 100
  Number of query rows: 1 out of 50000
  Number of SOSL queries: 0 out of 20
  Number of DML statements: 0 out of 150
  Number of DML rows: 0 out of 10000
  Maximum CPU time: 0 out of 10000
  Maximum heap size: 0 out of 6000000
  Number of callouts: 0 out of 100
  Number of Email Invocations: 0 out of 10
  Number of future calls: 0 out of 50
  Number of queueable jobs added to the queue: 0 out of 50
  Number of Mobile Apex push calls: 0 out of 10

14:48:13.411 (411064966)|CUMULATIVE_LIMIT_USAGE_END

14:48:13.371 (411104364)|CODE_UNIT_FINISHED|testCompensationController.getCompensationsTest6
14:48:13.371 (411909991)|EXECUTION_FINISHED
14:48:13.482 (482709089)|USER_INFO|[EXTERNAL]|005f4000001iPIc|lrodriguez-onboarding@altimetrik.com|Argentine Time|GMT-03:00
14:48:13.482 (482730954)|EXECUTION_STARTED
14:48:13.482 (482735779)|CODE_UNIT_STARTED|[EXTERNAL]|DuplicateDetector
14:48:13.482 (482748514)|DUPLICATE_DETECTION_BEGIN
14:48:13.482 (482809828)|DUPLICATE_DETECTION_RULE_INVOCATION|DuplicateRuleId:0Bmf40000038BIj|DuplicateRuleName:Standard Contact Duplicate Rule|DmlType:INSERT
14:48:13.482 (490657701)|DUPLICATE_DETECTION_END
14:48:13.482 (490666992)|CODE_UNIT_FINISHED|DuplicateDetector
14:48:13.482 (491482354)|EXECUTION_FINISHED
