42.0 APEX_CODE,FINEST;APEX_PROFILING,INFO;CALLOUT,INFO;DB,INFO;SYSTEM,DEBUG;VALIDATION,INFO;VISUALFORCE,INFO;WAVE,INFO;WORKFLOW,INFO
16:32:37.0 (91340)|USER_INFO|[EXTERNAL]|005f4000001iPIc|lrodriguez-onboarding@altimetrik.com|Argentine Time|GMT-03:00
16:32:37.0 (132764)|EXECUTION_STARTED
16:32:37.0 (138150)|CODE_UNIT_STARTED|[EXTERNAL]|Aura
16:32:37.0 (1219124)|HEAP_ALLOCATE|[72]|Bytes:3
16:32:37.0 (1308508)|HEAP_ALLOCATE|[77]|Bytes:152
16:32:37.0 (1337125)|HEAP_ALLOCATE|[342]|Bytes:408
16:32:37.0 (1362940)|HEAP_ALLOCATE|[355]|Bytes:408
16:32:37.0 (1382576)|HEAP_ALLOCATE|[467]|Bytes:48
16:32:37.0 (1416793)|HEAP_ALLOCATE|[139]|Bytes:6
16:32:37.0 (1446150)|HEAP_ALLOCATE|[EXTERNAL]|Bytes:3
16:32:37.0 (1485178)|HEAP_ALLOCATE|[EXTERNAL]|Bytes:3
16:32:37.0 (2330931)|CODE_UNIT_STARTED|[EXTERNAL]|01pf4000009OyzM|CompensationController.getCompensations
16:32:37.0 (2461940)|HEAP_ALLOCATE|[EXTERNAL]|Bytes:1
16:32:37.0 (2480662)|METHOD_ENTRY|[1]|01pf4000009OyzM|CompensationController.CompensationController()
16:32:37.0 (2490392)|STATEMENT_EXECUTE|[1]
16:32:37.0 (2499037)|STATEMENT_EXECUTE|[1]
16:32:37.0 (2541074)|HEAP_ALLOCATE|[50]|Bytes:5
16:32:37.0 (2574527)|HEAP_ALLOCATE|[56]|Bytes:5
16:32:37.0 (2590752)|HEAP_ALLOCATE|[64]|Bytes:7
16:32:37.0 (2633233)|SYSTEM_MODE_ENTER|false
16:32:37.0 (2654936)|HEAP_ALLOCATE|[EXTERNAL]|Bytes:5
16:32:37.0 (2667457)|SYSTEM_MODE_EXIT|false
16:32:37.0 (2700008)|METHOD_EXIT|[1]|CompensationController
16:32:37.0 (2709814)|HEAP_ALLOCATE|[EXTERNAL]|Bytes:3
16:32:37.0 (2727007)|SYSTEM_MODE_ENTER|false
16:32:37.0 (2737733)|VARIABLE_SCOPE_BEGIN|[3]|filter|String|false|false
16:32:37.0 (2768946)|VARIABLE_ASSIGNMENT|[3]|filter|"all"
16:32:37.0 (2794430)|HEAP_ALLOCATE|[4]|Bytes:5
16:32:37.0 (2802792)|STATEMENT_EXECUTE|[3]
16:32:37.0 (2805189)|STATEMENT_EXECUTE|[4]
16:32:37.0 (2942003)|HEAP_ALLOCATE|[4]|Bytes:4
16:32:37.0 (3052368)|VARIABLE_SCOPE_BEGIN|[4]|compensations|List<Compensation__c>|true|false
16:32:37.0 (3071319)|HEAP_ALLOCATE|[EXTERNAL]|Bytes:4
16:32:37.0 (3088567)|VARIABLE_ASSIGNMENT|[4]|compensations|[]|0x6c1da7e8
16:32:37.0 (3100569)|HEAP_ALLOCATE|[5]|Bytes:3
16:32:37.0 (3132310)|STATEMENT_EXECUTE|[5]
16:32:37.0 (3135062)|STATEMENT_EXECUTE|[6]
16:32:37.0 (3138719)|HEAP_ALLOCATE|[6]|Bytes:177
16:32:37.0 (3169007)|HEAP_ALLOCATE|[6]|Bytes:4
16:32:37.0 (4021627)|SOQL_EXECUTE_BEGIN|[6]|Aggregations:0|SELECT Employee__r.Id, Employee__r.Name, Employee__r.birthdate, job_category__c, RecordType.Name, amount__c, location__c, office__c, submitted__c, status__c FROM Compensation__c
16:32:37.0 (20337253)|SOQL_EXECUTE_END|[6]|Rows:232
16:32:37.0 (20372984)|HEAP_ALLOCATE|[6]|Bytes:932
16:32:37.0 (20992349)|HEAP_ALLOCATE|[6]|Bytes:62649
16:32:37.0 (21041363)|HEAP_ALLOCATE|[6]|Bytes:932
16:32:37.0 (21079703)|VARIABLE_ASSIGNMENT|[6]|compensations|"List of size 232 too large to display"|0x14daeb83
16:32:37.0 (21088799)|STATEMENT_EXECUTE|[17]
16:32:37.0 (21098778)|SYSTEM_MODE_EXIT|false
16:32:37.21 (21127207)|CUMULATIVE_LIMIT_USAGE
16:32:37.21 (21127207)|LIMIT_USAGE_FOR_NS|(default)|
  Number of SOQL queries: 1 out of 100
  Number of query rows: 232 out of 50000
  Number of SOSL queries: 0 out of 20
  Number of DML statements: 0 out of 150
  Number of DML rows: 0 out of 10000
  Maximum CPU time: 0 out of 10000
  Maximum heap size: 0 out of 6000000
  Number of callouts: 0 out of 100
  Number of Email Invocations: 0 out of 10
  Number of future calls: 0 out of 50
  Number of queueable jobs added to the queue: 0 out of 50
  Number of Mobile Apex push calls: 0 out of 10

16:32:37.21 (21127207)|CUMULATIVE_LIMIT_USAGE_END

16:32:37.0 (21153189)|CODE_UNIT_FINISHED|CompensationController.getCompensations
16:32:37.0 (24742808)|CODE_UNIT_FINISHED|Aura
16:32:37.0 (25935026)|EXECUTION_FINISHED
