42.0 APEX_CODE,FINEST;APEX_PROFILING,INFO;CALLOUT,INFO;DB,INFO;SYSTEM,DEBUG;VALIDATION,INFO;VISUALFORCE,INFO;WAVE,INFO;WORKFLOW,INFO
11:40:01.0 (105134)|USER_INFO|[EXTERNAL]|005f4000001iPIc|lrodriguez-onboarding@altimetrik.com|Hora de Argentina|GMT-03:00
11:40:01.0 (151110)|EXECUTION_STARTED
11:40:01.0 (156851)|CODE_UNIT_STARTED|[EXTERNAL]|Aura
11:40:01.0 (1183840)|HEAP_ALLOCATE|[72]|Bytes:3
11:40:01.0 (1245774)|HEAP_ALLOCATE|[77]|Bytes:152
11:40:01.0 (1281554)|HEAP_ALLOCATE|[342]|Bytes:408
11:40:01.0 (1306816)|HEAP_ALLOCATE|[355]|Bytes:408
11:40:01.0 (1324802)|HEAP_ALLOCATE|[467]|Bytes:48
11:40:01.0 (1365458)|HEAP_ALLOCATE|[139]|Bytes:6
11:40:01.0 (1407897)|HEAP_ALLOCATE|[EXTERNAL]|Bytes:5
11:40:01.0 (1422848)|HEAP_ALLOCATE|[EXTERNAL]|Bytes:5
11:40:01.0 (2401408)|CODE_UNIT_STARTED|[EXTERNAL]|01pf4000009OyzM|CompensationController.getCompensations
11:40:01.0 (2578216)|HEAP_ALLOCATE|[EXTERNAL]|Bytes:1
11:40:01.0 (2602970)|METHOD_ENTRY|[1]|01pf4000009OyzM|CompensationController.CompensationController()
11:40:01.0 (2616054)|STATEMENT_EXECUTE|[1]
11:40:01.0 (2626096)|STATEMENT_EXECUTE|[1]
11:40:01.0 (2678864)|HEAP_ALLOCATE|[50]|Bytes:5
11:40:01.0 (2734637)|HEAP_ALLOCATE|[56]|Bytes:5
11:40:01.0 (2760844)|HEAP_ALLOCATE|[64]|Bytes:7
11:40:01.0 (2824195)|SYSTEM_MODE_ENTER|false
11:40:01.0 (2849154)|HEAP_ALLOCATE|[EXTERNAL]|Bytes:5
11:40:01.0 (2866755)|SYSTEM_MODE_EXIT|false
11:40:01.0 (2885666)|METHOD_EXIT|[1]|CompensationController
11:40:01.0 (2898671)|HEAP_ALLOCATE|[EXTERNAL]|Bytes:5
11:40:01.0 (2925696)|SYSTEM_MODE_ENTER|false
11:40:01.0 (2940202)|VARIABLE_SCOPE_BEGIN|[3]|filter|String|false|false
11:40:01.0 (2981281)|VARIABLE_ASSIGNMENT|[3]|filter|"study"
11:40:01.0 (3015555)|HEAP_ALLOCATE|[4]|Bytes:5
11:40:01.0 (3029908)|STATEMENT_EXECUTE|[3]
11:40:01.0 (3033592)|STATEMENT_EXECUTE|[4]
11:40:01.0 (3183264)|HEAP_ALLOCATE|[4]|Bytes:4
11:40:01.0 (3307075)|VARIABLE_SCOPE_BEGIN|[4]|compensations|List<Compensation__c>|true|false
11:40:01.0 (3331071)|HEAP_ALLOCATE|[EXTERNAL]|Bytes:4
11:40:01.0 (3351562)|VARIABLE_ASSIGNMENT|[4]|compensations|[]|0x71f43754
11:40:01.0 (3367088)|HEAP_ALLOCATE|[5]|Bytes:3
11:40:01.0 (3420011)|HEAP_ALLOCATE|[10]|Bytes:5
11:40:01.0 (3451302)|STATEMENT_EXECUTE|[10]
11:40:01.0 (3455239)|STATEMENT_EXECUTE|[11]
11:40:01.0 (3461188)|HEAP_ALLOCATE|[11]|Bytes:194
11:40:01.0 (3494911)|HEAP_ALLOCATE|[11]|Bytes:4
11:40:01.0 (3520243)|HEAP_ALLOCATE|[11]|Bytes:7
11:40:01.0 (4991598)|SOQL_EXECUTE_BEGIN|[11]|Aggregations:0|SELECT Employee__r.Name, Employee__r.birthdate, job_category__c, RecordType.Name, amount__c, location__c, office__c, submitted__c, status__c FROM Compensation__c WHERE RecordType.Name = :tmpVar1
11:40:01.0 (42550544)|SOQL_EXECUTE_END|[11]|Rows:223
11:40:01.0 (42603934)|HEAP_ALLOCATE|[11]|Bytes:896
11:40:01.0 (43829945)|HEAP_ALLOCATE|[11]|Bytes:60371
11:40:01.0 (43886959)|HEAP_ALLOCATE|[11]|Bytes:896
11:40:01.0 (43936152)|VARIABLE_ASSIGNMENT|[11]|compensations|"List of size 223 too large to display"|0x62ecc208
11:40:01.0 (43948902)|STATEMENT_EXECUTE|[17]
11:40:01.0 (43962241)|SYSTEM_MODE_EXIT|false
11:40:01.43 (43995135)|CUMULATIVE_LIMIT_USAGE
11:40:01.43 (43995135)|LIMIT_USAGE_FOR_NS|(default)|
  Number of SOQL queries: 1 out of 100
  Number of query rows: 223 out of 50000
  Number of SOSL queries: 0 out of 20
  Number of DML statements: 0 out of 150
  Number of DML rows: 0 out of 10000
  Maximum CPU time: 0 out of 10000
  Maximum heap size: 0 out of 6000000
  Number of callouts: 0 out of 100
  Number of Email Invocations: 0 out of 10
  Number of future calls: 0 out of 50
  Number of queueable jobs added to the queue: 0 out of 50
  Number of Mobile Apex push calls: 0 out of 10

11:40:01.43 (43995135)|CUMULATIVE_LIMIT_USAGE_END

11:40:01.0 (44045754)|CODE_UNIT_FINISHED|CompensationController.getCompensations
11:40:01.0 (49979619)|CODE_UNIT_FINISHED|Aura
11:40:01.0 (51794892)|EXECUTION_FINISHED
