42.0 APEX_CODE,FINEST;APEX_PROFILING,INFO;CALLOUT,INFO;DB,INFO;SYSTEM,DEBUG;VALIDATION,INFO;VISUALFORCE,INFO;WAVE,INFO;WORKFLOW,INFO
14:51:02.0 (77890)|USER_INFO|[EXTERNAL]|005f4000001iPIc|lrodriguez-onboarding@altimetrik.com|Hora de Argentina|GMT-03:00
14:51:02.0 (117392)|EXECUTION_STARTED
14:51:02.0 (121745)|CODE_UNIT_STARTED|[EXTERNAL]|Aura
14:51:02.0 (891365)|HEAP_ALLOCATE|[72]|Bytes:3
14:51:02.0 (951100)|HEAP_ALLOCATE|[77]|Bytes:152
14:51:02.0 (966852)|HEAP_ALLOCATE|[342]|Bytes:408
14:51:02.0 (982753)|HEAP_ALLOCATE|[355]|Bytes:408
14:51:02.0 (993915)|HEAP_ALLOCATE|[467]|Bytes:48
14:51:02.0 (1048964)|HEAP_ALLOCATE|[139]|Bytes:6
14:51:02.0 (1069665)|HEAP_ALLOCATE|[EXTERNAL]|Bytes:3
14:51:02.0 (1086794)|HEAP_ALLOCATE|[EXTERNAL]|Bytes:3
14:51:02.0 (1874180)|CODE_UNIT_STARTED|[EXTERNAL]|01pf4000009OyzM|CompensationController.getCompensations
14:51:02.0 (1962105)|HEAP_ALLOCATE|[EXTERNAL]|Bytes:1
14:51:02.0 (1990878)|METHOD_ENTRY|[1]|01pf4000009OyzM|CompensationController.CompensationController()
14:51:02.0 (1997830)|STATEMENT_EXECUTE|[1]
14:51:02.0 (2004021)|STATEMENT_EXECUTE|[1]
14:51:02.0 (2035117)|HEAP_ALLOCATE|[50]|Bytes:5
14:51:02.0 (2060008)|HEAP_ALLOCATE|[56]|Bytes:5
14:51:02.0 (2067960)|HEAP_ALLOCATE|[64]|Bytes:7
14:51:02.0 (2090188)|SYSTEM_MODE_ENTER|false
14:51:02.0 (2100075)|HEAP_ALLOCATE|[EXTERNAL]|Bytes:5
14:51:02.0 (2107145)|SYSTEM_MODE_EXIT|false
14:51:02.0 (2130685)|METHOD_EXIT|[1]|CompensationController
14:51:02.0 (2136549)|HEAP_ALLOCATE|[EXTERNAL]|Bytes:3
14:51:02.0 (2145330)|SYSTEM_MODE_ENTER|false
14:51:02.0 (2153667)|VARIABLE_SCOPE_BEGIN|[3]|filter|String|false|false
14:51:02.0 (2177378)|VARIABLE_ASSIGNMENT|[3]|filter|"all"
14:51:02.0 (2191174)|HEAP_ALLOCATE|[4]|Bytes:5
14:51:02.0 (2200302)|STATEMENT_EXECUTE|[3]
14:51:02.0 (2202151)|STATEMENT_EXECUTE|[4]
14:51:02.0 (2293195)|HEAP_ALLOCATE|[4]|Bytes:4
14:51:02.0 (2398528)|VARIABLE_SCOPE_BEGIN|[4]|compensations|List<Compensation__c>|true|false
14:51:02.0 (2410607)|HEAP_ALLOCATE|[EXTERNAL]|Bytes:4
14:51:02.0 (2424573)|VARIABLE_ASSIGNMENT|[4]|compensations|[]|0x620d9721
14:51:02.0 (2432133)|HEAP_ALLOCATE|[5]|Bytes:3
14:51:02.0 (2452031)|STATEMENT_EXECUTE|[5]
14:51:02.0 (2454019)|STATEMENT_EXECUTE|[6]
14:51:02.0 (2456739)|HEAP_ALLOCATE|[6]|Bytes:161
14:51:02.0 (2472861)|HEAP_ALLOCATE|[6]|Bytes:4
14:51:02.0 (3147424)|SOQL_EXECUTE_BEGIN|[6]|Aggregations:0|SELECT Employee__r.Name, Employee__r.birthdate, job_category__c, RecordType.Name, amount__c, location__c, office__c, submitted__c, status__c FROM Compensation__c
14:51:02.0 (13344489)|SOQL_EXECUTE_END|[6]|Rows:232
14:51:02.0 (13373221)|HEAP_ALLOCATE|[6]|Bytes:932
14:51:02.0 (13992070)|HEAP_ALLOCATE|[6]|Bytes:62649
14:51:02.0 (14030717)|HEAP_ALLOCATE|[6]|Bytes:932
14:51:02.0 (14070408)|VARIABLE_ASSIGNMENT|[6]|compensations|"List of size 232 too large to display"|0x536afb4b
14:51:02.0 (14079843)|STATEMENT_EXECUTE|[17]
14:51:02.0 (14089726)|SYSTEM_MODE_EXIT|false
14:51:02.14 (14119376)|CUMULATIVE_LIMIT_USAGE
14:51:02.14 (14119376)|LIMIT_USAGE_FOR_NS|(default)|
  Number of SOQL queries: 1 out of 100
  Number of query rows: 232 out of 50000
  Number of SOSL queries: 0 out of 20
  Number of DML statements: 0 out of 150
  Number of DML rows: 0 out of 10000
  Maximum CPU time: 0 out of 10000
  Maximum heap size: 0 out of 6000000
  Number of callouts: 0 out of 100
  Number of Email Invocations: 0 out of 10
  Number of future calls: 0 out of 50
  Number of queueable jobs added to the queue: 0 out of 50
  Number of Mobile Apex push calls: 0 out of 10

14:51:02.14 (14119376)|CUMULATIVE_LIMIT_USAGE_END

14:51:02.0 (14151132)|CODE_UNIT_FINISHED|CompensationController.getCompensations
14:51:02.0 (17501233)|CODE_UNIT_FINISHED|Aura
14:51:02.0 (18675723)|EXECUTION_FINISHED
