42.0 APEX_CODE,FINEST;APEX_PROFILING,INFO;CALLOUT,INFO;DB,INFO;SYSTEM,DEBUG;VALIDATION,INFO;VISUALFORCE,INFO;WAVE,INFO;WORKFLOW,INFO
15:24:20.0 (60811)|USER_INFO|[EXTERNAL]|005f4000001iPIc|lrodriguez-onboarding@altimetrik.com|Hora de Argentina|GMT-03:00
15:24:20.0 (97582)|EXECUTION_STARTED
15:24:20.0 (102097)|CODE_UNIT_STARTED|[EXTERNAL]|Aura
15:24:20.0 (787828)|HEAP_ALLOCATE|[72]|Bytes:3
15:24:20.0 (829861)|HEAP_ALLOCATE|[77]|Bytes:152
15:24:20.0 (845095)|HEAP_ALLOCATE|[342]|Bytes:408
15:24:20.0 (858799)|HEAP_ALLOCATE|[355]|Bytes:408
15:24:20.0 (869092)|HEAP_ALLOCATE|[467]|Bytes:48
15:24:20.0 (890539)|HEAP_ALLOCATE|[139]|Bytes:6
15:24:20.0 (908435)|HEAP_ALLOCATE|[EXTERNAL]|Bytes:3
15:24:20.0 (916978)|HEAP_ALLOCATE|[EXTERNAL]|Bytes:3
15:24:20.0 (1678739)|CODE_UNIT_STARTED|[EXTERNAL]|01pf4000009OyzM|CompensationController.getCompensations
15:24:20.0 (1765564)|HEAP_ALLOCATE|[EXTERNAL]|Bytes:1
15:24:20.0 (1777178)|METHOD_ENTRY|[1]|01pf4000009OyzM|CompensationController.CompensationController()
15:24:20.0 (1782994)|STATEMENT_EXECUTE|[1]
15:24:20.0 (1789218)|STATEMENT_EXECUTE|[1]
15:24:20.0 (1820054)|HEAP_ALLOCATE|[50]|Bytes:5
15:24:20.0 (1843838)|HEAP_ALLOCATE|[56]|Bytes:5
15:24:20.0 (1852028)|HEAP_ALLOCATE|[64]|Bytes:7
15:24:20.0 (1874408)|SYSTEM_MODE_ENTER|false
15:24:20.0 (1889019)|HEAP_ALLOCATE|[EXTERNAL]|Bytes:5
15:24:20.0 (1897293)|SYSTEM_MODE_EXIT|false
15:24:20.0 (1907052)|METHOD_EXIT|[1]|CompensationController
15:24:20.0 (1912281)|HEAP_ALLOCATE|[EXTERNAL]|Bytes:3
15:24:20.0 (1920772)|SYSTEM_MODE_ENTER|false
15:24:20.0 (1928364)|VARIABLE_SCOPE_BEGIN|[3]|filter|String|false|false
15:24:20.0 (1949842)|VARIABLE_ASSIGNMENT|[3]|filter|"all"
15:24:20.0 (1963956)|HEAP_ALLOCATE|[4]|Bytes:5
15:24:20.0 (1968981)|STATEMENT_EXECUTE|[3]
15:24:20.0 (1970821)|STATEMENT_EXECUTE|[4]
15:24:20.0 (2075446)|HEAP_ALLOCATE|[4]|Bytes:4
15:24:20.0 (2150724)|VARIABLE_SCOPE_BEGIN|[4]|compensations|List<Compensation__c>|true|false
15:24:20.0 (2162371)|HEAP_ALLOCATE|[EXTERNAL]|Bytes:4
15:24:20.0 (2175495)|VARIABLE_ASSIGNMENT|[4]|compensations|[]|0x71517bee
15:24:20.0 (2183229)|HEAP_ALLOCATE|[5]|Bytes:3
15:24:20.0 (2210794)|STATEMENT_EXECUTE|[5]
15:24:20.0 (2213063)|STATEMENT_EXECUTE|[6]
15:24:20.0 (2215562)|HEAP_ALLOCATE|[6]|Bytes:161
15:24:20.0 (2232644)|HEAP_ALLOCATE|[6]|Bytes:4
15:24:20.0 (2902451)|SOQL_EXECUTE_BEGIN|[6]|Aggregations:0|SELECT Employee__r.Name, Employee__r.birthdate, job_category__c, RecordType.Name, amount__c, location__c, office__c, submitted__c, status__c FROM Compensation__c
15:24:20.0 (12081292)|SOQL_EXECUTE_END|[6]|Rows:232
15:24:20.0 (12117925)|HEAP_ALLOCATE|[6]|Bytes:932
15:24:20.0 (12751326)|HEAP_ALLOCATE|[6]|Bytes:62649
15:24:20.0 (12806190)|HEAP_ALLOCATE|[6]|Bytes:932
15:24:20.0 (12845131)|VARIABLE_ASSIGNMENT|[6]|compensations|"List of size 232 too large to display"|0x302fc9b7
15:24:20.0 (12855404)|STATEMENT_EXECUTE|[17]
15:24:20.0 (12868746)|SYSTEM_MODE_EXIT|false
15:24:20.12 (12894247)|CUMULATIVE_LIMIT_USAGE
15:24:20.12 (12894247)|LIMIT_USAGE_FOR_NS|(default)|
  Number of SOQL queries: 1 out of 100
  Number of query rows: 232 out of 50000
  Number of SOSL queries: 0 out of 20
  Number of DML statements: 0 out of 150
  Number of DML rows: 0 out of 10000
  Maximum CPU time: 0 out of 10000
  Maximum heap size: 0 out of 6000000
  Number of callouts: 0 out of 100
  Number of Email Invocations: 0 out of 10
  Number of future calls: 0 out of 50
  Number of queueable jobs added to the queue: 0 out of 50
  Number of Mobile Apex push calls: 0 out of 10

15:24:20.12 (12894247)|CUMULATIVE_LIMIT_USAGE_END

15:24:20.0 (12926073)|CODE_UNIT_FINISHED|CompensationController.getCompensations
15:24:20.0 (16325513)|CODE_UNIT_FINISHED|Aura
15:24:20.0 (17530601)|EXECUTION_FINISHED
