42.0 APEX_CODE,FINEST;APEX_PROFILING,INFO;CALLOUT,INFO;DB,INFO;SYSTEM,DEBUG;VALIDATION,INFO;VISUALFORCE,INFO;WAVE,INFO;WORKFLOW,INFO
14:58:49.0 (750800)|USER_INFO|[EXTERNAL]|005f4000001iPIc|lrodriguez-onboarding@altimetrik.com|Argentine Time|GMT-03:00
14:58:49.0 (799214)|EXECUTION_STARTED
14:58:49.0 (803313)|CODE_UNIT_STARTED|[EXTERNAL]|01pf400000ARlF6|CompSubCantBeModOrDelTrigrTest.testDataSetup
14:58:49.0 (1044798)|HEAP_ALLOCATE|[72]|Bytes:3
14:58:49.0 (1105946)|HEAP_ALLOCATE|[77]|Bytes:152
14:58:49.0 (1123383)|HEAP_ALLOCATE|[342]|Bytes:408
14:58:49.0 (1137000)|HEAP_ALLOCATE|[355]|Bytes:408
14:58:49.0 (1148819)|HEAP_ALLOCATE|[467]|Bytes:48
14:58:49.0 (1176204)|HEAP_ALLOCATE|[139]|Bytes:6
14:58:49.0 (1197543)|HEAP_ALLOCATE|[EXTERNAL]|Bytes:173
14:58:49.0 (1244826)|METHOD_ENTRY|[2]|01pf400000ARlF6|CompSubCantBeModOrDelTrigrTest.CompSubCantBeModOrDelTrigrTest()
14:58:49.0 (1252246)|STATEMENT_EXECUTE|[2]
14:58:49.0 (1256675)|STATEMENT_EXECUTE|[2]
14:58:49.0 (1261289)|METHOD_EXIT|[2]|CompSubCantBeModOrDelTrigrTest
14:58:49.0 (1443985)|HEAP_ALLOCATE|[50]|Bytes:5
14:58:49.0 (1474241)|HEAP_ALLOCATE|[56]|Bytes:5
14:58:49.0 (1486002)|HEAP_ALLOCATE|[64]|Bytes:7
14:58:49.0 (1533637)|STATEMENT_EXECUTE|[4]
14:58:49.0 (1535625)|STATEMENT_EXECUTE|[5]
14:58:49.0 (1580231)|HEAP_ALLOCATE|[5]|Bytes:4
14:58:49.0 (1661756)|HEAP_ALLOCATE|[5]|Bytes:4
14:58:49.0 (1714253)|VARIABLE_ASSIGNMENT|[5]|this.LastName|"Diaz"|0x15d64975
14:58:49.0 (1744414)|VARIABLE_SCOPE_BEGIN|[5]|c|Contact|true|false
14:58:49.0 (1898307)|VARIABLE_ASSIGNMENT|[5]|c|{"LastName":"Diaz"}|0x15d64975
14:58:49.0 (1904784)|STATEMENT_EXECUTE|[6]
14:58:49.0 (1930263)|HEAP_ALLOCATE|[6]|Bytes:8
14:58:49.0 (1938838)|DML_BEGIN|[6]|Op:Insert|Type:Contact|Rows:1
14:58:49.0 (1966009)|HEAP_ALLOCATE|[EXTERNAL]|Bytes:8
14:58:49.0 (12926107)|CODE_UNIT_STARTED|[EXTERNAL]|DuplicateDetector
14:58:49.0 (12951959)|DUPLICATE_DETECTION_BEGIN
14:58:49.0 (13773486)|DUPLICATE_DETECTION_RULE_INVOCATION|DuplicateRuleId:0Bmf40000038BIj|DuplicateRuleName:Standard Contact Duplicate Rule|DmlType:INSERT
14:58:49.0 (53599455)|DUPLICATE_DETECTION_MATCH_INVOCATION_DETAILS|EntityType:Contact|ActionTaken:Allow_[Alert,Report]|DuplicateRecordIds:
14:58:49.0 (53630801)|DUPLICATE_DETECTION_MATCH_INVOCATION_SUMMARY|EntityType:Contact|NumRecordsToBeSaved:1|NumRecordsToBeSavedWithDuplicates:0|NumDuplicateRecordsFound:0
14:58:49.0 (53642162)|DUPLICATE_DETECTION_MATCH_INVOCATION_DETAILS|EntityType:Contact|ActionTaken:Allow_[Alert,Report]|DuplicateRecordIds:
14:58:49.0 (53650691)|DUPLICATE_DETECTION_MATCH_INVOCATION_SUMMARY|EntityType:Contact|NumRecordsToBeSaved:1|NumRecordsToBeSavedWithDuplicates:0|NumDuplicateRecordsFound:0
14:58:49.0 (53808639)|DUPLICATE_DETECTION_END
14:58:49.0 (53816224)|CODE_UNIT_FINISHED|DuplicateDetector
14:58:49.0 (86581416)|DML_END|[6]
14:58:49.0 (86609070)|STATEMENT_EXECUTE|[8]
14:58:49.0 (86707456)|HEAP_ALLOCATE|[8]|Bytes:4
14:58:49.0 (86777285)|VARIABLE_SCOPE_BEGIN|[8]|comp_list|List<Compensation__c>|true|false
14:58:49.0 (86792130)|HEAP_ALLOCATE|[EXTERNAL]|Bytes:4
14:58:49.0 (86809416)|VARIABLE_ASSIGNMENT|[8]|comp_list|[]|0x79fb0763
14:58:49.0 (86819232)|STATEMENT_EXECUTE|[9]
14:58:49.0 (86825074)|VARIABLE_SCOPE_BEGIN|[9]|i|Integer|false|false
14:58:49.0 (86834257)|HEAP_ALLOCATE|[9]|Bytes:4
14:58:49.0 (86849245)|VARIABLE_ASSIGNMENT|[9]|i|0
14:58:49.0 (86857216)|STATEMENT_EXECUTE|[9]
14:58:49.0 (86858885)|STATEMENT_EXECUTE|[10]
14:58:49.0 (86876617)|HEAP_ALLOCATE|[10]|Bytes:4
14:58:49.0 (87005517)|VARIABLE_ASSIGNMENT|[10]|this.Employee__c|"003f400000KXzEJAA1"|0x9e2d68f
14:58:49.0 (87016854)|HEAP_ALLOCATE|[10]|Bytes:4
14:58:49.0 (87080007)|HEAP_ALLOCATE|[10]|Bytes:1
14:58:49.0 (87100747)|HEAP_ALLOCATE|[10]|Bytes:5
14:58:49.0 (87125582)|VARIABLE_ASSIGNMENT|[10]|this.Name|"test0"|0x9e2d68f
14:58:49.0 (87133388)|HEAP_ALLOCATE|[11]|Bytes:6
14:58:49.0 (87150776)|VARIABLE_ASSIGNMENT|[10]|this.Job_Category__c|"Junior"|0x9e2d68f
14:58:49.0 (87157616)|HEAP_ALLOCATE|[11]|Bytes:5
14:58:49.0 (87171501)|VARIABLE_ASSIGNMENT|[10]|this.Location__c|"India"|0x9e2d68f
14:58:49.0 (87206670)|HEAP_ALLOCATE|[EXTERNAL]|Bytes:4
14:58:49.0 (87217364)|HEAP_ALLOCATE|[9]|Bytes:4
14:58:49.0 (87225606)|VARIABLE_ASSIGNMENT|[9]|i|1
14:58:49.0 (87232667)|STATEMENT_EXECUTE|[9]
14:58:49.0 (87234346)|STATEMENT_EXECUTE|[10]
14:58:49.0 (87248789)|HEAP_ALLOCATE|[10]|Bytes:4
14:58:49.0 (87275442)|VARIABLE_ASSIGNMENT|[10]|this.Employee__c|"003f400000KXzEJAA1"|0x7b35711c
14:58:49.0 (87292848)|HEAP_ALLOCATE|[10]|Bytes:1
14:58:49.0 (87303458)|HEAP_ALLOCATE|[10]|Bytes:5
14:58:49.0 (87318305)|VARIABLE_ASSIGNMENT|[10]|this.Name|"test1"|0x7b35711c
14:58:49.0 (87333062)|VARIABLE_ASSIGNMENT|[10]|this.Job_Category__c|"Junior"|0x7b35711c
14:58:49.0 (87346081)|VARIABLE_ASSIGNMENT|[10]|this.Location__c|"India"|0x7b35711c
14:58:49.0 (87359968)|HEAP_ALLOCATE|[EXTERNAL]|Bytes:4
14:58:49.0 (87366281)|HEAP_ALLOCATE|[9]|Bytes:4
14:58:49.0 (87373344)|VARIABLE_ASSIGNMENT|[9]|i|2
14:58:49.0 (87379183)|STATEMENT_EXECUTE|[9]
14:58:49.0 (87380760)|STATEMENT_EXECUTE|[10]
14:58:49.0 (87391863)|HEAP_ALLOCATE|[10]|Bytes:4
14:58:49.0 (87413546)|VARIABLE_ASSIGNMENT|[10]|this.Employee__c|"003f400000KXzEJAA1"|0x49b7135f
14:58:49.0 (87429801)|HEAP_ALLOCATE|[10]|Bytes:1
14:58:49.0 (87439535)|HEAP_ALLOCATE|[10]|Bytes:5
14:58:49.0 (87452770)|VARIABLE_ASSIGNMENT|[10]|this.Name|"test2"|0x49b7135f
14:58:49.0 (87465924)|VARIABLE_ASSIGNMENT|[10]|this.Job_Category__c|"Junior"|0x49b7135f
14:58:49.0 (87479226)|VARIABLE_ASSIGNMENT|[10]|this.Location__c|"India"|0x49b7135f
14:58:49.0 (87490834)|HEAP_ALLOCATE|[EXTERNAL]|Bytes:4
14:58:49.0 (87497517)|HEAP_ALLOCATE|[9]|Bytes:4
14:58:49.0 (87503750)|VARIABLE_ASSIGNMENT|[9]|i|3
14:58:49.0 (87509008)|STATEMENT_EXECUTE|[9]
14:58:49.0 (87510653)|STATEMENT_EXECUTE|[10]
14:58:49.0 (87520718)|HEAP_ALLOCATE|[10]|Bytes:4
14:58:49.0 (87541389)|VARIABLE_ASSIGNMENT|[10]|this.Employee__c|"003f400000KXzEJAA1"|0x66963eae
14:58:49.0 (87556395)|HEAP_ALLOCATE|[10]|Bytes:1
14:58:49.0 (87565843)|HEAP_ALLOCATE|[10]|Bytes:5
14:58:49.0 (87578588)|VARIABLE_ASSIGNMENT|[10]|this.Name|"test3"|0x66963eae
14:58:49.0 (87591228)|VARIABLE_ASSIGNMENT|[10]|this.Job_Category__c|"Junior"|0x66963eae
14:58:49.0 (87604380)|VARIABLE_ASSIGNMENT|[10]|this.Location__c|"India"|0x66963eae
14:58:49.0 (87615837)|HEAP_ALLOCATE|[EXTERNAL]|Bytes:4
14:58:49.0 (87622327)|HEAP_ALLOCATE|[9]|Bytes:4
14:58:49.0 (87628534)|VARIABLE_ASSIGNMENT|[9]|i|4
14:58:49.0 (87633728)|STATEMENT_EXECUTE|[9]
14:58:49.0 (87635314)|STATEMENT_EXECUTE|[10]
14:58:49.0 (87645283)|HEAP_ALLOCATE|[10]|Bytes:4
14:58:49.0 (87665865)|VARIABLE_ASSIGNMENT|[10]|this.Employee__c|"003f400000KXzEJAA1"|0x66c7764b
14:58:49.0 (87681098)|HEAP_ALLOCATE|[10]|Bytes:1
14:58:49.0 (87696019)|HEAP_ALLOCATE|[10]|Bytes:5
14:58:49.0 (87710015)|VARIABLE_ASSIGNMENT|[10]|this.Name|"test4"|0x66c7764b
14:58:49.0 (87723822)|VARIABLE_ASSIGNMENT|[10]|this.Job_Category__c|"Junior"|0x66c7764b
14:58:49.0 (87736248)|VARIABLE_ASSIGNMENT|[10]|this.Location__c|"India"|0x66c7764b
14:58:49.0 (87747754)|HEAP_ALLOCATE|[EXTERNAL]|Bytes:4
14:58:49.0 (87754329)|HEAP_ALLOCATE|[9]|Bytes:4
14:58:49.0 (87760381)|VARIABLE_ASSIGNMENT|[9]|i|5
14:58:49.0 (87765006)|STATEMENT_EXECUTE|[9]
14:58:49.0 (87767132)|STATEMENT_EXECUTE|[10]
14:58:49.0 (87777238)|HEAP_ALLOCATE|[10]|Bytes:4
14:58:49.0 (87797959)|VARIABLE_ASSIGNMENT|[10]|this.Employee__c|"003f400000KXzEJAA1"|0x362a461e
14:58:49.0 (87813363)|HEAP_ALLOCATE|[10]|Bytes:1
14:58:49.0 (87822860)|HEAP_ALLOCATE|[10]|Bytes:5
14:58:49.0 (87840340)|VARIABLE_ASSIGNMENT|[10]|this.Name|"test5"|0x362a461e
14:58:49.0 (87857370)|VARIABLE_ASSIGNMENT|[10]|this.Job_Category__c|"Junior"|0x362a461e
14:58:49.0 (87877715)|VARIABLE_ASSIGNMENT|[10]|this.Location__c|"India"|0x362a461e
14:58:49.0 (87894141)|HEAP_ALLOCATE|[EXTERNAL]|Bytes:4
14:58:49.0 (87900738)|HEAP_ALLOCATE|[9]|Bytes:4
14:58:49.0 (87907343)|VARIABLE_ASSIGNMENT|[9]|i|6
14:58:49.0 (87913161)|STATEMENT_EXECUTE|[9]
14:58:49.0 (87914759)|STATEMENT_EXECUTE|[10]
14:58:49.0 (87926786)|HEAP_ALLOCATE|[10]|Bytes:4
14:58:49.0 (87948398)|VARIABLE_ASSIGNMENT|[10]|this.Employee__c|"003f400000KXzEJAA1"|0x4776966f
14:58:49.0 (87965014)|HEAP_ALLOCATE|[10]|Bytes:1
14:58:49.0 (87974950)|HEAP_ALLOCATE|[10]|Bytes:5
14:58:49.0 (87989018)|VARIABLE_ASSIGNMENT|[10]|this.Name|"test6"|0x4776966f
14:58:49.0 (88002586)|VARIABLE_ASSIGNMENT|[10]|this.Job_Category__c|"Junior"|0x4776966f
14:58:49.0 (88015409)|VARIABLE_ASSIGNMENT|[10]|this.Location__c|"India"|0x4776966f
14:58:49.0 (88029489)|HEAP_ALLOCATE|[EXTERNAL]|Bytes:4
14:58:49.0 (88036056)|HEAP_ALLOCATE|[9]|Bytes:4
14:58:49.0 (88042769)|VARIABLE_ASSIGNMENT|[9]|i|7
14:58:49.0 (88047896)|STATEMENT_EXECUTE|[9]
14:58:49.0 (88049443)|STATEMENT_EXECUTE|[10]
14:58:49.0 (88059393)|HEAP_ALLOCATE|[10]|Bytes:4
14:58:49.0 (88079838)|VARIABLE_ASSIGNMENT|[10]|this.Employee__c|"003f400000KXzEJAA1"|0x10c2a361
14:58:49.0 (88094709)|HEAP_ALLOCATE|[10]|Bytes:1
14:58:49.0 (88103947)|HEAP_ALLOCATE|[10]|Bytes:5
14:58:49.0 (88116860)|VARIABLE_ASSIGNMENT|[10]|this.Name|"test7"|0x10c2a361
14:58:49.0 (88129630)|VARIABLE_ASSIGNMENT|[10]|this.Job_Category__c|"Junior"|0x10c2a361
14:58:49.0 (88142354)|VARIABLE_ASSIGNMENT|[10]|this.Location__c|"India"|0x10c2a361
14:58:49.0 (88153523)|HEAP_ALLOCATE|[EXTERNAL]|Bytes:4
14:58:49.0 (88160014)|HEAP_ALLOCATE|[9]|Bytes:4
14:58:49.0 (88166012)|VARIABLE_ASSIGNMENT|[9]|i|8
14:58:49.0 (88170640)|STATEMENT_EXECUTE|[9]
14:58:49.0 (88172277)|STATEMENT_EXECUTE|[10]
14:58:49.0 (88181907)|HEAP_ALLOCATE|[10]|Bytes:4
14:58:49.0 (88210584)|VARIABLE_ASSIGNMENT|[10]|this.Employee__c|"003f400000KXzEJAA1"|0x4d6afa1c
14:58:49.0 (88230382)|HEAP_ALLOCATE|[10]|Bytes:1
14:58:49.0 (88240727)|HEAP_ALLOCATE|[10]|Bytes:5
14:58:49.0 (88257934)|VARIABLE_ASSIGNMENT|[10]|this.Name|"test8"|0x4d6afa1c
14:58:49.0 (88271229)|VARIABLE_ASSIGNMENT|[10]|this.Job_Category__c|"Junior"|0x4d6afa1c
14:58:49.0 (88284249)|VARIABLE_ASSIGNMENT|[10]|this.Location__c|"India"|0x4d6afa1c
14:58:49.0 (88296716)|HEAP_ALLOCATE|[EXTERNAL]|Bytes:4
14:58:49.0 (88303232)|HEAP_ALLOCATE|[9]|Bytes:4
14:58:49.0 (88310218)|VARIABLE_ASSIGNMENT|[9]|i|9
14:58:49.0 (88316123)|STATEMENT_EXECUTE|[9]
14:58:49.0 (88317699)|STATEMENT_EXECUTE|[10]
14:58:49.0 (88329241)|HEAP_ALLOCATE|[10]|Bytes:4
14:58:49.0 (88350007)|VARIABLE_ASSIGNMENT|[10]|this.Employee__c|"003f400000KXzEJAA1"|0x29944f19
14:58:49.0 (88365573)|HEAP_ALLOCATE|[10]|Bytes:1
14:58:49.0 (88374902)|HEAP_ALLOCATE|[10]|Bytes:5
14:58:49.0 (88387992)|VARIABLE_ASSIGNMENT|[10]|this.Name|"test9"|0x29944f19
14:58:49.0 (88405257)|VARIABLE_ASSIGNMENT|[10]|this.Job_Category__c|"Junior"|0x29944f19
14:58:49.0 (88418824)|VARIABLE_ASSIGNMENT|[10]|this.Location__c|"India"|0x29944f19
14:58:49.0 (88430414)|HEAP_ALLOCATE|[EXTERNAL]|Bytes:4
14:58:49.0 (88436274)|HEAP_ALLOCATE|[9]|Bytes:4
14:58:49.0 (88442139)|VARIABLE_ASSIGNMENT|[9]|i|10
14:58:49.0 (88448178)|STATEMENT_EXECUTE|[13]
14:58:49.0 (88489730)|DML_BEGIN|[13]|Op:Insert|Type:Compensation__c|Rows:10
14:58:49.0 (88519950)|HEAP_ALLOCATE|[EXTERNAL]|Bytes:44
14:58:49.0 (99319859)|CODE_UNIT_STARTED|[EXTERNAL]|01qf4000000wGad|Compensation_submitted_trigger on Compensation trigger event BeforeInsert
14:58:49.0 (99363413)|HEAP_ALLOCATE|[EXTERNAL]|Bytes:44
14:58:49.0 (99450159)|HEAP_ALLOCATE|[EXTERNAL]|Bytes:4
14:58:49.0 (99462145)|VARIABLE_SCOPE_BEGIN|[1]|this|Compensation_submitted_trigger|true|false
14:58:49.0 (99519109)|VARIABLE_ASSIGNMENT|[1]|this|{}|0x46563959
14:58:49.0 (99569992)|HEAP_ALLOCATE|[EXTERNAL]|Bytes:4
14:58:49.0 (99579236)|VARIABLE_SCOPE_BEGIN|[1]|this|Compensation_submitted_trigger|true|false
14:58:49.0 (99592669)|VARIABLE_ASSIGNMENT|[1]|this|{}|0x46563959
14:58:49.0 (99601041)|STATEMENT_EXECUTE|[1]
14:58:49.0 (99767041)|HEAP_ALLOCATE|[4]|Bytes:5
14:58:49.0 (99799399)|HEAP_ALLOCATE|[4]|Bytes:4
14:58:49.0 (99807613)|VARIABLE_SCOPE_BEGIN|[4]|comp|Compensation__c|true|false
14:58:49.0 (100096996)|VARIABLE_ASSIGNMENT|[4]|comp|{"Employee__c":"003f400000KXzEJAA1","IsDeleted":false,"OwnerId":"005f4000001iPIcAAM","Submitted__c":false,"RecordTypeId":"012f4000000xpkIAAQ","Location__c":"India","Status__c":"NOT SUBMITTED","Job_Category__c":"Junior","Name":"test0"}|0x30d38131
14:58:49.0 (100109056)|STATEMENT_EXECUTE|[4]
14:58:49.0 (100125338)|STATEMENT_EXECUTE|[5]
14:58:49.0 (100138723)|HEAP_ALLOCATE|[4]|Bytes:5
14:58:49.0 (100152740)|HEAP_ALLOCATE|[4]|Bytes:4
14:58:49.0 (100160617)|VARIABLE_SCOPE_BEGIN|[4]|comp|Compensation__c|true|false
14:58:49.0 (100292974)|VARIABLE_ASSIGNMENT|[4]|comp|{"Employee__c":"003f400000KXzEJAA1","IsDeleted":false,"OwnerId":"005f4000001iPIcAAM","Submitted__c":false,"RecordTypeId":"012f4000000xpkIAAQ","Location__c":"India","Status__c":"NOT SUBMITTED","Job_Category__c":"Junior","Name":"test1"}|0x4ff0c3cb
14:58:49.0 (100303774)|STATEMENT_EXECUTE|[4]
14:58:49.0 (100311397)|STATEMENT_EXECUTE|[5]
14:58:49.0 (100321824)|HEAP_ALLOCATE|[4]|Bytes:5
14:58:49.0 (100333261)|HEAP_ALLOCATE|[4]|Bytes:4
14:58:49.0 (100339145)|VARIABLE_SCOPE_BEGIN|[4]|comp|Compensation__c|true|false
14:58:49.0 (100454112)|VARIABLE_ASSIGNMENT|[4]|comp|{"Employee__c":"003f400000KXzEJAA1","IsDeleted":false,"OwnerId":"005f4000001iPIcAAM","Submitted__c":false,"RecordTypeId":"012f4000000xpkIAAQ","Location__c":"India","Status__c":"NOT SUBMITTED","Job_Category__c":"Junior","Name":"test2"}|0x7c9c38f5
14:58:49.0 (100462824)|STATEMENT_EXECUTE|[4]
14:58:49.0 (100468114)|STATEMENT_EXECUTE|[5]
14:58:49.0 (100477308)|HEAP_ALLOCATE|[4]|Bytes:5
14:58:49.0 (100487369)|HEAP_ALLOCATE|[4]|Bytes:4
14:58:49.0 (100492555)|VARIABLE_SCOPE_BEGIN|[4]|comp|Compensation__c|true|false
14:58:49.0 (100616319)|VARIABLE_ASSIGNMENT|[4]|comp|{"Employee__c":"003f400000KXzEJAA1","IsDeleted":false,"OwnerId":"005f4000001iPIcAAM","Submitted__c":false,"RecordTypeId":"012f4000000xpkIAAQ","Location__c":"India","Status__c":"NOT SUBMITTED","Job_Category__c":"Junior","Name":"test3"}|0x7c07a81c
14:58:49.0 (100626301)|STATEMENT_EXECUTE|[4]
14:58:49.0 (100632540)|STATEMENT_EXECUTE|[5]
14:58:49.0 (100641547)|HEAP_ALLOCATE|[4]|Bytes:5
14:58:49.0 (100651731)|HEAP_ALLOCATE|[4]|Bytes:4
14:58:49.0 (100657479)|VARIABLE_SCOPE_BEGIN|[4]|comp|Compensation__c|true|false
14:58:49.0 (100762285)|VARIABLE_ASSIGNMENT|[4]|comp|{"Employee__c":"003f400000KXzEJAA1","IsDeleted":false,"OwnerId":"005f4000001iPIcAAM","Submitted__c":false,"RecordTypeId":"012f4000000xpkIAAQ","Location__c":"India","Status__c":"NOT SUBMITTED","Job_Category__c":"Junior","Name":"test4"}|0x50f174a4
14:58:49.0 (100771143)|STATEMENT_EXECUTE|[4]
14:58:49.0 (100776225)|STATEMENT_EXECUTE|[5]
14:58:49.0 (100783977)|HEAP_ALLOCATE|[4]|Bytes:5
14:58:49.0 (100796698)|HEAP_ALLOCATE|[4]|Bytes:4
14:58:49.0 (100802126)|VARIABLE_SCOPE_BEGIN|[4]|comp|Compensation__c|true|false
14:58:49.0 (100912792)|VARIABLE_ASSIGNMENT|[4]|comp|{"Employee__c":"003f400000KXzEJAA1","IsDeleted":false,"OwnerId":"005f4000001iPIcAAM","Submitted__c":false,"RecordTypeId":"012f4000000xpkIAAQ","Location__c":"India","Status__c":"NOT SUBMITTED","Job_Category__c":"Junior","Name":"test5"}|0x19d60bea
14:58:49.0 (100921006)|STATEMENT_EXECUTE|[4]
14:58:49.0 (100926049)|STATEMENT_EXECUTE|[5]
14:58:49.0 (100933943)|HEAP_ALLOCATE|[4]|Bytes:5
14:58:49.0 (100942868)|HEAP_ALLOCATE|[4]|Bytes:4
14:58:49.0 (100948088)|VARIABLE_SCOPE_BEGIN|[4]|comp|Compensation__c|true|false
14:58:49.0 (101050753)|VARIABLE_ASSIGNMENT|[4]|comp|{"Employee__c":"003f400000KXzEJAA1","IsDeleted":false,"OwnerId":"005f4000001iPIcAAM","Submitted__c":false,"RecordTypeId":"012f4000000xpkIAAQ","Location__c":"India","Status__c":"NOT SUBMITTED","Job_Category__c":"Junior","Name":"test6"}|0x410d3b5
14:58:49.0 (101059912)|STATEMENT_EXECUTE|[4]
14:58:49.0 (101064780)|STATEMENT_EXECUTE|[5]
14:58:49.0 (101072156)|HEAP_ALLOCATE|[4]|Bytes:5
14:58:49.0 (101081250)|HEAP_ALLOCATE|[4]|Bytes:4
14:58:49.0 (101086361)|VARIABLE_SCOPE_BEGIN|[4]|comp|Compensation__c|true|false
14:58:49.0 (101228732)|VARIABLE_ASSIGNMENT|[4]|comp|{"Employee__c":"003f400000KXzEJAA1","IsDeleted":false,"OwnerId":"005f4000001iPIcAAM","Submitted__c":false,"RecordTypeId":"012f4000000xpkIAAQ","Location__c":"India","Status__c":"NOT SUBMITTED","Job_Category__c":"Junior","Name":"test7"}|0x4516dc63
14:58:49.0 (101238064)|STATEMENT_EXECUTE|[4]
14:58:49.0 (101243599)|STATEMENT_EXECUTE|[5]
14:58:49.0 (101252395)|HEAP_ALLOCATE|[4]|Bytes:5
14:58:49.0 (101262427)|HEAP_ALLOCATE|[4]|Bytes:4
14:58:49.0 (101268110)|VARIABLE_SCOPE_BEGIN|[4]|comp|Compensation__c|true|false
14:58:49.0 (101371650)|VARIABLE_ASSIGNMENT|[4]|comp|{"Employee__c":"003f400000KXzEJAA1","IsDeleted":false,"OwnerId":"005f4000001iPIcAAM","Submitted__c":false,"RecordTypeId":"012f4000000xpkIAAQ","Location__c":"India","Status__c":"NOT SUBMITTED","Job_Category__c":"Junior","Name":"test8"}|0x1e99d431
14:58:49.0 (101384220)|STATEMENT_EXECUTE|[4]
14:58:49.0 (101389230)|STATEMENT_EXECUTE|[5]
14:58:49.0 (101396726)|HEAP_ALLOCATE|[4]|Bytes:5
14:58:49.0 (101405709)|HEAP_ALLOCATE|[4]|Bytes:4
14:58:49.0 (101411076)|VARIABLE_SCOPE_BEGIN|[4]|comp|Compensation__c|true|false
14:58:49.0 (101513034)|VARIABLE_ASSIGNMENT|[4]|comp|{"Employee__c":"003f400000KXzEJAA1","IsDeleted":false,"OwnerId":"005f4000001iPIcAAM","Submitted__c":false,"RecordTypeId":"012f4000000xpkIAAQ","Location__c":"India","Status__c":"NOT SUBMITTED","Job_Category__c":"Junior","Name":"test9"}|0x37391553
14:58:49.0 (101521098)|STATEMENT_EXECUTE|[4]
14:58:49.0 (101525860)|STATEMENT_EXECUTE|[5]
14:58:49.0 (101533421)|HEAP_ALLOCATE|[4]|Bytes:5
14:58:49.0 (101543952)|VARIABLE_ASSIGNMENT|[4]|comp|null|
14:58:49.101 (101553906)|CUMULATIVE_LIMIT_USAGE
14:58:49.101 (101553906)|LIMIT_USAGE_FOR_NS|(default)|
  Number of SOQL queries: 0 out of 100
  Number of query rows: 0 out of 50000
  Number of SOSL queries: 0 out of 20
  Number of DML statements: 2 out of 150
  Number of DML rows: 11 out of 10000
  Maximum CPU time: 0 out of 10000
  Maximum heap size: 0 out of 6000000
  Number of callouts: 0 out of 100
  Number of Email Invocations: 0 out of 10
  Number of future calls: 0 out of 50
  Number of queueable jobs added to the queue: 0 out of 50
  Number of Mobile Apex push calls: 0 out of 10

14:58:49.101 (101553906)|CUMULATIVE_LIMIT_USAGE_END

14:58:49.0 (102484549)|CODE_UNIT_FINISHED|Compensation_submitted_trigger on Compensation trigger event BeforeInsert
14:58:49.0 (109955563)|CODE_UNIT_STARTED|[EXTERNAL]|Validation:Compensation:new
14:58:49.0 (109973169)|VALIDATION_RULE|03df4000000tLey|Job_Category_Other
14:58:49.0 (110138473)|VALIDATION_FORMULA|ISPICKVAL(Job_Category__c, 'Other')&&(ISBLANK(Other__c))|Job_Category__c=Junior , Other__c=null
14:58:49.0 (110149541)|VALIDATION_PASS
14:58:49.0 (110284990)|CODE_UNIT_FINISHED|Validation:Compensation:new
14:58:49.0 (110312634)|CODE_UNIT_STARTED|[EXTERNAL]|Validation:Compensation:new
14:58:49.0 (110318914)|VALIDATION_RULE|03df4000000tLey|Job_Category_Other
14:58:49.0 (110419518)|VALIDATION_FORMULA|ISPICKVAL(Job_Category__c, 'Other')&&(ISBLANK(Other__c))|Job_Category__c=Junior , Other__c=null
14:58:49.0 (110426755)|VALIDATION_PASS
14:58:49.0 (110502831)|CODE_UNIT_FINISHED|Validation:Compensation:new
14:58:49.0 (110563283)|CODE_UNIT_STARTED|[EXTERNAL]|Validation:Compensation:new
14:58:49.0 (110570234)|VALIDATION_RULE|03df4000000tLey|Job_Category_Other
14:58:49.0 (110686794)|VALIDATION_FORMULA|ISPICKVAL(Job_Category__c, 'Other')&&(ISBLANK(Other__c))|Job_Category__c=Junior , Other__c=null
14:58:49.0 (110693972)|VALIDATION_PASS
14:58:49.0 (110765502)|CODE_UNIT_FINISHED|Validation:Compensation:new
14:58:49.0 (110784640)|CODE_UNIT_STARTED|[EXTERNAL]|Validation:Compensation:new
14:58:49.0 (110790623)|VALIDATION_RULE|03df4000000tLey|Job_Category_Other
14:58:49.0 (110905337)|VALIDATION_FORMULA|ISPICKVAL(Job_Category__c, 'Other')&&(ISBLANK(Other__c))|Job_Category__c=Junior , Other__c=null
14:58:49.0 (110911950)|VALIDATION_PASS
14:58:49.0 (110986852)|CODE_UNIT_FINISHED|Validation:Compensation:new
14:58:49.0 (111004928)|CODE_UNIT_STARTED|[EXTERNAL]|Validation:Compensation:new
14:58:49.0 (111010463)|VALIDATION_RULE|03df4000000tLey|Job_Category_Other
14:58:49.0 (111107817)|VALIDATION_FORMULA|ISPICKVAL(Job_Category__c, 'Other')&&(ISBLANK(Other__c))|Job_Category__c=Junior , Other__c=null
14:58:49.0 (111118771)|VALIDATION_PASS
14:58:49.0 (111191796)|CODE_UNIT_FINISHED|Validation:Compensation:new
14:58:49.0 (111209980)|CODE_UNIT_STARTED|[EXTERNAL]|Validation:Compensation:new
14:58:49.0 (111215556)|VALIDATION_RULE|03df4000000tLey|Job_Category_Other
14:58:49.0 (111308580)|VALIDATION_FORMULA|ISPICKVAL(Job_Category__c, 'Other')&&(ISBLANK(Other__c))|Job_Category__c=Junior , Other__c=null
14:58:49.0 (111315731)|VALIDATION_PASS
14:58:49.0 (111383886)|CODE_UNIT_FINISHED|Validation:Compensation:new
14:58:49.0 (111405995)|CODE_UNIT_STARTED|[EXTERNAL]|Validation:Compensation:new
14:58:49.0 (111410929)|VALIDATION_RULE|03df4000000tLey|Job_Category_Other
14:58:49.0 (111503377)|VALIDATION_FORMULA|ISPICKVAL(Job_Category__c, 'Other')&&(ISBLANK(Other__c))|Job_Category__c=Junior , Other__c=null
14:58:49.0 (111510269)|VALIDATION_PASS
14:58:49.0 (111580434)|CODE_UNIT_FINISHED|Validation:Compensation:new
14:58:49.0 (111601475)|CODE_UNIT_STARTED|[EXTERNAL]|Validation:Compensation:new
14:58:49.0 (111606400)|VALIDATION_RULE|03df4000000tLey|Job_Category_Other
14:58:49.0 (111692285)|VALIDATION_FORMULA|ISPICKVAL(Job_Category__c, 'Other')&&(ISBLANK(Other__c))|Job_Category__c=Junior , Other__c=null
14:58:49.0 (111699004)|VALIDATION_PASS
14:58:49.0 (111767294)|CODE_UNIT_FINISHED|Validation:Compensation:new
14:58:49.0 (111783333)|CODE_UNIT_STARTED|[EXTERNAL]|Validation:Compensation:new
14:58:49.0 (111788256)|VALIDATION_RULE|03df4000000tLey|Job_Category_Other
14:58:49.0 (111880346)|VALIDATION_FORMULA|ISPICKVAL(Job_Category__c, 'Other')&&(ISBLANK(Other__c))|Job_Category__c=Junior , Other__c=null
14:58:49.0 (111886909)|VALIDATION_PASS
14:58:49.0 (111956942)|CODE_UNIT_FINISHED|Validation:Compensation:new
14:58:49.0 (111972772)|CODE_UNIT_STARTED|[EXTERNAL]|Validation:Compensation:new
14:58:49.0 (111977695)|VALIDATION_RULE|03df4000000tLey|Job_Category_Other
14:58:49.0 (112079018)|VALIDATION_FORMULA|ISPICKVAL(Job_Category__c, 'Other')&&(ISBLANK(Other__c))|Job_Category__c=Junior , Other__c=null
14:58:49.0 (112086712)|VALIDATION_PASS
14:58:49.0 (112154701)|CODE_UNIT_FINISHED|Validation:Compensation:new
14:58:49.0 (143961201)|CODE_UNIT_STARTED|[EXTERNAL]|Workflow:01If40000017tCd
14:58:49.0 (148654359)|WF_RULE_EVAL_BEGIN|Workflow
14:58:49.0 (148681702)|WF_CRITERIA_BEGIN|[Compensation: test0 a00f4000007wxrU]|Uruguay_Location_Compensation301f40000002crQ|01Qf4000000nI5L|ON_CREATE_ONLY|0
14:58:49.0 (148762909)|WF_FORMULA|Formula:ENCODED:[treatNullAsNull]true|Values:
14:58:49.0 (148773737)|WF_CRITERIA_END|true
14:58:49.0 (149635278)|WF_CRITERIA_BEGIN|[Compensation: test1 a00f4000007wxrV]|Uruguay_Location_Compensation301f40000002crQ|01Qf4000000nI5L|ON_CREATE_ONLY|0
14:58:49.0 (149666941)|WF_FORMULA|Formula:ENCODED:[treatNullAsNull]true|Values:
14:58:49.0 (149673254)|WF_CRITERIA_END|true
14:58:49.0 (149684852)|WF_CRITERIA_BEGIN|[Compensation: test2 a00f4000007wxrW]|Uruguay_Location_Compensation301f40000002crQ|01Qf4000000nI5L|ON_CREATE_ONLY|0
14:58:49.0 (149701321)|WF_FORMULA|Formula:ENCODED:[treatNullAsNull]true|Values:
14:58:49.0 (149706576)|WF_CRITERIA_END|true
14:58:49.0 (149713367)|WF_CRITERIA_BEGIN|[Compensation: test3 a00f4000007wxrX]|Uruguay_Location_Compensation301f40000002crQ|01Qf4000000nI5L|ON_CREATE_ONLY|0
14:58:49.0 (149727439)|WF_FORMULA|Formula:ENCODED:[treatNullAsNull]true|Values:
14:58:49.0 (149732559)|WF_CRITERIA_END|true
14:58:49.0 (149738724)|WF_CRITERIA_BEGIN|[Compensation: test4 a00f4000007wxrY]|Uruguay_Location_Compensation301f40000002crQ|01Qf4000000nI5L|ON_CREATE_ONLY|0
14:58:49.0 (149752961)|WF_FORMULA|Formula:ENCODED:[treatNullAsNull]true|Values:
14:58:49.0 (149757343)|WF_CRITERIA_END|true
14:58:49.0 (149763582)|WF_CRITERIA_BEGIN|[Compensation: test5 a00f4000007wxrZ]|Uruguay_Location_Compensation301f40000002crQ|01Qf4000000nI5L|ON_CREATE_ONLY|0
14:58:49.0 (149777338)|WF_FORMULA|Formula:ENCODED:[treatNullAsNull]true|Values:
14:58:49.0 (149781398)|WF_CRITERIA_END|true
14:58:49.0 (149789143)|WF_CRITERIA_BEGIN|[Compensation: test6 a00f4000007wxra]|Uruguay_Location_Compensation301f40000002crQ|01Qf4000000nI5L|ON_CREATE_ONLY|0
14:58:49.0 (149802684)|WF_FORMULA|Formula:ENCODED:[treatNullAsNull]true|Values:
14:58:49.0 (149806637)|WF_CRITERIA_END|true
14:58:49.0 (149813604)|WF_CRITERIA_BEGIN|[Compensation: test7 a00f4000007wxrb]|Uruguay_Location_Compensation301f40000002crQ|01Qf4000000nI5L|ON_CREATE_ONLY|0
14:58:49.0 (149828017)|WF_FORMULA|Formula:ENCODED:[treatNullAsNull]true|Values:
14:58:49.0 (149831829)|WF_CRITERIA_END|true
14:58:49.0 (149854133)|WF_CRITERIA_BEGIN|[Compensation: test8 a00f4000007wxrc]|Uruguay_Location_Compensation301f40000002crQ|01Qf4000000nI5L|ON_CREATE_ONLY|0
14:58:49.0 (149870971)|WF_FORMULA|Formula:ENCODED:[treatNullAsNull]true|Values:
14:58:49.0 (149875599)|WF_CRITERIA_END|true
14:58:49.0 (149882257)|WF_CRITERIA_BEGIN|[Compensation: test9 a00f4000007wxrd]|Uruguay_Location_Compensation301f40000002crQ|01Qf4000000nI5L|ON_CREATE_ONLY|0
14:58:49.0 (149896695)|WF_FORMULA|Formula:ENCODED:[treatNullAsNull]true|Values:
14:58:49.0 (149901164)|WF_CRITERIA_END|true
14:58:49.0 (149911703)|WF_SPOOL_ACTION_BEGIN|Workflow
14:58:49.0 (149940311)|WF_ACTION| Flow Trigger: 10;
14:58:49.0 (149945641)|WF_RULE_EVAL_END
14:58:49.0 (150846168)|WF_FLOW_ACTION_BEGIN|09Lf4000000hSfK
14:58:49.150 (150943169)|FLOW_CREATE_INTERVIEW_BEGIN|00Df400000264R3|300f40000005TUu|301f40000002crQ
14:58:49.150 (153344127)|FLOW_CREATE_INTERVIEW_END|37585cdf443150fa7bd43056e3be162f89eac61-100e|Uruguay Location Compensation
14:58:49.0 (153641722)|WF_FLOW_ACTION_BEGIN|09Lf4000000hSfK
14:58:49.153 (153687610)|FLOW_CREATE_INTERVIEW_BEGIN|00Df400000264R3|300f40000005TUu|301f40000002crQ
14:58:49.153 (153716328)|FLOW_CREATE_INTERVIEW_END|37595cdf443150fa7bd43056e3be162f89eac61-100f|Uruguay Location Compensation
14:58:49.0 (153845839)|WF_FLOW_ACTION_BEGIN|09Lf4000000hSfK
14:58:49.153 (153878132)|FLOW_CREATE_INTERVIEW_BEGIN|00Df400000264R3|300f40000005TUu|301f40000002crQ
14:58:49.153 (153901812)|FLOW_CREATE_INTERVIEW_END|37605cdf443150fa7bd43056e3be162f89eac61-1010|Uruguay Location Compensation
14:58:49.0 (154011051)|WF_FLOW_ACTION_BEGIN|09Lf4000000hSfK
14:58:49.154 (154040807)|FLOW_CREATE_INTERVIEW_BEGIN|00Df400000264R3|300f40000005TUu|301f40000002crQ
14:58:49.154 (154062104)|FLOW_CREATE_INTERVIEW_END|37615cdf443150fa7bd43056e3be162f89eac61-1011|Uruguay Location Compensation
14:58:49.0 (154165523)|WF_FLOW_ACTION_BEGIN|09Lf4000000hSfK
14:58:49.154 (154194461)|FLOW_CREATE_INTERVIEW_BEGIN|00Df400000264R3|300f40000005TUu|301f40000002crQ
14:58:49.154 (154214614)|FLOW_CREATE_INTERVIEW_END|37625cdf443150fa7bd43056e3be162f89eac61-1012|Uruguay Location Compensation
14:58:49.0 (154320867)|WF_FLOW_ACTION_BEGIN|09Lf4000000hSfK
14:58:49.154 (154348887)|FLOW_CREATE_INTERVIEW_BEGIN|00Df400000264R3|300f40000005TUu|301f40000002crQ
14:58:49.154 (154369577)|FLOW_CREATE_INTERVIEW_END|37635cdf443150fa7bd43056e3be162f89eac61-1013|Uruguay Location Compensation
14:58:49.0 (154479750)|WF_FLOW_ACTION_BEGIN|09Lf4000000hSfK
14:58:49.154 (154509075)|FLOW_CREATE_INTERVIEW_BEGIN|00Df400000264R3|300f40000005TUu|301f40000002crQ
14:58:49.154 (154530068)|FLOW_CREATE_INTERVIEW_END|37645cdf443150fa7bd43056e3be162f89eac61-1014|Uruguay Location Compensation
14:58:49.0 (154634741)|WF_FLOW_ACTION_BEGIN|09Lf4000000hSfK
14:58:49.154 (154661650)|FLOW_CREATE_INTERVIEW_BEGIN|00Df400000264R3|300f40000005TUu|301f40000002crQ
14:58:49.154 (154682137)|FLOW_CREATE_INTERVIEW_END|37655cdf443150fa7bd43056e3be162f89eac61-1015|Uruguay Location Compensation
14:58:49.0 (154792696)|WF_FLOW_ACTION_BEGIN|09Lf4000000hSfK
14:58:49.154 (154821854)|FLOW_CREATE_INTERVIEW_BEGIN|00Df400000264R3|300f40000005TUu|301f40000002crQ
14:58:49.154 (154848513)|FLOW_CREATE_INTERVIEW_END|37665cdf443150fa7bd43056e3be162f89eac61-1016|Uruguay Location Compensation
14:58:49.0 (154950728)|WF_FLOW_ACTION_BEGIN|09Lf4000000hSfK
14:58:49.154 (154977253)|FLOW_CREATE_INTERVIEW_BEGIN|00Df400000264R3|300f40000005TUu|301f40000002crQ
14:58:49.154 (154997132)|FLOW_CREATE_INTERVIEW_END|37675cdf443150fa7bd43056e3be162f89eac61-1017|Uruguay Location Compensation
14:58:49.155 (155137694)|FLOW_START_INTERVIEWS_BEGIN|10
14:58:49.155 (155159979)|FLOW_START_INTERVIEW_BEGIN|37585cdf443150fa7bd43056e3be162f89eac61-100e|Uruguay Location Compensation
14:58:49.155 (156664757)|FLOW_START_INTERVIEW_END|37585cdf443150fa7bd43056e3be162f89eac61-100e|Uruguay Location Compensation
14:58:49.155 (156678379)|FLOW_START_INTERVIEW_BEGIN|37595cdf443150fa7bd43056e3be162f89eac61-100f|Uruguay Location Compensation
14:58:49.155 (157073631)|FLOW_START_INTERVIEW_END|37595cdf443150fa7bd43056e3be162f89eac61-100f|Uruguay Location Compensation
14:58:49.155 (157085714)|FLOW_START_INTERVIEW_BEGIN|37605cdf443150fa7bd43056e3be162f89eac61-1010|Uruguay Location Compensation
14:58:49.155 (157453790)|FLOW_START_INTERVIEW_END|37605cdf443150fa7bd43056e3be162f89eac61-1010|Uruguay Location Compensation
14:58:49.155 (157464870)|FLOW_START_INTERVIEW_BEGIN|37615cdf443150fa7bd43056e3be162f89eac61-1011|Uruguay Location Compensation
14:58:49.155 (157871413)|FLOW_START_INTERVIEW_END|37615cdf443150fa7bd43056e3be162f89eac61-1011|Uruguay Location Compensation
14:58:49.155 (157886911)|FLOW_START_INTERVIEW_BEGIN|37625cdf443150fa7bd43056e3be162f89eac61-1012|Uruguay Location Compensation
14:58:49.155 (158355400)|FLOW_START_INTERVIEW_END|37625cdf443150fa7bd43056e3be162f89eac61-1012|Uruguay Location Compensation
14:58:49.155 (158367244)|FLOW_START_INTERVIEW_BEGIN|37635cdf443150fa7bd43056e3be162f89eac61-1013|Uruguay Location Compensation
14:58:49.155 (158818725)|FLOW_START_INTERVIEW_END|37635cdf443150fa7bd43056e3be162f89eac61-1013|Uruguay Location Compensation
14:58:49.155 (158831281)|FLOW_START_INTERVIEW_BEGIN|37645cdf443150fa7bd43056e3be162f89eac61-1014|Uruguay Location Compensation
14:58:49.155 (159246803)|FLOW_START_INTERVIEW_END|37645cdf443150fa7bd43056e3be162f89eac61-1014|Uruguay Location Compensation
14:58:49.155 (159259454)|FLOW_START_INTERVIEW_BEGIN|37655cdf443150fa7bd43056e3be162f89eac61-1015|Uruguay Location Compensation
14:58:49.155 (159632776)|FLOW_START_INTERVIEW_END|37655cdf443150fa7bd43056e3be162f89eac61-1015|Uruguay Location Compensation
14:58:49.155 (159643556)|FLOW_START_INTERVIEW_BEGIN|37665cdf443150fa7bd43056e3be162f89eac61-1016|Uruguay Location Compensation
14:58:49.155 (160022387)|FLOW_START_INTERVIEW_END|37665cdf443150fa7bd43056e3be162f89eac61-1016|Uruguay Location Compensation
14:58:49.155 (160033291)|FLOW_START_INTERVIEW_BEGIN|37675cdf443150fa7bd43056e3be162f89eac61-1017|Uruguay Location Compensation
14:58:49.155 (160437228)|FLOW_START_INTERVIEW_END|37675cdf443150fa7bd43056e3be162f89eac61-1017|Uruguay Location Compensation
14:58:49.155 (160449723)|FLOW_START_INTERVIEWS_END|10
14:58:49.0 (161659449)|WF_FLOW_ACTION_END|09Lf4000000hSfK
14:58:49.0 (161667218)|WF_FLOW_ACTION_END|09Lf4000000hSfK
14:58:49.0 (161671098)|WF_FLOW_ACTION_END|09Lf4000000hSfK
14:58:49.0 (161673327)|WF_FLOW_ACTION_END|09Lf4000000hSfK
14:58:49.0 (161676200)|WF_FLOW_ACTION_END|09Lf4000000hSfK
14:58:49.0 (161681738)|WF_FLOW_ACTION_END|09Lf4000000hSfK
14:58:49.0 (161684055)|WF_FLOW_ACTION_END|09Lf4000000hSfK
14:58:49.0 (161686848)|WF_FLOW_ACTION_END|09Lf4000000hSfK
14:58:49.0 (161689034)|WF_FLOW_ACTION_END|09Lf4000000hSfK
14:58:49.0 (161692024)|WF_FLOW_ACTION_END|09Lf4000000hSfK
14:58:49.0 (161809718)|WF_ACTIONS_END| Flow Trigger: 10;
14:58:49.0 (161820067)|CODE_UNIT_FINISHED|Workflow:01If40000017tCd
14:58:49.0 (162720618)|DML_END|[13]
14:58:49.0 (162785625)|HEAP_ALLOCATE|[EXTERNAL]|Bytes:44
14:58:49.162 (162813594)|CUMULATIVE_LIMIT_USAGE
14:58:49.162 (162813594)|LIMIT_USAGE_FOR_NS|(default)|
  Number of SOQL queries: 0 out of 100
  Number of query rows: 0 out of 50000
  Number of SOSL queries: 0 out of 20
  Number of DML statements: 2 out of 150
  Number of DML rows: 11 out of 10000
  Maximum CPU time: 0 out of 10000
  Maximum heap size: 0 out of 6000000
  Number of callouts: 0 out of 100
  Number of Email Invocations: 0 out of 10
  Number of future calls: 0 out of 50
  Number of queueable jobs added to the queue: 0 out of 50
  Number of Mobile Apex push calls: 0 out of 10

14:58:49.162 (162813594)|CUMULATIVE_LIMIT_USAGE_END

14:58:49.0 (162853209)|CODE_UNIT_FINISHED|CompSubCantBeModOrDelTrigrTest.testDataSetup
14:58:49.0 (164147560)|EXECUTION_FINISHED
14:58:49.171 (171171308)|USER_INFO|[EXTERNAL]|005f4000001iPIc|lrodriguez-onboarding@altimetrik.com|Argentine Time|GMT-03:00
14:58:49.171 (171194048)|EXECUTION_STARTED
14:58:49.171 (171197761)|CODE_UNIT_STARTED|[EXTERNAL]|01pf400000ARlF6|CompSubCantBeModOrDelTrigrTest.test_method_beforeUpdate2
14:58:49.171 (171314787)|HEAP_ALLOCATE|[72]|Bytes:3
14:58:49.171 (171344268)|HEAP_ALLOCATE|[77]|Bytes:152
14:58:49.171 (171358695)|HEAP_ALLOCATE|[342]|Bytes:408
14:58:49.171 (171385058)|HEAP_ALLOCATE|[355]|Bytes:408
14:58:49.171 (171397280)|HEAP_ALLOCATE|[467]|Bytes:48
14:58:49.171 (171422873)|HEAP_ALLOCATE|[139]|Bytes:6
14:58:49.171 (171437234)|HEAP_ALLOCATE|[EXTERNAL]|Bytes:173
14:58:49.171 (171446694)|METHOD_ENTRY|[2]|01pf400000ARlF6|CompSubCantBeModOrDelTrigrTest.CompSubCantBeModOrDelTrigrTest()
14:58:49.171 (171453244)|STATEMENT_EXECUTE|[2]
14:58:49.171 (171458137)|STATEMENT_EXECUTE|[2]
14:58:49.171 (171461895)|METHOD_EXIT|[2]|CompSubCantBeModOrDelTrigrTest
14:58:49.171 (171600351)|HEAP_ALLOCATE|[50]|Bytes:5
14:58:49.171 (171621113)|HEAP_ALLOCATE|[56]|Bytes:5
14:58:49.171 (171629155)|HEAP_ALLOCATE|[64]|Bytes:7
14:58:49.171 (171664153)|STATEMENT_EXECUTE|[43]
14:58:49.171 (171666462)|STATEMENT_EXECUTE|[45]
14:58:49.171 (171669345)|HEAP_ALLOCATE|[45]|Bytes:36
14:58:49.171 (171684723)|HEAP_ALLOCATE|[45]|Bytes:4
14:58:49.171 (171813302)|SOQL_EXECUTE_BEGIN|[45]|Aggregations:0|SELECT Id, Name FROM Contact LIMIT 2
14:58:49.171 (178965839)|SOQL_EXECUTE_END|[45]|Rows:1
14:58:49.171 (178995674)|HEAP_ALLOCATE|[45]|Bytes:8
14:58:49.171 (179009594)|HEAP_ALLOCATE|[45]|Bytes:41
14:58:49.171 (179074963)|HEAP_ALLOCATE|[45]|Bytes:8
14:58:49.171 (179094278)|VARIABLE_SCOPE_BEGIN|[45]|contacts|List<Contact>|true|false
14:58:49.171 (179136254)|VARIABLE_ASSIGNMENT|[45]|contacts|[{"Id":"003f400000KXzEJAA1","Name":"Diaz"}]|0x59b4af58
14:58:49.171 (179144928)|STATEMENT_EXECUTE|[48]
14:58:49.171 (179172195)|HEAP_ALLOCATE|[48]|Bytes:4
14:58:49.171 (179190763)|HEAP_ALLOCATE|[48]|Bytes:13
14:58:49.171 (179226290)|VARIABLE_ASSIGNMENT|[48]|this.Name|"testingComp22"|0x24afef8a
14:58:49.171 (179257496)|HEAP_ALLOCATE|[49]|Bytes:12
14:58:49.171 (179294771)|VARIABLE_ASSIGNMENT|[48]|this.Employee__c|"003f400000KXzEJAA1"|0x24afef8a
14:58:49.171 (179303412)|HEAP_ALLOCATE|[50]|Bytes:5
14:58:49.171 (179320066)|VARIABLE_ASSIGNMENT|[48]|this.Location__c|"India"|0x24afef8a
14:58:49.171 (179326704)|HEAP_ALLOCATE|[51]|Bytes:6
14:58:49.171 (179340055)|VARIABLE_ASSIGNMENT|[48]|this.Job_Category__c|"Junior"|0x24afef8a
14:58:49.171 (179359445)|VARIABLE_ASSIGNMENT|[48]|this.Submitted__c|true|0x24afef8a
14:58:49.171 (179387516)|VARIABLE_SCOPE_BEGIN|[48]|comp|Compensation__c|true|false
14:58:49.171 (179405777)|VARIABLE_ASSIGNMENT|[48]|comp|{"Name":"testingComp22","Employee__c":"003f400000KXzEJAA1","Location__c":"India","Job_Category__c":"Junior","Submitted__c":true}|0x24afef8a
14:58:49.171 (179413006)|STATEMENT_EXECUTE|[53]
14:58:49.171 (179438569)|HEAP_ALLOCATE|[53]|Bytes:8
14:58:49.171 (179446179)|DML_BEGIN|[53]|Op:Insert|Type:Compensation__c|Rows:1
14:58:49.171 (179475048)|HEAP_ALLOCATE|[EXTERNAL]|Bytes:8
14:58:49.171 (181505681)|CODE_UNIT_STARTED|[EXTERNAL]|01qf4000000wGad|Compensation_submitted_trigger on Compensation trigger event BeforeInsert
14:58:49.171 (181544084)|HEAP_ALLOCATE|[EXTERNAL]|Bytes:8
14:58:49.171 (181592582)|HEAP_ALLOCATE|[EXTERNAL]|Bytes:4
14:58:49.171 (181601559)|VARIABLE_SCOPE_BEGIN|[1]|this|Compensation_submitted_trigger|true|false
14:58:49.171 (181626617)|VARIABLE_ASSIGNMENT|[1]|this|{}|0x6e63a963
14:58:49.171 (181660921)|HEAP_ALLOCATE|[EXTERNAL]|Bytes:4
14:58:49.171 (181667978)|VARIABLE_SCOPE_BEGIN|[1]|this|Compensation_submitted_trigger|true|false
14:58:49.171 (181679755)|VARIABLE_ASSIGNMENT|[1]|this|{}|0x6e63a963
14:58:49.171 (181687246)|STATEMENT_EXECUTE|[1]
14:58:49.171 (181766511)|HEAP_ALLOCATE|[4]|Bytes:5
14:58:49.171 (181790026)|HEAP_ALLOCATE|[4]|Bytes:4
14:58:49.171 (181798467)|VARIABLE_SCOPE_BEGIN|[4]|comp|Compensation__c|true|false
14:58:49.171 (181984121)|VARIABLE_ASSIGNMENT|[4]|comp|{"Employee__c":"003f400000KXzEJAA1","IsDeleted":false,"OwnerId":"005f4000001iPIcAAM","Submitted__c":true,"RecordTypeId":"012f4000000xpkIAAQ","Location__c":"India","Status__c":"NOT SUBMITTED","Job_Category__c":"Junior","Name":"testingComp22"}|0x71a87203
14:58:49.171 (181997648)|STATEMENT_EXECUTE|[4]
14:58:49.171 (182008202)|STATEMENT_EXECUTE|[5]
14:58:49.171 (182010460)|STATEMENT_EXECUTE|[6]
14:58:49.171 (182014049)|HEAP_ALLOCATE|[6]|Bytes:9
14:58:49.171 (182118294)|VARIABLE_ASSIGNMENT|[6]|this.Status__c|"SUBMITTED"|0x71a87203
14:58:49.171 (182137279)|HEAP_ALLOCATE|[4]|Bytes:5
14:58:49.171 (182151882)|VARIABLE_ASSIGNMENT|[4]|comp|null|
14:58:49.182 (182162398)|CUMULATIVE_LIMIT_USAGE
14:58:49.182 (182162398)|LIMIT_USAGE_FOR_NS|(default)|
  Number of SOQL queries: 1 out of 100
  Number of query rows: 1 out of 50000
  Number of SOSL queries: 0 out of 20
  Number of DML statements: 3 out of 150
  Number of DML rows: 12 out of 10000
  Maximum CPU time: 0 out of 10000
  Maximum heap size: 0 out of 6000000
  Number of callouts: 0 out of 100
  Number of Email Invocations: 0 out of 10
  Number of future calls: 0 out of 50
  Number of queueable jobs added to the queue: 0 out of 50
  Number of Mobile Apex push calls: 0 out of 10

14:58:49.182 (182162398)|CUMULATIVE_LIMIT_USAGE_END

14:58:49.171 (184268542)|CODE_UNIT_FINISHED|Compensation_submitted_trigger on Compensation trigger event BeforeInsert
14:58:49.171 (186376058)|CODE_UNIT_STARTED|[EXTERNAL]|Validation:Compensation:new
14:58:49.171 (186387616)|VALIDATION_RULE|03df4000000tLey|Job_Category_Other
14:58:49.171 (186504167)|VALIDATION_FORMULA|ISPICKVAL(Job_Category__c, 'Other')&&(ISBLANK(Other__c))|Job_Category__c=Junior , Other__c=null
14:58:49.171 (186512392)|VALIDATION_PASS
14:58:49.171 (186613623)|CODE_UNIT_FINISHED|Validation:Compensation:new
14:58:49.171 (195918428)|CODE_UNIT_STARTED|[EXTERNAL]|Workflow:01If40000017tCd
14:58:49.171 (199039936)|WF_RULE_EVAL_BEGIN|Workflow
14:58:49.171 (199062070)|WF_CRITERIA_BEGIN|[Compensation: testingComp22 a00f4000007wxre]|Uruguay_Location_Compensation301f40000002crQ|01Qf4000000nI5L|ON_CREATE_ONLY|0
14:58:49.171 (199111821)|WF_FORMULA|Formula:ENCODED:[treatNullAsNull]true|Values:
14:58:49.171 (199119461)|WF_CRITERIA_END|true
14:58:49.171 (199136653)|WF_SPOOL_ACTION_BEGIN|Workflow
14:58:49.171 (199157574)|WF_ACTION| Flow Trigger: 1;
14:58:49.171 (199162337)|WF_RULE_EVAL_END
14:58:49.171 (199192026)|WF_FLOW_ACTION_BEGIN|09Lf4000000hSfK
14:58:49.199 (199238994)|FLOW_CREATE_INTERVIEW_BEGIN|00Df400000264R3|300f40000005TUu|301f40000002crQ
14:58:49.199 (199284656)|FLOW_CREATE_INTERVIEW_END|37685cdf443150fa7bd43056e3be162f89eac61-1018|Uruguay Location Compensation
14:58:49.199 (199583197)|FLOW_START_INTERVIEWS_BEGIN|1
14:58:49.199 (199600506)|FLOW_START_INTERVIEW_BEGIN|37685cdf443150fa7bd43056e3be162f89eac61-1018|Uruguay Location Compensation
14:58:49.199 (200234576)|FLOW_START_INTERVIEW_END|37685cdf443150fa7bd43056e3be162f89eac61-1018|Uruguay Location Compensation
14:58:49.199 (200252253)|FLOW_START_INTERVIEWS_END|1
14:58:49.171 (200758549)|WF_FLOW_ACTION_END|09Lf4000000hSfK
14:58:49.171 (200843511)|WF_ACTIONS_END| Flow Trigger: 1;
14:58:49.171 (200851666)|CODE_UNIT_FINISHED|Workflow:01If40000017tCd
14:58:49.171 (200977791)|DML_END|[53]
14:58:49.171 (201002919)|STATEMENT_EXECUTE|[56]
14:58:49.171 (201010348)|HEAP_ALLOCATE|[56]|Bytes:84
14:58:49.171 (201030194)|HEAP_ALLOCATE|[56]|Bytes:4
14:58:49.171 (201039170)|HEAP_ALLOCATE|[56]|Bytes:7
14:58:49.171 (201270147)|SOQL_EXECUTE_BEGIN|[56]|Aggregations:0|SELECT Id, Name, Status__c, Job_Category__c FROM Compensation__c WHERE Id = :tmpVar1
14:58:49.171 (210218500)|SOQL_EXECUTE_END|[56]|Rows:1
14:58:49.171 (210252291)|HEAP_ALLOCATE|[56]|Bytes:8
14:58:49.171 (210271974)|HEAP_ALLOCATE|[56]|Bytes:97
14:58:49.171 (210321527)|HEAP_ALLOCATE|[56]|Bytes:8
14:58:49.171 (210339992)|VARIABLE_SCOPE_BEGIN|[56]|fresh_comp|List<Compensation__c>|true|false
14:58:49.171 (210376080)|VARIABLE_ASSIGNMENT|[56]|fresh_comp|[{"Id":"a00f4000007wxreAAA","Name":"testingComp22","Status__c":"SUBMITTED","Job_Category__c":"Junior"}]|0x4390a3f1
14:58:49.171 (210384521)|STATEMENT_EXECUTE|[61]
14:58:49.171 (210391281)|HEAP_ALLOCATE|[61]|Bytes:6
14:58:49.171 (210410345)|HEAP_ALLOCATE|[61]|Bytes:20
14:58:49.171 (210462268)|VARIABLE_ASSIGNMENT|[61]|this.Job_Category__c|"Senior"|0x2372902a
14:58:49.171 (210469624)|STATEMENT_EXECUTE|[62]
14:58:49.171 (210520430)|HEAP_ALLOCATE|[62]|Bytes:63
14:58:49.171 (210535134)|SYSTEM_METHOD_ENTRY|[1]|Test.Test()
14:58:49.171 (210539524)|STATEMENT_EXECUTE|[1]
14:58:49.171 (210548821)|SYSTEM_METHOD_EXIT|[1]|Test
14:58:49.171 (210567457)|METHOD_ENTRY|[62]||System.Test.startTest()
14:58:49.171 (211868799)|METHOD_EXIT|[62]||System.Test.startTest()
14:58:49.171 (211879076)|STATEMENT_EXECUTE|[63]
14:58:49.171 (211890532)|HEAP_ALLOCATE|[63]|Bytes:20
14:58:49.171 (211952916)|HEAP_ALLOCATE|[63]|Bytes:8
14:58:49.171 (211961511)|DML_BEGIN|[63]|Op:Update|Type:Compensation__c|Rows:1
14:58:49.171 (211988206)|HEAP_ALLOCATE|[EXTERNAL]|Bytes:8
14:58:49.171 (218806836)|CODE_UNIT_STARTED|[EXTERNAL]|01qf4000000wGty|CompensationSubmittedCantBeModifiedOrDeleted on Compensation trigger event BeforeUpdate
14:58:49.171 (218852841)|HEAP_ALLOCATE|[EXTERNAL]|Bytes:8
14:58:49.171 (218886443)|HEAP_ALLOCATE|[EXTERNAL]|Bytes:8
14:58:49.171 (218975386)|HEAP_ALLOCATE|[EXTERNAL]|Bytes:4
14:58:49.171 (218987537)|VARIABLE_SCOPE_BEGIN|[1]|this|CompensationSubmittedCantBeModifiedOrDeleted|true|false
14:58:49.171 (219030008)|VARIABLE_ASSIGNMENT|[1]|this|{}|0x60ea7e17
14:58:49.171 (219087365)|HEAP_ALLOCATE|[EXTERNAL]|Bytes:4
14:58:49.171 (219096939)|VARIABLE_SCOPE_BEGIN|[1]|this|CompensationSubmittedCantBeModifiedOrDeleted|true|false
14:58:49.171 (219111817)|VARIABLE_ASSIGNMENT|[1]|this|{}|0x60ea7e17
14:58:49.171 (219120322)|STATEMENT_EXECUTE|[1]
14:58:49.171 (219211412)|HEAP_ALLOCATE|[2]|Bytes:5
14:58:49.171 (219233531)|VARIABLE_SCOPE_BEGIN|[2]|c|Compensation__c|true|false
14:58:49.171 (219464585)|VARIABLE_ASSIGNMENT|[2]|c|{"LastModifiedDate":"2018-04-24T17:58:49.000Z","IsDeleted":false,"Name":"testingComp22","SystemModstamp":"2018-04-24T17:58:49.000Z","Employee__c":"003f400000KXzEJAA1","OwnerId":"005f4000001iPIcAAM","CreatedById":"005f4000001iPIcAAM","Submitted__c":true,"RecordTypeId":"012f4000000xpkIAAQ","CreatedDate":"2018-04-24T17:58:49.000Z","Location__c":"India","Id":"a00f4000007wxreAAA","Status__c":"SUBMITTED","LastModifiedById":"005f4000001iPIcAAM","Job_Category__c":"Junior"}|0x407106c2
14:58:49.171 (219478693)|STATEMENT_EXECUTE|[2]
14:58:49.171 (219502733)|STATEMENT_EXECUTE|[3]
14:58:49.171 (219504603)|STATEMENT_EXECUTE|[4]
14:58:49.171 (219622441)|HEAP_ALLOCATE|[4]|Bytes:54
14:58:49.171 (219712232)|VF_PAGE_MESSAGE|Submitted compensations cannot be modified nor deleted
14:58:49.171 (219735929)|HEAP_ALLOCATE|[2]|Bytes:5
14:58:49.171 (219749813)|VARIABLE_ASSIGNMENT|[2]|c|null|
14:58:49.219 (219759134)|CUMULATIVE_LIMIT_USAGE
14:58:49.219 (219759134)|LIMIT_USAGE_FOR_NS|(default)|
  Number of SOQL queries: 2 out of 100
  Number of query rows: 2 out of 50000
  Number of SOSL queries: 0 out of 20
  Number of DML statements: 3 out of 150
  Number of DML rows: 12 out of 10000
  Maximum CPU time: 0 out of 10000
  Maximum heap size: 0 out of 6000000
  Number of callouts: 0 out of 100
  Number of Email Invocations: 0 out of 10
  Number of future calls: 0 out of 50
  Number of queueable jobs added to the queue: 0 out of 50
  Number of Mobile Apex push calls: 0 out of 10

14:58:49.219 (219759134)|TESTING_LIMITS
14:58:49.219 (219759134)|LIMIT_USAGE_FOR_NS|(default)|
  Number of SOQL queries: 0 out of 100
  Number of query rows: 0 out of 50000
  Number of SOSL queries: 0 out of 20
  Number of DML statements: 1 out of 150
  Number of DML rows: 1 out of 10000
  Maximum CPU time: 0 out of 10000
  Maximum heap size: 0 out of 6000000
  Number of callouts: 0 out of 100
  Number of Email Invocations: 0 out of 10
  Number of future calls: 0 out of 50
  Number of queueable jobs added to the queue: 0 out of 50
  Number of Mobile Apex push calls: 0 out of 10

14:58:49.219 (219759134)|CUMULATIVE_LIMIT_USAGE_END

14:58:49.171 (220851720)|CODE_UNIT_FINISHED|CompensationSubmittedCantBeModifiedOrDeleted on Compensation trigger event BeforeUpdate
14:58:49.171 (221820915)|DML_END|[63]
14:58:49.171 (221888448)|HEAP_ALLOCATE|[63]|Bytes:4
14:58:49.171 (221918521)|VARIABLE_SCOPE_BEGIN|[63]|res|Database.SaveResult|true|false
14:58:49.171 (222117685)|VARIABLE_ASSIGNMENT|[63]|res|{"success":false,"errors":[{"status":"FIELD_CUSTOM_VALIDAT (13 more) ...","message":"Submitted compensati (34 more) ..."}]}|0x402a38ea
14:58:49.171 (222130505)|STATEMENT_EXECUTE|[64]
14:58:49.171 (222151738)|METHOD_ENTRY|[64]||System.Test.stopTest()
14:58:49.171 (222927270)|METHOD_EXIT|[64]||System.Test.stopTest()
14:58:49.171 (222936641)|STATEMENT_EXECUTE|[67]
14:58:49.222 (222996814)|CUMULATIVE_LIMIT_USAGE
14:58:49.222 (222996814)|LIMIT_USAGE_FOR_NS|(default)|
  Number of SOQL queries: 2 out of 100
  Number of query rows: 2 out of 50000
  Number of SOSL queries: 0 out of 20
  Number of DML statements: 3 out of 150
  Number of DML rows: 12 out of 10000
  Maximum CPU time: 0 out of 10000
  Maximum heap size: 0 out of 6000000
  Number of callouts: 0 out of 100
  Number of Email Invocations: 0 out of 10
  Number of future calls: 0 out of 50
  Number of queueable jobs added to the queue: 0 out of 50
  Number of Mobile Apex push calls: 0 out of 10

14:58:49.222 (222996814)|TESTING_LIMITS
14:58:49.222 (222996814)|LIMIT_USAGE_FOR_NS|(default)|
  Number of SOQL queries: 0 out of 100
  Number of query rows: 0 out of 50000
  Number of SOSL queries: 0 out of 20
  Number of DML statements: 1 out of 150
  Number of DML rows: 1 out of 10000
  Maximum CPU time: 0 out of 10000
  Maximum heap size: 0 out of 6000000
  Number of callouts: 0 out of 100
  Number of Email Invocations: 0 out of 10
  Number of future calls: 0 out of 50
  Number of queueable jobs added to the queue: 0 out of 50
  Number of Mobile Apex push calls: 0 out of 10

14:58:49.222 (222996814)|CUMULATIVE_LIMIT_USAGE_END

14:58:49.171 (223049091)|CODE_UNIT_FINISHED|CompSubCantBeModOrDelTrigrTest.test_method_beforeUpdate2
14:58:49.171 (223819956)|EXECUTION_FINISHED
14:58:49.263 (263071835)|USER_INFO|[EXTERNAL]|005f4000001iPIc|lrodriguez-onboarding@altimetrik.com|Argentine Time|GMT-03:00
14:58:49.263 (263100911)|EXECUTION_STARTED
14:58:49.263 (263106931)|CODE_UNIT_STARTED|[EXTERNAL]|01pf400000ARlF6|CompSubCantBeModOrDelTrigrTest.test_method_beforeUpdate1
14:58:49.263 (263254741)|HEAP_ALLOCATE|[72]|Bytes:3
14:58:49.263 (263291668)|HEAP_ALLOCATE|[77]|Bytes:152
14:58:49.263 (263307005)|HEAP_ALLOCATE|[342]|Bytes:408
14:58:49.263 (263321525)|HEAP_ALLOCATE|[355]|Bytes:408
14:58:49.263 (263342506)|HEAP_ALLOCATE|[467]|Bytes:48
14:58:49.263 (263378862)|HEAP_ALLOCATE|[139]|Bytes:6
14:58:49.263 (263398452)|HEAP_ALLOCATE|[EXTERNAL]|Bytes:173
14:58:49.263 (263408838)|METHOD_ENTRY|[2]|01pf400000ARlF6|CompSubCantBeModOrDelTrigrTest.CompSubCantBeModOrDelTrigrTest()
14:58:49.263 (263417968)|STATEMENT_EXECUTE|[2]
14:58:49.263 (263422818)|STATEMENT_EXECUTE|[2]
14:58:49.263 (263426835)|METHOD_EXIT|[2]|CompSubCantBeModOrDelTrigrTest
14:58:49.263 (263598912)|HEAP_ALLOCATE|[50]|Bytes:5
14:58:49.263 (263623234)|HEAP_ALLOCATE|[56]|Bytes:5
14:58:49.263 (263632008)|HEAP_ALLOCATE|[64]|Bytes:7
14:58:49.263 (263669743)|STATEMENT_EXECUTE|[16]
14:58:49.263 (263672617)|STATEMENT_EXECUTE|[18]
14:58:49.263 (263676570)|HEAP_ALLOCATE|[18]|Bytes:36
14:58:49.263 (263695859)|HEAP_ALLOCATE|[18]|Bytes:4
14:58:49.263 (263855593)|SOQL_EXECUTE_BEGIN|[18]|Aggregations:0|SELECT Id, Name FROM Contact LIMIT 2
14:58:49.263 (267414338)|SOQL_EXECUTE_END|[18]|Rows:1
14:58:49.263 (267438143)|HEAP_ALLOCATE|[18]|Bytes:8
14:58:49.263 (267454174)|HEAP_ALLOCATE|[18]|Bytes:41
14:58:49.263 (267504731)|HEAP_ALLOCATE|[18]|Bytes:8
14:58:49.263 (267517689)|VARIABLE_SCOPE_BEGIN|[18]|contacts|List<Contact>|true|false
14:58:49.263 (267562048)|VARIABLE_ASSIGNMENT|[18]|contacts|[{"Id":"003f400000KXzEJAA1","Name":"Diaz"}]|0x91d6e7c
14:58:49.263 (267570611)|STATEMENT_EXECUTE|[21]
14:58:49.263 (267598193)|HEAP_ALLOCATE|[21]|Bytes:4
14:58:49.263 (267616108)|HEAP_ALLOCATE|[21]|Bytes:13
14:58:49.263 (267651940)|VARIABLE_ASSIGNMENT|[21]|this.Name|"testingComp11"|0x126ba5ea
14:58:49.263 (267671701)|HEAP_ALLOCATE|[22]|Bytes:12
14:58:49.263 (267711287)|VARIABLE_ASSIGNMENT|[21]|this.Employee__c|"003f400000KXzEJAA1"|0x126ba5ea
14:58:49.263 (267718776)|HEAP_ALLOCATE|[23]|Bytes:5
14:58:49.263 (267737861)|VARIABLE_ASSIGNMENT|[21]|this.Location__c|"India"|0x126ba5ea
14:58:49.263 (267744754)|HEAP_ALLOCATE|[24]|Bytes:6
14:58:49.263 (267757239)|VARIABLE_ASSIGNMENT|[21]|this.Job_Category__c|"Junior"|0x126ba5ea
14:58:49.263 (267774655)|VARIABLE_ASSIGNMENT|[21]|this.Submitted__c|false|0x126ba5ea
14:58:49.263 (267803808)|VARIABLE_SCOPE_BEGIN|[21]|comp|Compensation__c|true|false
14:58:49.263 (267821649)|VARIABLE_ASSIGNMENT|[21]|comp|{"Name":"testingComp11","Employee__c":"003f400000KXzEJAA1","Location__c":"India","Job_Category__c":"Junior","Submitted__c":false}|0x126ba5ea
14:58:49.263 (267829187)|STATEMENT_EXECUTE|[26]
14:58:49.263 (267856015)|HEAP_ALLOCATE|[26]|Bytes:8
14:58:49.263 (267863742)|DML_BEGIN|[26]|Op:Insert|Type:Compensation__c|Rows:1
14:58:49.263 (267886581)|HEAP_ALLOCATE|[EXTERNAL]|Bytes:8
14:58:49.263 (269882184)|CODE_UNIT_STARTED|[EXTERNAL]|01qf4000000wGad|Compensation_submitted_trigger on Compensation trigger event BeforeInsert
14:58:49.263 (269926321)|HEAP_ALLOCATE|[EXTERNAL]|Bytes:8
14:58:49.263 (269969013)|HEAP_ALLOCATE|[EXTERNAL]|Bytes:4
14:58:49.263 (269976956)|VARIABLE_SCOPE_BEGIN|[1]|this|Compensation_submitted_trigger|true|false
14:58:49.263 (270002236)|VARIABLE_ASSIGNMENT|[1]|this|{}|0xf96dd2c
14:58:49.263 (270037971)|HEAP_ALLOCATE|[EXTERNAL]|Bytes:4
14:58:49.263 (270045868)|VARIABLE_SCOPE_BEGIN|[1]|this|Compensation_submitted_trigger|true|false
14:58:49.263 (270058809)|VARIABLE_ASSIGNMENT|[1]|this|{}|0xf96dd2c
14:58:49.263 (270066246)|STATEMENT_EXECUTE|[1]
14:58:49.263 (270151254)|HEAP_ALLOCATE|[4]|Bytes:5
14:58:49.263 (270176871)|HEAP_ALLOCATE|[4]|Bytes:4
14:58:49.263 (270185818)|VARIABLE_SCOPE_BEGIN|[4]|comp|Compensation__c|true|false
14:58:49.263 (270365941)|VARIABLE_ASSIGNMENT|[4]|comp|{"Employee__c":"003f400000KXzEJAA1","IsDeleted":false,"OwnerId":"005f4000001iPIcAAM","Submitted__c":false,"RecordTypeId":"012f4000000xpkIAAQ","Location__c":"India","Status__c":"NOT SUBMITTED","Job_Category__c":"Junior","Name":"testingComp11"}|0x54c863bb
14:58:49.263 (270377803)|STATEMENT_EXECUTE|[4]
14:58:49.263 (270388516)|STATEMENT_EXECUTE|[5]
14:58:49.263 (270399854)|HEAP_ALLOCATE|[4]|Bytes:5
14:58:49.263 (270413825)|VARIABLE_ASSIGNMENT|[4]|comp|null|
14:58:49.270 (270423810)|CUMULATIVE_LIMIT_USAGE
14:58:49.270 (270423810)|LIMIT_USAGE_FOR_NS|(default)|
  Number of SOQL queries: 1 out of 100
  Number of query rows: 1 out of 50000
  Number of SOSL queries: 0 out of 20
  Number of DML statements: 3 out of 150
  Number of DML rows: 12 out of 10000
  Maximum CPU time: 0 out of 10000
  Maximum heap size: 0 out of 6000000
  Number of callouts: 0 out of 100
  Number of Email Invocations: 0 out of 10
  Number of future calls: 0 out of 50
  Number of queueable jobs added to the queue: 0 out of 50
  Number of Mobile Apex push calls: 0 out of 10

14:58:49.270 (270423810)|CUMULATIVE_LIMIT_USAGE_END

14:58:49.263 (271299416)|CODE_UNIT_FINISHED|Compensation_submitted_trigger on Compensation trigger event BeforeInsert
14:58:49.263 (273444761)|CODE_UNIT_STARTED|[EXTERNAL]|Validation:Compensation:new
14:58:49.263 (273460112)|VALIDATION_RULE|03df4000000tLey|Job_Category_Other
14:58:49.263 (273584580)|VALIDATION_FORMULA|ISPICKVAL(Job_Category__c, 'Other')&&(ISBLANK(Other__c))|Job_Category__c=Junior , Other__c=null
14:58:49.263 (273596452)|VALIDATION_PASS
14:58:49.263 (273703586)|CODE_UNIT_FINISHED|Validation:Compensation:new
14:58:49.263 (282160808)|CODE_UNIT_STARTED|[EXTERNAL]|Workflow:01If40000017tCd
14:58:49.263 (285276472)|WF_RULE_EVAL_BEGIN|Workflow
14:58:49.263 (285299726)|WF_CRITERIA_BEGIN|[Compensation: testingComp11 a00f4000007wxrf]|Uruguay_Location_Compensation301f40000002crQ|01Qf4000000nI5L|ON_CREATE_ONLY|0
14:58:49.263 (285347814)|WF_FORMULA|Formula:ENCODED:[treatNullAsNull]true|Values:
14:58:49.263 (285359091)|WF_CRITERIA_END|true
14:58:49.263 (285378656)|WF_SPOOL_ACTION_BEGIN|Workflow
14:58:49.263 (285400781)|WF_ACTION| Flow Trigger: 1;
14:58:49.263 (285405521)|WF_RULE_EVAL_END
14:58:49.263 (285435480)|WF_FLOW_ACTION_BEGIN|09Lf4000000hSfK
14:58:49.285 (285491361)|FLOW_CREATE_INTERVIEW_BEGIN|00Df400000264R3|300f40000005TUu|301f40000002crQ
14:58:49.285 (285548384)|FLOW_CREATE_INTERVIEW_END|37695cdf443150fa7bd43056e3be162f89eac61-1019|Uruguay Location Compensation
14:58:49.285 (285870804)|FLOW_START_INTERVIEWS_BEGIN|1
14:58:49.285 (285889499)|FLOW_START_INTERVIEW_BEGIN|37695cdf443150fa7bd43056e3be162f89eac61-1019|Uruguay Location Compensation
14:58:49.285 (286454268)|FLOW_START_INTERVIEW_END|37695cdf443150fa7bd43056e3be162f89eac61-1019|Uruguay Location Compensation
14:58:49.285 (286468061)|FLOW_START_INTERVIEWS_END|1
14:58:49.263 (286983317)|WF_FLOW_ACTION_END|09Lf4000000hSfK
14:58:49.263 (287063537)|WF_ACTIONS_END| Flow Trigger: 1;
14:58:49.263 (287071805)|CODE_UNIT_FINISHED|Workflow:01If40000017tCd
14:58:49.263 (287220634)|DML_END|[26]
14:58:49.263 (287243899)|STATEMENT_EXECUTE|[29]
14:58:49.263 (287251621)|HEAP_ALLOCATE|[29]|Bytes:78
14:58:49.263 (287275892)|HEAP_ALLOCATE|[29]|Bytes:4
14:58:49.263 (287286533)|HEAP_ALLOCATE|[29]|Bytes:7
14:58:49.263 (287528239)|SOQL_EXECUTE_BEGIN|[29]|Aggregations:0|SELECT Id, Name, Status__c, Amount__c FROM Compensation__c WHERE Id = :tmpVar1
14:58:49.263 (289694764)|SOQL_EXECUTE_END|[29]|Rows:1
14:58:49.263 (289716810)|HEAP_ALLOCATE|[29]|Bytes:8
14:58:49.263 (289733328)|HEAP_ALLOCATE|[29]|Bytes:76
14:58:49.263 (289772018)|HEAP_ALLOCATE|[29]|Bytes:8
14:58:49.263 (289788728)|VARIABLE_SCOPE_BEGIN|[29]|fresh_comp|List<Compensation__c>|true|false
14:58:49.263 (289831344)|VARIABLE_ASSIGNMENT|[29]|fresh_comp|[{"Id":"a00f4000007wxrfAAA","Name":"testingComp11","Status__c":"NOT SUBMITTED"}]|0x99a2bc
14:58:49.263 (289844075)|STATEMENT_EXECUTE|[34]
14:58:49.263 (289877023)|HEAP_ALLOCATE|[34]|Bytes:28
14:58:49.263 (289894390)|HEAP_ALLOCATE|[34]|Bytes:16
14:58:49.263 (289935374)|HEAP_ALLOCATE|[34]|Bytes:-4
14:58:49.263 (289949495)|VARIABLE_ASSIGNMENT|[34]|this.Amount__c|12345|0x17911af2
14:58:49.263 (289955577)|STATEMENT_EXECUTE|[35]
14:58:49.263 (289972205)|HEAP_ALLOCATE|[35]|Bytes:63
14:58:49.263 (289984864)|SYSTEM_METHOD_ENTRY|[1]|Test.Test()
14:58:49.263 (289989225)|STATEMENT_EXECUTE|[1]
14:58:49.263 (289998306)|SYSTEM_METHOD_EXIT|[1]|Test
14:58:49.263 (290011217)|METHOD_ENTRY|[35]||System.Test.startTest()
14:58:49.263 (291339923)|METHOD_EXIT|[35]||System.Test.startTest()
14:58:49.263 (291353466)|STATEMENT_EXECUTE|[36]
14:58:49.263 (291367126)|HEAP_ALLOCATE|[36]|Bytes:20
14:58:49.263 (291425972)|HEAP_ALLOCATE|[36]|Bytes:8
14:58:49.263 (291436727)|DML_BEGIN|[36]|Op:Update|Type:Compensation__c|Rows:1
14:58:49.263 (291469200)|HEAP_ALLOCATE|[EXTERNAL]|Bytes:8
14:58:49.263 (296667324)|CODE_UNIT_STARTED|[EXTERNAL]|01qf4000000wGty|CompensationSubmittedCantBeModifiedOrDeleted on Compensation trigger event BeforeUpdate
14:58:49.263 (296718527)|HEAP_ALLOCATE|[EXTERNAL]|Bytes:8
14:58:49.263 (296748881)|HEAP_ALLOCATE|[EXTERNAL]|Bytes:8
14:58:49.263 (296807191)|HEAP_ALLOCATE|[EXTERNAL]|Bytes:4
14:58:49.263 (296818758)|VARIABLE_SCOPE_BEGIN|[1]|this|CompensationSubmittedCantBeModifiedOrDeleted|true|false
14:58:49.263 (296850845)|VARIABLE_ASSIGNMENT|[1]|this|{}|0x16e1544f
14:58:49.263 (296887741)|HEAP_ALLOCATE|[EXTERNAL]|Bytes:4
14:58:49.263 (296895106)|VARIABLE_SCOPE_BEGIN|[1]|this|CompensationSubmittedCantBeModifiedOrDeleted|true|false
14:58:49.263 (296909282)|VARIABLE_ASSIGNMENT|[1]|this|{}|0x16e1544f
14:58:49.263 (296916566)|STATEMENT_EXECUTE|[1]
14:58:49.263 (297006614)|HEAP_ALLOCATE|[2]|Bytes:5
14:58:49.263 (297033742)|VARIABLE_SCOPE_BEGIN|[2]|c|Compensation__c|true|false
14:58:49.263 (297237496)|VARIABLE_ASSIGNMENT|[2]|c|{"LastModifiedDate":"2018-04-24T17:58:50.000Z","IsDeleted":false,"Name":"testingComp11","SystemModstamp":"2018-04-24T17:58:50.000Z","Employee__c":"003f400000KXzEJAA1","OwnerId":"005f4000001iPIcAAM","CreatedById":"005f4000001iPIcAAM","Submitted__c":false,"RecordTypeId":"012f4000000xpkIAAQ","CreatedDate":"2018-04-24T17:58:50.000Z","Location__c":"India","Id":"a00f4000007wxrfAAA","Status__c":"NOT SUBMITTED","LastModifiedById":"005f4000001iPIcAAM","Job_Category__c":"Junior"}|0x6656550e
14:58:49.263 (297252056)|STATEMENT_EXECUTE|[2]
14:58:49.263 (297267796)|STATEMENT_EXECUTE|[3]
14:58:49.263 (297279456)|HEAP_ALLOCATE|[2]|Bytes:5
14:58:49.263 (297293355)|VARIABLE_ASSIGNMENT|[2]|c|null|
14:58:49.297 (297303324)|CUMULATIVE_LIMIT_USAGE
14:58:49.297 (297303324)|LIMIT_USAGE_FOR_NS|(default)|
  Number of SOQL queries: 2 out of 100
  Number of query rows: 2 out of 50000
  Number of SOSL queries: 0 out of 20
  Number of DML statements: 3 out of 150
  Number of DML rows: 12 out of 10000
  Maximum CPU time: 0 out of 10000
  Maximum heap size: 0 out of 6000000
  Number of callouts: 0 out of 100
  Number of Email Invocations: 0 out of 10
  Number of future calls: 0 out of 50
  Number of queueable jobs added to the queue: 0 out of 50
  Number of Mobile Apex push calls: 0 out of 10

14:58:49.297 (297303324)|TESTING_LIMITS
14:58:49.297 (297303324)|LIMIT_USAGE_FOR_NS|(default)|
  Number of SOQL queries: 0 out of 100
  Number of query rows: 0 out of 50000
  Number of SOSL queries: 0 out of 20
  Number of DML statements: 1 out of 150
  Number of DML rows: 1 out of 10000
  Maximum CPU time: 0 out of 10000
  Maximum heap size: 0 out of 6000000
  Number of callouts: 0 out of 100
  Number of Email Invocations: 0 out of 10
  Number of future calls: 0 out of 50
  Number of queueable jobs added to the queue: 0 out of 50
  Number of Mobile Apex push calls: 0 out of 10

14:58:49.297 (297303324)|CUMULATIVE_LIMIT_USAGE_END

14:58:49.263 (298251821)|CODE_UNIT_FINISHED|CompensationSubmittedCantBeModifiedOrDeleted on Compensation trigger event BeforeUpdate
14:58:49.263 (299582597)|CODE_UNIT_STARTED|[EXTERNAL]|01qf4000000wGad|Compensation_submitted_trigger on Compensation trigger event BeforeUpdate
14:58:49.263 (299613162)|HEAP_ALLOCATE|[EXTERNAL]|Bytes:8
14:58:49.263 (299620849)|HEAP_ALLOCATE|[EXTERNAL]|Bytes:8
14:58:49.263 (299652447)|HEAP_ALLOCATE|[EXTERNAL]|Bytes:4
14:58:49.263 (299660072)|VARIABLE_SCOPE_BEGIN|[1]|this|Compensation_submitted_trigger|true|false
14:58:49.263 (299679818)|VARIABLE_ASSIGNMENT|[1]|this|{}|0x68da9c62
14:58:49.263 (299710414)|HEAP_ALLOCATE|[EXTERNAL]|Bytes:4
14:58:49.263 (299717336)|VARIABLE_SCOPE_BEGIN|[1]|this|Compensation_submitted_trigger|true|false
14:58:49.263 (299734827)|VARIABLE_ASSIGNMENT|[1]|this|{}|0x68da9c62
14:58:49.263 (299743081)|STATEMENT_EXECUTE|[1]
14:58:49.263 (299807964)|HEAP_ALLOCATE|[4]|Bytes:5
14:58:49.263 (299824617)|HEAP_ALLOCATE|[4]|Bytes:4
14:58:49.263 (299833580)|VARIABLE_SCOPE_BEGIN|[4]|comp|Compensation__c|true|false
14:58:49.263 (300041943)|VARIABLE_ASSIGNMENT|[4]|comp|{"LastModifiedDate":"2018-04-24T17:58:50.000Z","IsDeleted":false,"Name":"testingComp11","SystemModstamp":"2018-04-24T17:58:50.000Z","Employee__c":"003f400000KXzEJAA1","OwnerId":"005f4000001iPIcAAM","CreatedById":"005f4000001iPIcAAM","Amount__c":12345.00,"Submitted__c":false,"RecordTypeId":"012f4000000xpkIAAQ","CreatedDate":"2018-04-24T17:58:50.000Z","Location__c":"India","Id":"a00f4000007wxrfAAA","Status__c":"NOT SUBMITTED","LastModifiedById":"005f4000001iPIcAAM","Job_Category__c":"Junior"}|0x25e77870
14:58:49.263 (300057557)|STATEMENT_EXECUTE|[4]
14:58:49.263 (300069287)|STATEMENT_EXECUTE|[5]
14:58:49.263 (300080635)|HEAP_ALLOCATE|[4]|Bytes:5
14:58:49.263 (300094014)|VARIABLE_ASSIGNMENT|[4]|comp|null|
14:58:49.300 (300103755)|CUMULATIVE_LIMIT_USAGE
14:58:49.300 (300103755)|LIMIT_USAGE_FOR_NS|(default)|
  Number of SOQL queries: 2 out of 100
  Number of query rows: 2 out of 50000
  Number of SOSL queries: 0 out of 20
  Number of DML statements: 3 out of 150
  Number of DML rows: 12 out of 10000
  Maximum CPU time: 0 out of 10000
  Maximum heap size: 0 out of 6000000
  Number of callouts: 0 out of 100
  Number of Email Invocations: 0 out of 10
  Number of future calls: 0 out of 50
  Number of queueable jobs added to the queue: 0 out of 50
  Number of Mobile Apex push calls: 0 out of 10

14:58:49.300 (300103755)|TESTING_LIMITS
14:58:49.300 (300103755)|LIMIT_USAGE_FOR_NS|(default)|
  Number of SOQL queries: 0 out of 100
  Number of query rows: 0 out of 50000
  Number of SOSL queries: 0 out of 20
  Number of DML statements: 1 out of 150
  Number of DML rows: 1 out of 10000
  Maximum CPU time: 0 out of 10000
  Maximum heap size: 0 out of 6000000
  Number of callouts: 0 out of 100
  Number of Email Invocations: 0 out of 10
  Number of future calls: 0 out of 50
  Number of queueable jobs added to the queue: 0 out of 50
  Number of Mobile Apex push calls: 0 out of 10

14:58:49.300 (300103755)|CUMULATIVE_LIMIT_USAGE_END

14:58:49.263 (300974675)|CODE_UNIT_FINISHED|Compensation_submitted_trigger on Compensation trigger event BeforeUpdate
14:58:49.263 (301656572)|CODE_UNIT_STARTED|[EXTERNAL]|Validation:Compensation:a00f4000007wxrf
14:58:49.263 (301667033)|VALIDATION_RULE|03df4000000tLey|Job_Category_Other
14:58:49.263 (301785875)|VALIDATION_FORMULA|ISPICKVAL(Job_Category__c, 'Other')&&(ISBLANK(Other__c))|Job_Category__c=Junior , Other__c=null
14:58:49.263 (301794645)|VALIDATION_PASS
14:58:49.263 (301895011)|CODE_UNIT_FINISHED|Validation:Compensation:a00f4000007wxrf
14:58:49.263 (311602164)|CODE_UNIT_STARTED|[EXTERNAL]|Workflow:01If40000017tCd
14:58:49.263 (314711171)|WF_RULE_EVAL_BEGIN|Workflow
14:58:49.263 (314733954)|WF_CRITERIA_BEGIN|[Compensation: testingComp11 a00f4000007wxrf]|Uruguay_Location_Compensation301f40000002crQ|01Qf4000000nI5L|ON_CREATE_ONLY|0
14:58:49.263 (314745327)|WF_RULE_NOT_EVALUATED
14:58:49.263 (314752137)|WF_SPOOL_ACTION_BEGIN|Workflow
14:58:49.263 (314761096)|WF_ACTION| None
14:58:49.263 (314769189)|WF_RULE_EVAL_END
14:58:49.263 (314864787)|WF_ACTIONS_END| None
14:58:49.263 (314878898)|CODE_UNIT_FINISHED|Workflow:01If40000017tCd
14:58:49.263 (315078689)|DML_END|[36]
14:58:49.263 (315106017)|HEAP_ALLOCATE|[36]|Bytes:4
14:58:49.263 (315136054)|VARIABLE_SCOPE_BEGIN|[36]|res|Database.SaveResult|true|false
14:58:49.263 (315170764)|VARIABLE_ASSIGNMENT|[36]|res|{"success":true,"id":"a00f4000007wxrfAAA"}|0x4fada155
14:58:49.263 (315179111)|STATEMENT_EXECUTE|[37]
14:58:49.263 (315208321)|METHOD_ENTRY|[37]||System.Test.stopTest()
14:58:49.263 (316068051)|METHOD_EXIT|[37]||System.Test.stopTest()
14:58:49.263 (316077593)|STATEMENT_EXECUTE|[40]
14:58:49.316 (316158252)|CUMULATIVE_LIMIT_USAGE
14:58:49.316 (316158252)|LIMIT_USAGE_FOR_NS|(default)|
  Number of SOQL queries: 2 out of 100
  Number of query rows: 2 out of 50000
  Number of SOSL queries: 0 out of 20
  Number of DML statements: 3 out of 150
  Number of DML rows: 12 out of 10000
  Maximum CPU time: 0 out of 10000
  Maximum heap size: 0 out of 6000000
  Number of callouts: 0 out of 100
  Number of Email Invocations: 0 out of 10
  Number of future calls: 0 out of 50
  Number of queueable jobs added to the queue: 0 out of 50
  Number of Mobile Apex push calls: 0 out of 10

14:58:49.316 (316158252)|TESTING_LIMITS
14:58:49.316 (316158252)|LIMIT_USAGE_FOR_NS|(default)|
  Number of SOQL queries: 0 out of 100
  Number of query rows: 0 out of 50000
  Number of SOSL queries: 0 out of 20
  Number of DML statements: 1 out of 150
  Number of DML rows: 1 out of 10000
  Maximum CPU time: 0 out of 10000
  Maximum heap size: 0 out of 6000000
  Number of callouts: 0 out of 100
  Number of Email Invocations: 0 out of 10
  Number of future calls: 0 out of 50
  Number of queueable jobs added to the queue: 0 out of 50
  Number of Mobile Apex push calls: 0 out of 10

14:58:49.316 (316158252)|CUMULATIVE_LIMIT_USAGE_END

14:58:49.263 (316215781)|CODE_UNIT_FINISHED|CompSubCantBeModOrDelTrigrTest.test_method_beforeUpdate1
14:58:49.263 (317027627)|EXECUTION_FINISHED
14:58:49.358 (358923220)|USER_INFO|[EXTERNAL]|005f4000001iPIc|lrodriguez-onboarding@altimetrik.com|Argentine Time|GMT-03:00
14:58:49.358 (358959786)|EXECUTION_STARTED
14:58:49.358 (358965344)|CODE_UNIT_STARTED|[EXTERNAL]|01pf400000ARlF6|CompSubCantBeModOrDelTrigrTest.test_method_beforeDelete1
14:58:49.358 (359152019)|HEAP_ALLOCATE|[72]|Bytes:3
14:58:49.358 (359210353)|HEAP_ALLOCATE|[77]|Bytes:152
14:58:49.358 (359233810)|HEAP_ALLOCATE|[342]|Bytes:408
14:58:49.358 (359257451)|HEAP_ALLOCATE|[355]|Bytes:408
14:58:49.358 (359277829)|HEAP_ALLOCATE|[467]|Bytes:48
14:58:49.358 (359319308)|HEAP_ALLOCATE|[139]|Bytes:6
14:58:49.358 (359344669)|HEAP_ALLOCATE|[EXTERNAL]|Bytes:173
14:58:49.358 (359358913)|METHOD_ENTRY|[2]|01pf400000ARlF6|CompSubCantBeModOrDelTrigrTest.CompSubCantBeModOrDelTrigrTest()
14:58:49.358 (359367339)|STATEMENT_EXECUTE|[2]
14:58:49.358 (359373681)|STATEMENT_EXECUTE|[2]
14:58:49.358 (359380714)|METHOD_EXIT|[2]|CompSubCantBeModOrDelTrigrTest
14:58:49.358 (359542023)|HEAP_ALLOCATE|[50]|Bytes:5
14:58:49.358 (359576269)|HEAP_ALLOCATE|[56]|Bytes:5
14:58:49.358 (359589115)|HEAP_ALLOCATE|[64]|Bytes:7
14:58:49.358 (359639139)|STATEMENT_EXECUTE|[70]
14:58:49.358 (359642323)|STATEMENT_EXECUTE|[72]
14:58:49.358 (359646741)|HEAP_ALLOCATE|[72]|Bytes:36
14:58:49.358 (359677301)|HEAP_ALLOCATE|[72]|Bytes:4
14:58:49.358 (359846730)|SOQL_EXECUTE_BEGIN|[72]|Aggregations:0|SELECT Id, Name FROM Contact LIMIT 2
14:58:49.358 (366022033)|SOQL_EXECUTE_END|[72]|Rows:1
14:58:49.358 (366054856)|HEAP_ALLOCATE|[72]|Bytes:8
14:58:49.358 (366071079)|HEAP_ALLOCATE|[72]|Bytes:41
14:58:49.358 (366151055)|HEAP_ALLOCATE|[72]|Bytes:8
14:58:49.358 (366169499)|VARIABLE_SCOPE_BEGIN|[72]|contacts|List<Contact>|true|false
14:58:49.358 (366213491)|VARIABLE_ASSIGNMENT|[72]|contacts|[{"Id":"003f400000KXzEJAA1","Name":"Diaz"}]|0x326a0018
14:58:49.358 (366221206)|STATEMENT_EXECUTE|[75]
14:58:49.358 (366249728)|HEAP_ALLOCATE|[75]|Bytes:4
14:58:49.358 (366273743)|HEAP_ALLOCATE|[75]|Bytes:13
14:58:49.358 (366315427)|VARIABLE_ASSIGNMENT|[75]|this.Name|"testingComp11"|0x23cfb9f8
14:58:49.358 (366339580)|HEAP_ALLOCATE|[76]|Bytes:12
14:58:49.358 (366381407)|VARIABLE_ASSIGNMENT|[75]|this.Employee__c|"003f400000KXzEJAA1"|0x23cfb9f8
14:58:49.358 (366389753)|HEAP_ALLOCATE|[77]|Bytes:5
14:58:49.358 (366406216)|VARIABLE_ASSIGNMENT|[75]|this.Location__c|"India"|0x23cfb9f8
14:58:49.358 (366413031)|HEAP_ALLOCATE|[78]|Bytes:6
14:58:49.358 (366425922)|VARIABLE_ASSIGNMENT|[75]|this.Job_Category__c|"Junior"|0x23cfb9f8
14:58:49.358 (366444678)|VARIABLE_ASSIGNMENT|[75]|this.Submitted__c|false|0x23cfb9f8
14:58:49.358 (366474858)|VARIABLE_SCOPE_BEGIN|[75]|comp|Compensation__c|true|false
14:58:49.358 (366492940)|VARIABLE_ASSIGNMENT|[75]|comp|{"Name":"testingComp11","Employee__c":"003f400000KXzEJAA1","Location__c":"India","Job_Category__c":"Junior","Submitted__c":false}|0x23cfb9f8
14:58:49.358 (366500275)|STATEMENT_EXECUTE|[80]
14:58:49.358 (366526761)|HEAP_ALLOCATE|[80]|Bytes:8
14:58:49.358 (366534281)|DML_BEGIN|[80]|Op:Insert|Type:Compensation__c|Rows:1
14:58:49.358 (366565019)|HEAP_ALLOCATE|[EXTERNAL]|Bytes:8
14:58:49.358 (368588169)|CODE_UNIT_STARTED|[EXTERNAL]|01qf4000000wGad|Compensation_submitted_trigger on Compensation trigger event BeforeInsert
14:58:49.358 (368625320)|HEAP_ALLOCATE|[EXTERNAL]|Bytes:8
14:58:49.358 (368673803)|HEAP_ALLOCATE|[EXTERNAL]|Bytes:4
14:58:49.358 (368682561)|VARIABLE_SCOPE_BEGIN|[1]|this|Compensation_submitted_trigger|true|false
14:58:49.358 (368707302)|VARIABLE_ASSIGNMENT|[1]|this|{}|0x4c6403f5
14:58:49.358 (368742202)|HEAP_ALLOCATE|[EXTERNAL]|Bytes:4
14:58:49.358 (368749236)|VARIABLE_SCOPE_BEGIN|[1]|this|Compensation_submitted_trigger|true|false
14:58:49.358 (368760730)|VARIABLE_ASSIGNMENT|[1]|this|{}|0x4c6403f5
14:58:49.358 (368768071)|STATEMENT_EXECUTE|[1]
14:58:49.358 (368861313)|HEAP_ALLOCATE|[4]|Bytes:5
14:58:49.358 (368883636)|HEAP_ALLOCATE|[4]|Bytes:4
14:58:49.358 (368893286)|VARIABLE_SCOPE_BEGIN|[4]|comp|Compensation__c|true|false
14:58:49.358 (369135314)|VARIABLE_ASSIGNMENT|[4]|comp|{"Employee__c":"003f400000KXzEJAA1","IsDeleted":false,"OwnerId":"005f4000001iPIcAAM","Submitted__c":false,"RecordTypeId":"012f4000000xpkIAAQ","Location__c":"India","Status__c":"NOT SUBMITTED","Job_Category__c":"Junior","Name":"testingComp11"}|0x3d7ef390
14:58:49.358 (369154370)|STATEMENT_EXECUTE|[4]
14:58:49.358 (369168748)|STATEMENT_EXECUTE|[5]
14:58:49.358 (369185390)|HEAP_ALLOCATE|[4]|Bytes:5
14:58:49.358 (369206761)|VARIABLE_ASSIGNMENT|[4]|comp|null|
14:58:49.369 (369221075)|CUMULATIVE_LIMIT_USAGE
14:58:49.369 (369221075)|LIMIT_USAGE_FOR_NS|(default)|
  Number of SOQL queries: 1 out of 100
  Number of query rows: 1 out of 50000
  Number of SOSL queries: 0 out of 20
  Number of DML statements: 3 out of 150
  Number of DML rows: 12 out of 10000
  Maximum CPU time: 0 out of 10000
  Maximum heap size: 0 out of 6000000
  Number of callouts: 0 out of 100
  Number of Email Invocations: 0 out of 10
  Number of future calls: 0 out of 50
  Number of queueable jobs added to the queue: 0 out of 50
  Number of Mobile Apex push calls: 0 out of 10

14:58:49.369 (369221075)|CUMULATIVE_LIMIT_USAGE_END

14:58:49.358 (370123038)|CODE_UNIT_FINISHED|Compensation_submitted_trigger on Compensation trigger event BeforeInsert
14:58:49.358 (372390520)|CODE_UNIT_STARTED|[EXTERNAL]|Validation:Compensation:new
14:58:49.358 (372402554)|VALIDATION_RULE|03df4000000tLey|Job_Category_Other
14:58:49.358 (372523974)|VALIDATION_FORMULA|ISPICKVAL(Job_Category__c, 'Other')&&(ISBLANK(Other__c))|Job_Category__c=Junior , Other__c=null
14:58:49.358 (372545241)|VALIDATION_PASS
14:58:49.358 (372659022)|CODE_UNIT_FINISHED|Validation:Compensation:new
14:58:49.358 (381741555)|CODE_UNIT_STARTED|[EXTERNAL]|Workflow:01If40000017tCd
14:58:49.358 (384895754)|WF_RULE_EVAL_BEGIN|Workflow
14:58:49.358 (384918473)|WF_CRITERIA_BEGIN|[Compensation: testingComp11 a00f4000007wxrg]|Uruguay_Location_Compensation301f40000002crQ|01Qf4000000nI5L|ON_CREATE_ONLY|0
14:58:49.358 (384964988)|WF_FORMULA|Formula:ENCODED:[treatNullAsNull]true|Values:
14:58:49.358 (384986383)|WF_CRITERIA_END|true
14:58:49.358 (385011295)|WF_SPOOL_ACTION_BEGIN|Workflow
14:58:49.358 (385045295)|WF_ACTION| Flow Trigger: 1;
14:58:49.358 (385052790)|WF_RULE_EVAL_END
14:58:49.358 (385090136)|WF_FLOW_ACTION_BEGIN|09Lf4000000hSfK
14:58:49.385 (385148052)|FLOW_CREATE_INTERVIEW_BEGIN|00Df400000264R3|300f40000005TUu|301f40000002crQ
14:58:49.385 (385194506)|FLOW_CREATE_INTERVIEW_END|37705cdf443150fa7bd43056e3be162f89eac61-101a|Uruguay Location Compensation
14:58:49.385 (385547648)|FLOW_START_INTERVIEWS_BEGIN|1
14:58:49.385 (385566067)|FLOW_START_INTERVIEW_BEGIN|37705cdf443150fa7bd43056e3be162f89eac61-101a|Uruguay Location Compensation
14:58:49.385 (386227422)|FLOW_START_INTERVIEW_END|37705cdf443150fa7bd43056e3be162f89eac61-101a|Uruguay Location Compensation
14:58:49.385 (386242111)|FLOW_START_INTERVIEWS_END|1
14:58:49.358 (386726287)|WF_FLOW_ACTION_END|09Lf4000000hSfK
14:58:49.358 (386841647)|WF_ACTIONS_END| Flow Trigger: 1;
14:58:49.358 (386854431)|CODE_UNIT_FINISHED|Workflow:01If40000017tCd
14:58:49.358 (387037084)|DML_END|[80]
14:58:49.358 (387066346)|STATEMENT_EXECUTE|[83]
14:58:49.358 (387078558)|HEAP_ALLOCATE|[83]|Bytes:78
14:58:49.358 (387114317)|HEAP_ALLOCATE|[83]|Bytes:4
14:58:49.358 (387130386)|HEAP_ALLOCATE|[83]|Bytes:7
14:58:49.358 (387420441)|SOQL_EXECUTE_BEGIN|[83]|Aggregations:0|SELECT Id, Name, Status__c, Amount__c FROM Compensation__c WHERE Id = :tmpVar1
14:58:49.358 (400278252)|SOQL_EXECUTE_END|[83]|Rows:1
14:58:49.358 (400312552)|HEAP_ALLOCATE|[83]|Bytes:8
14:58:49.358 (400330870)|HEAP_ALLOCATE|[83]|Bytes:76
14:58:49.358 (400372075)|HEAP_ALLOCATE|[83]|Bytes:8
14:58:49.358 (400388720)|VARIABLE_SCOPE_BEGIN|[83]|fresh_comp|List<Compensation__c>|true|false
14:58:49.358 (400424868)|VARIABLE_ASSIGNMENT|[83]|fresh_comp|[{"Id":"a00f4000007wxrgAAA","Name":"testingComp11","Status__c":"NOT SUBMITTED"}]|0x7d96713b
14:58:49.358 (400433498)|STATEMENT_EXECUTE|[88]
14:58:49.358 (400455228)|HEAP_ALLOCATE|[88]|Bytes:63
14:58:49.358 (400467769)|SYSTEM_METHOD_ENTRY|[1]|Test.Test()
14:58:49.358 (400472622)|STATEMENT_EXECUTE|[1]
14:58:49.358 (400481471)|SYSTEM_METHOD_EXIT|[1]|Test
14:58:49.358 (400502084)|METHOD_ENTRY|[88]||System.Test.startTest()
14:58:49.358 (401838206)|METHOD_EXIT|[88]||System.Test.startTest()
14:58:49.358 (401849570)|STATEMENT_EXECUTE|[89]
14:58:49.358 (401864554)|HEAP_ALLOCATE|[89]|Bytes:16
14:58:49.358 (401931838)|HEAP_ALLOCATE|[89]|Bytes:8
14:58:49.358 (401943236)|DML_BEGIN|[89]|Op:Delete|Type:Compensation__c|Rows:1
14:58:49.358 (401979391)|HEAP_ALLOCATE|[EXTERNAL]|Bytes:8
14:58:49.358 (407803713)|CODE_UNIT_STARTED|[EXTERNAL]|01qf4000000wGty|CompensationSubmittedCantBeModifiedOrDeleted on Compensation trigger event BeforeDelete
14:58:49.358 (407852239)|HEAP_ALLOCATE|[EXTERNAL]|Bytes:8
14:58:49.358 (407920660)|HEAP_ALLOCATE|[EXTERNAL]|Bytes:4
14:58:49.358 (407932144)|VARIABLE_SCOPE_BEGIN|[1]|this|CompensationSubmittedCantBeModifiedOrDeleted|true|false
14:58:49.358 (407962835)|VARIABLE_ASSIGNMENT|[1]|this|{}|0x37b81304
14:58:49.358 (408001644)|HEAP_ALLOCATE|[EXTERNAL]|Bytes:4
14:58:49.358 (408009711)|VARIABLE_SCOPE_BEGIN|[1]|this|CompensationSubmittedCantBeModifiedOrDeleted|true|false
14:58:49.358 (408024021)|VARIABLE_ASSIGNMENT|[1]|this|{}|0x37b81304
14:58:49.358 (408032372)|STATEMENT_EXECUTE|[1]
14:58:49.358 (408116269)|HEAP_ALLOCATE|[2]|Bytes:5
14:58:49.358 (408139708)|VARIABLE_SCOPE_BEGIN|[2]|c|Compensation__c|true|false
14:58:49.358 (408364599)|VARIABLE_ASSIGNMENT|[2]|c|{"LastModifiedDate":"2018-04-24T17:58:50.000Z","IsDeleted":false,"Name":"testingComp11","SystemModstamp":"2018-04-24T17:58:50.000Z","Employee__c":"003f400000KXzEJAA1","OwnerId":"005f4000001iPIcAAM","CreatedById":"005f4000001iPIcAAM","Submitted__c":false,"RecordTypeId":"012f4000000xpkIAAQ","CreatedDate":"2018-04-24T17:58:50.000Z","Location__c":"India","Id":"a00f4000007wxrgAAA","Status__c":"NOT SUBMITTED","LastModifiedById":"005f4000001iPIcAAM","Job_Category__c":"Junior"}|0x79e9b361
14:58:49.358 (408378820)|STATEMENT_EXECUTE|[2]
14:58:49.358 (408396351)|STATEMENT_EXECUTE|[3]
14:58:49.358 (408407214)|HEAP_ALLOCATE|[2]|Bytes:5
14:58:49.358 (408420420)|VARIABLE_ASSIGNMENT|[2]|c|null|
14:58:49.408 (408430933)|CUMULATIVE_LIMIT_USAGE
14:58:49.408 (408430933)|LIMIT_USAGE_FOR_NS|(default)|
  Number of SOQL queries: 2 out of 100
  Number of query rows: 2 out of 50000
  Number of SOSL queries: 0 out of 20
  Number of DML statements: 3 out of 150
  Number of DML rows: 12 out of 10000
  Maximum CPU time: 0 out of 10000
  Maximum heap size: 0 out of 6000000
  Number of callouts: 0 out of 100
  Number of Email Invocations: 0 out of 10
  Number of future calls: 0 out of 50
  Number of queueable jobs added to the queue: 0 out of 50
  Number of Mobile Apex push calls: 0 out of 10

14:58:49.408 (408430933)|TESTING_LIMITS
14:58:49.408 (408430933)|LIMIT_USAGE_FOR_NS|(default)|
  Number of SOQL queries: 0 out of 100
  Number of query rows: 0 out of 50000
  Number of SOSL queries: 0 out of 20
  Number of DML statements: 1 out of 150
  Number of DML rows: 1 out of 10000
  Maximum CPU time: 0 out of 10000
  Maximum heap size: 0 out of 6000000
  Number of callouts: 0 out of 100
  Number of Email Invocations: 0 out of 10
  Number of future calls: 0 out of 50
  Number of queueable jobs added to the queue: 0 out of 50
  Number of Mobile Apex push calls: 0 out of 10

14:58:49.408 (408430933)|CUMULATIVE_LIMIT_USAGE_END

14:58:49.358 (409328828)|CODE_UNIT_FINISHED|CompensationSubmittedCantBeModifiedOrDeleted on Compensation trigger event BeforeDelete
14:58:49.358 (518131970)|DML_END|[89]
14:58:49.358 (518221750)|HEAP_ALLOCATE|[89]|Bytes:4
14:58:49.358 (518288218)|VARIABLE_SCOPE_BEGIN|[89]|res|Database.DeleteResult|true|false
14:58:49.358 (518499267)|VARIABLE_ASSIGNMENT|[89]|res|"DeleteResult [id=a00f4000007wxrgAAA, success=true, errors=[]]"|0x2690cde
14:58:49.358 (518515055)|STATEMENT_EXECUTE|[90]
14:58:49.358 (518545125)|METHOD_ENTRY|[90]||System.Test.stopTest()
14:58:49.358 (519511133)|METHOD_EXIT|[90]||System.Test.stopTest()
14:58:49.358 (519521250)|STATEMENT_EXECUTE|[93]
14:58:49.519 (519584081)|CUMULATIVE_LIMIT_USAGE
14:58:49.519 (519584081)|LIMIT_USAGE_FOR_NS|(default)|
  Number of SOQL queries: 2 out of 100
  Number of query rows: 2 out of 50000
  Number of SOSL queries: 0 out of 20
  Number of DML statements: 3 out of 150
  Number of DML rows: 12 out of 10000
  Maximum CPU time: 0 out of 10000
  Maximum heap size: 0 out of 6000000
  Number of callouts: 0 out of 100
  Number of Email Invocations: 0 out of 10
  Number of future calls: 0 out of 50
  Number of queueable jobs added to the queue: 0 out of 50
  Number of Mobile Apex push calls: 0 out of 10

14:58:49.519 (519584081)|TESTING_LIMITS
14:58:49.519 (519584081)|LIMIT_USAGE_FOR_NS|(default)|
  Number of SOQL queries: 0 out of 100
  Number of query rows: 0 out of 50000
  Number of SOSL queries: 0 out of 20
  Number of DML statements: 1 out of 150
  Number of DML rows: 1 out of 10000
  Maximum CPU time: 0 out of 10000
  Maximum heap size: 0 out of 6000000
  Number of callouts: 0 out of 100
  Number of Email Invocations: 0 out of 10
  Number of future calls: 0 out of 50
  Number of queueable jobs added to the queue: 0 out of 50
  Number of Mobile Apex push calls: 0 out of 10

14:58:49.519 (519584081)|CUMULATIVE_LIMIT_USAGE_END

14:58:49.358 (519628743)|CODE_UNIT_FINISHED|CompSubCantBeModOrDelTrigrTest.test_method_beforeDelete1
14:58:49.358 (520457300)|EXECUTION_FINISHED
14:58:49.566 (566654625)|USER_INFO|[EXTERNAL]|005f4000001iPIc|lrodriguez-onboarding@altimetrik.com|Argentine Time|GMT-03:00
14:58:49.566 (566682526)|EXECUTION_STARTED
14:58:49.566 (566686939)|CODE_UNIT_STARTED|[EXTERNAL]|01pf400000ARlF6|CompSubCantBeModOrDelTrigrTest.test_method_beforeDelete2
14:58:49.566 (566832303)|HEAP_ALLOCATE|[72]|Bytes:3
14:58:49.566 (566869703)|HEAP_ALLOCATE|[77]|Bytes:152
14:58:49.566 (566885483)|HEAP_ALLOCATE|[342]|Bytes:408
14:58:49.566 (566902604)|HEAP_ALLOCATE|[355]|Bytes:408
14:58:49.566 (566915769)|HEAP_ALLOCATE|[467]|Bytes:48
14:58:49.566 (566940775)|HEAP_ALLOCATE|[139]|Bytes:6
14:58:49.566 (566955415)|HEAP_ALLOCATE|[EXTERNAL]|Bytes:173
14:58:49.566 (566965748)|METHOD_ENTRY|[2]|01pf400000ARlF6|CompSubCantBeModOrDelTrigrTest.CompSubCantBeModOrDelTrigrTest()
14:58:49.566 (566972116)|STATEMENT_EXECUTE|[2]
14:58:49.566 (566978383)|STATEMENT_EXECUTE|[2]
14:58:49.566 (566982715)|METHOD_EXIT|[2]|CompSubCantBeModOrDelTrigrTest
14:58:49.566 (567131676)|HEAP_ALLOCATE|[50]|Bytes:5
14:58:49.566 (567153147)|HEAP_ALLOCATE|[56]|Bytes:5
14:58:49.566 (567160745)|HEAP_ALLOCATE|[64]|Bytes:7
14:58:49.566 (567195278)|STATEMENT_EXECUTE|[96]
14:58:49.566 (567197418)|STATEMENT_EXECUTE|[98]
14:58:49.566 (567200656)|HEAP_ALLOCATE|[98]|Bytes:36
14:58:49.566 (567218466)|HEAP_ALLOCATE|[98]|Bytes:4
14:58:49.566 (567354627)|SOQL_EXECUTE_BEGIN|[98]|Aggregations:0|SELECT Id, Name FROM Contact LIMIT 2
14:58:49.566 (573291749)|SOQL_EXECUTE_END|[98]|Rows:1
14:58:49.566 (573323428)|HEAP_ALLOCATE|[98]|Bytes:8
14:58:49.566 (573342654)|HEAP_ALLOCATE|[98]|Bytes:41
14:58:49.566 (573413620)|HEAP_ALLOCATE|[98]|Bytes:8
14:58:49.566 (573434040)|VARIABLE_SCOPE_BEGIN|[98]|contacts|List<Contact>|true|false
14:58:49.566 (573479857)|VARIABLE_ASSIGNMENT|[98]|contacts|[{"Id":"003f400000KXzEJAA1","Name":"Diaz"}]|0x2d209c15
14:58:49.566 (573490715)|STATEMENT_EXECUTE|[101]
14:58:49.566 (573524851)|HEAP_ALLOCATE|[101]|Bytes:4
14:58:49.566 (573548866)|HEAP_ALLOCATE|[101]|Bytes:13
14:58:49.566 (573597135)|VARIABLE_ASSIGNMENT|[101]|this.Name|"testingComp11"|0x68a7ef0
14:58:49.566 (573624063)|HEAP_ALLOCATE|[102]|Bytes:12
14:58:49.566 (573678253)|VARIABLE_ASSIGNMENT|[101]|this.Employee__c|"003f400000KXzEJAA1"|0x68a7ef0
14:58:49.566 (573691807)|HEAP_ALLOCATE|[103]|Bytes:5
14:58:49.566 (573718604)|VARIABLE_ASSIGNMENT|[101]|this.Location__c|"India"|0x68a7ef0
14:58:49.566 (573730193)|HEAP_ALLOCATE|[104]|Bytes:6
14:58:49.566 (573746758)|VARIABLE_ASSIGNMENT|[101]|this.Job_Category__c|"Junior"|0x68a7ef0
14:58:49.566 (573772379)|VARIABLE_ASSIGNMENT|[101]|this.Submitted__c|true|0x68a7ef0
14:58:49.566 (573802230)|VARIABLE_SCOPE_BEGIN|[101]|comp|Compensation__c|true|false
14:58:49.566 (573820762)|VARIABLE_ASSIGNMENT|[101]|comp|{"Name":"testingComp11","Employee__c":"003f400000KXzEJAA1","Location__c":"India","Job_Category__c":"Junior","Submitted__c":true}|0x68a7ef0
14:58:49.566 (573828489)|STATEMENT_EXECUTE|[106]
14:58:49.566 (573853616)|HEAP_ALLOCATE|[106]|Bytes:8
14:58:49.566 (573861380)|DML_BEGIN|[106]|Op:Insert|Type:Compensation__c|Rows:1
14:58:49.566 (573888615)|HEAP_ALLOCATE|[EXTERNAL]|Bytes:8
14:58:49.566 (576177236)|CODE_UNIT_STARTED|[EXTERNAL]|01qf4000000wGad|Compensation_submitted_trigger on Compensation trigger event BeforeInsert
14:58:49.566 (576219050)|HEAP_ALLOCATE|[EXTERNAL]|Bytes:8
14:58:49.566 (576266460)|HEAP_ALLOCATE|[EXTERNAL]|Bytes:4
14:58:49.566 (576276424)|VARIABLE_SCOPE_BEGIN|[1]|this|Compensation_submitted_trigger|true|false
14:58:49.566 (576301996)|VARIABLE_ASSIGNMENT|[1]|this|{}|0x6c4b1ef3
14:58:49.566 (576337149)|HEAP_ALLOCATE|[EXTERNAL]|Bytes:4
14:58:49.566 (576344649)|VARIABLE_SCOPE_BEGIN|[1]|this|Compensation_submitted_trigger|true|false
14:58:49.566 (576356716)|VARIABLE_ASSIGNMENT|[1]|this|{}|0x6c4b1ef3
14:58:49.566 (576364085)|STATEMENT_EXECUTE|[1]
14:58:49.566 (576450970)|HEAP_ALLOCATE|[4]|Bytes:5
14:58:49.566 (576470692)|HEAP_ALLOCATE|[4]|Bytes:4
14:58:49.566 (576480067)|VARIABLE_SCOPE_BEGIN|[4]|comp|Compensation__c|true|false
14:58:49.566 (576660043)|VARIABLE_ASSIGNMENT|[4]|comp|{"Employee__c":"003f400000KXzEJAA1","IsDeleted":false,"OwnerId":"005f4000001iPIcAAM","Submitted__c":true,"RecordTypeId":"012f4000000xpkIAAQ","Location__c":"India","Status__c":"NOT SUBMITTED","Job_Category__c":"Junior","Name":"testingComp11"}|0x29135339
14:58:49.566 (576672366)|STATEMENT_EXECUTE|[4]
14:58:49.566 (576684196)|STATEMENT_EXECUTE|[5]
14:58:49.566 (576685943)|STATEMENT_EXECUTE|[6]
14:58:49.566 (576689479)|HEAP_ALLOCATE|[6]|Bytes:9
14:58:49.566 (576822267)|VARIABLE_ASSIGNMENT|[6]|this.Status__c|"SUBMITTED"|0x29135339
14:58:49.566 (576847384)|HEAP_ALLOCATE|[4]|Bytes:5
14:58:49.566 (576863231)|VARIABLE_ASSIGNMENT|[4]|comp|null|
14:58:49.576 (576873094)|CUMULATIVE_LIMIT_USAGE
14:58:49.576 (576873094)|LIMIT_USAGE_FOR_NS|(default)|
  Number of SOQL queries: 1 out of 100
  Number of query rows: 1 out of 50000
  Number of SOSL queries: 0 out of 20
  Number of DML statements: 3 out of 150
  Number of DML rows: 12 out of 10000
  Maximum CPU time: 0 out of 10000
  Maximum heap size: 0 out of 6000000
  Number of callouts: 0 out of 100
  Number of Email Invocations: 0 out of 10
  Number of future calls: 0 out of 50
  Number of queueable jobs added to the queue: 0 out of 50
  Number of Mobile Apex push calls: 0 out of 10

14:58:49.576 (576873094)|CUMULATIVE_LIMIT_USAGE_END

14:58:49.566 (577957916)|CODE_UNIT_FINISHED|Compensation_submitted_trigger on Compensation trigger event BeforeInsert
14:58:49.566 (580923798)|CODE_UNIT_STARTED|[EXTERNAL]|Validation:Compensation:new
14:58:49.566 (580936997)|VALIDATION_RULE|03df4000000tLey|Job_Category_Other
14:58:49.566 (581062292)|VALIDATION_FORMULA|ISPICKVAL(Job_Category__c, 'Other')&&(ISBLANK(Other__c))|Job_Category__c=Junior , Other__c=null
14:58:49.566 (581070127)|VALIDATION_PASS
14:58:49.566 (581196532)|CODE_UNIT_FINISHED|Validation:Compensation:new
14:58:49.566 (597756206)|CODE_UNIT_STARTED|[EXTERNAL]|Workflow:01If40000017tCd
14:58:49.566 (601299041)|WF_RULE_EVAL_BEGIN|Workflow
14:58:49.566 (601325541)|WF_CRITERIA_BEGIN|[Compensation: testingComp11 a00f4000007wxrh]|Uruguay_Location_Compensation301f40000002crQ|01Qf4000000nI5L|ON_CREATE_ONLY|0
14:58:49.566 (601375889)|WF_FORMULA|Formula:ENCODED:[treatNullAsNull]true|Values:
14:58:49.566 (601382909)|WF_CRITERIA_END|true
14:58:49.566 (601402153)|WF_SPOOL_ACTION_BEGIN|Workflow
14:58:49.566 (601428763)|WF_ACTION| Flow Trigger: 1;
14:58:49.566 (601434665)|WF_RULE_EVAL_END
14:58:49.566 (601466408)|WF_FLOW_ACTION_BEGIN|09Lf4000000hSfK
14:58:49.601 (601526338)|FLOW_CREATE_INTERVIEW_BEGIN|00Df400000264R3|300f40000005TUu|301f40000002crQ
14:58:49.601 (601573699)|FLOW_CREATE_INTERVIEW_END|37715cdf443150fa7bd43056e3be162f89eac61-101b|Uruguay Location Compensation
14:58:49.601 (601913760)|FLOW_START_INTERVIEWS_BEGIN|1
14:58:49.601 (601930954)|FLOW_START_INTERVIEW_BEGIN|37715cdf443150fa7bd43056e3be162f89eac61-101b|Uruguay Location Compensation
14:58:49.601 (602522277)|FLOW_START_INTERVIEW_END|37715cdf443150fa7bd43056e3be162f89eac61-101b|Uruguay Location Compensation
14:58:49.601 (602543111)|FLOW_START_INTERVIEWS_END|1
14:58:49.566 (603030787)|WF_FLOW_ACTION_END|09Lf4000000hSfK
14:58:49.566 (603128672)|WF_ACTIONS_END| Flow Trigger: 1;
14:58:49.566 (603137866)|CODE_UNIT_FINISHED|Workflow:01If40000017tCd
14:58:49.566 (603323559)|DML_END|[106]
14:58:49.566 (603353288)|STATEMENT_EXECUTE|[109]
14:58:49.566 (603365292)|HEAP_ALLOCATE|[109]|Bytes:78
14:58:49.566 (603406018)|HEAP_ALLOCATE|[109]|Bytes:4
14:58:49.566 (603421278)|HEAP_ALLOCATE|[109]|Bytes:7
14:58:49.566 (603680704)|SOQL_EXECUTE_BEGIN|[109]|Aggregations:0|SELECT Id, Name, Status__c, Amount__c FROM Compensation__c WHERE Id = :tmpVar1
14:58:49.566 (612335830)|SOQL_EXECUTE_END|[109]|Rows:1
14:58:49.566 (612370361)|HEAP_ALLOCATE|[109]|Bytes:8
14:58:49.566 (612390782)|HEAP_ALLOCATE|[109]|Bytes:72
14:58:49.566 (612455004)|HEAP_ALLOCATE|[109]|Bytes:8
14:58:49.566 (612476617)|VARIABLE_SCOPE_BEGIN|[109]|fresh_comp|List<Compensation__c>|true|false
14:58:49.566 (612514181)|VARIABLE_ASSIGNMENT|[109]|fresh_comp|[{"Id":"a00f4000007wxrhAAA","Name":"testingComp11","Status__c":"SUBMITTED"}]|0x3db3beb9
14:58:49.566 (612524859)|STATEMENT_EXECUTE|[114]
14:58:49.566 (612556273)|HEAP_ALLOCATE|[114]|Bytes:63
14:58:49.566 (612570453)|SYSTEM_METHOD_ENTRY|[1]|Test.Test()
14:58:49.566 (612575018)|STATEMENT_EXECUTE|[1]
14:58:49.566 (612586584)|SYSTEM_METHOD_EXIT|[1]|Test
14:58:49.566 (612602688)|METHOD_ENTRY|[114]||System.Test.startTest()
14:58:49.566 (613865664)|METHOD_EXIT|[114]||System.Test.startTest()
14:58:49.566 (613876663)|STATEMENT_EXECUTE|[115]
14:58:49.566 (613898408)|HEAP_ALLOCATE|[115]|Bytes:16
14:58:49.566 (613957807)|HEAP_ALLOCATE|[115]|Bytes:8
14:58:49.566 (613965427)|DML_BEGIN|[115]|Op:Delete|Type:Compensation__c|Rows:1
14:58:49.566 (613990256)|HEAP_ALLOCATE|[EXTERNAL]|Bytes:8
14:58:49.566 (619426679)|CODE_UNIT_STARTED|[EXTERNAL]|01qf4000000wGty|CompensationSubmittedCantBeModifiedOrDeleted on Compensation trigger event BeforeDelete
14:58:49.566 (619462312)|HEAP_ALLOCATE|[EXTERNAL]|Bytes:8
14:58:49.566 (619527316)|HEAP_ALLOCATE|[EXTERNAL]|Bytes:4
14:58:49.566 (619538002)|VARIABLE_SCOPE_BEGIN|[1]|this|CompensationSubmittedCantBeModifiedOrDeleted|true|false
14:58:49.566 (619567081)|VARIABLE_ASSIGNMENT|[1]|this|{}|0x12d547da
14:58:49.566 (619601456)|HEAP_ALLOCATE|[EXTERNAL]|Bytes:4
14:58:49.566 (619609439)|VARIABLE_SCOPE_BEGIN|[1]|this|CompensationSubmittedCantBeModifiedOrDeleted|true|false
14:58:49.566 (619621456)|VARIABLE_ASSIGNMENT|[1]|this|{}|0x12d547da
14:58:49.566 (619629275)|STATEMENT_EXECUTE|[1]
14:58:49.566 (619697600)|HEAP_ALLOCATE|[2]|Bytes:5
14:58:49.566 (619718654)|VARIABLE_SCOPE_BEGIN|[2]|c|Compensation__c|true|false
14:58:49.566 (619943252)|VARIABLE_ASSIGNMENT|[2]|c|{"LastModifiedDate":"2018-04-24T17:58:50.000Z","IsDeleted":false,"Name":"testingComp11","SystemModstamp":"2018-04-24T17:58:50.000Z","Employee__c":"003f400000KXzEJAA1","OwnerId":"005f4000001iPIcAAM","CreatedById":"005f4000001iPIcAAM","Submitted__c":true,"RecordTypeId":"012f4000000xpkIAAQ","CreatedDate":"2018-04-24T17:58:50.000Z","Location__c":"India","Id":"a00f4000007wxrhAAA","Status__c":"SUBMITTED","LastModifiedById":"005f4000001iPIcAAM","Job_Category__c":"Junior"}|0x32b3654f
14:58:49.566 (619957405)|STATEMENT_EXECUTE|[2]
14:58:49.566 (619987616)|STATEMENT_EXECUTE|[5]
14:58:49.566 (619989922)|STATEMENT_EXECUTE|[6]
14:58:49.566 (620072588)|HEAP_ALLOCATE|[6]|Bytes:54
14:58:49.566 (620159094)|VF_PAGE_MESSAGE|Submitted compensations cannot be modified nor deleted
14:58:49.566 (620187353)|HEAP_ALLOCATE|[2]|Bytes:5
14:58:49.566 (620205630)|VARIABLE_ASSIGNMENT|[2]|c|null|
14:58:49.620 (620217028)|CUMULATIVE_LIMIT_USAGE
14:58:49.620 (620217028)|LIMIT_USAGE_FOR_NS|(default)|
  Number of SOQL queries: 2 out of 100
  Number of query rows: 2 out of 50000
  Number of SOSL queries: 0 out of 20
  Number of DML statements: 3 out of 150
  Number of DML rows: 12 out of 10000
  Maximum CPU time: 0 out of 10000
  Maximum heap size: 0 out of 6000000
  Number of callouts: 0 out of 100
  Number of Email Invocations: 0 out of 10
  Number of future calls: 0 out of 50
  Number of queueable jobs added to the queue: 0 out of 50
  Number of Mobile Apex push calls: 0 out of 10

14:58:49.620 (620217028)|TESTING_LIMITS
14:58:49.620 (620217028)|LIMIT_USAGE_FOR_NS|(default)|
  Number of SOQL queries: 0 out of 100
  Number of query rows: 0 out of 50000
  Number of SOSL queries: 0 out of 20
  Number of DML statements: 1 out of 150
  Number of DML rows: 1 out of 10000
  Maximum CPU time: 0 out of 10000
  Maximum heap size: 0 out of 6000000
  Number of callouts: 0 out of 100
  Number of Email Invocations: 0 out of 10
  Number of future calls: 0 out of 50
  Number of queueable jobs added to the queue: 0 out of 50
  Number of Mobile Apex push calls: 0 out of 10

14:58:49.620 (620217028)|CUMULATIVE_LIMIT_USAGE_END

14:58:49.566 (621157429)|CODE_UNIT_FINISHED|CompensationSubmittedCantBeModifiedOrDeleted on Compensation trigger event BeforeDelete
14:58:49.566 (622294363)|DML_END|[115]
14:58:49.566 (622316699)|HEAP_ALLOCATE|[115]|Bytes:4
14:58:49.566 (622337244)|VARIABLE_SCOPE_BEGIN|[115]|res|Database.DeleteResult|true|false
14:58:49.566 (622483332)|VARIABLE_ASSIGNMENT|[115]|res|"DeleteResult [id=a00f4000007wxrhAAA, success=false, errors=[Error [statusCode=FIELD_CUSTOM_VALIDATION_EXCEPTION, code=[xmlrpc=-1, statusCode=FIELD_CUSTOM_VALIDATION_EXCEPTION, exceptionCode=null, scope=PublicApi, http=400], message=Submitted compensations cannot be modified nor deleted, fields=null]]]"|0x16a7e263
14:58:49.566 (622495026)|STATEMENT_EXECUTE|[116]
14:58:49.566 (622512427)|METHOD_ENTRY|[116]||System.Test.stopTest()
14:58:49.566 (623306877)|METHOD_EXIT|[116]||System.Test.stopTest()
14:58:49.566 (623316732)|STATEMENT_EXECUTE|[118]
14:58:49.623 (623385731)|CUMULATIVE_LIMIT_USAGE
14:58:49.623 (623385731)|LIMIT_USAGE_FOR_NS|(default)|
  Number of SOQL queries: 2 out of 100
  Number of query rows: 2 out of 50000
  Number of SOSL queries: 0 out of 20
  Number of DML statements: 3 out of 150
  Number of DML rows: 12 out of 10000
  Maximum CPU time: 0 out of 10000
  Maximum heap size: 0 out of 6000000
  Number of callouts: 0 out of 100
  Number of Email Invocations: 0 out of 10
  Number of future calls: 0 out of 50
  Number of queueable jobs added to the queue: 0 out of 50
  Number of Mobile Apex push calls: 0 out of 10

14:58:49.623 (623385731)|TESTING_LIMITS
14:58:49.623 (623385731)|LIMIT_USAGE_FOR_NS|(default)|
  Number of SOQL queries: 0 out of 100
  Number of query rows: 0 out of 50000
  Number of SOSL queries: 0 out of 20
  Number of DML statements: 1 out of 150
  Number of DML rows: 1 out of 10000
  Maximum CPU time: 0 out of 10000
  Maximum heap size: 0 out of 6000000
  Number of callouts: 0 out of 100
  Number of Email Invocations: 0 out of 10
  Number of future calls: 0 out of 50
  Number of queueable jobs added to the queue: 0 out of 50
  Number of Mobile Apex push calls: 0 out of 10

14:58:49.623 (623385731)|CUMULATIVE_LIMIT_USAGE_END

14:58:49.566 (623427383)|CODE_UNIT_FINISHED|CompSubCantBeModOrDelTrigrTest.test_method_beforeDelete2
14:58:49.566 (624212230)|EXECUTION_FINISHED
14:58:49.712 (712144403)|USER_INFO|[EXTERNAL]|005f4000001iPIc|lrodriguez-onboarding@altimetrik.com|Argentine Time|GMT-03:00
14:58:49.712 (712168008)|EXECUTION_STARTED
14:58:49.712 (712172348)|CODE_UNIT_STARTED|[EXTERNAL]|DuplicateDetector
14:58:49.712 (712185913)|DUPLICATE_DETECTION_BEGIN
14:58:49.712 (712242307)|DUPLICATE_DETECTION_RULE_INVOCATION|DuplicateRuleId:0Bmf40000038BIj|DuplicateRuleName:Standard Contact Duplicate Rule|DmlType:INSERT
14:58:49.712 (722131309)|DUPLICATE_DETECTION_END
14:58:49.712 (722140988)|CODE_UNIT_FINISHED|DuplicateDetector
14:58:49.712 (722983495)|EXECUTION_FINISHED
