42.0 APEX_CODE,FINEST;APEX_PROFILING,INFO;CALLOUT,INFO;DB,INFO;SYSTEM,DEBUG;VALIDATION,INFO;VISUALFORCE,INFO;WAVE,INFO;WORKFLOW,INFO
15:08:42.0 (391628)|USER_INFO|[EXTERNAL]|005f4000001iPIc|lrodriguez-onboarding@altimetrik.com|Hora de Argentina|GMT-03:00
15:08:42.0 (441176)|EXECUTION_STARTED
15:08:42.0 (446626)|CODE_UNIT_STARTED|[EXTERNAL]|Aura
15:08:42.0 (1620654)|HEAP_ALLOCATE|[72]|Bytes:3
15:08:42.0 (1656838)|HEAP_ALLOCATE|[77]|Bytes:152
15:08:42.0 (1672496)|HEAP_ALLOCATE|[342]|Bytes:408
15:08:42.0 (1686295)|HEAP_ALLOCATE|[355]|Bytes:408
15:08:42.0 (1696891)|HEAP_ALLOCATE|[467]|Bytes:48
15:08:42.0 (1722127)|HEAP_ALLOCATE|[139]|Bytes:6
15:08:42.0 (1739765)|HEAP_ALLOCATE|[EXTERNAL]|Bytes:3
15:08:42.0 (1748245)|HEAP_ALLOCATE|[EXTERNAL]|Bytes:3
15:08:42.0 (2551986)|CODE_UNIT_STARTED|[EXTERNAL]|01pf4000009OyzM|CompensationController.getCompensations
15:08:42.0 (2772226)|HEAP_ALLOCATE|[EXTERNAL]|Bytes:1
15:08:42.0 (2791502)|METHOD_ENTRY|[1]|01pf4000009OyzM|CompensationController.CompensationController()
15:08:42.0 (2800594)|STATEMENT_EXECUTE|[1]
15:08:42.0 (2808644)|STATEMENT_EXECUTE|[1]
15:08:42.0 (2855924)|HEAP_ALLOCATE|[50]|Bytes:5
15:08:42.0 (2886081)|HEAP_ALLOCATE|[56]|Bytes:5
15:08:42.0 (2898788)|HEAP_ALLOCATE|[64]|Bytes:7
15:08:42.0 (2928273)|SYSTEM_MODE_ENTER|false
15:08:42.0 (2943345)|HEAP_ALLOCATE|[EXTERNAL]|Bytes:5
15:08:42.0 (2954905)|SYSTEM_MODE_EXIT|false
15:08:42.0 (2967521)|METHOD_EXIT|[1]|CompensationController
15:08:42.0 (2976389)|HEAP_ALLOCATE|[EXTERNAL]|Bytes:3
15:08:42.0 (2991693)|SYSTEM_MODE_ENTER|false
15:08:42.0 (3005018)|VARIABLE_SCOPE_BEGIN|[3]|filter|String|false|false
15:08:42.0 (3035539)|VARIABLE_ASSIGNMENT|[3]|filter|"all"
15:08:42.0 (3056257)|HEAP_ALLOCATE|[4]|Bytes:5
15:08:42.0 (3062807)|STATEMENT_EXECUTE|[3]
15:08:42.0 (3065407)|STATEMENT_EXECUTE|[4]
15:08:42.0 (3095702)|HEAP_ALLOCATE|[4]|Bytes:4
15:08:42.0 (3163510)|VARIABLE_SCOPE_BEGIN|[4]|compensations|List<Compensation__c>|true|false
15:08:42.0 (3180106)|HEAP_ALLOCATE|[EXTERNAL]|Bytes:4
15:08:42.0 (3195922)|VARIABLE_ASSIGNMENT|[4]|compensations|[]|0x2edaa840
15:08:42.0 (3206737)|HEAP_ALLOCATE|[5]|Bytes:3
15:08:42.0 (3238316)|STATEMENT_EXECUTE|[5]
15:08:42.0 (3241216)|STATEMENT_EXECUTE|[6]
15:08:42.0 (3245490)|HEAP_ALLOCATE|[6]|Bytes:161
15:08:42.0 (3265997)|HEAP_ALLOCATE|[6]|Bytes:4
15:08:42.0 (4979199)|SOQL_EXECUTE_BEGIN|[6]|Aggregations:0|SELECT Employee__r.Name, Employee__r.birthdate, job_category__c, RecordType.Name, amount__c, location__c, office__c, submitted__c, status__c FROM Compensation__c
15:08:42.0 (17930295)|SOQL_EXECUTE_END|[6]|Rows:232
15:08:42.0 (17991149)|HEAP_ALLOCATE|[6]|Bytes:932
15:08:42.0 (18966951)|HEAP_ALLOCATE|[6]|Bytes:62649
15:08:42.0 (19036373)|HEAP_ALLOCATE|[6]|Bytes:932
15:08:42.0 (19081282)|VARIABLE_ASSIGNMENT|[6]|compensations|"List of size 232 too large to display"|0x17caa177
15:08:42.0 (19092567)|STATEMENT_EXECUTE|[17]
15:08:42.0 (19108477)|SYSTEM_MODE_EXIT|false
15:08:42.19 (19139886)|CUMULATIVE_LIMIT_USAGE
15:08:42.19 (19139886)|LIMIT_USAGE_FOR_NS|(default)|
  Number of SOQL queries: 1 out of 100
  Number of query rows: 232 out of 50000
  Number of SOSL queries: 0 out of 20
  Number of DML statements: 0 out of 150
  Number of DML rows: 0 out of 10000
  Maximum CPU time: 0 out of 10000
  Maximum heap size: 0 out of 6000000
  Number of callouts: 0 out of 100
  Number of Email Invocations: 0 out of 10
  Number of future calls: 0 out of 50
  Number of queueable jobs added to the queue: 0 out of 50
  Number of Mobile Apex push calls: 0 out of 10

15:08:42.19 (19139886)|CUMULATIVE_LIMIT_USAGE_END

15:08:42.0 (19174018)|CODE_UNIT_FINISHED|CompensationController.getCompensations
15:08:42.0 (25032290)|CODE_UNIT_FINISHED|Aura
15:08:42.0 (26209164)|EXECUTION_FINISHED
