42.0 APEX_CODE,FINEST;APEX_PROFILING,INFO;CALLOUT,INFO;DB,INFO;SYSTEM,DEBUG;VALIDATION,INFO;VISUALFORCE,INFO;WAVE,INFO;WORKFLOW,INFO
16:25:53.0 (61875)|USER_INFO|[EXTERNAL]|005f4000001iPIc|lrodriguez-onboarding@altimetrik.com|Argentine Time|GMT-03:00
16:25:53.0 (100718)|EXECUTION_STARTED
16:25:53.0 (104585)|CODE_UNIT_STARTED|[EXTERNAL]|Aura
16:25:53.0 (823074)|HEAP_ALLOCATE|[72]|Bytes:3
16:25:53.0 (853797)|HEAP_ALLOCATE|[77]|Bytes:152
16:25:53.0 (872886)|HEAP_ALLOCATE|[342]|Bytes:408
16:25:53.0 (895166)|HEAP_ALLOCATE|[355]|Bytes:408
16:25:53.0 (913912)|HEAP_ALLOCATE|[467]|Bytes:48
16:25:53.0 (943675)|HEAP_ALLOCATE|[139]|Bytes:6
16:25:53.0 (968299)|HEAP_ALLOCATE|[EXTERNAL]|Bytes:3
16:25:53.0 (979677)|HEAP_ALLOCATE|[EXTERNAL]|Bytes:3
16:25:53.0 (1754267)|CODE_UNIT_STARTED|[EXTERNAL]|01pf4000009OyzM|CompensationController.getCompensations
16:25:53.0 (1866633)|HEAP_ALLOCATE|[EXTERNAL]|Bytes:1
16:25:53.0 (1884042)|METHOD_ENTRY|[1]|01pf4000009OyzM|CompensationController.CompensationController()
16:25:53.0 (1892856)|STATEMENT_EXECUTE|[1]
16:25:53.0 (1899084)|STATEMENT_EXECUTE|[1]
16:25:53.0 (1938121)|HEAP_ALLOCATE|[50]|Bytes:5
16:25:53.0 (1964334)|HEAP_ALLOCATE|[56]|Bytes:5
16:25:53.0 (1977420)|HEAP_ALLOCATE|[64]|Bytes:7
16:25:53.0 (2008219)|SYSTEM_MODE_ENTER|false
16:25:53.0 (2023111)|HEAP_ALLOCATE|[EXTERNAL]|Bytes:5
16:25:53.0 (2034053)|SYSTEM_MODE_EXIT|false
16:25:53.0 (2046656)|METHOD_EXIT|[1]|CompensationController
16:25:53.0 (2053710)|HEAP_ALLOCATE|[EXTERNAL]|Bytes:3
16:25:53.0 (2063519)|SYSTEM_MODE_ENTER|false
16:25:53.0 (2071045)|VARIABLE_SCOPE_BEGIN|[3]|filter|String|false|false
16:25:53.0 (2093700)|VARIABLE_ASSIGNMENT|[3]|filter|"all"
16:25:53.0 (2107866)|HEAP_ALLOCATE|[4]|Bytes:5
16:25:53.0 (2113037)|STATEMENT_EXECUTE|[3]
16:25:53.0 (2114895)|STATEMENT_EXECUTE|[4]
16:25:53.0 (2197093)|HEAP_ALLOCATE|[4]|Bytes:4
16:25:53.0 (2265825)|VARIABLE_SCOPE_BEGIN|[4]|compensations|List<Compensation__c>|true|false
16:25:53.0 (2283895)|HEAP_ALLOCATE|[EXTERNAL]|Bytes:4
16:25:53.0 (2305573)|VARIABLE_ASSIGNMENT|[4]|compensations|[]|0x449b573d
16:25:53.0 (2314803)|HEAP_ALLOCATE|[5]|Bytes:3
16:25:53.0 (2344652)|STATEMENT_EXECUTE|[5]
16:25:53.0 (2347643)|STATEMENT_EXECUTE|[6]
16:25:53.0 (2350821)|HEAP_ALLOCATE|[6]|Bytes:177
16:25:53.0 (2368615)|HEAP_ALLOCATE|[6]|Bytes:4
16:25:53.0 (3159073)|SOQL_EXECUTE_BEGIN|[6]|Aggregations:0|SELECT Employee__r.Id, Employee__r.Name, Employee__r.birthdate, job_category__c, RecordType.Name, amount__c, location__c, office__c, submitted__c, status__c FROM Compensation__c
16:25:53.0 (15103360)|SOQL_EXECUTE_END|[6]|Rows:232
16:25:53.0 (15133428)|HEAP_ALLOCATE|[6]|Bytes:932
16:25:53.0 (15989823)|HEAP_ALLOCATE|[6]|Bytes:62649
16:25:53.0 (16036433)|HEAP_ALLOCATE|[6]|Bytes:932
16:25:53.0 (16067866)|VARIABLE_ASSIGNMENT|[6]|compensations|"List of size 232 too large to display"|0x47640e02
16:25:53.0 (16079869)|STATEMENT_EXECUTE|[17]
16:25:53.0 (16091382)|SYSTEM_MODE_EXIT|false
16:25:53.16 (16122674)|CUMULATIVE_LIMIT_USAGE
16:25:53.16 (16122674)|LIMIT_USAGE_FOR_NS|(default)|
  Number of SOQL queries: 1 out of 100
  Number of query rows: 232 out of 50000
  Number of SOSL queries: 0 out of 20
  Number of DML statements: 0 out of 150
  Number of DML rows: 0 out of 10000
  Maximum CPU time: 0 out of 10000
  Maximum heap size: 0 out of 6000000
  Number of callouts: 0 out of 100
  Number of Email Invocations: 0 out of 10
  Number of future calls: 0 out of 50
  Number of queueable jobs added to the queue: 0 out of 50
  Number of Mobile Apex push calls: 0 out of 10

16:25:53.16 (16122674)|CUMULATIVE_LIMIT_USAGE_END

16:25:53.0 (16163211)|CODE_UNIT_FINISHED|CompensationController.getCompensations
16:25:53.0 (22395810)|CODE_UNIT_FINISHED|Aura
16:25:53.0 (23714145)|EXECUTION_FINISHED
