42.0 APEX_CODE,FINEST;APEX_PROFILING,INFO;CALLOUT,INFO;DB,INFO;SYSTEM,DEBUG;VALIDATION,INFO;VISUALFORCE,INFO;WAVE,INFO;WORKFLOW,INFO
15:56:37.0 (67119)|USER_INFO|[EXTERNAL]|005f4000001iPIc|lrodriguez-onboarding@altimetrik.com|Hora de Argentina|GMT-03:00
15:56:37.0 (99852)|EXECUTION_STARTED
15:56:37.0 (104516)|CODE_UNIT_STARTED|[EXTERNAL]|Aura
15:56:37.0 (912858)|HEAP_ALLOCATE|[72]|Bytes:3
15:56:37.0 (953215)|HEAP_ALLOCATE|[77]|Bytes:152
15:56:37.0 (968276)|HEAP_ALLOCATE|[342]|Bytes:408
15:56:37.0 (982372)|HEAP_ALLOCATE|[355]|Bytes:408
15:56:37.0 (993173)|HEAP_ALLOCATE|[467]|Bytes:48
15:56:37.0 (1015503)|HEAP_ALLOCATE|[139]|Bytes:6
15:56:37.0 (1034205)|HEAP_ALLOCATE|[EXTERNAL]|Bytes:3
15:56:37.0 (1042095)|HEAP_ALLOCATE|[EXTERNAL]|Bytes:3
15:56:37.0 (1836805)|CODE_UNIT_STARTED|[EXTERNAL]|01pf4000009OyzM|CompensationController.getCompensations
15:56:37.0 (1929121)|HEAP_ALLOCATE|[EXTERNAL]|Bytes:1
15:56:37.0 (1941856)|METHOD_ENTRY|[1]|01pf4000009OyzM|CompensationController.CompensationController()
15:56:37.0 (1947951)|STATEMENT_EXECUTE|[1]
15:56:37.0 (1953578)|STATEMENT_EXECUTE|[1]
15:56:37.0 (1984046)|HEAP_ALLOCATE|[50]|Bytes:5
15:56:37.0 (2006445)|HEAP_ALLOCATE|[56]|Bytes:5
15:56:37.0 (2015021)|HEAP_ALLOCATE|[64]|Bytes:7
15:56:37.0 (2038626)|SYSTEM_MODE_ENTER|false
15:56:37.0 (2050077)|HEAP_ALLOCATE|[EXTERNAL]|Bytes:5
15:56:37.0 (2057731)|SYSTEM_MODE_EXIT|false
15:56:37.0 (2066042)|METHOD_EXIT|[1]|CompensationController
15:56:37.0 (2070644)|HEAP_ALLOCATE|[EXTERNAL]|Bytes:3
15:56:37.0 (2079747)|SYSTEM_MODE_ENTER|false
15:56:37.0 (2087494)|VARIABLE_SCOPE_BEGIN|[3]|filter|String|false|false
15:56:37.0 (2113186)|VARIABLE_ASSIGNMENT|[3]|filter|"all"
15:56:37.0 (2127769)|HEAP_ALLOCATE|[4]|Bytes:5
15:56:37.0 (2132936)|STATEMENT_EXECUTE|[3]
15:56:37.0 (2134762)|STATEMENT_EXECUTE|[4]
15:56:37.0 (2233301)|HEAP_ALLOCATE|[4]|Bytes:4
15:56:37.0 (2307475)|VARIABLE_SCOPE_BEGIN|[4]|compensations|List<Compensation__c>|true|false
15:56:37.0 (2318809)|HEAP_ALLOCATE|[EXTERNAL]|Bytes:4
15:56:37.0 (2338110)|VARIABLE_ASSIGNMENT|[4]|compensations|[]|0x28487193
15:56:37.0 (2345812)|HEAP_ALLOCATE|[5]|Bytes:3
15:56:37.0 (2367088)|STATEMENT_EXECUTE|[5]
15:56:37.0 (2369145)|STATEMENT_EXECUTE|[6]
15:56:37.0 (2371942)|HEAP_ALLOCATE|[6]|Bytes:161
15:56:37.0 (2386134)|HEAP_ALLOCATE|[6]|Bytes:4
15:56:37.0 (3106591)|SOQL_EXECUTE_BEGIN|[6]|Aggregations:0|SELECT Employee__r.Name, Employee__r.birthdate, job_category__c, RecordType.Name, amount__c, location__c, office__c, submitted__c, status__c FROM Compensation__c
15:56:37.0 (13313007)|SOQL_EXECUTE_END|[6]|Rows:232
15:56:37.0 (13342415)|HEAP_ALLOCATE|[6]|Bytes:932
15:56:37.0 (13961283)|HEAP_ALLOCATE|[6]|Bytes:62649
15:56:37.0 (13998996)|HEAP_ALLOCATE|[6]|Bytes:932
15:56:37.0 (14041881)|VARIABLE_ASSIGNMENT|[6]|compensations|"List of size 232 too large to display"|0x30c37758
15:56:37.0 (14054570)|STATEMENT_EXECUTE|[17]
15:56:37.0 (14064191)|SYSTEM_MODE_EXIT|false
15:56:37.14 (14094239)|CUMULATIVE_LIMIT_USAGE
15:56:37.14 (14094239)|LIMIT_USAGE_FOR_NS|(default)|
  Number of SOQL queries: 1 out of 100
  Number of query rows: 232 out of 50000
  Number of SOSL queries: 0 out of 20
  Number of DML statements: 0 out of 150
  Number of DML rows: 0 out of 10000
  Maximum CPU time: 0 out of 10000
  Maximum heap size: 0 out of 6000000
  Number of callouts: 0 out of 100
  Number of Email Invocations: 0 out of 10
  Number of future calls: 0 out of 50
  Number of queueable jobs added to the queue: 0 out of 50
  Number of Mobile Apex push calls: 0 out of 10

15:56:37.14 (14094239)|CUMULATIVE_LIMIT_USAGE_END

15:56:37.0 (14135692)|CODE_UNIT_FINISHED|CompensationController.getCompensations
15:56:37.0 (17584123)|CODE_UNIT_FINISHED|Aura
15:56:37.0 (18904632)|EXECUTION_FINISHED
