42.0 APEX_CODE,FINEST;APEX_PROFILING,INFO;CALLOUT,INFO;DB,INFO;SYSTEM,DEBUG;VALIDATION,INFO;VISUALFORCE,INFO;WAVE,INFO;WORKFLOW,INFO
14:50:37.0 (747919)|USER_INFO|[EXTERNAL]|005f4000001iPIc|lrodriguez-onboarding@altimetrik.com|Argentine Time|GMT-03:00
14:50:37.0 (790190)|EXECUTION_STARTED
14:50:37.0 (796161)|CODE_UNIT_STARTED|[EXTERNAL]|01pf400000ARlF6|CompSubCantBeModOrDelTrigrTest.testDataSetup
14:50:37.0 (1023808)|HEAP_ALLOCATE|[72]|Bytes:3
14:50:37.0 (1064859)|HEAP_ALLOCATE|[77]|Bytes:152
14:50:37.0 (1078579)|HEAP_ALLOCATE|[342]|Bytes:408
14:50:37.0 (1091313)|HEAP_ALLOCATE|[355]|Bytes:408
14:50:37.0 (1103309)|HEAP_ALLOCATE|[467]|Bytes:48
14:50:37.0 (1129070)|HEAP_ALLOCATE|[139]|Bytes:6
14:50:37.0 (1143375)|HEAP_ALLOCATE|[EXTERNAL]|Bytes:173
14:50:37.0 (1159160)|METHOD_ENTRY|[2]|01pf400000ARlF6|CompSubCantBeModOrDelTrigrTest.CompSubCantBeModOrDelTrigrTest()
14:50:37.0 (1165416)|STATEMENT_EXECUTE|[2]
14:50:37.0 (1170321)|STATEMENT_EXECUTE|[2]
14:50:37.0 (1174535)|METHOD_EXIT|[2]|CompSubCantBeModOrDelTrigrTest
14:50:37.0 (1290821)|HEAP_ALLOCATE|[50]|Bytes:5
14:50:37.0 (1313647)|HEAP_ALLOCATE|[56]|Bytes:5
14:50:37.0 (1321349)|HEAP_ALLOCATE|[64]|Bytes:7
14:50:37.0 (1362171)|STATEMENT_EXECUTE|[4]
14:50:37.0 (1364152)|STATEMENT_EXECUTE|[5]
14:50:37.0 (1411242)|HEAP_ALLOCATE|[5]|Bytes:4
14:50:37.0 (1491038)|HEAP_ALLOCATE|[5]|Bytes:4
14:50:37.0 (1539622)|VARIABLE_ASSIGNMENT|[5]|this.LastName|"Diaz"|0x2b364c14
14:50:37.0 (1568724)|VARIABLE_SCOPE_BEGIN|[5]|c|Contact|true|false
14:50:37.0 (1590350)|VARIABLE_ASSIGNMENT|[5]|c|{"LastName":"Diaz"}|0x2b364c14
14:50:37.0 (1596050)|STATEMENT_EXECUTE|[6]
14:50:37.0 (1619246)|HEAP_ALLOCATE|[6]|Bytes:8
14:50:37.0 (1637360)|DML_BEGIN|[6]|Op:Insert|Type:Contact|Rows:1
14:50:37.0 (1670537)|HEAP_ALLOCATE|[EXTERNAL]|Bytes:8
14:50:37.0 (11468034)|CODE_UNIT_STARTED|[EXTERNAL]|DuplicateDetector
14:50:37.0 (11489980)|DUPLICATE_DETECTION_BEGIN
14:50:37.0 (12242997)|DUPLICATE_DETECTION_RULE_INVOCATION|DuplicateRuleId:0Bmf40000038BIj|DuplicateRuleName:Standard Contact Duplicate Rule|DmlType:INSERT
14:50:37.0 (35375924)|DUPLICATE_DETECTION_MATCH_INVOCATION_DETAILS|EntityType:Contact|ActionTaken:Allow_[Alert,Report]|DuplicateRecordIds:
14:50:37.0 (35398863)|DUPLICATE_DETECTION_MATCH_INVOCATION_SUMMARY|EntityType:Contact|NumRecordsToBeSaved:1|NumRecordsToBeSavedWithDuplicates:0|NumDuplicateRecordsFound:0
14:50:37.0 (35408867)|DUPLICATE_DETECTION_MATCH_INVOCATION_DETAILS|EntityType:Contact|ActionTaken:Allow_[Alert,Report]|DuplicateRecordIds:
14:50:37.0 (35415482)|DUPLICATE_DETECTION_MATCH_INVOCATION_SUMMARY|EntityType:Contact|NumRecordsToBeSaved:1|NumRecordsToBeSavedWithDuplicates:0|NumDuplicateRecordsFound:0
14:50:37.0 (35556513)|DUPLICATE_DETECTION_END
14:50:37.0 (35567291)|CODE_UNIT_FINISHED|DuplicateDetector
14:50:37.0 (56302390)|DML_END|[6]
14:50:37.0 (56329809)|STATEMENT_EXECUTE|[8]
14:50:37.0 (56456874)|HEAP_ALLOCATE|[8]|Bytes:4
14:50:37.0 (56542782)|VARIABLE_SCOPE_BEGIN|[8]|comp_list|List<Compensation__c>|true|false
14:50:37.0 (56555691)|HEAP_ALLOCATE|[EXTERNAL]|Bytes:4
14:50:37.0 (56575235)|VARIABLE_ASSIGNMENT|[8]|comp_list|[]|0x235e9ac3
14:50:37.0 (56584061)|STATEMENT_EXECUTE|[9]
14:50:37.0 (56590773)|VARIABLE_SCOPE_BEGIN|[9]|i|Integer|false|false
14:50:37.0 (56597923)|HEAP_ALLOCATE|[9]|Bytes:4
14:50:37.0 (56606454)|VARIABLE_ASSIGNMENT|[9]|i|0
14:50:37.0 (56623952)|STATEMENT_EXECUTE|[9]
14:50:37.0 (56625954)|STATEMENT_EXECUTE|[10]
14:50:37.0 (56648428)|HEAP_ALLOCATE|[10]|Bytes:4
14:50:37.0 (56798262)|VARIABLE_ASSIGNMENT|[10]|this.Employee__c|"003f400000KXyw3AAD"|0x52abf350
14:50:37.0 (56809111)|HEAP_ALLOCATE|[10]|Bytes:4
14:50:37.0 (56893113)|HEAP_ALLOCATE|[10]|Bytes:1
14:50:37.0 (56913751)|HEAP_ALLOCATE|[10]|Bytes:5
14:50:37.0 (56953935)|VARIABLE_ASSIGNMENT|[10]|this.Name|"test0"|0x52abf350
14:50:37.0 (56965104)|HEAP_ALLOCATE|[11]|Bytes:6
14:50:37.0 (56991298)|VARIABLE_ASSIGNMENT|[10]|this.Job_Category__c|"Junior"|0x52abf350
14:50:37.0 (57000581)|HEAP_ALLOCATE|[11]|Bytes:5
14:50:37.0 (57043210)|VARIABLE_ASSIGNMENT|[10]|this.Location__c|"India"|0x52abf350
14:50:37.0 (57100829)|HEAP_ALLOCATE|[EXTERNAL]|Bytes:4
14:50:37.0 (57116014)|HEAP_ALLOCATE|[9]|Bytes:4
14:50:37.0 (57127138)|VARIABLE_ASSIGNMENT|[9]|i|1
14:50:37.0 (57136728)|STATEMENT_EXECUTE|[9]
14:50:37.0 (57139134)|STATEMENT_EXECUTE|[10]
14:50:37.0 (57158394)|HEAP_ALLOCATE|[10]|Bytes:4
14:50:37.0 (57200541)|VARIABLE_ASSIGNMENT|[10]|this.Employee__c|"003f400000KXyw3AAD"|0x3c0999a9
14:50:37.0 (57229422)|HEAP_ALLOCATE|[10]|Bytes:1
14:50:37.0 (57247156)|HEAP_ALLOCATE|[10]|Bytes:5
14:50:37.0 (57272812)|VARIABLE_ASSIGNMENT|[10]|this.Name|"test1"|0x3c0999a9
14:50:37.0 (57297699)|VARIABLE_ASSIGNMENT|[10]|this.Job_Category__c|"Junior"|0x3c0999a9
14:50:37.0 (57320219)|VARIABLE_ASSIGNMENT|[10]|this.Location__c|"India"|0x3c0999a9
14:50:37.0 (57342635)|HEAP_ALLOCATE|[EXTERNAL]|Bytes:4
14:50:37.0 (57352992)|HEAP_ALLOCATE|[9]|Bytes:4
14:50:37.0 (57363216)|VARIABLE_ASSIGNMENT|[9]|i|2
14:50:37.0 (57371853)|STATEMENT_EXECUTE|[9]
14:50:37.0 (57374456)|STATEMENT_EXECUTE|[10]
14:50:37.0 (57392083)|HEAP_ALLOCATE|[10]|Bytes:4
14:50:37.0 (57428291)|VARIABLE_ASSIGNMENT|[10]|this.Employee__c|"003f400000KXyw3AAD"|0x678334f1
14:50:37.0 (57448889)|HEAP_ALLOCATE|[10]|Bytes:1
14:50:37.0 (57459142)|HEAP_ALLOCATE|[10]|Bytes:5
14:50:37.0 (57474733)|VARIABLE_ASSIGNMENT|[10]|this.Name|"test2"|0x678334f1
14:50:37.0 (57489564)|VARIABLE_ASSIGNMENT|[10]|this.Job_Category__c|"Junior"|0x678334f1
14:50:37.0 (57501386)|VARIABLE_ASSIGNMENT|[10]|this.Location__c|"India"|0x678334f1
14:50:37.0 (57515050)|HEAP_ALLOCATE|[EXTERNAL]|Bytes:4
14:50:37.0 (57521275)|HEAP_ALLOCATE|[9]|Bytes:4
14:50:37.0 (57529147)|VARIABLE_ASSIGNMENT|[9]|i|3
14:50:37.0 (57536415)|STATEMENT_EXECUTE|[9]
14:50:37.0 (57538564)|STATEMENT_EXECUTE|[10]
14:50:37.0 (57554308)|HEAP_ALLOCATE|[10]|Bytes:4
14:50:37.0 (57590586)|VARIABLE_ASSIGNMENT|[10]|this.Employee__c|"003f400000KXyw3AAD"|0x5700406a
14:50:37.0 (57609751)|HEAP_ALLOCATE|[10]|Bytes:1
14:50:37.0 (57619916)|HEAP_ALLOCATE|[10]|Bytes:5
14:50:37.0 (57638762)|VARIABLE_ASSIGNMENT|[10]|this.Name|"test3"|0x5700406a
14:50:37.0 (57652543)|VARIABLE_ASSIGNMENT|[10]|this.Job_Category__c|"Junior"|0x5700406a
14:50:37.0 (57665305)|VARIABLE_ASSIGNMENT|[10]|this.Location__c|"India"|0x5700406a
14:50:37.0 (57678397)|HEAP_ALLOCATE|[EXTERNAL]|Bytes:4
14:50:37.0 (57684571)|HEAP_ALLOCATE|[9]|Bytes:4
14:50:37.0 (57690322)|VARIABLE_ASSIGNMENT|[9]|i|4
14:50:37.0 (57695777)|STATEMENT_EXECUTE|[9]
14:50:37.0 (57697377)|STATEMENT_EXECUTE|[10]
14:50:37.0 (57708013)|HEAP_ALLOCATE|[10]|Bytes:4
14:50:37.0 (57738130)|VARIABLE_ASSIGNMENT|[10]|this.Employee__c|"003f400000KXyw3AAD"|0x4847bf8b
14:50:37.0 (57761154)|HEAP_ALLOCATE|[10]|Bytes:1
14:50:37.0 (57776209)|HEAP_ALLOCATE|[10]|Bytes:5
14:50:37.0 (57795606)|VARIABLE_ASSIGNMENT|[10]|this.Name|"test4"|0x4847bf8b
14:50:37.0 (57809021)|VARIABLE_ASSIGNMENT|[10]|this.Job_Category__c|"Junior"|0x4847bf8b
14:50:37.0 (57820726)|VARIABLE_ASSIGNMENT|[10]|this.Location__c|"India"|0x4847bf8b
14:50:37.0 (57833466)|HEAP_ALLOCATE|[EXTERNAL]|Bytes:4
14:50:37.0 (57839481)|HEAP_ALLOCATE|[9]|Bytes:4
14:50:37.0 (57845474)|VARIABLE_ASSIGNMENT|[9]|i|5
14:50:37.0 (57850812)|STATEMENT_EXECUTE|[9]
14:50:37.0 (57853081)|STATEMENT_EXECUTE|[10]
14:50:37.0 (57863773)|HEAP_ALLOCATE|[10]|Bytes:4
14:50:37.0 (57885816)|VARIABLE_ASSIGNMENT|[10]|this.Employee__c|"003f400000KXyw3AAD"|0x3873a3fb
14:50:37.0 (57900839)|HEAP_ALLOCATE|[10]|Bytes:1
14:50:37.0 (57910109)|HEAP_ALLOCATE|[10]|Bytes:5
14:50:37.0 (57922538)|VARIABLE_ASSIGNMENT|[10]|this.Name|"test5"|0x3873a3fb
14:50:37.0 (57935009)|VARIABLE_ASSIGNMENT|[10]|this.Job_Category__c|"Junior"|0x3873a3fb
14:50:37.0 (57954403)|VARIABLE_ASSIGNMENT|[10]|this.Location__c|"India"|0x3873a3fb
14:50:37.0 (57973389)|HEAP_ALLOCATE|[EXTERNAL]|Bytes:4
14:50:37.0 (57982339)|HEAP_ALLOCATE|[9]|Bytes:4
14:50:37.0 (57991313)|VARIABLE_ASSIGNMENT|[9]|i|6
14:50:37.0 (57999129)|STATEMENT_EXECUTE|[9]
14:50:37.0 (58001272)|STATEMENT_EXECUTE|[10]
14:50:37.0 (58016793)|HEAP_ALLOCATE|[10]|Bytes:4
14:50:37.0 (58041917)|VARIABLE_ASSIGNMENT|[10]|this.Employee__c|"003f400000KXyw3AAD"|0x46a92cb8
14:50:37.0 (58057632)|HEAP_ALLOCATE|[10]|Bytes:1
14:50:37.0 (58066749)|HEAP_ALLOCATE|[10]|Bytes:5
14:50:37.0 (58080820)|VARIABLE_ASSIGNMENT|[10]|this.Name|"test6"|0x46a92cb8
14:50:37.0 (58093367)|VARIABLE_ASSIGNMENT|[10]|this.Job_Category__c|"Junior"|0x46a92cb8
14:50:37.0 (58105246)|VARIABLE_ASSIGNMENT|[10]|this.Location__c|"India"|0x46a92cb8
14:50:37.0 (58116899)|HEAP_ALLOCATE|[EXTERNAL]|Bytes:4
14:50:37.0 (58122781)|HEAP_ALLOCATE|[9]|Bytes:4
14:50:37.0 (58142194)|VARIABLE_ASSIGNMENT|[9]|i|7
14:50:37.0 (58148415)|STATEMENT_EXECUTE|[9]
14:50:37.0 (58149956)|STATEMENT_EXECUTE|[10]
14:50:37.0 (58160417)|HEAP_ALLOCATE|[10]|Bytes:4
14:50:37.0 (58196845)|VARIABLE_ASSIGNMENT|[10]|this.Employee__c|"003f400000KXyw3AAD"|0x13ff3717
14:50:37.0 (58220356)|HEAP_ALLOCATE|[10]|Bytes:1
14:50:37.0 (58236542)|HEAP_ALLOCATE|[10]|Bytes:5
14:50:37.0 (58255645)|VARIABLE_ASSIGNMENT|[10]|this.Name|"test7"|0x13ff3717
14:50:37.0 (58268957)|VARIABLE_ASSIGNMENT|[10]|this.Job_Category__c|"Junior"|0x13ff3717
14:50:37.0 (58280731)|VARIABLE_ASSIGNMENT|[10]|this.Location__c|"India"|0x13ff3717
14:50:37.0 (58293626)|HEAP_ALLOCATE|[EXTERNAL]|Bytes:4
14:50:37.0 (58300006)|HEAP_ALLOCATE|[9]|Bytes:4
14:50:37.0 (58306271)|VARIABLE_ASSIGNMENT|[9]|i|8
14:50:37.0 (58311776)|STATEMENT_EXECUTE|[9]
14:50:37.0 (58313285)|STATEMENT_EXECUTE|[10]
14:50:37.0 (58323826)|HEAP_ALLOCATE|[10]|Bytes:4
14:50:37.0 (58349345)|VARIABLE_ASSIGNMENT|[10]|this.Employee__c|"003f400000KXyw3AAD"|0x66316904
14:50:37.0 (58371286)|HEAP_ALLOCATE|[10]|Bytes:1
14:50:37.0 (58384322)|HEAP_ALLOCATE|[10]|Bytes:5
14:50:37.0 (58398770)|VARIABLE_ASSIGNMENT|[10]|this.Name|"test8"|0x66316904
14:50:37.0 (58411800)|VARIABLE_ASSIGNMENT|[10]|this.Job_Category__c|"Junior"|0x66316904
14:50:37.0 (58426733)|VARIABLE_ASSIGNMENT|[10]|this.Location__c|"India"|0x66316904
14:50:37.0 (58444559)|HEAP_ALLOCATE|[EXTERNAL]|Bytes:4
14:50:37.0 (58453828)|HEAP_ALLOCATE|[9]|Bytes:4
14:50:37.0 (58462260)|VARIABLE_ASSIGNMENT|[9]|i|9
14:50:37.0 (58470054)|STATEMENT_EXECUTE|[9]
14:50:37.0 (58472132)|STATEMENT_EXECUTE|[10]
14:50:37.0 (58486790)|HEAP_ALLOCATE|[10]|Bytes:4
14:50:37.0 (58521497)|VARIABLE_ASSIGNMENT|[10]|this.Employee__c|"003f400000KXyw3AAD"|0x43787242
14:50:37.0 (58547523)|HEAP_ALLOCATE|[10]|Bytes:1
14:50:37.0 (58564022)|HEAP_ALLOCATE|[10]|Bytes:5
14:50:37.0 (58587807)|VARIABLE_ASSIGNMENT|[10]|this.Name|"test9"|0x43787242
14:50:37.0 (58616871)|VARIABLE_ASSIGNMENT|[10]|this.Job_Category__c|"Junior"|0x43787242
14:50:37.0 (58647816)|VARIABLE_ASSIGNMENT|[10]|this.Location__c|"India"|0x43787242
14:50:37.0 (58685420)|HEAP_ALLOCATE|[EXTERNAL]|Bytes:4
14:50:37.0 (58693163)|HEAP_ALLOCATE|[9]|Bytes:4
14:50:37.0 (58700175)|VARIABLE_ASSIGNMENT|[9]|i|10
14:50:37.0 (58707349)|STATEMENT_EXECUTE|[13]
14:50:37.0 (58772239)|DML_BEGIN|[13]|Op:Insert|Type:Compensation__c|Rows:10
14:50:37.0 (58927773)|HEAP_ALLOCATE|[EXTERNAL]|Bytes:44
14:50:37.0 (75793345)|CODE_UNIT_STARTED|[EXTERNAL]|01qf4000000wGad|Compensation_submitted_trigger on Compensation trigger event BeforeInsert
14:50:37.0 (75861242)|HEAP_ALLOCATE|[EXTERNAL]|Bytes:44
14:50:37.0 (75972819)|HEAP_ALLOCATE|[EXTERNAL]|Bytes:4
14:50:37.0 (75992547)|VARIABLE_SCOPE_BEGIN|[1]|this|Compensation_submitted_trigger|true|false
14:50:37.0 (76040503)|VARIABLE_ASSIGNMENT|[1]|this|{}|0x204d76f5
14:50:37.0 (76098009)|HEAP_ALLOCATE|[EXTERNAL]|Bytes:4
14:50:37.0 (76115678)|VARIABLE_SCOPE_BEGIN|[1]|this|Compensation_submitted_trigger|true|false
14:50:37.0 (76135332)|VARIABLE_ASSIGNMENT|[1]|this|{}|0x204d76f5
14:50:37.0 (76145874)|STATEMENT_EXECUTE|[1]
14:50:37.0 (76385292)|HEAP_ALLOCATE|[4]|Bytes:5
14:50:37.0 (76414730)|HEAP_ALLOCATE|[4]|Bytes:4
14:50:37.0 (76427392)|VARIABLE_SCOPE_BEGIN|[4]|comp|Compensation__c|true|false
14:50:37.0 (76781072)|VARIABLE_ASSIGNMENT|[4]|comp|{"Employee__c":"003f400000KXyw3AAD","IsDeleted":false,"OwnerId":"005f4000001iPIcAAM","Submitted__c":false,"RecordTypeId":"012f4000000xpkIAAQ","Location__c":"India","Status__c":"NOT SUBMITTED","Job_Category__c":"Junior","Name":"test0"}|0x1be26bde
14:50:37.0 (76792721)|STATEMENT_EXECUTE|[4]
14:50:37.0 (76813600)|STATEMENT_EXECUTE|[5]
14:50:37.0 (76827528)|HEAP_ALLOCATE|[4]|Bytes:5
14:50:37.0 (76841124)|HEAP_ALLOCATE|[4]|Bytes:4
14:50:37.0 (76848706)|VARIABLE_SCOPE_BEGIN|[4]|comp|Compensation__c|true|false
14:50:37.0 (76961664)|VARIABLE_ASSIGNMENT|[4]|comp|{"Employee__c":"003f400000KXyw3AAD","IsDeleted":false,"OwnerId":"005f4000001iPIcAAM","Submitted__c":false,"RecordTypeId":"012f4000000xpkIAAQ","Location__c":"India","Status__c":"NOT SUBMITTED","Job_Category__c":"Junior","Name":"test1"}|0x5b64d90
14:50:37.0 (76970780)|STATEMENT_EXECUTE|[4]
14:50:37.0 (76977136)|STATEMENT_EXECUTE|[5]
14:50:37.0 (76986743)|HEAP_ALLOCATE|[4]|Bytes:5
14:50:37.0 (76996504)|HEAP_ALLOCATE|[4]|Bytes:4
14:50:37.0 (77001970)|VARIABLE_SCOPE_BEGIN|[4]|comp|Compensation__c|true|false
14:50:37.0 (77104265)|VARIABLE_ASSIGNMENT|[4]|comp|{"Employee__c":"003f400000KXyw3AAD","IsDeleted":false,"OwnerId":"005f4000001iPIcAAM","Submitted__c":false,"RecordTypeId":"012f4000000xpkIAAQ","Location__c":"India","Status__c":"NOT SUBMITTED","Job_Category__c":"Junior","Name":"test2"}|0x6f4f5c5d
14:50:37.0 (77112976)|STATEMENT_EXECUTE|[4]
14:50:37.0 (77118081)|STATEMENT_EXECUTE|[5]
14:50:37.0 (77127147)|HEAP_ALLOCATE|[4]|Bytes:5
14:50:37.0 (77136156)|HEAP_ALLOCATE|[4]|Bytes:4
14:50:37.0 (77141111)|VARIABLE_SCOPE_BEGIN|[4]|comp|Compensation__c|true|false
14:50:37.0 (77240685)|VARIABLE_ASSIGNMENT|[4]|comp|{"Employee__c":"003f400000KXyw3AAD","IsDeleted":false,"OwnerId":"005f4000001iPIcAAM","Submitted__c":false,"RecordTypeId":"012f4000000xpkIAAQ","Location__c":"India","Status__c":"NOT SUBMITTED","Job_Category__c":"Junior","Name":"test3"}|0x25791076
14:50:37.0 (77249615)|STATEMENT_EXECUTE|[4]
14:50:37.0 (77254471)|STATEMENT_EXECUTE|[5]
14:50:37.0 (77262049)|HEAP_ALLOCATE|[4]|Bytes:5
14:50:37.0 (77270873)|HEAP_ALLOCATE|[4]|Bytes:4
14:50:37.0 (77275537)|VARIABLE_SCOPE_BEGIN|[4]|comp|Compensation__c|true|false
14:50:37.0 (77377150)|VARIABLE_ASSIGNMENT|[4]|comp|{"Employee__c":"003f400000KXyw3AAD","IsDeleted":false,"OwnerId":"005f4000001iPIcAAM","Submitted__c":false,"RecordTypeId":"012f4000000xpkIAAQ","Location__c":"India","Status__c":"NOT SUBMITTED","Job_Category__c":"Junior","Name":"test4"}|0x2dcd239c
14:50:37.0 (77386081)|STATEMENT_EXECUTE|[4]
14:50:37.0 (77390916)|STATEMENT_EXECUTE|[5]
14:50:37.0 (77398953)|HEAP_ALLOCATE|[4]|Bytes:5
14:50:37.0 (77408370)|HEAP_ALLOCATE|[4]|Bytes:4
14:50:37.0 (77413062)|VARIABLE_SCOPE_BEGIN|[4]|comp|Compensation__c|true|false
14:50:37.0 (77510498)|VARIABLE_ASSIGNMENT|[4]|comp|{"Employee__c":"003f400000KXyw3AAD","IsDeleted":false,"OwnerId":"005f4000001iPIcAAM","Submitted__c":false,"RecordTypeId":"012f4000000xpkIAAQ","Location__c":"India","Status__c":"NOT SUBMITTED","Job_Category__c":"Junior","Name":"test5"}|0x1a202178
14:50:37.0 (77518314)|STATEMENT_EXECUTE|[4]
14:50:37.0 (77523284)|STATEMENT_EXECUTE|[5]
14:50:37.0 (77530860)|HEAP_ALLOCATE|[4]|Bytes:5
14:50:37.0 (77539189)|HEAP_ALLOCATE|[4]|Bytes:4
14:50:37.0 (77544470)|VARIABLE_SCOPE_BEGIN|[4]|comp|Compensation__c|true|false
14:50:37.0 (77649591)|VARIABLE_ASSIGNMENT|[4]|comp|{"Employee__c":"003f400000KXyw3AAD","IsDeleted":false,"OwnerId":"005f4000001iPIcAAM","Submitted__c":false,"RecordTypeId":"012f4000000xpkIAAQ","Location__c":"India","Status__c":"NOT SUBMITTED","Job_Category__c":"Junior","Name":"test6"}|0xf182bd5
14:50:37.0 (77658079)|STATEMENT_EXECUTE|[4]
14:50:37.0 (77663037)|STATEMENT_EXECUTE|[5]
14:50:37.0 (77670529)|HEAP_ALLOCATE|[4]|Bytes:5
14:50:37.0 (77679254)|HEAP_ALLOCATE|[4]|Bytes:4
14:50:37.0 (77683905)|VARIABLE_SCOPE_BEGIN|[4]|comp|Compensation__c|true|false
14:50:37.0 (77779764)|VARIABLE_ASSIGNMENT|[4]|comp|{"Employee__c":"003f400000KXyw3AAD","IsDeleted":false,"OwnerId":"005f4000001iPIcAAM","Submitted__c":false,"RecordTypeId":"012f4000000xpkIAAQ","Location__c":"India","Status__c":"NOT SUBMITTED","Job_Category__c":"Junior","Name":"test7"}|0x628f70e0
14:50:37.0 (77787389)|STATEMENT_EXECUTE|[4]
14:50:37.0 (77791949)|STATEMENT_EXECUTE|[5]
14:50:37.0 (77799190)|HEAP_ALLOCATE|[4]|Bytes:5
14:50:37.0 (77807621)|HEAP_ALLOCATE|[4]|Bytes:4
14:50:37.0 (77812208)|VARIABLE_SCOPE_BEGIN|[4]|comp|Compensation__c|true|false
14:50:37.0 (77927702)|VARIABLE_ASSIGNMENT|[4]|comp|{"Employee__c":"003f400000KXyw3AAD","IsDeleted":false,"OwnerId":"005f4000001iPIcAAM","Submitted__c":false,"RecordTypeId":"012f4000000xpkIAAQ","Location__c":"India","Status__c":"NOT SUBMITTED","Job_Category__c":"Junior","Name":"test8"}|0x269a6eee
14:50:37.0 (77936627)|STATEMENT_EXECUTE|[4]
14:50:37.0 (77941522)|STATEMENT_EXECUTE|[5]
14:50:37.0 (77949642)|HEAP_ALLOCATE|[4]|Bytes:5
14:50:37.0 (77958256)|HEAP_ALLOCATE|[4]|Bytes:4
14:50:37.0 (77963235)|VARIABLE_SCOPE_BEGIN|[4]|comp|Compensation__c|true|false
14:50:37.0 (78059550)|VARIABLE_ASSIGNMENT|[4]|comp|{"Employee__c":"003f400000KXyw3AAD","IsDeleted":false,"OwnerId":"005f4000001iPIcAAM","Submitted__c":false,"RecordTypeId":"012f4000000xpkIAAQ","Location__c":"India","Status__c":"NOT SUBMITTED","Job_Category__c":"Junior","Name":"test9"}|0x3d2ab0a4
14:50:37.0 (78068499)|STATEMENT_EXECUTE|[4]
14:50:37.0 (78073437)|STATEMENT_EXECUTE|[5]
14:50:37.0 (78081063)|HEAP_ALLOCATE|[4]|Bytes:5
14:50:37.0 (78091463)|VARIABLE_ASSIGNMENT|[4]|comp|null|
14:50:37.78 (78100255)|CUMULATIVE_LIMIT_USAGE
14:50:37.78 (78100255)|LIMIT_USAGE_FOR_NS|(default)|
  Number of SOQL queries: 0 out of 100
  Number of query rows: 0 out of 50000
  Number of SOSL queries: 0 out of 20
  Number of DML statements: 2 out of 150
  Number of DML rows: 11 out of 10000
  Maximum CPU time: 0 out of 10000
  Maximum heap size: 0 out of 6000000
  Number of callouts: 0 out of 100
  Number of Email Invocations: 0 out of 10
  Number of future calls: 0 out of 50
  Number of queueable jobs added to the queue: 0 out of 50
  Number of Mobile Apex push calls: 0 out of 10

14:50:37.78 (78100255)|CUMULATIVE_LIMIT_USAGE_END

14:50:37.0 (78958696)|CODE_UNIT_FINISHED|Compensation_submitted_trigger on Compensation trigger event BeforeInsert
14:50:37.0 (85670396)|CODE_UNIT_STARTED|[EXTERNAL]|Validation:Compensation:new
14:50:37.0 (85682724)|VALIDATION_RULE|03df4000000tLey|Job_Category_Other
14:50:37.0 (85831045)|VALIDATION_FORMULA|ISPICKVAL(Job_Category__c, 'Other')&&(ISBLANK(Other__c))|Job_Category__c=Junior , Other__c=null
14:50:37.0 (85839991)|VALIDATION_PASS
14:50:37.0 (85948130)|CODE_UNIT_FINISHED|Validation:Compensation:new
14:50:37.0 (85976740)|CODE_UNIT_STARTED|[EXTERNAL]|Validation:Compensation:new
14:50:37.0 (85981939)|VALIDATION_RULE|03df4000000tLey|Job_Category_Other
14:50:37.0 (86107294)|VALIDATION_FORMULA|ISPICKVAL(Job_Category__c, 'Other')&&(ISBLANK(Other__c))|Job_Category__c=Junior , Other__c=null
14:50:37.0 (86117701)|VALIDATION_PASS
14:50:37.0 (86231872)|CODE_UNIT_FINISHED|Validation:Compensation:new
14:50:37.0 (86360310)|CODE_UNIT_STARTED|[EXTERNAL]|Validation:Compensation:new
14:50:37.0 (86370758)|VALIDATION_RULE|03df4000000tLey|Job_Category_Other
14:50:37.0 (86527765)|VALIDATION_FORMULA|ISPICKVAL(Job_Category__c, 'Other')&&(ISBLANK(Other__c))|Job_Category__c=Junior , Other__c=null
14:50:37.0 (86535754)|VALIDATION_PASS
14:50:37.0 (86622726)|CODE_UNIT_FINISHED|Validation:Compensation:new
14:50:37.0 (86667445)|CODE_UNIT_STARTED|[EXTERNAL]|Validation:Compensation:new
14:50:37.0 (86675533)|VALIDATION_RULE|03df4000000tLey|Job_Category_Other
14:50:37.0 (86795205)|VALIDATION_FORMULA|ISPICKVAL(Job_Category__c, 'Other')&&(ISBLANK(Other__c))|Job_Category__c=Junior , Other__c=null
14:50:37.0 (86802285)|VALIDATION_PASS
14:50:37.0 (86877984)|CODE_UNIT_FINISHED|Validation:Compensation:new
14:50:37.0 (86899110)|CODE_UNIT_STARTED|[EXTERNAL]|Validation:Compensation:new
14:50:37.0 (86903634)|VALIDATION_RULE|03df4000000tLey|Job_Category_Other
14:50:37.0 (86996514)|VALIDATION_FORMULA|ISPICKVAL(Job_Category__c, 'Other')&&(ISBLANK(Other__c))|Job_Category__c=Junior , Other__c=null
14:50:37.0 (87017698)|VALIDATION_PASS
14:50:37.0 (87103907)|CODE_UNIT_FINISHED|Validation:Compensation:new
14:50:37.0 (87124422)|CODE_UNIT_STARTED|[EXTERNAL]|Validation:Compensation:new
14:50:37.0 (87129154)|VALIDATION_RULE|03df4000000tLey|Job_Category_Other
14:50:37.0 (87259678)|VALIDATION_FORMULA|ISPICKVAL(Job_Category__c, 'Other')&&(ISBLANK(Other__c))|Job_Category__c=Junior , Other__c=null
14:50:37.0 (87267069)|VALIDATION_PASS
14:50:37.0 (87370127)|CODE_UNIT_FINISHED|Validation:Compensation:new
14:50:37.0 (87392827)|CODE_UNIT_STARTED|[EXTERNAL]|Validation:Compensation:new
14:50:37.0 (87397644)|VALIDATION_RULE|03df4000000tLey|Job_Category_Other
14:50:37.0 (87492942)|VALIDATION_FORMULA|ISPICKVAL(Job_Category__c, 'Other')&&(ISBLANK(Other__c))|Job_Category__c=Junior , Other__c=null
14:50:37.0 (87499527)|VALIDATION_PASS
14:50:37.0 (87575003)|CODE_UNIT_FINISHED|Validation:Compensation:new
14:50:37.0 (87594118)|CODE_UNIT_STARTED|[EXTERNAL]|Validation:Compensation:new
14:50:37.0 (87598592)|VALIDATION_RULE|03df4000000tLey|Job_Category_Other
14:50:37.0 (87693445)|VALIDATION_FORMULA|ISPICKVAL(Job_Category__c, 'Other')&&(ISBLANK(Other__c))|Job_Category__c=Junior , Other__c=null
14:50:37.0 (87699442)|VALIDATION_PASS
14:50:37.0 (87769589)|CODE_UNIT_FINISHED|Validation:Compensation:new
14:50:37.0 (87794427)|CODE_UNIT_STARTED|[EXTERNAL]|Validation:Compensation:new
14:50:37.0 (87801512)|VALIDATION_RULE|03df4000000tLey|Job_Category_Other
14:50:37.0 (87944922)|VALIDATION_FORMULA|ISPICKVAL(Job_Category__c, 'Other')&&(ISBLANK(Other__c))|Job_Category__c=Junior , Other__c=null
14:50:37.0 (87956740)|VALIDATION_PASS
14:50:37.0 (88069245)|CODE_UNIT_FINISHED|Validation:Compensation:new
14:50:37.0 (88098182)|CODE_UNIT_STARTED|[EXTERNAL]|Validation:Compensation:new
14:50:37.0 (88105713)|VALIDATION_RULE|03df4000000tLey|Job_Category_Other
14:50:37.0 (88226214)|VALIDATION_FORMULA|ISPICKVAL(Job_Category__c, 'Other')&&(ISBLANK(Other__c))|Job_Category__c=Junior , Other__c=null
14:50:37.0 (88235869)|VALIDATION_PASS
14:50:37.0 (88334176)|CODE_UNIT_FINISHED|Validation:Compensation:new
14:50:37.0 (119289894)|CODE_UNIT_STARTED|[EXTERNAL]|Workflow:01If40000017tCd
14:50:37.0 (125994122)|WF_RULE_EVAL_BEGIN|Workflow
14:50:37.0 (126020568)|WF_CRITERIA_BEGIN|[Compensation: test0 a00f4000007wxdP]|Uruguay_Location_Compensation301f40000002crQ|01Qf4000000nI5L|ON_CREATE_ONLY|0
14:50:37.0 (126128318)|WF_FORMULA|Formula:ENCODED:[treatNullAsNull]true|Values:
14:50:37.0 (126134787)|WF_CRITERIA_END|true
14:50:37.0 (127100732)|WF_CRITERIA_BEGIN|[Compensation: test1 a00f4000007wxdQ]|Uruguay_Location_Compensation301f40000002crQ|01Qf4000000nI5L|ON_CREATE_ONLY|0
14:50:37.0 (127133733)|WF_FORMULA|Formula:ENCODED:[treatNullAsNull]true|Values:
14:50:37.0 (127139631)|WF_CRITERIA_END|true
14:50:37.0 (127149209)|WF_CRITERIA_BEGIN|[Compensation: test2 a00f4000007wxdR]|Uruguay_Location_Compensation301f40000002crQ|01Qf4000000nI5L|ON_CREATE_ONLY|0
14:50:37.0 (127164763)|WF_FORMULA|Formula:ENCODED:[treatNullAsNull]true|Values:
14:50:37.0 (127169515)|WF_CRITERIA_END|true
14:50:37.0 (127176229)|WF_CRITERIA_BEGIN|[Compensation: test3 a00f4000007wxdS]|Uruguay_Location_Compensation301f40000002crQ|01Qf4000000nI5L|ON_CREATE_ONLY|0
14:50:37.0 (127189561)|WF_FORMULA|Formula:ENCODED:[treatNullAsNull]true|Values:
14:50:37.0 (127193565)|WF_CRITERIA_END|true
14:50:37.0 (127199324)|WF_CRITERIA_BEGIN|[Compensation: test4 a00f4000007wxdT]|Uruguay_Location_Compensation301f40000002crQ|01Qf4000000nI5L|ON_CREATE_ONLY|0
14:50:37.0 (127211322)|WF_FORMULA|Formula:ENCODED:[treatNullAsNull]true|Values:
14:50:37.0 (127216345)|WF_CRITERIA_END|true
14:50:37.0 (127222185)|WF_CRITERIA_BEGIN|[Compensation: test5 a00f4000007wxdU]|Uruguay_Location_Compensation301f40000002crQ|01Qf4000000nI5L|ON_CREATE_ONLY|0
14:50:37.0 (127234495)|WF_FORMULA|Formula:ENCODED:[treatNullAsNull]true|Values:
14:50:37.0 (127238605)|WF_CRITERIA_END|true
14:50:37.0 (127244732)|WF_CRITERIA_BEGIN|[Compensation: test6 a00f4000007wxdV]|Uruguay_Location_Compensation301f40000002crQ|01Qf4000000nI5L|ON_CREATE_ONLY|0
14:50:37.0 (127256448)|WF_FORMULA|Formula:ENCODED:[treatNullAsNull]true|Values:
14:50:37.0 (127260381)|WF_CRITERIA_END|true
14:50:37.0 (127266410)|WF_CRITERIA_BEGIN|[Compensation: test7 a00f4000007wxdW]|Uruguay_Location_Compensation301f40000002crQ|01Qf4000000nI5L|ON_CREATE_ONLY|0
14:50:37.0 (127278292)|WF_FORMULA|Formula:ENCODED:[treatNullAsNull]true|Values:
14:50:37.0 (127282186)|WF_CRITERIA_END|true
14:50:37.0 (127287993)|WF_CRITERIA_BEGIN|[Compensation: test8 a00f4000007wxdX]|Uruguay_Location_Compensation301f40000002crQ|01Qf4000000nI5L|ON_CREATE_ONLY|0
14:50:37.0 (127306201)|WF_FORMULA|Formula:ENCODED:[treatNullAsNull]true|Values:
14:50:37.0 (127311853)|WF_CRITERIA_END|true
14:50:37.0 (127320563)|WF_CRITERIA_BEGIN|[Compensation: test9 a00f4000007wxdY]|Uruguay_Location_Compensation301f40000002crQ|01Qf4000000nI5L|ON_CREATE_ONLY|0
14:50:37.0 (127336018)|WF_FORMULA|Formula:ENCODED:[treatNullAsNull]true|Values:
14:50:37.0 (127340109)|WF_CRITERIA_END|true
14:50:37.0 (127355069)|WF_SPOOL_ACTION_BEGIN|Workflow
14:50:37.0 (127386114)|WF_ACTION| Flow Trigger: 10;
14:50:37.0 (127391596)|WF_RULE_EVAL_END
14:50:37.0 (128311873)|WF_FLOW_ACTION_BEGIN|09Lf4000000hSfK
14:50:37.128 (128385142)|FLOW_CREATE_INTERVIEW_BEGIN|00Df400000264R3|300f40000005TUu|301f40000002crQ
14:50:37.128 (130696838)|FLOW_CREATE_INTERVIEW_END|171878892f0dc27180bb11069b4162f887181f-3db2|Uruguay Location Compensation
14:50:37.0 (130983949)|WF_FLOW_ACTION_BEGIN|09Lf4000000hSfK
14:50:37.131 (131023146)|FLOW_CREATE_INTERVIEW_BEGIN|00Df400000264R3|300f40000005TUu|301f40000002crQ
14:50:37.131 (131051522)|FLOW_CREATE_INTERVIEW_END|171978892f0dc27180bb11069b4162f887181f-3db3|Uruguay Location Compensation
14:50:37.0 (131171427)|WF_FLOW_ACTION_BEGIN|09Lf4000000hSfK
14:50:37.131 (131201999)|FLOW_CREATE_INTERVIEW_BEGIN|00Df400000264R3|300f40000005TUu|301f40000002crQ
14:50:37.131 (131225165)|FLOW_CREATE_INTERVIEW_END|172078892f0dc27180bb11069b4162f887181f-3db4|Uruguay Location Compensation
14:50:37.0 (131331665)|WF_FLOW_ACTION_BEGIN|09Lf4000000hSfK
14:50:37.131 (131360418)|FLOW_CREATE_INTERVIEW_BEGIN|00Df400000264R3|300f40000005TUu|301f40000002crQ
14:50:37.131 (131383214)|FLOW_CREATE_INTERVIEW_END|172178892f0dc27180bb11069b4162f887181f-3db5|Uruguay Location Compensation
14:50:37.0 (131504283)|WF_FLOW_ACTION_BEGIN|09Lf4000000hSfK
14:50:37.131 (131541557)|FLOW_CREATE_INTERVIEW_BEGIN|00Df400000264R3|300f40000005TUu|301f40000002crQ
14:50:37.131 (131571993)|FLOW_CREATE_INTERVIEW_END|172278892f0dc27180bb11069b4162f887181f-3db6|Uruguay Location Compensation
14:50:37.0 (131690779)|WF_FLOW_ACTION_BEGIN|09Lf4000000hSfK
14:50:37.131 (131719812)|FLOW_CREATE_INTERVIEW_BEGIN|00Df400000264R3|300f40000005TUu|301f40000002crQ
14:50:37.131 (131742081)|FLOW_CREATE_INTERVIEW_END|172378892f0dc27180bb11069b4162f887181f-3db7|Uruguay Location Compensation
14:50:37.0 (131847275)|WF_FLOW_ACTION_BEGIN|09Lf4000000hSfK
14:50:37.131 (131874038)|FLOW_CREATE_INTERVIEW_BEGIN|00Df400000264R3|300f40000005TUu|301f40000002crQ
14:50:37.131 (131895122)|FLOW_CREATE_INTERVIEW_END|172478892f0dc27180bb11069b4162f887181f-3db8|Uruguay Location Compensation
14:50:37.0 (131993415)|WF_FLOW_ACTION_BEGIN|09Lf4000000hSfK
14:50:37.132 (132018793)|FLOW_CREATE_INTERVIEW_BEGIN|00Df400000264R3|300f40000005TUu|301f40000002crQ
14:50:37.132 (132039450)|FLOW_CREATE_INTERVIEW_END|172578892f0dc27180bb11069b4162f887181f-3db9|Uruguay Location Compensation
14:50:37.0 (132130059)|WF_FLOW_ACTION_BEGIN|09Lf4000000hSfK
14:50:37.132 (132155574)|FLOW_CREATE_INTERVIEW_BEGIN|00Df400000264R3|300f40000005TUu|301f40000002crQ
14:50:37.132 (132176171)|FLOW_CREATE_INTERVIEW_END|172678892f0dc27180bb11069b4162f887181f-3dba|Uruguay Location Compensation
14:50:37.0 (132266418)|WF_FLOW_ACTION_BEGIN|09Lf4000000hSfK
14:50:37.132 (132290941)|FLOW_CREATE_INTERVIEW_BEGIN|00Df400000264R3|300f40000005TUu|301f40000002crQ
14:50:37.132 (132310977)|FLOW_CREATE_INTERVIEW_END|172778892f0dc27180bb11069b4162f887181f-3dbb|Uruguay Location Compensation
14:50:37.132 (132446200)|FLOW_START_INTERVIEWS_BEGIN|10
14:50:37.132 (132469999)|FLOW_START_INTERVIEW_BEGIN|171878892f0dc27180bb11069b4162f887181f-3db2|Uruguay Location Compensation
14:50:37.132 (133793781)|FLOW_START_INTERVIEW_END|171878892f0dc27180bb11069b4162f887181f-3db2|Uruguay Location Compensation
14:50:37.132 (133806510)|FLOW_START_INTERVIEW_BEGIN|171978892f0dc27180bb11069b4162f887181f-3db3|Uruguay Location Compensation
14:50:37.132 (134177486)|FLOW_START_INTERVIEW_END|171978892f0dc27180bb11069b4162f887181f-3db3|Uruguay Location Compensation
14:50:37.132 (134188681)|FLOW_START_INTERVIEW_BEGIN|172078892f0dc27180bb11069b4162f887181f-3db4|Uruguay Location Compensation
14:50:37.132 (134545842)|FLOW_START_INTERVIEW_END|172078892f0dc27180bb11069b4162f887181f-3db4|Uruguay Location Compensation
14:50:37.132 (134556368)|FLOW_START_INTERVIEW_BEGIN|172178892f0dc27180bb11069b4162f887181f-3db5|Uruguay Location Compensation
14:50:37.132 (134923648)|FLOW_START_INTERVIEW_END|172178892f0dc27180bb11069b4162f887181f-3db5|Uruguay Location Compensation
14:50:37.132 (134934463)|FLOW_START_INTERVIEW_BEGIN|172278892f0dc27180bb11069b4162f887181f-3db6|Uruguay Location Compensation
14:50:37.132 (135284883)|FLOW_START_INTERVIEW_END|172278892f0dc27180bb11069b4162f887181f-3db6|Uruguay Location Compensation
14:50:37.132 (135295778)|FLOW_START_INTERVIEW_BEGIN|172378892f0dc27180bb11069b4162f887181f-3db7|Uruguay Location Compensation
14:50:37.132 (135649500)|FLOW_START_INTERVIEW_END|172378892f0dc27180bb11069b4162f887181f-3db7|Uruguay Location Compensation
14:50:37.132 (135659529)|FLOW_START_INTERVIEW_BEGIN|172478892f0dc27180bb11069b4162f887181f-3db8|Uruguay Location Compensation
14:50:37.132 (136010082)|FLOW_START_INTERVIEW_END|172478892f0dc27180bb11069b4162f887181f-3db8|Uruguay Location Compensation
14:50:37.132 (136021116)|FLOW_START_INTERVIEW_BEGIN|172578892f0dc27180bb11069b4162f887181f-3db9|Uruguay Location Compensation
14:50:37.132 (136364376)|FLOW_START_INTERVIEW_END|172578892f0dc27180bb11069b4162f887181f-3db9|Uruguay Location Compensation
14:50:37.132 (136375084)|FLOW_START_INTERVIEW_BEGIN|172678892f0dc27180bb11069b4162f887181f-3dba|Uruguay Location Compensation
14:50:37.132 (136724933)|FLOW_START_INTERVIEW_END|172678892f0dc27180bb11069b4162f887181f-3dba|Uruguay Location Compensation
14:50:37.132 (136735133)|FLOW_START_INTERVIEW_BEGIN|172778892f0dc27180bb11069b4162f887181f-3dbb|Uruguay Location Compensation
14:50:37.132 (137087763)|FLOW_START_INTERVIEW_END|172778892f0dc27180bb11069b4162f887181f-3dbb|Uruguay Location Compensation
14:50:37.132 (137105265)|FLOW_START_INTERVIEWS_END|10
14:50:37.0 (138275796)|WF_FLOW_ACTION_END|09Lf4000000hSfK
14:50:37.0 (138283638)|WF_FLOW_ACTION_END|09Lf4000000hSfK
14:50:37.0 (138286774)|WF_FLOW_ACTION_END|09Lf4000000hSfK
14:50:37.0 (138289368)|WF_FLOW_ACTION_END|09Lf4000000hSfK
14:50:37.0 (138291623)|WF_FLOW_ACTION_END|09Lf4000000hSfK
14:50:37.0 (138293918)|WF_FLOW_ACTION_END|09Lf4000000hSfK
14:50:37.0 (138296376)|WF_FLOW_ACTION_END|09Lf4000000hSfK
14:50:37.0 (138298515)|WF_FLOW_ACTION_END|09Lf4000000hSfK
14:50:37.0 (138301019)|WF_FLOW_ACTION_END|09Lf4000000hSfK
14:50:37.0 (138303180)|WF_FLOW_ACTION_END|09Lf4000000hSfK
14:50:37.0 (138408465)|WF_ACTIONS_END| Flow Trigger: 10;
14:50:37.0 (138416420)|CODE_UNIT_FINISHED|Workflow:01If40000017tCd
14:50:37.0 (139394064)|DML_END|[13]
14:50:37.0 (139464328)|HEAP_ALLOCATE|[EXTERNAL]|Bytes:44
14:50:37.139 (139508897)|CUMULATIVE_LIMIT_USAGE
14:50:37.139 (139508897)|LIMIT_USAGE_FOR_NS|(default)|
  Number of SOQL queries: 0 out of 100
  Number of query rows: 0 out of 50000
  Number of SOSL queries: 0 out of 20
  Number of DML statements: 2 out of 150
  Number of DML rows: 11 out of 10000
  Maximum CPU time: 0 out of 10000
  Maximum heap size: 0 out of 6000000
  Number of callouts: 0 out of 100
  Number of Email Invocations: 0 out of 10
  Number of future calls: 0 out of 50
  Number of queueable jobs added to the queue: 0 out of 50
  Number of Mobile Apex push calls: 0 out of 10

14:50:37.139 (139508897)|CUMULATIVE_LIMIT_USAGE_END

14:50:37.0 (139539935)|CODE_UNIT_FINISHED|CompSubCantBeModOrDelTrigrTest.testDataSetup
14:50:37.0 (140416434)|EXECUTION_FINISHED
14:50:37.147 (147676854)|USER_INFO|[EXTERNAL]|005f4000001iPIc|lrodriguez-onboarding@altimetrik.com|Argentine Time|GMT-03:00
14:50:37.147 (147698456)|EXECUTION_STARTED
14:50:37.147 (147702446)|CODE_UNIT_STARTED|[EXTERNAL]|01pf400000ARlF6|CompSubCantBeModOrDelTrigrTest.test_method_beforeDelete1
14:50:37.147 (147811582)|HEAP_ALLOCATE|[72]|Bytes:3
14:50:37.147 (147834872)|HEAP_ALLOCATE|[77]|Bytes:152
14:50:37.147 (147846057)|HEAP_ALLOCATE|[342]|Bytes:408
14:50:37.147 (147857665)|HEAP_ALLOCATE|[355]|Bytes:408
14:50:37.147 (147869161)|HEAP_ALLOCATE|[467]|Bytes:48
14:50:37.147 (147888510)|HEAP_ALLOCATE|[139]|Bytes:6
14:50:37.147 (147902573)|HEAP_ALLOCATE|[EXTERNAL]|Bytes:173
14:50:37.147 (147912811)|METHOD_ENTRY|[2]|01pf400000ARlF6|CompSubCantBeModOrDelTrigrTest.CompSubCantBeModOrDelTrigrTest()
14:50:37.147 (147919436)|STATEMENT_EXECUTE|[2]
14:50:37.147 (147924035)|STATEMENT_EXECUTE|[2]
14:50:37.147 (147928265)|METHOD_EXIT|[2]|CompSubCantBeModOrDelTrigrTest
14:50:37.147 (148033728)|HEAP_ALLOCATE|[50]|Bytes:5
14:50:37.147 (148050105)|HEAP_ALLOCATE|[56]|Bytes:5
14:50:37.147 (148057317)|HEAP_ALLOCATE|[64]|Bytes:7
14:50:37.147 (148091932)|STATEMENT_EXECUTE|[71]
14:50:37.147 (148094028)|STATEMENT_EXECUTE|[73]
14:50:37.147 (148097340)|HEAP_ALLOCATE|[73]|Bytes:36
14:50:37.147 (148114069)|HEAP_ALLOCATE|[73]|Bytes:4
14:50:37.147 (148283486)|SOQL_EXECUTE_BEGIN|[73]|Aggregations:0|SELECT Id, Name FROM Contact LIMIT 2
14:50:37.147 (155764529)|SOQL_EXECUTE_END|[73]|Rows:1
14:50:37.147 (155792652)|HEAP_ALLOCATE|[73]|Bytes:8
14:50:37.147 (155810829)|HEAP_ALLOCATE|[73]|Bytes:41
14:50:37.147 (155865250)|HEAP_ALLOCATE|[73]|Bytes:8
14:50:37.147 (155883787)|VARIABLE_SCOPE_BEGIN|[73]|contacts|List<Contact>|true|false
14:50:37.147 (155940385)|VARIABLE_ASSIGNMENT|[73]|contacts|[{"Id":"003f400000KXyw3AAD","Name":"Diaz"}]|0x329366a8
14:50:37.147 (155948152)|STATEMENT_EXECUTE|[76]
14:50:37.147 (155972957)|HEAP_ALLOCATE|[76]|Bytes:4
14:50:37.147 (155993143)|HEAP_ALLOCATE|[76]|Bytes:13
14:50:37.147 (156039317)|VARIABLE_ASSIGNMENT|[76]|this.Name|"testingComp11"|0xeaec5c7
14:50:37.147 (156085166)|HEAP_ALLOCATE|[77]|Bytes:12
14:50:37.147 (156128232)|VARIABLE_ASSIGNMENT|[76]|this.Employee__c|"003f400000KXyw3AAD"|0xeaec5c7
14:50:37.147 (156140407)|HEAP_ALLOCATE|[78]|Bytes:5
14:50:37.147 (156165203)|VARIABLE_ASSIGNMENT|[76]|this.Location__c|"India"|0xeaec5c7
14:50:37.147 (156172865)|HEAP_ALLOCATE|[79]|Bytes:6
14:50:37.147 (156186565)|VARIABLE_ASSIGNMENT|[76]|this.Job_Category__c|"Junior"|0xeaec5c7
14:50:37.147 (156202683)|VARIABLE_ASSIGNMENT|[76]|this.Submitted__c|false|0xeaec5c7
14:50:37.147 (156228201)|VARIABLE_SCOPE_BEGIN|[76]|comp|Compensation__c|true|false
14:50:37.147 (156246929)|VARIABLE_ASSIGNMENT|[76]|comp|{"Name":"testingComp11","Employee__c":"003f400000KXyw3AAD","Location__c":"India","Job_Category__c":"Junior","Submitted__c":false}|0xeaec5c7
14:50:37.147 (156253332)|STATEMENT_EXECUTE|[81]
14:50:37.147 (156280179)|HEAP_ALLOCATE|[81]|Bytes:8
14:50:37.147 (156291982)|DML_BEGIN|[81]|Op:Insert|Type:Compensation__c|Rows:1
14:50:37.147 (156321409)|HEAP_ALLOCATE|[EXTERNAL]|Bytes:8
14:50:37.147 (158298252)|CODE_UNIT_STARTED|[EXTERNAL]|01qf4000000wGad|Compensation_submitted_trigger on Compensation trigger event BeforeInsert
14:50:37.147 (158340129)|HEAP_ALLOCATE|[EXTERNAL]|Bytes:8
14:50:37.147 (158396092)|HEAP_ALLOCATE|[EXTERNAL]|Bytes:4
14:50:37.147 (158406616)|VARIABLE_SCOPE_BEGIN|[1]|this|Compensation_submitted_trigger|true|false
14:50:37.147 (158431782)|VARIABLE_ASSIGNMENT|[1]|this|{}|0x18bedbc0
14:50:37.147 (158469169)|HEAP_ALLOCATE|[EXTERNAL]|Bytes:4
14:50:37.147 (158475904)|VARIABLE_SCOPE_BEGIN|[1]|this|Compensation_submitted_trigger|true|false
14:50:37.147 (158487791)|VARIABLE_ASSIGNMENT|[1]|this|{}|0x18bedbc0
14:50:37.147 (158494589)|STATEMENT_EXECUTE|[1]
14:50:37.147 (158574124)|HEAP_ALLOCATE|[4]|Bytes:5
14:50:37.147 (158593413)|HEAP_ALLOCATE|[4]|Bytes:4
14:50:37.147 (158600223)|VARIABLE_SCOPE_BEGIN|[4]|comp|Compensation__c|true|false
14:50:37.147 (158768786)|VARIABLE_ASSIGNMENT|[4]|comp|{"Employee__c":"003f400000KXyw3AAD","IsDeleted":false,"OwnerId":"005f4000001iPIcAAM","Submitted__c":false,"RecordTypeId":"012f4000000xpkIAAQ","Location__c":"India","Status__c":"NOT SUBMITTED","Job_Category__c":"Junior","Name":"testingComp11"}|0x73b6d63c
14:50:37.147 (158778712)|STATEMENT_EXECUTE|[4]
14:50:37.147 (158788040)|STATEMENT_EXECUTE|[5]
14:50:37.147 (158799312)|HEAP_ALLOCATE|[4]|Bytes:5
14:50:37.147 (158811509)|VARIABLE_ASSIGNMENT|[4]|comp|null|
14:50:37.158 (158819952)|CUMULATIVE_LIMIT_USAGE
14:50:37.158 (158819952)|LIMIT_USAGE_FOR_NS|(default)|
  Number of SOQL queries: 1 out of 100
  Number of query rows: 1 out of 50000
  Number of SOSL queries: 0 out of 20
  Number of DML statements: 3 out of 150
  Number of DML rows: 12 out of 10000
  Maximum CPU time: 0 out of 10000
  Maximum heap size: 0 out of 6000000
  Number of callouts: 0 out of 100
  Number of Email Invocations: 0 out of 10
  Number of future calls: 0 out of 50
  Number of queueable jobs added to the queue: 0 out of 50
  Number of Mobile Apex push calls: 0 out of 10

14:50:37.158 (158819952)|CUMULATIVE_LIMIT_USAGE_END

14:50:37.147 (159679572)|CODE_UNIT_FINISHED|Compensation_submitted_trigger on Compensation trigger event BeforeInsert
14:50:37.147 (161795936)|CODE_UNIT_STARTED|[EXTERNAL]|Validation:Compensation:new
14:50:37.147 (161806650)|VALIDATION_RULE|03df4000000tLey|Job_Category_Other
14:50:37.147 (161927779)|VALIDATION_FORMULA|ISPICKVAL(Job_Category__c, 'Other')&&(ISBLANK(Other__c))|Job_Category__c=Junior , Other__c=null
14:50:37.147 (161935510)|VALIDATION_PASS
14:50:37.147 (162029584)|CODE_UNIT_FINISHED|Validation:Compensation:new
14:50:37.147 (170903864)|CODE_UNIT_STARTED|[EXTERNAL]|Workflow:01If40000017tCd
14:50:37.147 (174171353)|WF_RULE_EVAL_BEGIN|Workflow
14:50:37.147 (174192602)|WF_CRITERIA_BEGIN|[Compensation: testingComp11 a00f4000007wxdZ]|Uruguay_Location_Compensation301f40000002crQ|01Qf4000000nI5L|ON_CREATE_ONLY|0
14:50:37.147 (174242280)|WF_FORMULA|Formula:ENCODED:[treatNullAsNull]true|Values:
14:50:37.147 (174249055)|WF_CRITERIA_END|true
14:50:37.147 (174272238)|WF_SPOOL_ACTION_BEGIN|Workflow
14:50:37.147 (174295417)|WF_ACTION| Flow Trigger: 1;
14:50:37.147 (174300819)|WF_RULE_EVAL_END
14:50:37.147 (174333402)|WF_FLOW_ACTION_BEGIN|09Lf4000000hSfK
14:50:37.174 (174392006)|FLOW_CREATE_INTERVIEW_BEGIN|00Df400000264R3|300f40000005TUu|301f40000002crQ
14:50:37.174 (174445915)|FLOW_CREATE_INTERVIEW_END|172878892f0dc27180bb11069b4162f887181f-3dbc|Uruguay Location Compensation
14:50:37.174 (174780969)|FLOW_START_INTERVIEWS_BEGIN|1
14:50:37.174 (174800433)|FLOW_START_INTERVIEW_BEGIN|172878892f0dc27180bb11069b4162f887181f-3dbc|Uruguay Location Compensation
14:50:37.174 (175387916)|FLOW_START_INTERVIEW_END|172878892f0dc27180bb11069b4162f887181f-3dbc|Uruguay Location Compensation
14:50:37.174 (175406325)|FLOW_START_INTERVIEWS_END|1
14:50:37.147 (175870010)|WF_FLOW_ACTION_END|09Lf4000000hSfK
14:50:37.147 (175952116)|WF_ACTIONS_END| Flow Trigger: 1;
14:50:37.147 (175960145)|CODE_UNIT_FINISHED|Workflow:01If40000017tCd
14:50:37.147 (176112924)|DML_END|[81]
14:50:37.147 (176136792)|STATEMENT_EXECUTE|[84]
14:50:37.147 (176144462)|HEAP_ALLOCATE|[84]|Bytes:78
14:50:37.147 (176165299)|HEAP_ALLOCATE|[84]|Bytes:4
14:50:37.147 (176174670)|HEAP_ALLOCATE|[84]|Bytes:7
14:50:37.147 (176439513)|SOQL_EXECUTE_BEGIN|[84]|Aggregations:0|SELECT Id, Name, Status__c, Amount__c FROM Compensation__c WHERE Id = :tmpVar1
14:50:37.147 (185308072)|SOQL_EXECUTE_END|[84]|Rows:1
14:50:37.147 (185334909)|HEAP_ALLOCATE|[84]|Bytes:8
14:50:37.147 (185353945)|HEAP_ALLOCATE|[84]|Bytes:76
14:50:37.147 (185390873)|HEAP_ALLOCATE|[84]|Bytes:8
14:50:37.147 (185409502)|VARIABLE_SCOPE_BEGIN|[84]|fresh_comp|List<Compensation__c>|true|false
14:50:37.147 (185447273)|VARIABLE_ASSIGNMENT|[84]|fresh_comp|[{"Id":"a00f4000007wxdZAAQ","Name":"testingComp11","Status__c":"NOT SUBMITTED"}]|0x56950b44
14:50:37.147 (185455015)|STATEMENT_EXECUTE|[89]
14:50:37.147 (185498753)|HEAP_ALLOCATE|[89]|Bytes:63
14:50:37.147 (185515104)|SYSTEM_METHOD_ENTRY|[1]|Test.Test()
14:50:37.147 (185519918)|STATEMENT_EXECUTE|[1]
14:50:37.147 (185529626)|SYSTEM_METHOD_EXIT|[1]|Test
14:50:37.147 (185547156)|METHOD_ENTRY|[89]||System.Test.startTest()
14:50:37.147 (186799103)|METHOD_EXIT|[89]||System.Test.startTest()
14:50:37.147 (186812292)|STATEMENT_EXECUTE|[90]
14:50:37.147 (186829438)|HEAP_ALLOCATE|[90]|Bytes:16
14:50:37.147 (186894280)|HEAP_ALLOCATE|[90]|Bytes:8
14:50:37.147 (186911869)|DML_BEGIN|[90]|Op:Delete|Type:Compensation__c|Rows:1
14:50:37.147 (186945440)|HEAP_ALLOCATE|[EXTERNAL]|Bytes:8
14:50:37.147 (194185292)|CODE_UNIT_STARTED|[EXTERNAL]|01qf4000000wGty|CompensationSubmittedCantBeModifiedOrDeleted on Compensation trigger event BeforeDelete
14:50:37.147 (194236599)|HEAP_ALLOCATE|[EXTERNAL]|Bytes:8
14:50:37.147 (194353715)|HEAP_ALLOCATE|[EXTERNAL]|Bytes:4
14:50:37.147 (194371289)|VARIABLE_SCOPE_BEGIN|[1]|this|CompensationSubmittedCantBeModifiedOrDeleted|true|false
14:50:37.147 (194416895)|VARIABLE_ASSIGNMENT|[1]|this|{}|0x6c14e9d9
14:50:37.147 (194486409)|HEAP_ALLOCATE|[EXTERNAL]|Bytes:4
14:50:37.147 (194499461)|VARIABLE_SCOPE_BEGIN|[1]|this|CompensationSubmittedCantBeModifiedOrDeleted|true|false
14:50:37.147 (194518460)|VARIABLE_ASSIGNMENT|[1]|this|{}|0x6c14e9d9
14:50:37.147 (194531254)|STATEMENT_EXECUTE|[1]
14:50:37.147 (194639255)|HEAP_ALLOCATE|[2]|Bytes:5
14:50:37.147 (194666654)|VARIABLE_SCOPE_BEGIN|[2]|c|Compensation__c|true|false
14:50:37.147 (194897683)|VARIABLE_ASSIGNMENT|[2]|c|{"LastModifiedDate":"2018-04-24T17:50:37.000Z","IsDeleted":false,"Name":"testingComp11","SystemModstamp":"2018-04-24T17:50:37.000Z","Employee__c":"003f400000KXyw3AAD","OwnerId":"005f4000001iPIcAAM","CreatedById":"005f4000001iPIcAAM","Submitted__c":false,"RecordTypeId":"012f4000000xpkIAAQ","CreatedDate":"2018-04-24T17:50:37.000Z","Location__c":"India","Id":"a00f4000007wxdZAAQ","Status__c":"NOT SUBMITTED","LastModifiedById":"005f4000001iPIcAAM","Job_Category__c":"Junior"}|0x5dda21a0
14:50:37.147 (194912571)|STATEMENT_EXECUTE|[2]
14:50:37.147 (194924901)|STATEMENT_EXECUTE|[3]
14:50:37.147 (194937836)|HEAP_ALLOCATE|[2]|Bytes:5
14:50:37.147 (194953572)|VARIABLE_ASSIGNMENT|[2]|c|null|
14:50:37.194 (194966395)|CUMULATIVE_LIMIT_USAGE
14:50:37.194 (194966395)|LIMIT_USAGE_FOR_NS|(default)|
  Number of SOQL queries: 2 out of 100
  Number of query rows: 2 out of 50000
  Number of SOSL queries: 0 out of 20
  Number of DML statements: 3 out of 150
  Number of DML rows: 12 out of 10000
  Maximum CPU time: 0 out of 10000
  Maximum heap size: 0 out of 6000000
  Number of callouts: 0 out of 100
  Number of Email Invocations: 0 out of 10
  Number of future calls: 0 out of 50
  Number of queueable jobs added to the queue: 0 out of 50
  Number of Mobile Apex push calls: 0 out of 10

14:50:37.194 (194966395)|TESTING_LIMITS
14:50:37.194 (194966395)|LIMIT_USAGE_FOR_NS|(default)|
  Number of SOQL queries: 0 out of 100
  Number of query rows: 0 out of 50000
  Number of SOSL queries: 0 out of 20
  Number of DML statements: 1 out of 150
  Number of DML rows: 1 out of 10000
  Maximum CPU time: 0 out of 10000
  Maximum heap size: 0 out of 6000000
  Number of callouts: 0 out of 100
  Number of Email Invocations: 0 out of 10
  Number of future calls: 0 out of 50
  Number of queueable jobs added to the queue: 0 out of 50
  Number of Mobile Apex push calls: 0 out of 10

14:50:37.194 (194966395)|CUMULATIVE_LIMIT_USAGE_END

14:50:37.147 (195856389)|CODE_UNIT_FINISHED|CompensationSubmittedCantBeModifiedOrDeleted on Compensation trigger event BeforeDelete
14:50:37.147 (416516008)|DML_END|[90]
14:50:37.147 (416598326)|HEAP_ALLOCATE|[90]|Bytes:4
14:50:37.147 (416651341)|VARIABLE_SCOPE_BEGIN|[90]|res|Database.DeleteResult|true|false
14:50:37.147 (417272932)|VARIABLE_ASSIGNMENT|[90]|res|"DeleteResult [id=a00f4000007wxdZAAQ, success=true, errors=[]]"|0x296d259b
14:50:37.147 (417285830)|STATEMENT_EXECUTE|[91]
14:50:37.147 (417315003)|METHOD_ENTRY|[91]||System.Test.stopTest()
14:50:37.147 (418458223)|METHOD_EXIT|[91]||System.Test.stopTest()
14:50:37.147 (418467210)|STATEMENT_EXECUTE|[94]
14:50:37.418 (418539758)|CUMULATIVE_LIMIT_USAGE
14:50:37.418 (418539758)|LIMIT_USAGE_FOR_NS|(default)|
  Number of SOQL queries: 2 out of 100
  Number of query rows: 2 out of 50000
  Number of SOSL queries: 0 out of 20
  Number of DML statements: 3 out of 150
  Number of DML rows: 12 out of 10000
  Maximum CPU time: 0 out of 10000
  Maximum heap size: 0 out of 6000000
  Number of callouts: 0 out of 100
  Number of Email Invocations: 0 out of 10
  Number of future calls: 0 out of 50
  Number of queueable jobs added to the queue: 0 out of 50
  Number of Mobile Apex push calls: 0 out of 10

14:50:37.418 (418539758)|TESTING_LIMITS
14:50:37.418 (418539758)|LIMIT_USAGE_FOR_NS|(default)|
  Number of SOQL queries: 0 out of 100
  Number of query rows: 0 out of 50000
  Number of SOSL queries: 0 out of 20
  Number of DML statements: 1 out of 150
  Number of DML rows: 1 out of 10000
  Maximum CPU time: 0 out of 10000
  Maximum heap size: 0 out of 6000000
  Number of callouts: 0 out of 100
  Number of Email Invocations: 0 out of 10
  Number of future calls: 0 out of 50
  Number of queueable jobs added to the queue: 0 out of 50
  Number of Mobile Apex push calls: 0 out of 10

14:50:37.418 (418539758)|CUMULATIVE_LIMIT_USAGE_END

14:50:37.147 (418589406)|CODE_UNIT_FINISHED|CompSubCantBeModOrDelTrigrTest.test_method_beforeDelete1
14:50:37.147 (419403242)|EXECUTION_FINISHED
14:50:37.464 (464013794)|USER_INFO|[EXTERNAL]|005f4000001iPIc|lrodriguez-onboarding@altimetrik.com|Argentine Time|GMT-03:00
14:50:37.464 (464036882)|EXECUTION_STARTED
14:50:37.464 (464041168)|CODE_UNIT_STARTED|[EXTERNAL]|01pf400000ARlF6|CompSubCantBeModOrDelTrigrTest.test_method_beforeDelete2
14:50:37.464 (464185865)|HEAP_ALLOCATE|[72]|Bytes:3
14:50:37.464 (464225448)|HEAP_ALLOCATE|[77]|Bytes:152
14:50:37.464 (464247937)|HEAP_ALLOCATE|[342]|Bytes:408
14:50:37.464 (464266026)|HEAP_ALLOCATE|[355]|Bytes:408
14:50:37.464 (464278316)|HEAP_ALLOCATE|[467]|Bytes:48
14:50:37.464 (464309130)|HEAP_ALLOCATE|[139]|Bytes:6
14:50:37.464 (464324966)|HEAP_ALLOCATE|[EXTERNAL]|Bytes:173
14:50:37.464 (464336723)|METHOD_ENTRY|[2]|01pf400000ARlF6|CompSubCantBeModOrDelTrigrTest.CompSubCantBeModOrDelTrigrTest()
14:50:37.464 (464343863)|STATEMENT_EXECUTE|[2]
14:50:37.464 (464362393)|STATEMENT_EXECUTE|[2]
14:50:37.464 (464366940)|METHOD_EXIT|[2]|CompSubCantBeModOrDelTrigrTest
14:50:37.464 (464518885)|HEAP_ALLOCATE|[50]|Bytes:5
14:50:37.464 (464539988)|HEAP_ALLOCATE|[56]|Bytes:5
14:50:37.464 (464547600)|HEAP_ALLOCATE|[64]|Bytes:7
14:50:37.464 (464588022)|STATEMENT_EXECUTE|[97]
14:50:37.464 (464590201)|STATEMENT_EXECUTE|[99]
14:50:37.464 (464593093)|HEAP_ALLOCATE|[99]|Bytes:36
14:50:37.464 (464610249)|HEAP_ALLOCATE|[99]|Bytes:4
14:50:37.464 (464783612)|SOQL_EXECUTE_BEGIN|[99]|Aggregations:0|SELECT Id, Name FROM Contact LIMIT 2
14:50:37.464 (470851262)|SOQL_EXECUTE_END|[99]|Rows:1
14:50:37.464 (470871663)|HEAP_ALLOCATE|[99]|Bytes:8
14:50:37.464 (470887765)|HEAP_ALLOCATE|[99]|Bytes:41
14:50:37.464 (470928225)|HEAP_ALLOCATE|[99]|Bytes:8
14:50:37.464 (470940816)|VARIABLE_SCOPE_BEGIN|[99]|contacts|List<Contact>|true|false
14:50:37.464 (470977658)|VARIABLE_ASSIGNMENT|[99]|contacts|[{"Id":"003f400000KXyw3AAD","Name":"Diaz"}]|0x60dfcaa
14:50:37.464 (470984827)|STATEMENT_EXECUTE|[102]
14:50:37.464 (471007559)|HEAP_ALLOCATE|[102]|Bytes:4
14:50:37.464 (471024353)|HEAP_ALLOCATE|[102]|Bytes:13
14:50:37.464 (471061114)|VARIABLE_ASSIGNMENT|[102]|this.Name|"testingComp11"|0x20266f53
14:50:37.464 (471077111)|HEAP_ALLOCATE|[103]|Bytes:12
14:50:37.464 (471109929)|VARIABLE_ASSIGNMENT|[102]|this.Employee__c|"003f400000KXyw3AAD"|0x20266f53
14:50:37.464 (471117408)|HEAP_ALLOCATE|[104]|Bytes:5
14:50:37.464 (471131844)|VARIABLE_ASSIGNMENT|[102]|this.Location__c|"India"|0x20266f53
14:50:37.464 (471137706)|HEAP_ALLOCATE|[105]|Bytes:6
14:50:37.464 (471149075)|VARIABLE_ASSIGNMENT|[102]|this.Job_Category__c|"Junior"|0x20266f53
14:50:37.464 (471165096)|VARIABLE_ASSIGNMENT|[102]|this.Submitted__c|true|0x20266f53
14:50:37.464 (471189488)|VARIABLE_SCOPE_BEGIN|[102]|comp|Compensation__c|true|false
14:50:37.464 (471208991)|VARIABLE_ASSIGNMENT|[102]|comp|{"Name":"testingComp11","Employee__c":"003f400000KXyw3AAD","Location__c":"India","Job_Category__c":"Junior","Submitted__c":true}|0x20266f53
14:50:37.464 (471216194)|STATEMENT_EXECUTE|[107]
14:50:37.464 (471235908)|HEAP_ALLOCATE|[107]|Bytes:8
14:50:37.464 (471246416)|DML_BEGIN|[107]|Op:Insert|Type:Compensation__c|Rows:1
14:50:37.464 (471269783)|HEAP_ALLOCATE|[EXTERNAL]|Bytes:8
14:50:37.464 (473120136)|CODE_UNIT_STARTED|[EXTERNAL]|01qf4000000wGad|Compensation_submitted_trigger on Compensation trigger event BeforeInsert
14:50:37.464 (473158299)|HEAP_ALLOCATE|[EXTERNAL]|Bytes:8
14:50:37.464 (473197193)|HEAP_ALLOCATE|[EXTERNAL]|Bytes:4
14:50:37.464 (473205432)|VARIABLE_SCOPE_BEGIN|[1]|this|Compensation_submitted_trigger|true|false
14:50:37.464 (473230023)|VARIABLE_ASSIGNMENT|[1]|this|{}|0x45ad5ead
14:50:37.464 (473261014)|HEAP_ALLOCATE|[EXTERNAL]|Bytes:4
14:50:37.464 (473267440)|VARIABLE_SCOPE_BEGIN|[1]|this|Compensation_submitted_trigger|true|false
14:50:37.464 (473279010)|VARIABLE_ASSIGNMENT|[1]|this|{}|0x45ad5ead
14:50:37.464 (473285469)|STATEMENT_EXECUTE|[1]
14:50:37.464 (473355854)|HEAP_ALLOCATE|[4]|Bytes:5
14:50:37.464 (473373642)|HEAP_ALLOCATE|[4]|Bytes:4
14:50:37.464 (473380728)|VARIABLE_SCOPE_BEGIN|[4]|comp|Compensation__c|true|false
14:50:37.464 (473550782)|VARIABLE_ASSIGNMENT|[4]|comp|{"Employee__c":"003f400000KXyw3AAD","IsDeleted":false,"OwnerId":"005f4000001iPIcAAM","Submitted__c":true,"RecordTypeId":"012f4000000xpkIAAQ","Location__c":"India","Status__c":"NOT SUBMITTED","Job_Category__c":"Junior","Name":"testingComp11"}|0x217ca3c0
14:50:37.464 (473565736)|STATEMENT_EXECUTE|[4]
14:50:37.464 (473593391)|STATEMENT_EXECUTE|[5]
14:50:37.464 (473596695)|STATEMENT_EXECUTE|[6]
14:50:37.464 (473666406)|HEAP_ALLOCATE|[6]|Bytes:9
14:50:37.464 (473780095)|VARIABLE_ASSIGNMENT|[6]|this.Status__c|"SUBMITTED"|0x217ca3c0
14:50:37.464 (473799680)|HEAP_ALLOCATE|[4]|Bytes:5
14:50:37.464 (473815116)|VARIABLE_ASSIGNMENT|[4]|comp|null|
14:50:37.473 (473824606)|CUMULATIVE_LIMIT_USAGE
14:50:37.473 (473824606)|LIMIT_USAGE_FOR_NS|(default)|
  Number of SOQL queries: 1 out of 100
  Number of query rows: 1 out of 50000
  Number of SOSL queries: 0 out of 20
  Number of DML statements: 3 out of 150
  Number of DML rows: 12 out of 10000
  Maximum CPU time: 0 out of 10000
  Maximum heap size: 0 out of 6000000
  Number of callouts: 0 out of 100
  Number of Email Invocations: 0 out of 10
  Number of future calls: 0 out of 50
  Number of queueable jobs added to the queue: 0 out of 50
  Number of Mobile Apex push calls: 0 out of 10

14:50:37.473 (473824606)|CUMULATIVE_LIMIT_USAGE_END

14:50:37.464 (475975354)|CODE_UNIT_FINISHED|Compensation_submitted_trigger on Compensation trigger event BeforeInsert
14:50:37.464 (478612170)|CODE_UNIT_STARTED|[EXTERNAL]|Validation:Compensation:new
14:50:37.464 (478623679)|VALIDATION_RULE|03df4000000tLey|Job_Category_Other
14:50:37.464 (478746387)|VALIDATION_FORMULA|ISPICKVAL(Job_Category__c, 'Other')&&(ISBLANK(Other__c))|Job_Category__c=Junior , Other__c=null
14:50:37.464 (478754416)|VALIDATION_PASS
14:50:37.464 (478854253)|CODE_UNIT_FINISHED|Validation:Compensation:new
14:50:37.464 (490673006)|CODE_UNIT_STARTED|[EXTERNAL]|Workflow:01If40000017tCd
14:50:37.464 (494031705)|WF_RULE_EVAL_BEGIN|Workflow
14:50:37.464 (494052255)|WF_CRITERIA_BEGIN|[Compensation: testingComp11 a00f4000007wxda]|Uruguay_Location_Compensation301f40000002crQ|01Qf4000000nI5L|ON_CREATE_ONLY|0
14:50:37.464 (494093019)|WF_FORMULA|Formula:ENCODED:[treatNullAsNull]true|Values:
14:50:37.464 (494100359)|WF_CRITERIA_END|true
14:50:37.464 (494124286)|WF_SPOOL_ACTION_BEGIN|Workflow
14:50:37.464 (494147440)|WF_ACTION| Flow Trigger: 1;
14:50:37.464 (494152840)|WF_RULE_EVAL_END
14:50:37.464 (494185672)|WF_FLOW_ACTION_BEGIN|09Lf4000000hSfK
14:50:37.494 (494240922)|FLOW_CREATE_INTERVIEW_BEGIN|00Df400000264R3|300f40000005TUu|301f40000002crQ
14:50:37.494 (494300546)|FLOW_CREATE_INTERVIEW_END|172978892f0dc27180bb11069b4162f887181f-3dbd|Uruguay Location Compensation
14:50:37.494 (494592364)|FLOW_START_INTERVIEWS_BEGIN|1
14:50:37.494 (494615248)|FLOW_START_INTERVIEW_BEGIN|172978892f0dc27180bb11069b4162f887181f-3dbd|Uruguay Location Compensation
14:50:37.494 (495279117)|FLOW_START_INTERVIEW_END|172978892f0dc27180bb11069b4162f887181f-3dbd|Uruguay Location Compensation
14:50:37.494 (495298151)|FLOW_START_INTERVIEWS_END|1
14:50:37.464 (495856573)|WF_FLOW_ACTION_END|09Lf4000000hSfK
14:50:37.464 (495947832)|WF_ACTIONS_END| Flow Trigger: 1;
14:50:37.464 (495956335)|CODE_UNIT_FINISHED|Workflow:01If40000017tCd
14:50:37.464 (496155893)|DML_END|[107]
14:50:37.464 (496185220)|STATEMENT_EXECUTE|[110]
14:50:37.464 (496194567)|HEAP_ALLOCATE|[110]|Bytes:78
14:50:37.464 (496225002)|HEAP_ALLOCATE|[110]|Bytes:4
14:50:37.464 (496237640)|HEAP_ALLOCATE|[110]|Bytes:7
14:50:37.464 (496540548)|SOQL_EXECUTE_BEGIN|[110]|Aggregations:0|SELECT Id, Name, Status__c, Amount__c FROM Compensation__c WHERE Id = :tmpVar1
14:50:37.464 (504240422)|SOQL_EXECUTE_END|[110]|Rows:1
14:50:37.464 (504261205)|HEAP_ALLOCATE|[110]|Bytes:8
14:50:37.464 (504279958)|HEAP_ALLOCATE|[110]|Bytes:72
14:50:37.464 (504311503)|HEAP_ALLOCATE|[110]|Bytes:8
14:50:37.464 (504326491)|VARIABLE_SCOPE_BEGIN|[110]|fresh_comp|List<Compensation__c>|true|false
14:50:37.464 (504365520)|VARIABLE_ASSIGNMENT|[110]|fresh_comp|[{"Id":"a00f4000007wxdaAAA","Name":"testingComp11","Status__c":"SUBMITTED"}]|0x7504d2ff
14:50:37.464 (504372847)|STATEMENT_EXECUTE|[115]
14:50:37.464 (504390384)|HEAP_ALLOCATE|[115]|Bytes:63
14:50:37.464 (504403726)|SYSTEM_METHOD_ENTRY|[1]|Test.Test()
14:50:37.464 (504408767)|STATEMENT_EXECUTE|[1]
14:50:37.464 (504417253)|SYSTEM_METHOD_EXIT|[1]|Test
14:50:37.464 (504432384)|METHOD_ENTRY|[115]||System.Test.startTest()
14:50:37.464 (505925918)|METHOD_EXIT|[115]||System.Test.startTest()
14:50:37.464 (505935736)|STATEMENT_EXECUTE|[116]
14:50:37.464 (505950343)|HEAP_ALLOCATE|[116]|Bytes:16
14:50:37.464 (506001950)|HEAP_ALLOCATE|[116]|Bytes:8
14:50:37.464 (506015411)|DML_BEGIN|[116]|Op:Delete|Type:Compensation__c|Rows:1
14:50:37.464 (506039730)|HEAP_ALLOCATE|[EXTERNAL]|Bytes:8
14:50:37.464 (511804868)|CODE_UNIT_STARTED|[EXTERNAL]|01qf4000000wGty|CompensationSubmittedCantBeModifiedOrDeleted on Compensation trigger event BeforeDelete
14:50:37.464 (511837720)|HEAP_ALLOCATE|[EXTERNAL]|Bytes:8
14:50:37.464 (511899861)|HEAP_ALLOCATE|[EXTERNAL]|Bytes:4
14:50:37.464 (511909910)|VARIABLE_SCOPE_BEGIN|[1]|this|CompensationSubmittedCantBeModifiedOrDeleted|true|false
14:50:37.464 (511936324)|VARIABLE_ASSIGNMENT|[1]|this|{}|0x57469275
14:50:37.464 (511972247)|HEAP_ALLOCATE|[EXTERNAL]|Bytes:4
14:50:37.464 (511978947)|VARIABLE_SCOPE_BEGIN|[1]|this|CompensationSubmittedCantBeModifiedOrDeleted|true|false
14:50:37.464 (511990487)|VARIABLE_ASSIGNMENT|[1]|this|{}|0x57469275
14:50:37.464 (511997770)|STATEMENT_EXECUTE|[1]
14:50:37.464 (512059869)|HEAP_ALLOCATE|[2]|Bytes:5
14:50:37.464 (512108560)|VARIABLE_SCOPE_BEGIN|[2]|c|Compensation__c|true|false
14:50:37.464 (512299840)|VARIABLE_ASSIGNMENT|[2]|c|{"LastModifiedDate":"2018-04-24T17:50:38.000Z","IsDeleted":false,"Name":"testingComp11","SystemModstamp":"2018-04-24T17:50:38.000Z","Employee__c":"003f400000KXyw3AAD","OwnerId":"005f4000001iPIcAAM","CreatedById":"005f4000001iPIcAAM","Submitted__c":true,"RecordTypeId":"012f4000000xpkIAAQ","CreatedDate":"2018-04-24T17:50:38.000Z","Location__c":"India","Id":"a00f4000007wxdaAAA","Status__c":"SUBMITTED","LastModifiedById":"005f4000001iPIcAAM","Job_Category__c":"Junior"}|0x4863148
14:50:37.464 (512313088)|STATEMENT_EXECUTE|[2]
14:50:37.464 (512338532)|STATEMENT_EXECUTE|[5]
14:50:37.464 (512340519)|STATEMENT_EXECUTE|[6]
14:50:37.464 (512456227)|HEAP_ALLOCATE|[6]|Bytes:54
14:50:37.464 (512545709)|VF_PAGE_MESSAGE|Submitted compensations cannot be modified nor deleted
14:50:37.464 (512569079)|HEAP_ALLOCATE|[2]|Bytes:5
14:50:37.464 (512583323)|VARIABLE_ASSIGNMENT|[2]|c|null|
14:50:37.512 (512592019)|CUMULATIVE_LIMIT_USAGE
14:50:37.512 (512592019)|LIMIT_USAGE_FOR_NS|(default)|
  Number of SOQL queries: 2 out of 100
  Number of query rows: 2 out of 50000
  Number of SOSL queries: 0 out of 20
  Number of DML statements: 3 out of 150
  Number of DML rows: 12 out of 10000
  Maximum CPU time: 0 out of 10000
  Maximum heap size: 0 out of 6000000
  Number of callouts: 0 out of 100
  Number of Email Invocations: 0 out of 10
  Number of future calls: 0 out of 50
  Number of queueable jobs added to the queue: 0 out of 50
  Number of Mobile Apex push calls: 0 out of 10

14:50:37.512 (512592019)|TESTING_LIMITS
14:50:37.512 (512592019)|LIMIT_USAGE_FOR_NS|(default)|
  Number of SOQL queries: 0 out of 100
  Number of query rows: 0 out of 50000
  Number of SOSL queries: 0 out of 20
  Number of DML statements: 1 out of 150
  Number of DML rows: 1 out of 10000
  Maximum CPU time: 0 out of 10000
  Maximum heap size: 0 out of 6000000
  Number of callouts: 0 out of 100
  Number of Email Invocations: 0 out of 10
  Number of future calls: 0 out of 50
  Number of queueable jobs added to the queue: 0 out of 50
  Number of Mobile Apex push calls: 0 out of 10

14:50:37.512 (512592019)|CUMULATIVE_LIMIT_USAGE_END

14:50:37.464 (513800614)|CODE_UNIT_FINISHED|CompensationSubmittedCantBeModifiedOrDeleted on Compensation trigger event BeforeDelete
14:50:37.464 (515014905)|DML_END|[116]
14:50:37.464 (515036072)|HEAP_ALLOCATE|[116]|Bytes:4
14:50:37.464 (515054700)|VARIABLE_SCOPE_BEGIN|[116]|res|Database.DeleteResult|true|false
14:50:37.464 (515200805)|VARIABLE_ASSIGNMENT|[116]|res|"DeleteResult [id=a00f4000007wxdaAAA, success=false, errors=[Error [statusCode=FIELD_CUSTOM_VALIDATION_EXCEPTION, code=[xmlrpc=-1, statusCode=FIELD_CUSTOM_VALIDATION_EXCEPTION, exceptionCode=null, scope=PublicApi, http=400], message=Submitted compensations cannot be modified nor deleted, fields=null]]]"|0x31d4b81
14:50:37.464 (515213203)|STATEMENT_EXECUTE|[117]
14:50:37.464 (515226973)|METHOD_ENTRY|[117]||System.Test.stopTest()
14:50:37.464 (515990990)|METHOD_EXIT|[117]||System.Test.stopTest()
14:50:37.464 (516000156)|STATEMENT_EXECUTE|[119]
14:50:37.516 (516060548)|CUMULATIVE_LIMIT_USAGE
14:50:37.516 (516060548)|LIMIT_USAGE_FOR_NS|(default)|
  Number of SOQL queries: 2 out of 100
  Number of query rows: 2 out of 50000
  Number of SOSL queries: 0 out of 20
  Number of DML statements: 3 out of 150
  Number of DML rows: 12 out of 10000
  Maximum CPU time: 0 out of 10000
  Maximum heap size: 0 out of 6000000
  Number of callouts: 0 out of 100
  Number of Email Invocations: 0 out of 10
  Number of future calls: 0 out of 50
  Number of queueable jobs added to the queue: 0 out of 50
  Number of Mobile Apex push calls: 0 out of 10

14:50:37.516 (516060548)|TESTING_LIMITS
14:50:37.516 (516060548)|LIMIT_USAGE_FOR_NS|(default)|
  Number of SOQL queries: 0 out of 100
  Number of query rows: 0 out of 50000
  Number of SOSL queries: 0 out of 20
  Number of DML statements: 1 out of 150
  Number of DML rows: 1 out of 10000
  Maximum CPU time: 0 out of 10000
  Maximum heap size: 0 out of 6000000
  Number of callouts: 0 out of 100
  Number of Email Invocations: 0 out of 10
  Number of future calls: 0 out of 50
  Number of queueable jobs added to the queue: 0 out of 50
  Number of Mobile Apex push calls: 0 out of 10

14:50:37.516 (516060548)|CUMULATIVE_LIMIT_USAGE_END

14:50:37.464 (516104668)|CODE_UNIT_FINISHED|CompSubCantBeModOrDelTrigrTest.test_method_beforeDelete2
14:50:37.464 (516957414)|EXECUTION_FINISHED
14:50:37.544 (544792041)|USER_INFO|[EXTERNAL]|005f4000001iPIc|lrodriguez-onboarding@altimetrik.com|Argentine Time|GMT-03:00
14:50:37.544 (544817484)|EXECUTION_STARTED
14:50:37.544 (544821831)|CODE_UNIT_STARTED|[EXTERNAL]|01pf400000ARlF6|CompSubCantBeModOrDelTrigrTest.test_method_beforeUpdate1
14:50:37.544 (544948421)|HEAP_ALLOCATE|[72]|Bytes:3
14:50:37.544 (544976067)|HEAP_ALLOCATE|[77]|Bytes:152
14:50:37.544 (544987898)|HEAP_ALLOCATE|[342]|Bytes:408
14:50:37.544 (545001058)|HEAP_ALLOCATE|[355]|Bytes:408
14:50:37.544 (545014033)|HEAP_ALLOCATE|[467]|Bytes:48
14:50:37.544 (545035316)|HEAP_ALLOCATE|[139]|Bytes:6
14:50:37.544 (545050436)|HEAP_ALLOCATE|[EXTERNAL]|Bytes:173
14:50:37.544 (545061066)|METHOD_ENTRY|[2]|01pf400000ARlF6|CompSubCantBeModOrDelTrigrTest.CompSubCantBeModOrDelTrigrTest()
14:50:37.544 (545067756)|STATEMENT_EXECUTE|[2]
14:50:37.544 (545072311)|STATEMENT_EXECUTE|[2]
14:50:37.544 (545076443)|METHOD_EXIT|[2]|CompSubCantBeModOrDelTrigrTest
14:50:37.544 (545234769)|HEAP_ALLOCATE|[50]|Bytes:5
14:50:37.544 (545255544)|HEAP_ALLOCATE|[56]|Bytes:5
14:50:37.544 (545263564)|HEAP_ALLOCATE|[64]|Bytes:7
14:50:37.544 (545297162)|STATEMENT_EXECUTE|[16]
14:50:37.544 (545299517)|STATEMENT_EXECUTE|[18]
14:50:37.544 (545302238)|HEAP_ALLOCATE|[18]|Bytes:36
14:50:37.544 (545317974)|HEAP_ALLOCATE|[18]|Bytes:4
14:50:37.544 (545453120)|SOQL_EXECUTE_BEGIN|[18]|Aggregations:0|SELECT Id, Name FROM Contact LIMIT 2
14:50:37.544 (551739515)|SOQL_EXECUTE_END|[18]|Rows:1
14:50:37.544 (551764866)|HEAP_ALLOCATE|[18]|Bytes:8
14:50:37.544 (551780595)|HEAP_ALLOCATE|[18]|Bytes:41
14:50:37.544 (551822891)|HEAP_ALLOCATE|[18]|Bytes:8
14:50:37.544 (551838259)|VARIABLE_SCOPE_BEGIN|[18]|contacts|List<Contact>|true|false
14:50:37.544 (551877521)|VARIABLE_ASSIGNMENT|[18]|contacts|[{"Id":"003f400000KXyw3AAD","Name":"Diaz"}]|0x520559a
14:50:37.544 (551884686)|STATEMENT_EXECUTE|[21]
14:50:37.544 (551908298)|HEAP_ALLOCATE|[21]|Bytes:4
14:50:37.544 (551924990)|HEAP_ALLOCATE|[21]|Bytes:13
14:50:37.544 (551962777)|VARIABLE_ASSIGNMENT|[21]|this.Name|"testingComp11"|0x4ef07330
14:50:37.544 (551979285)|HEAP_ALLOCATE|[22]|Bytes:12
14:50:37.544 (552014660)|VARIABLE_ASSIGNMENT|[21]|this.Employee__c|"003f400000KXyw3AAD"|0x4ef07330
14:50:37.544 (552022876)|HEAP_ALLOCATE|[23]|Bytes:5
14:50:37.544 (552037168)|VARIABLE_ASSIGNMENT|[21]|this.Location__c|"India"|0x4ef07330
14:50:37.544 (552043580)|HEAP_ALLOCATE|[24]|Bytes:6
14:50:37.544 (552055114)|VARIABLE_ASSIGNMENT|[21]|this.Job_Category__c|"Junior"|0x4ef07330
14:50:37.544 (552070853)|VARIABLE_ASSIGNMENT|[21]|this.Submitted__c|false|0x4ef07330
14:50:37.544 (552096158)|VARIABLE_SCOPE_BEGIN|[21]|comp|Compensation__c|true|false
14:50:37.544 (552114642)|VARIABLE_ASSIGNMENT|[21]|comp|{"Name":"testingComp11","Employee__c":"003f400000KXyw3AAD","Location__c":"India","Job_Category__c":"Junior","Submitted__c":false}|0x4ef07330
14:50:37.544 (552122223)|STATEMENT_EXECUTE|[26]
14:50:37.544 (552145512)|HEAP_ALLOCATE|[26]|Bytes:8
14:50:37.544 (552157690)|DML_BEGIN|[26]|Op:Insert|Type:Compensation__c|Rows:1
14:50:37.544 (552185606)|HEAP_ALLOCATE|[EXTERNAL]|Bytes:8
14:50:37.544 (554512093)|CODE_UNIT_STARTED|[EXTERNAL]|01qf4000000wGad|Compensation_submitted_trigger on Compensation trigger event BeforeInsert
14:50:37.544 (554548886)|HEAP_ALLOCATE|[EXTERNAL]|Bytes:8
14:50:37.544 (554611912)|HEAP_ALLOCATE|[EXTERNAL]|Bytes:4
14:50:37.544 (554621240)|VARIABLE_SCOPE_BEGIN|[1]|this|Compensation_submitted_trigger|true|false
14:50:37.544 (554649017)|VARIABLE_ASSIGNMENT|[1]|this|{}|0x5f845157
14:50:37.544 (554682815)|HEAP_ALLOCATE|[EXTERNAL]|Bytes:4
14:50:37.544 (554689830)|VARIABLE_SCOPE_BEGIN|[1]|this|Compensation_submitted_trigger|true|false
14:50:37.544 (554702282)|VARIABLE_ASSIGNMENT|[1]|this|{}|0x5f845157
14:50:37.544 (554709075)|STATEMENT_EXECUTE|[1]
14:50:37.544 (554778201)|HEAP_ALLOCATE|[4]|Bytes:5
14:50:37.544 (554795179)|HEAP_ALLOCATE|[4]|Bytes:4
14:50:37.544 (554801461)|VARIABLE_SCOPE_BEGIN|[4]|comp|Compensation__c|true|false
14:50:37.544 (554961780)|VARIABLE_ASSIGNMENT|[4]|comp|{"Employee__c":"003f400000KXyw3AAD","IsDeleted":false,"OwnerId":"005f4000001iPIcAAM","Submitted__c":false,"RecordTypeId":"012f4000000xpkIAAQ","Location__c":"India","Status__c":"NOT SUBMITTED","Job_Category__c":"Junior","Name":"testingComp11"}|0x4f54134f
14:50:37.544 (554972689)|STATEMENT_EXECUTE|[4]
14:50:37.544 (554982763)|STATEMENT_EXECUTE|[5]
14:50:37.544 (554993666)|HEAP_ALLOCATE|[4]|Bytes:5
14:50:37.544 (555005424)|VARIABLE_ASSIGNMENT|[4]|comp|null|
14:50:37.555 (555014671)|CUMULATIVE_LIMIT_USAGE
14:50:37.555 (555014671)|LIMIT_USAGE_FOR_NS|(default)|
  Number of SOQL queries: 1 out of 100
  Number of query rows: 1 out of 50000
  Number of SOSL queries: 0 out of 20
  Number of DML statements: 3 out of 150
  Number of DML rows: 12 out of 10000
  Maximum CPU time: 0 out of 10000
  Maximum heap size: 0 out of 6000000
  Number of callouts: 0 out of 100
  Number of Email Invocations: 0 out of 10
  Number of future calls: 0 out of 50
  Number of queueable jobs added to the queue: 0 out of 50
  Number of Mobile Apex push calls: 0 out of 10

14:50:37.555 (555014671)|CUMULATIVE_LIMIT_USAGE_END

14:50:37.544 (556196420)|CODE_UNIT_FINISHED|Compensation_submitted_trigger on Compensation trigger event BeforeInsert
14:50:37.544 (558736718)|CODE_UNIT_STARTED|[EXTERNAL]|Validation:Compensation:new
14:50:37.544 (558747661)|VALIDATION_RULE|03df4000000tLey|Job_Category_Other
14:50:37.544 (558865013)|VALIDATION_FORMULA|ISPICKVAL(Job_Category__c, 'Other')&&(ISBLANK(Other__c))|Job_Category__c=Junior , Other__c=null
14:50:37.544 (558872837)|VALIDATION_PASS
14:50:37.544 (558965406)|CODE_UNIT_FINISHED|Validation:Compensation:new
14:50:37.544 (570983461)|CODE_UNIT_STARTED|[EXTERNAL]|Workflow:01If40000017tCd
14:50:37.544 (574541604)|WF_RULE_EVAL_BEGIN|Workflow
14:50:37.544 (574563137)|WF_CRITERIA_BEGIN|[Compensation: testingComp11 a00f4000007wxdb]|Uruguay_Location_Compensation301f40000002crQ|01Qf4000000nI5L|ON_CREATE_ONLY|0
14:50:37.544 (574608763)|WF_FORMULA|Formula:ENCODED:[treatNullAsNull]true|Values:
14:50:37.544 (574615703)|WF_CRITERIA_END|true
14:50:37.544 (574641401)|WF_SPOOL_ACTION_BEGIN|Workflow
14:50:37.544 (574663509)|WF_ACTION| Flow Trigger: 1;
14:50:37.544 (574669004)|WF_RULE_EVAL_END
14:50:37.544 (574699933)|WF_FLOW_ACTION_BEGIN|09Lf4000000hSfK
14:50:37.574 (574751790)|FLOW_CREATE_INTERVIEW_BEGIN|00Df400000264R3|300f40000005TUu|301f40000002crQ
14:50:37.574 (574808205)|FLOW_CREATE_INTERVIEW_END|173078892f0dc27180bb11069b4162f887181f-3dbe|Uruguay Location Compensation
14:50:37.575 (575142900)|FLOW_START_INTERVIEWS_BEGIN|1
14:50:37.575 (575162904)|FLOW_START_INTERVIEW_BEGIN|173078892f0dc27180bb11069b4162f887181f-3dbe|Uruguay Location Compensation
14:50:37.575 (575784195)|FLOW_START_INTERVIEW_END|173078892f0dc27180bb11069b4162f887181f-3dbe|Uruguay Location Compensation
14:50:37.575 (575806153)|FLOW_START_INTERVIEWS_END|1
14:50:37.544 (576314988)|WF_FLOW_ACTION_END|09Lf4000000hSfK
14:50:37.544 (576434886)|WF_ACTIONS_END| Flow Trigger: 1;
14:50:37.544 (576443795)|CODE_UNIT_FINISHED|Workflow:01If40000017tCd
14:50:37.544 (576657678)|DML_END|[26]
14:50:37.544 (576685465)|STATEMENT_EXECUTE|[29]
14:50:37.544 (576705566)|HEAP_ALLOCATE|[29]|Bytes:78
14:50:37.544 (576725803)|HEAP_ALLOCATE|[29]|Bytes:4
14:50:37.544 (576737857)|HEAP_ALLOCATE|[29]|Bytes:7
14:50:37.544 (576967219)|SOQL_EXECUTE_BEGIN|[29]|Aggregations:0|SELECT Id, Name, Status__c, Amount__c FROM Compensation__c WHERE Id = :tmpVar1
14:50:37.544 (589508914)|SOQL_EXECUTE_END|[29]|Rows:1
14:50:37.544 (589540104)|HEAP_ALLOCATE|[29]|Bytes:8
14:50:37.544 (589557354)|HEAP_ALLOCATE|[29]|Bytes:76
14:50:37.544 (589596380)|HEAP_ALLOCATE|[29]|Bytes:8
14:50:37.544 (589616707)|VARIABLE_SCOPE_BEGIN|[29]|fresh_comp|List<Compensation__c>|true|false
14:50:37.544 (589676250)|VARIABLE_ASSIGNMENT|[29]|fresh_comp|[{"Id":"a00f4000007wxdbAAA","Name":"testingComp11","Status__c":"NOT SUBMITTED"}]|0x8ac63b8
14:50:37.544 (589689124)|STATEMENT_EXECUTE|[34]
14:50:37.544 (589721837)|HEAP_ALLOCATE|[34]|Bytes:28
14:50:37.544 (589741400)|HEAP_ALLOCATE|[34]|Bytes:16
14:50:37.544 (589798803)|HEAP_ALLOCATE|[34]|Bytes:-4
14:50:37.544 (589817959)|VARIABLE_ASSIGNMENT|[34]|this.Amount__c|12345|0xc60dfc2
14:50:37.544 (589826519)|STATEMENT_EXECUTE|[35]
14:50:37.544 (589898988)|DML_BEGIN|[35]|Op:Update|Type:Compensation__c|Rows:1
14:50:37.544 (589938252)|HEAP_ALLOCATE|[EXTERNAL]|Bytes:8
14:50:37.544 (596061803)|CODE_UNIT_STARTED|[EXTERNAL]|01qf4000000wGty|CompensationSubmittedCantBeModifiedOrDeleted on Compensation trigger event BeforeUpdate
14:50:37.544 (596104589)|HEAP_ALLOCATE|[EXTERNAL]|Bytes:8
14:50:37.544 (596133665)|HEAP_ALLOCATE|[EXTERNAL]|Bytes:8
14:50:37.544 (596187382)|HEAP_ALLOCATE|[EXTERNAL]|Bytes:4
14:50:37.544 (596198301)|VARIABLE_SCOPE_BEGIN|[1]|this|CompensationSubmittedCantBeModifiedOrDeleted|true|false
14:50:37.544 (596226821)|VARIABLE_ASSIGNMENT|[1]|this|{}|0x1f4979e4
14:50:37.544 (596262871)|HEAP_ALLOCATE|[EXTERNAL]|Bytes:4
14:50:37.544 (596271306)|VARIABLE_SCOPE_BEGIN|[1]|this|CompensationSubmittedCantBeModifiedOrDeleted|true|false
14:50:37.544 (596283415)|VARIABLE_ASSIGNMENT|[1]|this|{}|0x1f4979e4
14:50:37.544 (596291108)|STATEMENT_EXECUTE|[1]
14:50:37.544 (596359715)|HEAP_ALLOCATE|[2]|Bytes:5
14:50:37.544 (596382444)|VARIABLE_SCOPE_BEGIN|[2]|c|Compensation__c|true|false
14:50:37.544 (596565218)|VARIABLE_ASSIGNMENT|[2]|c|{"LastModifiedDate":"2018-04-24T17:50:38.000Z","IsDeleted":false,"Name":"testingComp11","SystemModstamp":"2018-04-24T17:50:38.000Z","Employee__c":"003f400000KXyw3AAD","OwnerId":"005f4000001iPIcAAM","CreatedById":"005f4000001iPIcAAM","Submitted__c":false,"RecordTypeId":"012f4000000xpkIAAQ","CreatedDate":"2018-04-24T17:50:38.000Z","Location__c":"India","Id":"a00f4000007wxdbAAA","Status__c":"NOT SUBMITTED","LastModifiedById":"005f4000001iPIcAAM","Job_Category__c":"Junior"}|0x27e13082
14:50:37.544 (596580080)|STATEMENT_EXECUTE|[2]
14:50:37.544 (596594090)|STATEMENT_EXECUTE|[3]
14:50:37.544 (596605704)|HEAP_ALLOCATE|[2]|Bytes:5
14:50:37.544 (596618842)|VARIABLE_ASSIGNMENT|[2]|c|null|
14:50:37.596 (596629049)|CUMULATIVE_LIMIT_USAGE
14:50:37.596 (596629049)|LIMIT_USAGE_FOR_NS|(default)|
  Number of SOQL queries: 2 out of 100
  Number of query rows: 2 out of 50000
  Number of SOSL queries: 0 out of 20
  Number of DML statements: 4 out of 150
  Number of DML rows: 13 out of 10000
  Maximum CPU time: 0 out of 10000
  Maximum heap size: 0 out of 6000000
  Number of callouts: 0 out of 100
  Number of Email Invocations: 0 out of 10
  Number of future calls: 0 out of 50
  Number of queueable jobs added to the queue: 0 out of 50
  Number of Mobile Apex push calls: 0 out of 10

14:50:37.596 (596629049)|CUMULATIVE_LIMIT_USAGE_END

14:50:37.544 (597968451)|CODE_UNIT_FINISHED|CompensationSubmittedCantBeModifiedOrDeleted on Compensation trigger event BeforeUpdate
14:50:37.544 (599697126)|CODE_UNIT_STARTED|[EXTERNAL]|01qf4000000wGad|Compensation_submitted_trigger on Compensation trigger event BeforeUpdate
14:50:37.544 (599734875)|HEAP_ALLOCATE|[EXTERNAL]|Bytes:8
14:50:37.544 (599744192)|HEAP_ALLOCATE|[EXTERNAL]|Bytes:8
14:50:37.544 (599776365)|HEAP_ALLOCATE|[EXTERNAL]|Bytes:4
14:50:37.544 (599788361)|VARIABLE_SCOPE_BEGIN|[1]|this|Compensation_submitted_trigger|true|false
14:50:37.544 (599810080)|VARIABLE_ASSIGNMENT|[1]|this|{}|0x609d7008
14:50:37.544 (599847231)|HEAP_ALLOCATE|[EXTERNAL]|Bytes:4
14:50:37.544 (599856362)|VARIABLE_SCOPE_BEGIN|[1]|this|Compensation_submitted_trigger|true|false
14:50:37.544 (599872236)|VARIABLE_ASSIGNMENT|[1]|this|{}|0x609d7008
14:50:37.544 (599882632)|STATEMENT_EXECUTE|[1]
14:50:37.544 (599944771)|HEAP_ALLOCATE|[4]|Bytes:5
14:50:37.544 (599964734)|HEAP_ALLOCATE|[4]|Bytes:4
14:50:37.544 (599974806)|VARIABLE_SCOPE_BEGIN|[4]|comp|Compensation__c|true|false
14:50:37.544 (600224528)|VARIABLE_ASSIGNMENT|[4]|comp|{"LastModifiedDate":"2018-04-24T17:50:38.000Z","IsDeleted":false,"Name":"testingComp11","SystemModstamp":"2018-04-24T17:50:38.000Z","Employee__c":"003f400000KXyw3AAD","OwnerId":"005f4000001iPIcAAM","CreatedById":"005f4000001iPIcAAM","Amount__c":12345.00,"Submitted__c":false,"RecordTypeId":"012f4000000xpkIAAQ","CreatedDate":"2018-04-24T17:50:38.000Z","Location__c":"India","Id":"a00f4000007wxdbAAA","Status__c":"NOT SUBMITTED","LastModifiedById":"005f4000001iPIcAAM","Job_Category__c":"Junior"}|0x1cee49f3
14:50:37.544 (600247141)|STATEMENT_EXECUTE|[4]
14:50:37.544 (600258603)|STATEMENT_EXECUTE|[5]
14:50:37.544 (600273771)|HEAP_ALLOCATE|[4]|Bytes:5
14:50:37.544 (600292441)|VARIABLE_ASSIGNMENT|[4]|comp|null|
14:50:37.600 (600306849)|CUMULATIVE_LIMIT_USAGE
14:50:37.600 (600306849)|LIMIT_USAGE_FOR_NS|(default)|
  Number of SOQL queries: 2 out of 100
  Number of query rows: 2 out of 50000
  Number of SOSL queries: 0 out of 20
  Number of DML statements: 4 out of 150
  Number of DML rows: 13 out of 10000
  Maximum CPU time: 0 out of 10000
  Maximum heap size: 0 out of 6000000
  Number of callouts: 0 out of 100
  Number of Email Invocations: 0 out of 10
  Number of future calls: 0 out of 50
  Number of queueable jobs added to the queue: 0 out of 50
  Number of Mobile Apex push calls: 0 out of 10

14:50:37.600 (600306849)|CUMULATIVE_LIMIT_USAGE_END

14:50:37.544 (601590838)|CODE_UNIT_FINISHED|Compensation_submitted_trigger on Compensation trigger event BeforeUpdate
14:50:37.544 (602512654)|CODE_UNIT_STARTED|[EXTERNAL]|Validation:Compensation:a00f4000007wxdb
14:50:37.544 (602524204)|VALIDATION_RULE|03df4000000tLey|Job_Category_Other
14:50:37.544 (602661378)|VALIDATION_FORMULA|ISPICKVAL(Job_Category__c, 'Other')&&(ISBLANK(Other__c))|Job_Category__c=Junior , Other__c=null
14:50:37.544 (602669398)|VALIDATION_PASS
14:50:37.544 (602774908)|CODE_UNIT_FINISHED|Validation:Compensation:a00f4000007wxdb
14:50:37.544 (613065064)|CODE_UNIT_STARTED|[EXTERNAL]|Workflow:01If40000017tCd
14:50:37.544 (616205907)|WF_RULE_EVAL_BEGIN|Workflow
14:50:37.544 (616241426)|WF_CRITERIA_BEGIN|[Compensation: testingComp11 a00f4000007wxdb]|Uruguay_Location_Compensation301f40000002crQ|01Qf4000000nI5L|ON_CREATE_ONLY|0
14:50:37.544 (616263834)|WF_RULE_NOT_EVALUATED
14:50:37.544 (616281506)|WF_SPOOL_ACTION_BEGIN|Workflow
14:50:37.544 (616296374)|WF_ACTION| None
14:50:37.544 (616303798)|WF_RULE_EVAL_END
14:50:37.544 (616369442)|WF_ACTIONS_END| None
14:50:37.544 (616381476)|CODE_UNIT_FINISHED|Workflow:01If40000017tCd
14:50:37.544 (616614741)|DML_END|[35]
14:50:37.544 (616664481)|HEAP_ALLOCATE|[EXTERNAL]|Bytes:8
14:50:37.544 (616685172)|STATEMENT_EXECUTE|[38]
14:50:37.544 (616707783)|HEAP_ALLOCATE|[38]|Bytes:4
14:50:37.544 (616972779)|SOQL_EXECUTE_BEGIN|[38]|Aggregations:0|SELECT Id, Name, Status__c, Amount__c FROM Compensation__c WHERE Id = :tmpVar1
14:50:37.544 (626438899)|SOQL_EXECUTE_END|[38]|Rows:1
14:50:37.544 (626466426)|HEAP_ALLOCATE|[38]|Bytes:8
14:50:37.544 (626484373)|HEAP_ALLOCATE|[38]|Bytes:125
14:50:37.544 (626515342)|HEAP_ALLOCATE|[38]|Bytes:8
14:50:37.544 (626531234)|VARIABLE_SCOPE_BEGIN|[38]|fresh_comp2|List<Compensation__c>|true|false
14:50:37.544 (626576430)|VARIABLE_ASSIGNMENT|[38]|fresh_comp2|[{"Id":"a00f4000007wxdbAAA","Name":"testingComp11","Status__c":"NOT SUBMITTED","Amount__c":12345.00}]|0x22a8760f
14:50:37.544 (626584548)|STATEMENT_EXECUTE|[41]
14:50:37.544 (626596827)|HEAP_ALLOCATE|[41]|Bytes:20
14:50:37.626 (626691830)|CUMULATIVE_LIMIT_USAGE
14:50:37.626 (626691830)|LIMIT_USAGE_FOR_NS|(default)|
  Number of SOQL queries: 3 out of 100
  Number of query rows: 3 out of 50000
  Number of SOSL queries: 0 out of 20
  Number of DML statements: 4 out of 150
  Number of DML rows: 13 out of 10000
  Maximum CPU time: 0 out of 10000
  Maximum heap size: 0 out of 6000000
  Number of callouts: 0 out of 100
  Number of Email Invocations: 0 out of 10
  Number of future calls: 0 out of 50
  Number of queueable jobs added to the queue: 0 out of 50
  Number of Mobile Apex push calls: 0 out of 10

14:50:37.626 (626691830)|CUMULATIVE_LIMIT_USAGE_END

14:50:37.544 (626725086)|CODE_UNIT_FINISHED|CompSubCantBeModOrDelTrigrTest.test_method_beforeUpdate1
14:50:37.544 (662639644)|EXECUTION_FINISHED
14:50:37.678 (678627696)|USER_INFO|[EXTERNAL]|005f4000001iPIc|lrodriguez-onboarding@altimetrik.com|Argentine Time|GMT-03:00
14:50:37.678 (678656185)|EXECUTION_STARTED
14:50:37.678 (678661114)|CODE_UNIT_STARTED|[EXTERNAL]|01pf400000ARlF6|CompSubCantBeModOrDelTrigrTest.test_method_beforeUpdate2
14:50:37.678 (678799036)|HEAP_ALLOCATE|[72]|Bytes:3
14:50:37.678 (678831025)|HEAP_ALLOCATE|[77]|Bytes:152
14:50:37.678 (678845145)|HEAP_ALLOCATE|[342]|Bytes:408
14:50:37.678 (678857721)|HEAP_ALLOCATE|[355]|Bytes:408
14:50:37.678 (678869300)|HEAP_ALLOCATE|[467]|Bytes:48
14:50:37.678 (678893012)|HEAP_ALLOCATE|[139]|Bytes:6
14:50:37.678 (678910779)|HEAP_ALLOCATE|[EXTERNAL]|Bytes:173
14:50:37.678 (678922902)|METHOD_ENTRY|[2]|01pf400000ARlF6|CompSubCantBeModOrDelTrigrTest.CompSubCantBeModOrDelTrigrTest()
14:50:37.678 (678929828)|STATEMENT_EXECUTE|[2]
14:50:37.678 (678934309)|STATEMENT_EXECUTE|[2]
14:50:37.678 (678940224)|METHOD_EXIT|[2]|CompSubCantBeModOrDelTrigrTest
14:50:37.678 (679093354)|HEAP_ALLOCATE|[50]|Bytes:5
14:50:37.678 (679115020)|HEAP_ALLOCATE|[56]|Bytes:5
14:50:37.678 (679122954)|HEAP_ALLOCATE|[64]|Bytes:7
14:50:37.678 (679159530)|STATEMENT_EXECUTE|[44]
14:50:37.678 (679161838)|STATEMENT_EXECUTE|[46]
14:50:37.678 (679164761)|HEAP_ALLOCATE|[46]|Bytes:36
14:50:37.678 (679179314)|HEAP_ALLOCATE|[46]|Bytes:4
14:50:37.678 (679314623)|SOQL_EXECUTE_BEGIN|[46]|Aggregations:0|SELECT Id, Name FROM Contact LIMIT 2
14:50:37.678 (685559887)|SOQL_EXECUTE_END|[46]|Rows:1
14:50:37.678 (685593303)|HEAP_ALLOCATE|[46]|Bytes:8
14:50:37.678 (685614606)|HEAP_ALLOCATE|[46]|Bytes:41
14:50:37.678 (685680515)|HEAP_ALLOCATE|[46]|Bytes:8
14:50:37.678 (685700937)|VARIABLE_SCOPE_BEGIN|[46]|contacts|List<Contact>|true|false
14:50:37.678 (685755458)|VARIABLE_ASSIGNMENT|[46]|contacts|[{"Id":"003f400000KXyw3AAD","Name":"Diaz"}]|0x3829867e
14:50:37.678 (685767580)|STATEMENT_EXECUTE|[49]
14:50:37.678 (685796365)|HEAP_ALLOCATE|[49]|Bytes:4
14:50:37.678 (685822533)|HEAP_ALLOCATE|[49]|Bytes:13
14:50:37.678 (685871362)|VARIABLE_ASSIGNMENT|[49]|this.Name|"testingComp22"|0x5cec538f
14:50:37.678 (685900550)|HEAP_ALLOCATE|[50]|Bytes:12
14:50:37.678 (685952793)|VARIABLE_ASSIGNMENT|[49]|this.Employee__c|"003f400000KXyw3AAD"|0x5cec538f
14:50:37.678 (685965062)|HEAP_ALLOCATE|[51]|Bytes:5
14:50:37.678 (685992962)|VARIABLE_ASSIGNMENT|[49]|this.Location__c|"India"|0x5cec538f
14:50:37.678 (686008372)|HEAP_ALLOCATE|[52]|Bytes:6
14:50:37.678 (686031465)|VARIABLE_ASSIGNMENT|[49]|this.Job_Category__c|"Junior"|0x5cec538f
14:50:37.678 (686058640)|VARIABLE_ASSIGNMENT|[49]|this.Submitted__c|true|0x5cec538f
14:50:37.678 (686095742)|VARIABLE_SCOPE_BEGIN|[49]|comp|Compensation__c|true|false
14:50:37.678 (686125336)|VARIABLE_ASSIGNMENT|[49]|comp|{"Name":"testingComp22","Employee__c":"003f400000KXyw3AAD","Location__c":"India","Job_Category__c":"Junior","Submitted__c":true}|0x5cec538f
14:50:37.678 (686137584)|STATEMENT_EXECUTE|[54]
14:50:37.678 (686170764)|HEAP_ALLOCATE|[54]|Bytes:8
14:50:37.678 (686188573)|DML_BEGIN|[54]|Op:Insert|Type:Compensation__c|Rows:1
14:50:37.678 (686229890)|HEAP_ALLOCATE|[EXTERNAL]|Bytes:8
14:50:37.678 (688371883)|CODE_UNIT_STARTED|[EXTERNAL]|01qf4000000wGad|Compensation_submitted_trigger on Compensation trigger event BeforeInsert
14:50:37.678 (688444261)|HEAP_ALLOCATE|[EXTERNAL]|Bytes:8
14:50:37.678 (688524348)|HEAP_ALLOCATE|[EXTERNAL]|Bytes:4
14:50:37.678 (688537068)|VARIABLE_SCOPE_BEGIN|[1]|this|Compensation_submitted_trigger|true|false
14:50:37.678 (688569183)|VARIABLE_ASSIGNMENT|[1]|this|{}|0x2cef9887
14:50:37.678 (688617373)|HEAP_ALLOCATE|[EXTERNAL]|Bytes:4
14:50:37.678 (688625987)|VARIABLE_SCOPE_BEGIN|[1]|this|Compensation_submitted_trigger|true|false
14:50:37.678 (688644545)|VARIABLE_ASSIGNMENT|[1]|this|{}|0x2cef9887
14:50:37.678 (688656179)|STATEMENT_EXECUTE|[1]
14:50:37.678 (688733314)|HEAP_ALLOCATE|[4]|Bytes:5
14:50:37.678 (688752516)|HEAP_ALLOCATE|[4]|Bytes:4
14:50:37.678 (688759936)|VARIABLE_SCOPE_BEGIN|[4]|comp|Compensation__c|true|false
14:50:37.678 (688923466)|VARIABLE_ASSIGNMENT|[4]|comp|{"Employee__c":"003f400000KXyw3AAD","IsDeleted":false,"OwnerId":"005f4000001iPIcAAM","Submitted__c":true,"RecordTypeId":"012f4000000xpkIAAQ","Location__c":"India","Status__c":"NOT SUBMITTED","Job_Category__c":"Junior","Name":"testingComp22"}|0x58c11f8f
14:50:37.678 (688934581)|STATEMENT_EXECUTE|[4]
14:50:37.678 (688944911)|STATEMENT_EXECUTE|[5]
14:50:37.678 (688946647)|STATEMENT_EXECUTE|[6]
14:50:37.678 (688950155)|HEAP_ALLOCATE|[6]|Bytes:9
14:50:37.678 (689048621)|VARIABLE_ASSIGNMENT|[6]|this.Status__c|"SUBMITTED"|0x58c11f8f
14:50:37.678 (689066380)|HEAP_ALLOCATE|[4]|Bytes:5
14:50:37.678 (689079098)|VARIABLE_ASSIGNMENT|[4]|comp|null|
14:50:37.689 (689088851)|CUMULATIVE_LIMIT_USAGE
14:50:37.689 (689088851)|LIMIT_USAGE_FOR_NS|(default)|
  Number of SOQL queries: 1 out of 100
  Number of query rows: 1 out of 50000
  Number of SOSL queries: 0 out of 20
  Number of DML statements: 3 out of 150
  Number of DML rows: 12 out of 10000
  Maximum CPU time: 0 out of 10000
  Maximum heap size: 0 out of 6000000
  Number of callouts: 0 out of 100
  Number of Email Invocations: 0 out of 10
  Number of future calls: 0 out of 50
  Number of queueable jobs added to the queue: 0 out of 50
  Number of Mobile Apex push calls: 0 out of 10

14:50:37.689 (689088851)|CUMULATIVE_LIMIT_USAGE_END

14:50:37.678 (689952491)|CODE_UNIT_FINISHED|Compensation_submitted_trigger on Compensation trigger event BeforeInsert
14:50:37.678 (691985603)|CODE_UNIT_STARTED|[EXTERNAL]|Validation:Compensation:new
14:50:37.678 (691996861)|VALIDATION_RULE|03df4000000tLey|Job_Category_Other
14:50:37.678 (692122157)|VALIDATION_FORMULA|ISPICKVAL(Job_Category__c, 'Other')&&(ISBLANK(Other__c))|Job_Category__c=Junior , Other__c=null
14:50:37.678 (692130722)|VALIDATION_PASS
14:50:37.678 (692225972)|CODE_UNIT_FINISHED|Validation:Compensation:new
14:50:37.678 (700978262)|CODE_UNIT_STARTED|[EXTERNAL]|Workflow:01If40000017tCd
14:50:37.678 (703921948)|WF_RULE_EVAL_BEGIN|Workflow
14:50:37.678 (703942493)|WF_CRITERIA_BEGIN|[Compensation: testingComp22 a00f4000007wxdc]|Uruguay_Location_Compensation301f40000002crQ|01Qf4000000nI5L|ON_CREATE_ONLY|0
14:50:37.678 (703981040)|WF_FORMULA|Formula:ENCODED:[treatNullAsNull]true|Values:
14:50:37.678 (703988058)|WF_CRITERIA_END|true
14:50:37.678 (704008334)|WF_SPOOL_ACTION_BEGIN|Workflow
14:50:37.678 (704030320)|WF_ACTION| Flow Trigger: 1;
14:50:37.678 (704035244)|WF_RULE_EVAL_END
14:50:37.678 (704066036)|WF_FLOW_ACTION_BEGIN|09Lf4000000hSfK
14:50:37.704 (704114356)|FLOW_CREATE_INTERVIEW_BEGIN|00Df400000264R3|300f40000005TUu|301f40000002crQ
14:50:37.704 (704164441)|FLOW_CREATE_INTERVIEW_END|173178892f0dc27180bb11069b4162f887181f-3dbf|Uruguay Location Compensation
14:50:37.704 (704399485)|FLOW_START_INTERVIEWS_BEGIN|1
14:50:37.704 (704418994)|FLOW_START_INTERVIEW_BEGIN|173178892f0dc27180bb11069b4162f887181f-3dbf|Uruguay Location Compensation
14:50:37.704 (704981849)|FLOW_START_INTERVIEW_END|173178892f0dc27180bb11069b4162f887181f-3dbf|Uruguay Location Compensation
14:50:37.704 (704998922)|FLOW_START_INTERVIEWS_END|1
14:50:37.678 (705482934)|WF_FLOW_ACTION_END|09Lf4000000hSfK
14:50:37.678 (705579521)|WF_ACTIONS_END| Flow Trigger: 1;
14:50:37.678 (705590154)|CODE_UNIT_FINISHED|Workflow:01If40000017tCd
14:50:37.678 (705753842)|DML_END|[54]
14:50:37.678 (705775123)|STATEMENT_EXECUTE|[57]
14:50:37.678 (705782424)|HEAP_ALLOCATE|[57]|Bytes:84
14:50:37.678 (705802342)|HEAP_ALLOCATE|[57]|Bytes:4
14:50:37.678 (705815801)|HEAP_ALLOCATE|[57]|Bytes:7
14:50:37.678 (706053923)|SOQL_EXECUTE_BEGIN|[57]|Aggregations:0|SELECT Id, Name, Status__c, Job_Category__c FROM Compensation__c WHERE Id = :tmpVar1
14:50:37.678 (714560748)|SOQL_EXECUTE_END|[57]|Rows:1
14:50:37.678 (714584012)|HEAP_ALLOCATE|[57]|Bytes:8
14:50:37.678 (714601243)|HEAP_ALLOCATE|[57]|Bytes:97
14:50:37.678 (714636921)|HEAP_ALLOCATE|[57]|Bytes:8
14:50:37.678 (714653567)|VARIABLE_SCOPE_BEGIN|[57]|fresh_comp|List<Compensation__c>|true|false
14:50:37.678 (714691109)|VARIABLE_ASSIGNMENT|[57]|fresh_comp|[{"Id":"a00f4000007wxdcAAA","Name":"testingComp22","Status__c":"SUBMITTED","Job_Category__c":"Junior"}]|0x3614557a
14:50:37.678 (714700879)|STATEMENT_EXECUTE|[62]
14:50:37.678 (714705279)|HEAP_ALLOCATE|[62]|Bytes:6
14:50:37.678 (714719069)|HEAP_ALLOCATE|[62]|Bytes:20
14:50:37.678 (714767849)|VARIABLE_ASSIGNMENT|[62]|this.Job_Category__c|"Senior"|0x7dfce44e
14:50:37.678 (714779521)|STATEMENT_EXECUTE|[63]
14:50:37.678 (714803985)|HEAP_ALLOCATE|[63]|Bytes:63
14:50:37.678 (714820587)|SYSTEM_METHOD_ENTRY|[1]|Test.Test()
14:50:37.678 (714825331)|STATEMENT_EXECUTE|[1]
14:50:37.678 (714961189)|SYSTEM_METHOD_EXIT|[1]|Test
14:50:37.678 (715015749)|METHOD_ENTRY|[63]||System.Test.startTest()
14:50:37.678 (716192940)|METHOD_EXIT|[63]||System.Test.startTest()
14:50:37.678 (716201992)|STATEMENT_EXECUTE|[64]
14:50:37.678 (716213007)|HEAP_ALLOCATE|[64]|Bytes:20
14:50:37.678 (716257492)|HEAP_ALLOCATE|[64]|Bytes:8
14:50:37.678 (716272205)|DML_BEGIN|[64]|Op:Update|Type:Compensation__c|Rows:1
14:50:37.678 (716298926)|HEAP_ALLOCATE|[EXTERNAL]|Bytes:8
14:50:37.678 (720917072)|CODE_UNIT_STARTED|[EXTERNAL]|01qf4000000wGty|CompensationSubmittedCantBeModifiedOrDeleted on Compensation trigger event BeforeUpdate
14:50:37.678 (720953734)|HEAP_ALLOCATE|[EXTERNAL]|Bytes:8
14:50:37.678 (721051086)|HEAP_ALLOCATE|[EXTERNAL]|Bytes:8
14:50:37.678 (721117152)|HEAP_ALLOCATE|[EXTERNAL]|Bytes:4
14:50:37.678 (721129685)|VARIABLE_SCOPE_BEGIN|[1]|this|CompensationSubmittedCantBeModifiedOrDeleted|true|false
14:50:37.678 (721156181)|VARIABLE_ASSIGNMENT|[1]|this|{}|0x7f42513d
14:50:37.678 (721199807)|HEAP_ALLOCATE|[EXTERNAL]|Bytes:4
14:50:37.678 (721210047)|VARIABLE_SCOPE_BEGIN|[1]|this|CompensationSubmittedCantBeModifiedOrDeleted|true|false
14:50:37.678 (721223267)|VARIABLE_ASSIGNMENT|[1]|this|{}|0x7f42513d
14:50:37.678 (721231007)|STATEMENT_EXECUTE|[1]
14:50:37.678 (721297777)|HEAP_ALLOCATE|[2]|Bytes:5
14:50:37.678 (721316704)|VARIABLE_SCOPE_BEGIN|[2]|c|Compensation__c|true|false
14:50:37.678 (721531844)|VARIABLE_ASSIGNMENT|[2]|c|{"LastModifiedDate":"2018-04-24T17:50:38.000Z","IsDeleted":false,"Name":"testingComp22","SystemModstamp":"2018-04-24T17:50:38.000Z","Employee__c":"003f400000KXyw3AAD","OwnerId":"005f4000001iPIcAAM","CreatedById":"005f4000001iPIcAAM","Submitted__c":true,"RecordTypeId":"012f4000000xpkIAAQ","CreatedDate":"2018-04-24T17:50:38.000Z","Location__c":"India","Id":"a00f4000007wxdcAAA","Status__c":"SUBMITTED","LastModifiedById":"005f4000001iPIcAAM","Job_Category__c":"Junior"}|0x5a75813d
14:50:37.678 (721548272)|STATEMENT_EXECUTE|[2]
14:50:37.678 (721572575)|STATEMENT_EXECUTE|[3]
14:50:37.678 (721575273)|STATEMENT_EXECUTE|[4]
14:50:37.678 (721671431)|HEAP_ALLOCATE|[4]|Bytes:54
14:50:37.678 (721771803)|VF_PAGE_MESSAGE|Submitted compensations cannot be modified nor deleted
14:50:37.678 (721801443)|HEAP_ALLOCATE|[2]|Bytes:5
14:50:37.678 (721822735)|VARIABLE_ASSIGNMENT|[2]|c|null|
14:50:37.721 (721832663)|CUMULATIVE_LIMIT_USAGE
14:50:37.721 (721832663)|LIMIT_USAGE_FOR_NS|(default)|
  Number of SOQL queries: 2 out of 100
  Number of query rows: 2 out of 50000
  Number of SOSL queries: 0 out of 20
  Number of DML statements: 3 out of 150
  Number of DML rows: 12 out of 10000
  Maximum CPU time: 0 out of 10000
  Maximum heap size: 0 out of 6000000
  Number of callouts: 0 out of 100
  Number of Email Invocations: 0 out of 10
  Number of future calls: 0 out of 50
  Number of queueable jobs added to the queue: 0 out of 50
  Number of Mobile Apex push calls: 0 out of 10

14:50:37.721 (721832663)|TESTING_LIMITS
14:50:37.721 (721832663)|LIMIT_USAGE_FOR_NS|(default)|
  Number of SOQL queries: 0 out of 100
  Number of query rows: 0 out of 50000
  Number of SOSL queries: 0 out of 20
  Number of DML statements: 1 out of 150
  Number of DML rows: 1 out of 10000
  Maximum CPU time: 0 out of 10000
  Maximum heap size: 0 out of 6000000
  Number of callouts: 0 out of 100
  Number of Email Invocations: 0 out of 10
  Number of future calls: 0 out of 50
  Number of queueable jobs added to the queue: 0 out of 50
  Number of Mobile Apex push calls: 0 out of 10

14:50:37.721 (721832663)|CUMULATIVE_LIMIT_USAGE_END

14:50:37.678 (722737438)|CODE_UNIT_FINISHED|CompensationSubmittedCantBeModifiedOrDeleted on Compensation trigger event BeforeUpdate
14:50:37.678 (724168105)|DML_END|[64]
14:50:37.678 (724222197)|HEAP_ALLOCATE|[64]|Bytes:4
14:50:37.678 (724243796)|VARIABLE_SCOPE_BEGIN|[64]|res|Database.SaveResult|true|false
14:50:37.678 (724281941)|VARIABLE_ASSIGNMENT|[64]|res|{"success":false,"errors":[{"status":"FIELD_CUSTOM_VALIDAT (13 more) ...","message":"Submitted compensati (34 more) ..."}]}|0x67c413ff
14:50:37.678 (724290255)|STATEMENT_EXECUTE|[65]
14:50:37.678 (724306174)|METHOD_ENTRY|[65]||System.Test.stopTest()
14:50:37.678 (725219525)|METHOD_EXIT|[65]||System.Test.stopTest()
14:50:37.678 (725228235)|STATEMENT_EXECUTE|[68]
14:50:37.725 (725285890)|CUMULATIVE_LIMIT_USAGE
14:50:37.725 (725285890)|LIMIT_USAGE_FOR_NS|(default)|
  Number of SOQL queries: 2 out of 100
  Number of query rows: 2 out of 50000
  Number of SOSL queries: 0 out of 20
  Number of DML statements: 3 out of 150
  Number of DML rows: 12 out of 10000
  Maximum CPU time: 0 out of 10000
  Maximum heap size: 0 out of 6000000
  Number of callouts: 0 out of 100
  Number of Email Invocations: 0 out of 10
  Number of future calls: 0 out of 50
  Number of queueable jobs added to the queue: 0 out of 50
  Number of Mobile Apex push calls: 0 out of 10

14:50:37.725 (725285890)|TESTING_LIMITS
14:50:37.725 (725285890)|LIMIT_USAGE_FOR_NS|(default)|
  Number of SOQL queries: 0 out of 100
  Number of query rows: 0 out of 50000
  Number of SOSL queries: 0 out of 20
  Number of DML statements: 1 out of 150
  Number of DML rows: 1 out of 10000
  Maximum CPU time: 0 out of 10000
  Maximum heap size: 0 out of 6000000
  Number of callouts: 0 out of 100
  Number of Email Invocations: 0 out of 10
  Number of future calls: 0 out of 50
  Number of queueable jobs added to the queue: 0 out of 50
  Number of Mobile Apex push calls: 0 out of 10

14:50:37.725 (725285890)|CUMULATIVE_LIMIT_USAGE_END

14:50:37.678 (725330714)|CODE_UNIT_FINISHED|CompSubCantBeModOrDelTrigrTest.test_method_beforeUpdate2
14:50:37.678 (726124966)|EXECUTION_FINISHED
14:50:37.809 (809651908)|USER_INFO|[EXTERNAL]|005f4000001iPIc|lrodriguez-onboarding@altimetrik.com|Argentine Time|GMT-03:00
14:50:37.809 (809682002)|EXECUTION_STARTED
14:50:37.809 (809689759)|CODE_UNIT_STARTED|[EXTERNAL]|DuplicateDetector
14:50:37.809 (809701614)|DUPLICATE_DETECTION_BEGIN
14:50:37.809 (809753018)|DUPLICATE_DETECTION_RULE_INVOCATION|DuplicateRuleId:0Bmf40000038BIj|DuplicateRuleName:Standard Contact Duplicate Rule|DmlType:INSERT
14:50:37.809 (818221031)|DUPLICATE_DETECTION_END
14:50:37.809 (818228731)|CODE_UNIT_FINISHED|DuplicateDetector
14:50:37.809 (819066512)|EXECUTION_FINISHED
