42.0 APEX_CODE,FINEST;APEX_PROFILING,INFO;CALLOUT,INFO;DB,INFO;SYSTEM,DEBUG;VALIDATION,INFO;VISUALFORCE,INFO;WAVE,INFO;WORKFLOW,INFO
11:40:04.0 (94624)|USER_INFO|[EXTERNAL]|005f4000001iPIc|lrodriguez-onboarding@altimetrik.com|Hora de Argentina|GMT-03:00
11:40:04.0 (151692)|EXECUTION_STARTED
11:40:04.0 (158780)|CODE_UNIT_STARTED|[EXTERNAL]|Aura
11:40:04.0 (1216245)|HEAP_ALLOCATE|[72]|Bytes:3
11:40:04.0 (1275111)|HEAP_ALLOCATE|[77]|Bytes:152
11:40:04.0 (1304549)|HEAP_ALLOCATE|[342]|Bytes:408
11:40:04.0 (1336192)|HEAP_ALLOCATE|[355]|Bytes:408
11:40:04.0 (1367094)|HEAP_ALLOCATE|[467]|Bytes:48
11:40:04.0 (1407766)|HEAP_ALLOCATE|[139]|Bytes:6
11:40:04.0 (1443341)|HEAP_ALLOCATE|[EXTERNAL]|Bytes:6
11:40:04.0 (1457594)|HEAP_ALLOCATE|[EXTERNAL]|Bytes:6
11:40:04.0 (2362790)|CODE_UNIT_STARTED|[EXTERNAL]|01pf4000009OyzM|CompensationController.getCompensations
11:40:04.0 (2476319)|HEAP_ALLOCATE|[EXTERNAL]|Bytes:1
11:40:04.0 (2493333)|METHOD_ENTRY|[1]|01pf4000009OyzM|CompensationController.CompensationController()
11:40:04.0 (2501153)|STATEMENT_EXECUTE|[1]
11:40:04.0 (2508348)|STATEMENT_EXECUTE|[1]
11:40:04.0 (2540090)|HEAP_ALLOCATE|[50]|Bytes:5
11:40:04.0 (2570753)|HEAP_ALLOCATE|[56]|Bytes:5
11:40:04.0 (2591354)|HEAP_ALLOCATE|[64]|Bytes:7
11:40:04.0 (2630957)|SYSTEM_MODE_ENTER|false
11:40:04.0 (2646760)|HEAP_ALLOCATE|[EXTERNAL]|Bytes:5
11:40:04.0 (2656655)|SYSTEM_MODE_EXIT|false
11:40:04.0 (2667245)|METHOD_EXIT|[1]|CompensationController
11:40:04.0 (2674502)|HEAP_ALLOCATE|[EXTERNAL]|Bytes:6
11:40:04.0 (2688569)|SYSTEM_MODE_ENTER|false
11:40:04.0 (2696840)|VARIABLE_SCOPE_BEGIN|[3]|filter|String|false|false
11:40:04.0 (2726853)|VARIABLE_ASSIGNMENT|[3]|filter|"salary"
11:40:04.0 (2756566)|HEAP_ALLOCATE|[4]|Bytes:5
11:40:04.0 (2764059)|STATEMENT_EXECUTE|[3]
11:40:04.0 (2766360)|STATEMENT_EXECUTE|[4]
11:40:04.0 (2898237)|HEAP_ALLOCATE|[4]|Bytes:4
11:40:04.0 (2984037)|VARIABLE_SCOPE_BEGIN|[4]|compensations|List<Compensation__c>|true|false
11:40:04.0 (2998270)|HEAP_ALLOCATE|[EXTERNAL]|Bytes:4
11:40:04.0 (3012227)|VARIABLE_ASSIGNMENT|[4]|compensations|[]|0x2bd3a387
11:40:04.0 (3022141)|HEAP_ALLOCATE|[5]|Bytes:3
11:40:04.0 (3054585)|HEAP_ALLOCATE|[10]|Bytes:5
11:40:04.0 (3067966)|HEAP_ALLOCATE|[10]|Bytes:6
11:40:04.0 (3081430)|STATEMENT_EXECUTE|[10]
11:40:04.0 (3083929)|STATEMENT_EXECUTE|[11]
11:40:04.0 (3086942)|HEAP_ALLOCATE|[11]|Bytes:194
11:40:04.0 (3108608)|HEAP_ALLOCATE|[11]|Bytes:4
11:40:04.0 (3122380)|HEAP_ALLOCATE|[11]|Bytes:7
11:40:04.0 (4256789)|SOQL_EXECUTE_BEGIN|[11]|Aggregations:0|SELECT Employee__r.Name, Employee__r.birthdate, job_category__c, RecordType.Name, amount__c, location__c, office__c, submitted__c, status__c FROM Compensation__c WHERE RecordType.Name = :tmpVar1
11:40:04.0 (35208143)|SOQL_EXECUTE_END|[11]|Rows:3
11:40:04.0 (35256459)|HEAP_ALLOCATE|[11]|Bytes:16
11:40:04.0 (35307234)|HEAP_ALLOCATE|[11]|Bytes:855
11:40:04.0 (35374205)|HEAP_ALLOCATE|[11]|Bytes:16
11:40:04.0 (35460093)|VARIABLE_ASSIGNMENT|[11]|compensations|[{"Employee__c":"003f400000Im3OFAAZ","Job_Category__c":"Senior","RecordTypeId":"012f4000000xpoaAAA","Location__c":"Uruguay","Office__c":"MVD WTC 2","Submitted__c":false,"Status__c":"NOT SUBMITTED","Id":"a00f4000007wcrhAAA","Employee__r":{"Name":"Andy Young","Id":"003f400000Im3OFAAZ"},"RecordType":{"Name":"Salary","Id":"012f4000000xpoaAAA"}},{"Employee__c":"003f400000Im3OFAAZ","Job_Category__c":"Semi-Senior","RecordTypeId":"012f4000000xpoaAAA","Location__c":"Uruguay","Office__c":"MVD WTC 1","Submitted__c":true,"Status__c":"SUBMITTED","Id":"a00f4000007wcrmAAA","Employee__r":{"Name":"Andy Young","Id":"003f400000Im3OFAAZ"},"RecordType":{"Name":"Salary","Id":"012f4000000xpoaAAA"}},{"Employee__c":"003f400000I1ma3AAB","Job_Category__c":"Junior","RecordTypeId":"012f4000000xpoaAAA","Location__c":"Uruguay","Office__c":"MVD WTC 1","Submitted__c":false,"Status__c":"NOT SUBMITTED","Id":"a00f4000007wUBOAA2","Employee__r":{"Name":"Julio Rios","Id":"003f400000I1ma3AAB"},"RecordType":{"Name":"Salary","Id":"012f4000000xpoaAAA"}}]|0x27b5c254
11:40:04.0 (35493585)|STATEMENT_EXECUTE|[17]
11:40:04.0 (35509936)|SYSTEM_MODE_EXIT|false
11:40:04.35 (35545083)|CUMULATIVE_LIMIT_USAGE
11:40:04.35 (35545083)|LIMIT_USAGE_FOR_NS|(default)|
  Number of SOQL queries: 1 out of 100
  Number of query rows: 3 out of 50000
  Number of SOSL queries: 0 out of 20
  Number of DML statements: 0 out of 150
  Number of DML rows: 0 out of 10000
  Maximum CPU time: 0 out of 10000
  Maximum heap size: 0 out of 6000000
  Number of callouts: 0 out of 100
  Number of Email Invocations: 0 out of 10
  Number of future calls: 0 out of 50
  Number of queueable jobs added to the queue: 0 out of 50
  Number of Mobile Apex push calls: 0 out of 10

11:40:04.35 (35545083)|CUMULATIVE_LIMIT_USAGE_END

11:40:04.0 (35588099)|CODE_UNIT_FINISHED|CompensationController.getCompensations
11:40:04.0 (35713042)|CODE_UNIT_FINISHED|Aura
11:40:04.0 (55493126)|EXECUTION_FINISHED
