36.0 APEX_CODE,FINEST;APEX_PROFILING,INFO;CALLOUT,INFO;DB,INFO;SYSTEM,DEBUG;VALIDATION,INFO;VISUALFORCE,INFO;WAVE,INFO;WORKFLOW,INFO
14:29:10.0 (907332)|USER_INFO|[EXTERNAL]|005f4000001iPIc|lrodriguez-onboarding@altimetrik.com|Argentine Time|GMT-03:00
14:29:10.0 (959398)|EXECUTION_STARTED
14:29:10.0 (965622)|CODE_UNIT_STARTED|[EXTERNAL]|01pf400000ARf7J|testCompensationController.getCompensationsTest1
14:29:10.0 (1200597)|HEAP_ALLOCATE|[72]|Bytes:3
14:29:10.0 (1257439)|HEAP_ALLOCATE|[77]|Bytes:152
14:29:10.0 (1274246)|HEAP_ALLOCATE|[342]|Bytes:408
14:29:10.0 (1289452)|HEAP_ALLOCATE|[355]|Bytes:408
14:29:10.0 (1304000)|HEAP_ALLOCATE|[467]|Bytes:48
14:29:10.0 (1332808)|HEAP_ALLOCATE|[139]|Bytes:6
14:29:10.0 (1348207)|HEAP_ALLOCATE|[EXTERNAL]|Bytes:132
14:29:10.0 (1402622)|METHOD_ENTRY|[2]|01pf400000ARf7J|testCompensationController.testCompensationController()
14:29:10.0 (1409927)|STATEMENT_EXECUTE|[2]
14:29:10.0 (1414053)|STATEMENT_EXECUTE|[2]
14:29:10.0 (1426046)|METHOD_EXIT|[2]|testCompensationController
14:29:10.0 (1527121)|HEAP_ALLOCATE|[50]|Bytes:5
14:29:10.0 (1549520)|HEAP_ALLOCATE|[56]|Bytes:5
14:29:10.0 (1557518)|HEAP_ALLOCATE|[64]|Bytes:7
14:29:10.0 (1591959)|STATEMENT_EXECUTE|[4]
14:29:10.0 (1594005)|STATEMENT_EXECUTE|[6]
14:29:10.0 (1597216)|HEAP_ALLOCATE|[6]|Bytes:36
14:29:10.0 (1616930)|HEAP_ALLOCATE|[6]|Bytes:4
14:29:10.0 (1848284)|SOQL_EXECUTE_BEGIN|[6]|Aggregations:0|SELECT Id, Name FROM Compensation__c
14:29:10.0 (4861046)|SOQL_EXECUTE_END|[6]|Rows:0
14:29:10.0 (4885470)|HEAP_ALLOCATE|[6]|Bytes:4
14:29:10.0 (4897647)|HEAP_ALLOCATE|[6]|Bytes:0
14:29:10.0 (4994401)|HEAP_ALLOCATE|[6]|Bytes:4
14:29:10.0 (5008913)|VARIABLE_SCOPE_BEGIN|[6]|all_comp|List<Compensation__c>|true|false
14:29:10.0 (5168546)|VARIABLE_ASSIGNMENT|[6]|all_comp|[]|0x3a9757b5
14:29:10.0 (5175518)|STATEMENT_EXECUTE|[7]
14:29:10.0 (5245025)|VARIABLE_SCOPE_BEGIN|[7]|soql_count|Integer|false|false
14:29:10.0 (5254570)|HEAP_ALLOCATE|[7]|Bytes:4
14:29:10.0 (5262864)|VARIABLE_ASSIGNMENT|[7]|soql_count|0
14:29:10.0 (5267912)|STATEMENT_EXECUTE|[10]
14:29:10.0 (5299449)|HEAP_ALLOCATE|[10]|Bytes:63
14:29:10.0 (5309683)|SYSTEM_METHOD_ENTRY|[1]|Test.Test()
14:29:10.0 (5314050)|STATEMENT_EXECUTE|[1]
14:29:10.0 (5320620)|SYSTEM_METHOD_EXIT|[1]|Test
14:29:10.0 (5341467)|METHOD_ENTRY|[10]||System.Test.startTest()
14:29:10.0 (6559666)|METHOD_EXIT|[10]||System.Test.startTest()
14:29:10.0 (6568068)|STATEMENT_EXECUTE|[11]
14:29:10.0 (6572677)|HEAP_ALLOCATE|[11]|Bytes:3
14:29:10.0 (7693801)|HEAP_ALLOCATE|[11]|Bytes:4
14:29:10.0 (7712707)|METHOD_ENTRY|[1]|01pf4000009OyzM|CompensationController.CompensationController()
14:29:10.0 (7718647)|STATEMENT_EXECUTE|[1]
14:29:10.0 (7722452)|STATEMENT_EXECUTE|[1]
14:29:10.0 (8111928)|SYSTEM_MODE_ENTER|false
14:29:10.0 (8126615)|HEAP_ALLOCATE|[11]|Bytes:5
14:29:10.0 (8134179)|SYSTEM_MODE_EXIT|false
14:29:10.0 (8142835)|METHOD_EXIT|[1]|CompensationController
14:29:10.0 (8165431)|METHOD_ENTRY|[11]|01pf4000009OyzM|CompensationController.getCompensations(String)
14:29:10.0 (8187320)|VARIABLE_SCOPE_BEGIN|[3]|filter|String|false|false
14:29:10.0 (8200251)|VARIABLE_ASSIGNMENT|[3]|filter|"all"
14:29:10.0 (8216619)|SYSTEM_MODE_ENTER|false
14:29:10.0 (8222579)|HEAP_ALLOCATE|[4]|Bytes:5
14:29:10.0 (8228602)|STATEMENT_EXECUTE|[3]
14:29:10.0 (8230286)|STATEMENT_EXECUTE|[4]
14:29:10.0 (8247025)|HEAP_ALLOCATE|[4]|Bytes:4
14:29:10.0 (8288791)|VARIABLE_SCOPE_BEGIN|[4]|compensations|List<Compensation__c>|true|false
14:29:10.0 (8299192)|HEAP_ALLOCATE|[EXTERNAL]|Bytes:4
14:29:10.0 (8307625)|VARIABLE_ASSIGNMENT|[4]|compensations|[]|0x31aa724
14:29:10.0 (8327315)|STATEMENT_EXECUTE|[5]
14:29:10.0 (8329301)|STATEMENT_EXECUTE|[6]
14:29:10.0 (8332560)|HEAP_ALLOCATE|[6]|Bytes:177
14:29:10.0 (8344775)|HEAP_ALLOCATE|[6]|Bytes:4
14:29:10.0 (8722601)|SOQL_EXECUTE_BEGIN|[6]|Aggregations:0|SELECT Employee__r.Id, Employee__r.Name, Employee__r.birthdate, job_category__c, RecordType.Name, amount__c, location__c, office__c, submitted__c, status__c FROM Compensation__c
14:29:10.0 (12457857)|SOQL_EXECUTE_END|[6]|Rows:0
14:29:10.0 (12480332)|HEAP_ALLOCATE|[6]|Bytes:4
14:29:10.0 (12493985)|HEAP_ALLOCATE|[6]|Bytes:0
14:29:10.0 (12527103)|HEAP_ALLOCATE|[6]|Bytes:4
14:29:10.0 (12544012)|VARIABLE_ASSIGNMENT|[6]|compensations|[]|0x3001cf53
14:29:10.0 (12551129)|STATEMENT_EXECUTE|[17]
14:29:10.0 (12555823)|SYSTEM_MODE_EXIT|false
14:29:10.0 (12565673)|METHOD_EXIT|[11]|01pf4000009OyzM|CompensationController.getCompensations(String)
14:29:10.0 (12573331)|VARIABLE_SCOPE_BEGIN|[11]|all_comp_using_ctrl|List<Compensation__c>|true|false
14:29:10.0 (12583142)|VARIABLE_ASSIGNMENT|[11]|all_comp_using_ctrl|[]|0x3001cf53
14:29:10.0 (12588792)|STATEMENT_EXECUTE|[12]
14:29:10.0 (12599547)|METHOD_ENTRY|[12]||System.Test.stopTest()
14:29:10.0 (13846618)|METHOD_EXIT|[12]||System.Test.stopTest()
14:29:10.0 (13855145)|STATEMENT_EXECUTE|[15]
14:29:10.0 (13883311)|VARIABLE_SCOPE_BEGIN|[15]|ctrl_count|Integer|false|false
14:29:10.0 (13891863)|HEAP_ALLOCATE|[15]|Bytes:4
14:29:10.0 (13901037)|VARIABLE_ASSIGNMENT|[15]|ctrl_count|0
14:29:10.0 (13906105)|STATEMENT_EXECUTE|[16]
14:29:10.13 (13947883)|CUMULATIVE_LIMIT_USAGE
14:29:10.13 (13947883)|LIMIT_USAGE_FOR_NS|(default)|
  Number of SOQL queries: 1 out of 100
  Number of query rows: 0 out of 50000
  Number of SOSL queries: 0 out of 20
  Number of DML statements: 0 out of 150
  Number of DML rows: 0 out of 10000
  Maximum CPU time: 0 out of 10000
  Maximum heap size: 0 out of 6000000
  Number of callouts: 0 out of 100
  Number of Email Invocations: 0 out of 10
  Number of future calls: 0 out of 50
  Number of queueable jobs added to the queue: 0 out of 50
  Number of Mobile Apex push calls: 0 out of 10

14:29:10.13 (13947883)|TESTING_LIMITS
14:29:10.13 (13947883)|LIMIT_USAGE_FOR_NS|(default)|
  Number of SOQL queries: 1 out of 100
  Number of query rows: 0 out of 50000
  Number of SOSL queries: 0 out of 20
  Number of DML statements: 0 out of 150
  Number of DML rows: 0 out of 10000
  Maximum CPU time: 0 out of 10000
  Maximum heap size: 0 out of 6000000
  Number of callouts: 0 out of 100
  Number of Email Invocations: 0 out of 10
  Number of future calls: 0 out of 50
  Number of queueable jobs added to the queue: 0 out of 50
  Number of Mobile Apex push calls: 0 out of 10

14:29:10.13 (13947883)|CUMULATIVE_LIMIT_USAGE_END

14:29:10.0 (13991154)|CODE_UNIT_FINISHED|testCompensationController.getCompensationsTest1
14:29:10.0 (14866620)|EXECUTION_FINISHED
14:29:10.56 (56631038)|USER_INFO|[EXTERNAL]|005f4000001iPIc|lrodriguez-onboarding@altimetrik.com|Argentine Time|GMT-03:00
14:29:10.56 (56651084)|EXECUTION_STARTED
14:29:10.56 (56656055)|CODE_UNIT_STARTED|[EXTERNAL]|01pf400000ARf7J|testCompensationController.getCompensationsTest2
14:29:10.56 (56770759)|HEAP_ALLOCATE|[72]|Bytes:3
14:29:10.56 (56796277)|HEAP_ALLOCATE|[77]|Bytes:152
14:29:10.56 (56809617)|HEAP_ALLOCATE|[342]|Bytes:408
14:29:10.56 (56824514)|HEAP_ALLOCATE|[355]|Bytes:408
14:29:10.56 (56837244)|HEAP_ALLOCATE|[467]|Bytes:48
14:29:10.56 (56860341)|HEAP_ALLOCATE|[139]|Bytes:6
14:29:10.56 (56873563)|HEAP_ALLOCATE|[EXTERNAL]|Bytes:132
14:29:10.56 (56887519)|METHOD_ENTRY|[2]|01pf400000ARf7J|testCompensationController.testCompensationController()
14:29:10.56 (56896990)|STATEMENT_EXECUTE|[2]
14:29:10.56 (56901896)|STATEMENT_EXECUTE|[2]
14:29:10.56 (56906328)|METHOD_EXIT|[2]|testCompensationController
14:29:10.56 (56993334)|HEAP_ALLOCATE|[50]|Bytes:5
14:29:10.56 (57010676)|HEAP_ALLOCATE|[56]|Bytes:5
14:29:10.56 (57018698)|HEAP_ALLOCATE|[64]|Bytes:7
14:29:10.56 (57048169)|STATEMENT_EXECUTE|[19]
14:29:10.56 (57050238)|STATEMENT_EXECUTE|[21]
14:29:10.56 (57053572)|HEAP_ALLOCATE|[21]|Bytes:85
14:29:10.56 (57074026)|HEAP_ALLOCATE|[21]|Bytes:4
14:29:10.56 (57361802)|SOQL_EXECUTE_BEGIN|[21]|Aggregations:0|SELECT Id, Name, RecordType.Name FROM Compensation__c WHERE RecordType.Name = 'study'
14:29:10.56 (61008262)|SOQL_EXECUTE_END|[21]|Rows:0
14:29:10.56 (61032570)|HEAP_ALLOCATE|[21]|Bytes:4
14:29:10.56 (61047066)|HEAP_ALLOCATE|[21]|Bytes:0
14:29:10.56 (61090676)|HEAP_ALLOCATE|[21]|Bytes:4
14:29:10.56 (61104240)|VARIABLE_SCOPE_BEGIN|[21]|all_comp|List<Compensation__c>|true|false
14:29:10.56 (61137525)|VARIABLE_ASSIGNMENT|[21]|all_comp|[]|0x569e3754
14:29:10.56 (61145662)|STATEMENT_EXECUTE|[24]
14:29:10.56 (61182190)|VARIABLE_SCOPE_BEGIN|[24]|soql_count|Integer|false|false
14:29:10.56 (61191576)|HEAP_ALLOCATE|[24]|Bytes:4
14:29:10.56 (61200841)|VARIABLE_ASSIGNMENT|[24]|soql_count|0
14:29:10.56 (61205739)|STATEMENT_EXECUTE|[27]
14:29:10.56 (61219093)|HEAP_ALLOCATE|[27]|Bytes:63
14:29:10.56 (61229267)|SYSTEM_METHOD_ENTRY|[1]|Test.Test()
14:29:10.56 (61233492)|STATEMENT_EXECUTE|[1]
14:29:10.56 (61240353)|SYSTEM_METHOD_EXIT|[1]|Test
14:29:10.56 (61249319)|METHOD_ENTRY|[27]||System.Test.startTest()
14:29:10.56 (62481252)|METHOD_EXIT|[27]||System.Test.startTest()
14:29:10.56 (62489991)|STATEMENT_EXECUTE|[28]
14:29:10.56 (62494904)|HEAP_ALLOCATE|[28]|Bytes:5
14:29:10.56 (62509713)|HEAP_ALLOCATE|[28]|Bytes:4
14:29:10.56 (62517273)|METHOD_ENTRY|[1]|01pf4000009OyzM|CompensationController.CompensationController()
14:29:10.56 (62522558)|STATEMENT_EXECUTE|[1]
14:29:10.56 (62525241)|STATEMENT_EXECUTE|[1]
14:29:10.56 (62870727)|SYSTEM_MODE_ENTER|false
14:29:10.56 (62884141)|HEAP_ALLOCATE|[28]|Bytes:5
14:29:10.56 (62891936)|SYSTEM_MODE_EXIT|false
14:29:10.56 (62900153)|METHOD_EXIT|[1]|CompensationController
14:29:10.56 (62911034)|METHOD_ENTRY|[28]|01pf4000009OyzM|CompensationController.getCompensations(String)
14:29:10.56 (62929247)|VARIABLE_SCOPE_BEGIN|[3]|filter|String|false|false
14:29:10.56 (62943354)|VARIABLE_ASSIGNMENT|[3]|filter|"study"
14:29:10.56 (62957027)|SYSTEM_MODE_ENTER|false
14:29:10.56 (62963250)|HEAP_ALLOCATE|[4]|Bytes:5
14:29:10.56 (62968735)|STATEMENT_EXECUTE|[3]
14:29:10.56 (62970502)|STATEMENT_EXECUTE|[4]
14:29:10.56 (62987488)|HEAP_ALLOCATE|[4]|Bytes:4
14:29:10.56 (63006431)|VARIABLE_SCOPE_BEGIN|[4]|compensations|List<Compensation__c>|true|false
14:29:10.56 (63016238)|HEAP_ALLOCATE|[EXTERNAL]|Bytes:4
14:29:10.56 (63025175)|VARIABLE_ASSIGNMENT|[4]|compensations|[]|0xddc3036
14:29:10.56 (63033163)|HEAP_ALLOCATE|[5]|Bytes:3
14:29:10.56 (63054586)|STATEMENT_EXECUTE|[10]
14:29:10.56 (63056684)|STATEMENT_EXECUTE|[11]
14:29:10.56 (63059286)|HEAP_ALLOCATE|[11]|Bytes:210
14:29:10.56 (63072711)|HEAP_ALLOCATE|[11]|Bytes:4
14:29:10.56 (63079585)|HEAP_ALLOCATE|[11]|Bytes:7
14:29:10.56 (63410655)|SOQL_EXECUTE_BEGIN|[11]|Aggregations:0|SELECT Employee__r.Id, Employee__r.Name, Employee__r.birthdate, job_category__c, RecordType.Name, amount__c, location__c, office__c, submitted__c, status__c FROM Compensation__c WHERE RecordType.Name = :tmpVar1
14:29:10.56 (66198455)|SOQL_EXECUTE_END|[11]|Rows:0
14:29:10.56 (66220464)|HEAP_ALLOCATE|[11]|Bytes:4
14:29:10.56 (66234023)|HEAP_ALLOCATE|[11]|Bytes:0
14:29:10.56 (66262668)|HEAP_ALLOCATE|[11]|Bytes:4
14:29:10.56 (66279733)|VARIABLE_ASSIGNMENT|[11]|compensations|[]|0x2491964c
14:29:10.56 (66286417)|STATEMENT_EXECUTE|[17]
14:29:10.56 (66291336)|SYSTEM_MODE_EXIT|false
14:29:10.56 (66301993)|METHOD_EXIT|[28]|01pf4000009OyzM|CompensationController.getCompensations(String)
14:29:10.56 (66309068)|VARIABLE_SCOPE_BEGIN|[28]|all_comp_using_ctrl|List<Compensation__c>|true|false
14:29:10.56 (66319115)|VARIABLE_ASSIGNMENT|[28]|all_comp_using_ctrl|[]|0x2491964c
14:29:10.56 (66326110)|STATEMENT_EXECUTE|[29]
14:29:10.56 (66337008)|METHOD_ENTRY|[29]||System.Test.stopTest()
14:29:10.56 (68046784)|METHOD_EXIT|[29]||System.Test.stopTest()
14:29:10.56 (68055662)|STATEMENT_EXECUTE|[32]
14:29:10.56 (68085201)|VARIABLE_SCOPE_BEGIN|[32]|ctrl_count|Integer|false|false
14:29:10.56 (68094828)|HEAP_ALLOCATE|[32]|Bytes:4
14:29:10.56 (68105296)|VARIABLE_ASSIGNMENT|[32]|ctrl_count|0
14:29:10.56 (68110573)|STATEMENT_EXECUTE|[33]
14:29:10.68 (68153953)|CUMULATIVE_LIMIT_USAGE
14:29:10.68 (68153953)|LIMIT_USAGE_FOR_NS|(default)|
  Number of SOQL queries: 1 out of 100
  Number of query rows: 0 out of 50000
  Number of SOSL queries: 0 out of 20
  Number of DML statements: 0 out of 150
  Number of DML rows: 0 out of 10000
  Maximum CPU time: 0 out of 10000
  Maximum heap size: 0 out of 6000000
  Number of callouts: 0 out of 100
  Number of Email Invocations: 0 out of 10
  Number of future calls: 0 out of 50
  Number of queueable jobs added to the queue: 0 out of 50
  Number of Mobile Apex push calls: 0 out of 10

14:29:10.68 (68153953)|TESTING_LIMITS
14:29:10.68 (68153953)|LIMIT_USAGE_FOR_NS|(default)|
  Number of SOQL queries: 1 out of 100
  Number of query rows: 0 out of 50000
  Number of SOSL queries: 0 out of 20
  Number of DML statements: 0 out of 150
  Number of DML rows: 0 out of 10000
  Maximum CPU time: 0 out of 10000
  Maximum heap size: 0 out of 6000000
  Number of callouts: 0 out of 100
  Number of Email Invocations: 0 out of 10
  Number of future calls: 0 out of 50
  Number of queueable jobs added to the queue: 0 out of 50
  Number of Mobile Apex push calls: 0 out of 10

14:29:10.68 (68153953)|CUMULATIVE_LIMIT_USAGE_END

14:29:10.56 (68200016)|CODE_UNIT_FINISHED|testCompensationController.getCompensationsTest2
14:29:10.56 (69130918)|EXECUTION_FINISHED
14:29:10.97 (97918217)|USER_INFO|[EXTERNAL]|005f4000001iPIc|lrodriguez-onboarding@altimetrik.com|Argentine Time|GMT-03:00
14:29:10.97 (97938052)|EXECUTION_STARTED
14:29:10.97 (97942493)|CODE_UNIT_STARTED|[EXTERNAL]|01pf400000ARf7J|testCompensationController.getCompensationsTest3
14:29:10.97 (98078795)|HEAP_ALLOCATE|[72]|Bytes:3
14:29:10.97 (98109375)|HEAP_ALLOCATE|[77]|Bytes:152
14:29:10.97 (98123984)|HEAP_ALLOCATE|[342]|Bytes:408
14:29:10.97 (98138222)|HEAP_ALLOCATE|[355]|Bytes:408
14:29:10.97 (98151736)|HEAP_ALLOCATE|[467]|Bytes:48
14:29:10.97 (98176809)|HEAP_ALLOCATE|[139]|Bytes:6
14:29:10.97 (98191214)|HEAP_ALLOCATE|[EXTERNAL]|Bytes:132
14:29:10.97 (98201559)|METHOD_ENTRY|[2]|01pf400000ARf7J|testCompensationController.testCompensationController()
14:29:10.97 (98208527)|STATEMENT_EXECUTE|[2]
14:29:10.97 (98212867)|STATEMENT_EXECUTE|[2]
14:29:10.97 (98217281)|METHOD_EXIT|[2]|testCompensationController
14:29:10.97 (98282437)|HEAP_ALLOCATE|[50]|Bytes:5
14:29:10.97 (98300948)|HEAP_ALLOCATE|[56]|Bytes:5
14:29:10.97 (98308261)|HEAP_ALLOCATE|[64]|Bytes:7
14:29:10.97 (98337962)|STATEMENT_EXECUTE|[36]
14:29:10.97 (98340139)|STATEMENT_EXECUTE|[38]
14:29:10.97 (98343079)|HEAP_ALLOCATE|[38]|Bytes:86
14:29:10.97 (98355949)|HEAP_ALLOCATE|[38]|Bytes:4
14:29:10.97 (98560924)|SOQL_EXECUTE_BEGIN|[38]|Aggregations:0|SELECT Id, Name, RecordType.Name FROM Compensation__c WHERE RecordType.Name = 'salary'
14:29:10.97 (101127534)|SOQL_EXECUTE_END|[38]|Rows:0
14:29:10.97 (101149922)|HEAP_ALLOCATE|[38]|Bytes:4
14:29:10.97 (101162770)|HEAP_ALLOCATE|[38]|Bytes:0
14:29:10.97 (101210668)|HEAP_ALLOCATE|[38]|Bytes:4
14:29:10.97 (101226697)|VARIABLE_SCOPE_BEGIN|[38]|all_comp|List<Compensation__c>|true|false
14:29:10.97 (101257311)|VARIABLE_ASSIGNMENT|[38]|all_comp|[]|0x1721ba57
14:29:10.97 (101264268)|STATEMENT_EXECUTE|[41]
14:29:10.97 (101296944)|VARIABLE_SCOPE_BEGIN|[41]|soql_count|Integer|false|false
14:29:10.97 (101306047)|HEAP_ALLOCATE|[41]|Bytes:4
14:29:10.97 (101314365)|VARIABLE_ASSIGNMENT|[41]|soql_count|0
14:29:10.97 (101319145)|STATEMENT_EXECUTE|[44]
14:29:10.97 (101331889)|HEAP_ALLOCATE|[44]|Bytes:63
14:29:10.97 (101342041)|SYSTEM_METHOD_ENTRY|[1]|Test.Test()
14:29:10.97 (101345577)|STATEMENT_EXECUTE|[1]
14:29:10.97 (101351584)|SYSTEM_METHOD_EXIT|[1]|Test
14:29:10.97 (101360697)|METHOD_ENTRY|[44]||System.Test.startTest()
14:29:10.97 (102856012)|METHOD_EXIT|[44]||System.Test.startTest()
14:29:10.97 (102864395)|STATEMENT_EXECUTE|[45]
14:29:10.97 (102869111)|HEAP_ALLOCATE|[45]|Bytes:6
14:29:10.97 (102885009)|HEAP_ALLOCATE|[45]|Bytes:4
14:29:10.97 (102892287)|METHOD_ENTRY|[1]|01pf4000009OyzM|CompensationController.CompensationController()
14:29:10.97 (102897123)|STATEMENT_EXECUTE|[1]
14:29:10.97 (102899855)|STATEMENT_EXECUTE|[1]
14:29:10.97 (103288020)|SYSTEM_MODE_ENTER|false
14:29:10.97 (103304420)|HEAP_ALLOCATE|[45]|Bytes:5
14:29:10.97 (103312130)|SYSTEM_MODE_EXIT|false
14:29:10.97 (103320182)|METHOD_EXIT|[1]|CompensationController
14:29:10.97 (103330356)|METHOD_ENTRY|[45]|01pf4000009OyzM|CompensationController.getCompensations(String)
14:29:10.97 (103348702)|VARIABLE_SCOPE_BEGIN|[3]|filter|String|false|false
14:29:10.97 (103362094)|VARIABLE_ASSIGNMENT|[3]|filter|"salary"
14:29:10.97 (103375943)|SYSTEM_MODE_ENTER|false
14:29:10.97 (103382493)|HEAP_ALLOCATE|[4]|Bytes:5
14:29:10.97 (103391442)|STATEMENT_EXECUTE|[3]
14:29:10.97 (103393298)|STATEMENT_EXECUTE|[4]
14:29:10.97 (103410579)|HEAP_ALLOCATE|[4]|Bytes:4
14:29:10.97 (103430095)|VARIABLE_SCOPE_BEGIN|[4]|compensations|List<Compensation__c>|true|false
14:29:10.97 (103439218)|HEAP_ALLOCATE|[EXTERNAL]|Bytes:4
14:29:10.97 (103447476)|VARIABLE_ASSIGNMENT|[4]|compensations|[]|0x6b10cc31
14:29:10.97 (103455008)|HEAP_ALLOCATE|[5]|Bytes:3
14:29:10.97 (103468987)|HEAP_ALLOCATE|[10]|Bytes:5
14:29:10.97 (103481470)|STATEMENT_EXECUTE|[10]
14:29:10.97 (103483381)|STATEMENT_EXECUTE|[11]
14:29:10.97 (103485710)|HEAP_ALLOCATE|[11]|Bytes:210
14:29:10.97 (103496770)|HEAP_ALLOCATE|[11]|Bytes:4
14:29:10.97 (103502785)|HEAP_ALLOCATE|[11]|Bytes:7
14:29:10.97 (103835650)|SOQL_EXECUTE_BEGIN|[11]|Aggregations:0|SELECT Employee__r.Id, Employee__r.Name, Employee__r.birthdate, job_category__c, RecordType.Name, amount__c, location__c, office__c, submitted__c, status__c FROM Compensation__c WHERE RecordType.Name = :tmpVar1
14:29:10.97 (105694180)|SOQL_EXECUTE_END|[11]|Rows:0
14:29:10.97 (105715582)|HEAP_ALLOCATE|[11]|Bytes:4
14:29:10.97 (105728050)|HEAP_ALLOCATE|[11]|Bytes:0
14:29:10.97 (105760143)|HEAP_ALLOCATE|[11]|Bytes:4
14:29:10.97 (105775810)|VARIABLE_ASSIGNMENT|[11]|compensations|[]|0x65b31258
14:29:10.97 (105782520)|STATEMENT_EXECUTE|[17]
14:29:10.97 (105787273)|SYSTEM_MODE_EXIT|false
14:29:10.97 (105800381)|METHOD_EXIT|[45]|01pf4000009OyzM|CompensationController.getCompensations(String)
14:29:10.97 (105807411)|VARIABLE_SCOPE_BEGIN|[45]|all_comp_using_ctrl|List<Compensation__c>|true|false
14:29:10.97 (105816913)|VARIABLE_ASSIGNMENT|[45]|all_comp_using_ctrl|[]|0x65b31258
14:29:10.97 (105822530)|STATEMENT_EXECUTE|[46]
14:29:10.97 (105832374)|METHOD_ENTRY|[46]||System.Test.stopTest()
14:29:10.97 (107283584)|METHOD_EXIT|[46]||System.Test.stopTest()
14:29:10.97 (107292447)|STATEMENT_EXECUTE|[49]
14:29:10.97 (107318191)|VARIABLE_SCOPE_BEGIN|[49]|ctrl_count|Integer|false|false
14:29:10.97 (107327235)|HEAP_ALLOCATE|[49]|Bytes:4
14:29:10.97 (107337361)|VARIABLE_ASSIGNMENT|[49]|ctrl_count|0
14:29:10.97 (107342743)|STATEMENT_EXECUTE|[50]
14:29:10.107 (107383203)|CUMULATIVE_LIMIT_USAGE
14:29:10.107 (107383203)|LIMIT_USAGE_FOR_NS|(default)|
  Number of SOQL queries: 1 out of 100
  Number of query rows: 0 out of 50000
  Number of SOSL queries: 0 out of 20
  Number of DML statements: 0 out of 150
  Number of DML rows: 0 out of 10000
  Maximum CPU time: 0 out of 10000
  Maximum heap size: 0 out of 6000000
  Number of callouts: 0 out of 100
  Number of Email Invocations: 0 out of 10
  Number of future calls: 0 out of 50
  Number of queueable jobs added to the queue: 0 out of 50
  Number of Mobile Apex push calls: 0 out of 10

14:29:10.107 (107383203)|TESTING_LIMITS
14:29:10.107 (107383203)|LIMIT_USAGE_FOR_NS|(default)|
  Number of SOQL queries: 1 out of 100
  Number of query rows: 0 out of 50000
  Number of SOSL queries: 0 out of 20
  Number of DML statements: 0 out of 150
  Number of DML rows: 0 out of 10000
  Maximum CPU time: 0 out of 10000
  Maximum heap size: 0 out of 6000000
  Number of callouts: 0 out of 100
  Number of Email Invocations: 0 out of 10
  Number of future calls: 0 out of 50
  Number of queueable jobs added to the queue: 0 out of 50
  Number of Mobile Apex push calls: 0 out of 10

14:29:10.107 (107383203)|CUMULATIVE_LIMIT_USAGE_END

14:29:10.97 (107425223)|CODE_UNIT_FINISHED|testCompensationController.getCompensationsTest3
14:29:10.97 (108501077)|EXECUTION_FINISHED
14:29:10.132 (132140082)|USER_INFO|[EXTERNAL]|005f4000001iPIc|lrodriguez-onboarding@altimetrik.com|Argentine Time|GMT-03:00
14:29:10.132 (132169596)|EXECUTION_STARTED
14:29:10.132 (132174281)|CODE_UNIT_STARTED|[EXTERNAL]|01pf400000ARf7J|testCompensationController.getCompensationsTest4
14:29:10.132 (132311600)|HEAP_ALLOCATE|[72]|Bytes:3
14:29:10.132 (132343232)|HEAP_ALLOCATE|[77]|Bytes:152
14:29:10.132 (132365632)|HEAP_ALLOCATE|[342]|Bytes:408
14:29:10.132 (132391013)|HEAP_ALLOCATE|[355]|Bytes:408
14:29:10.132 (132414661)|HEAP_ALLOCATE|[467]|Bytes:48
14:29:10.132 (132449546)|HEAP_ALLOCATE|[139]|Bytes:6
14:29:10.132 (132469363)|HEAP_ALLOCATE|[EXTERNAL]|Bytes:132
14:29:10.132 (132482211)|METHOD_ENTRY|[2]|01pf400000ARf7J|testCompensationController.testCompensationController()
14:29:10.132 (132489581)|STATEMENT_EXECUTE|[2]
14:29:10.132 (132493660)|STATEMENT_EXECUTE|[2]
14:29:10.132 (132498923)|METHOD_EXIT|[2]|testCompensationController
14:29:10.132 (132602340)|HEAP_ALLOCATE|[50]|Bytes:5
14:29:10.132 (132627259)|HEAP_ALLOCATE|[56]|Bytes:5
14:29:10.132 (132637763)|HEAP_ALLOCATE|[64]|Bytes:7
14:29:10.132 (132679841)|STATEMENT_EXECUTE|[53]
14:29:10.132 (132682865)|STATEMENT_EXECUTE|[55]
14:29:10.132 (132687248)|HEAP_ALLOCATE|[55]|Bytes:88
14:29:10.132 (132708181)|HEAP_ALLOCATE|[55]|Bytes:4
14:29:10.132 (133052201)|SOQL_EXECUTE_BEGIN|[55]|Aggregations:0|SELECT Id, Name, RecordType.Name FROM Compensation__c WHERE RecordType.Name = 'research'
14:29:10.132 (135673639)|SOQL_EXECUTE_END|[55]|Rows:0
14:29:10.132 (135697252)|HEAP_ALLOCATE|[55]|Bytes:4
14:29:10.132 (135710097)|HEAP_ALLOCATE|[55]|Bytes:0
14:29:10.132 (135757053)|HEAP_ALLOCATE|[55]|Bytes:4
14:29:10.132 (135768713)|VARIABLE_SCOPE_BEGIN|[55]|all_comp|List<Compensation__c>|true|false
14:29:10.132 (135798307)|VARIABLE_ASSIGNMENT|[55]|all_comp|[]|0xffc8f21
14:29:10.132 (135805250)|STATEMENT_EXECUTE|[58]
14:29:10.132 (135839348)|VARIABLE_SCOPE_BEGIN|[58]|soql_count|Integer|false|false
14:29:10.132 (135848004)|HEAP_ALLOCATE|[58]|Bytes:4
14:29:10.132 (135856560)|VARIABLE_ASSIGNMENT|[58]|soql_count|0
14:29:10.132 (135861061)|STATEMENT_EXECUTE|[61]
14:29:10.132 (135873723)|HEAP_ALLOCATE|[61]|Bytes:63
14:29:10.132 (135883293)|SYSTEM_METHOD_ENTRY|[1]|Test.Test()
14:29:10.132 (135887548)|STATEMENT_EXECUTE|[1]
14:29:10.132 (135894095)|SYSTEM_METHOD_EXIT|[1]|Test
14:29:10.132 (135903019)|METHOD_ENTRY|[61]||System.Test.startTest()
14:29:10.132 (137144512)|METHOD_EXIT|[61]||System.Test.startTest()
14:29:10.132 (137153301)|STATEMENT_EXECUTE|[62]
14:29:10.132 (137158525)|HEAP_ALLOCATE|[62]|Bytes:8
14:29:10.132 (137172446)|HEAP_ALLOCATE|[62]|Bytes:4
14:29:10.132 (137180718)|METHOD_ENTRY|[1]|01pf4000009OyzM|CompensationController.CompensationController()
14:29:10.132 (137185933)|STATEMENT_EXECUTE|[1]
14:29:10.132 (137188714)|STATEMENT_EXECUTE|[1]
14:29:10.132 (137567106)|SYSTEM_MODE_ENTER|false
14:29:10.132 (137581139)|HEAP_ALLOCATE|[62]|Bytes:5
14:29:10.132 (137588500)|SYSTEM_MODE_EXIT|false
14:29:10.132 (137597233)|METHOD_EXIT|[1]|CompensationController
14:29:10.132 (137607450)|METHOD_ENTRY|[62]|01pf4000009OyzM|CompensationController.getCompensations(String)
14:29:10.132 (137625530)|VARIABLE_SCOPE_BEGIN|[3]|filter|String|false|false
14:29:10.132 (137639198)|VARIABLE_ASSIGNMENT|[3]|filter|"research"
14:29:10.132 (137653432)|SYSTEM_MODE_ENTER|false
14:29:10.132 (137659091)|HEAP_ALLOCATE|[4]|Bytes:5
14:29:10.132 (137663727)|STATEMENT_EXECUTE|[3]
14:29:10.132 (137665583)|STATEMENT_EXECUTE|[4]
14:29:10.132 (137685514)|HEAP_ALLOCATE|[4]|Bytes:4
14:29:10.132 (137705551)|VARIABLE_SCOPE_BEGIN|[4]|compensations|List<Compensation__c>|true|false
14:29:10.132 (137715715)|HEAP_ALLOCATE|[EXTERNAL]|Bytes:4
14:29:10.132 (137724718)|VARIABLE_ASSIGNMENT|[4]|compensations|[]|0x2095f4df
14:29:10.132 (137732393)|HEAP_ALLOCATE|[5]|Bytes:3
14:29:10.132 (137753699)|HEAP_ALLOCATE|[10]|Bytes:5
14:29:10.132 (137761344)|HEAP_ALLOCATE|[10]|Bytes:6
14:29:10.132 (137772523)|STATEMENT_EXECUTE|[10]
14:29:10.132 (137774454)|STATEMENT_EXECUTE|[11]
14:29:10.132 (137776857)|HEAP_ALLOCATE|[11]|Bytes:210
14:29:10.132 (137789738)|HEAP_ALLOCATE|[11]|Bytes:4
14:29:10.132 (137796839)|HEAP_ALLOCATE|[11]|Bytes:7
14:29:10.132 (138253095)|SOQL_EXECUTE_BEGIN|[11]|Aggregations:0|SELECT Employee__r.Id, Employee__r.Name, Employee__r.birthdate, job_category__c, RecordType.Name, amount__c, location__c, office__c, submitted__c, status__c FROM Compensation__c WHERE RecordType.Name = :tmpVar1
14:29:10.132 (140162351)|SOQL_EXECUTE_END|[11]|Rows:0
14:29:10.132 (140184499)|HEAP_ALLOCATE|[11]|Bytes:4
14:29:10.132 (140197051)|HEAP_ALLOCATE|[11]|Bytes:0
14:29:10.132 (140226085)|HEAP_ALLOCATE|[11]|Bytes:4
14:29:10.132 (140242949)|VARIABLE_ASSIGNMENT|[11]|compensations|[]|0x2ffe57da
14:29:10.132 (140249517)|STATEMENT_EXECUTE|[17]
14:29:10.132 (140254436)|SYSTEM_MODE_EXIT|false
14:29:10.132 (140264070)|METHOD_EXIT|[62]|01pf4000009OyzM|CompensationController.getCompensations(String)
14:29:10.132 (140270854)|VARIABLE_SCOPE_BEGIN|[62]|all_comp_using_ctrl|List<Compensation__c>|true|false
14:29:10.132 (140280519)|VARIABLE_ASSIGNMENT|[62]|all_comp_using_ctrl|[]|0x2ffe57da
14:29:10.132 (140285642)|STATEMENT_EXECUTE|[63]
14:29:10.132 (140295714)|METHOD_ENTRY|[63]||System.Test.stopTest()
14:29:10.132 (141601455)|METHOD_EXIT|[63]||System.Test.stopTest()
14:29:10.132 (141610268)|STATEMENT_EXECUTE|[66]
14:29:10.132 (141640337)|VARIABLE_SCOPE_BEGIN|[66]|ctrl_count|Integer|false|false
14:29:10.132 (141648772)|HEAP_ALLOCATE|[66]|Bytes:4
14:29:10.132 (141658235)|VARIABLE_ASSIGNMENT|[66]|ctrl_count|0
14:29:10.132 (141662690)|STATEMENT_EXECUTE|[67]
14:29:10.141 (141706104)|CUMULATIVE_LIMIT_USAGE
14:29:10.141 (141706104)|LIMIT_USAGE_FOR_NS|(default)|
  Number of SOQL queries: 1 out of 100
  Number of query rows: 0 out of 50000
  Number of SOSL queries: 0 out of 20
  Number of DML statements: 0 out of 150
  Number of DML rows: 0 out of 10000
  Maximum CPU time: 0 out of 10000
  Maximum heap size: 0 out of 6000000
  Number of callouts: 0 out of 100
  Number of Email Invocations: 0 out of 10
  Number of future calls: 0 out of 50
  Number of queueable jobs added to the queue: 0 out of 50
  Number of Mobile Apex push calls: 0 out of 10

14:29:10.141 (141706104)|TESTING_LIMITS
14:29:10.141 (141706104)|LIMIT_USAGE_FOR_NS|(default)|
  Number of SOQL queries: 1 out of 100
  Number of query rows: 0 out of 50000
  Number of SOSL queries: 0 out of 20
  Number of DML statements: 0 out of 150
  Number of DML rows: 0 out of 10000
  Maximum CPU time: 0 out of 10000
  Maximum heap size: 0 out of 6000000
  Number of callouts: 0 out of 100
  Number of Email Invocations: 0 out of 10
  Number of future calls: 0 out of 50
  Number of queueable jobs added to the queue: 0 out of 50
  Number of Mobile Apex push calls: 0 out of 10

14:29:10.141 (141706104)|CUMULATIVE_LIMIT_USAGE_END

14:29:10.132 (141756768)|CODE_UNIT_FINISHED|testCompensationController.getCompensationsTest4
14:29:10.132 (142820579)|EXECUTION_FINISHED
14:29:10.166 (166495000)|USER_INFO|[EXTERNAL]|005f4000001iPIc|lrodriguez-onboarding@altimetrik.com|Argentine Time|GMT-03:00
14:29:10.166 (166514158)|EXECUTION_STARTED
14:29:10.166 (166518171)|CODE_UNIT_STARTED|[EXTERNAL]|01pf400000ARf7J|testCompensationController.getCompensationsTest5
14:29:10.166 (166623919)|HEAP_ALLOCATE|[72]|Bytes:3
14:29:10.166 (166647879)|HEAP_ALLOCATE|[77]|Bytes:152
14:29:10.166 (166661523)|HEAP_ALLOCATE|[342]|Bytes:408
14:29:10.166 (166676184)|HEAP_ALLOCATE|[355]|Bytes:408
14:29:10.166 (166688895)|HEAP_ALLOCATE|[467]|Bytes:48
14:29:10.166 (166711404)|HEAP_ALLOCATE|[139]|Bytes:6
14:29:10.166 (166724060)|HEAP_ALLOCATE|[EXTERNAL]|Bytes:132
14:29:10.166 (166733840)|METHOD_ENTRY|[2]|01pf400000ARf7J|testCompensationController.testCompensationController()
14:29:10.166 (166744467)|STATEMENT_EXECUTE|[2]
14:29:10.166 (166748215)|STATEMENT_EXECUTE|[2]
14:29:10.166 (166752111)|METHOD_EXIT|[2]|testCompensationController
14:29:10.166 (166872733)|HEAP_ALLOCATE|[50]|Bytes:5
14:29:10.166 (166892370)|HEAP_ALLOCATE|[56]|Bytes:5
14:29:10.166 (166900316)|HEAP_ALLOCATE|[64]|Bytes:7
14:29:10.166 (166926757)|STATEMENT_EXECUTE|[70]
14:29:10.166 (166928897)|STATEMENT_EXECUTE|[72]
14:29:10.166 (166931932)|HEAP_ALLOCATE|[72]|Bytes:60
14:29:10.166 (166946855)|HEAP_ALLOCATE|[72]|Bytes:4
14:29:10.166 (167185036)|SOQL_EXECUTE_BEGIN|[72]|Aggregations:0|SELECT Id, Name, Employee__r.Id FROM Compensation__c LIMIT 1
14:29:10.166 (170066859)|SOQL_EXECUTE_END|[72]|Rows:0
14:29:10.166 (170090331)|HEAP_ALLOCATE|[72]|Bytes:4
14:29:10.166 (170102800)|HEAP_ALLOCATE|[72]|Bytes:0
14:29:10.166 (170142646)|HEAP_ALLOCATE|[72]|Bytes:4
14:29:10.166 (170154321)|VARIABLE_SCOPE_BEGIN|[72]|comps|List<Compensation__c>|true|false
14:29:10.166 (170176550)|VARIABLE_ASSIGNMENT|[72]|comps|[]|0xd24e748
14:29:10.166 (170183390)|STATEMENT_EXECUTE|[76]
14:29:10.166 (170223972)|HEAP_ALLOCATE|[76]|Bytes:31
14:29:10.166 (170266151)|FATAL_ERROR|System.ListException: List index out of bounds: 0

Class.testCompensationController.getCompensationsTest5: line 76, column 1
14:29:10.166 (170276272)|FATAL_ERROR|System.ListException: List index out of bounds: 0

Class.testCompensationController.getCompensationsTest5: line 76, column 1
14:29:10.170 (170280275)|CUMULATIVE_LIMIT_USAGE
14:29:10.170 (170280275)|LIMIT_USAGE_FOR_NS|(default)|
  Number of SOQL queries: 1 out of 100
  Number of query rows: 0 out of 50000
  Number of SOSL queries: 0 out of 20
  Number of DML statements: 0 out of 150
  Number of DML rows: 0 out of 10000
  Maximum CPU time: 0 out of 10000
  Maximum heap size: 0 out of 6000000
  Number of callouts: 0 out of 100
  Number of Email Invocations: 0 out of 10
  Number of future calls: 0 out of 50
  Number of queueable jobs added to the queue: 0 out of 50
  Number of Mobile Apex push calls: 0 out of 10

14:29:10.170 (170280275)|CUMULATIVE_LIMIT_USAGE_END

14:29:10.166 (170305181)|CODE_UNIT_FINISHED|testCompensationController.getCompensationsTest5
14:29:10.166 (171084043)|EXECUTION_FINISHED
14:29:10.184 (184305180)|USER_INFO|[EXTERNAL]|005f4000001iPIc|lrodriguez-onboarding@altimetrik.com|Argentine Time|GMT-03:00
14:29:10.184 (184337268)|EXECUTION_STARTED
14:29:10.184 (184343700)|CODE_UNIT_STARTED|[EXTERNAL]|01pf400000ARf7J|testCompensationController.getCompensationsTest6
14:29:10.184 (184527778)|HEAP_ALLOCATE|[72]|Bytes:3
14:29:10.184 (184569858)|HEAP_ALLOCATE|[77]|Bytes:152
14:29:10.184 (184592637)|HEAP_ALLOCATE|[342]|Bytes:408
14:29:10.184 (184616910)|HEAP_ALLOCATE|[355]|Bytes:408
14:29:10.184 (184640307)|HEAP_ALLOCATE|[467]|Bytes:48
14:29:10.184 (184676554)|HEAP_ALLOCATE|[139]|Bytes:6
14:29:10.184 (184696377)|HEAP_ALLOCATE|[EXTERNAL]|Bytes:132
14:29:10.184 (184710683)|METHOD_ENTRY|[2]|01pf400000ARf7J|testCompensationController.testCompensationController()
14:29:10.184 (184719409)|STATEMENT_EXECUTE|[2]
14:29:10.184 (184727489)|STATEMENT_EXECUTE|[2]
14:29:10.184 (184733367)|METHOD_EXIT|[2]|testCompensationController
14:29:10.184 (184889733)|HEAP_ALLOCATE|[50]|Bytes:5
14:29:10.184 (184917590)|HEAP_ALLOCATE|[56]|Bytes:5
14:29:10.184 (184928331)|HEAP_ALLOCATE|[64]|Bytes:7
14:29:10.184 (184969589)|STATEMENT_EXECUTE|[93]
14:29:10.184 (184972557)|STATEMENT_EXECUTE|[95]
14:29:10.184 (185026461)|HEAP_ALLOCATE|[95]|Bytes:4
14:29:10.184 (185125863)|HEAP_ALLOCATE|[95]|Bytes:9
14:29:10.184 (185188848)|VARIABLE_ASSIGNMENT|[95]|this.LastName|"vatikutti"|0x22aeb77f
14:29:10.184 (185228967)|VARIABLE_SCOPE_BEGIN|[95]|con|Contact|true|false
14:29:10.184 (185254825)|VARIABLE_ASSIGNMENT|[95]|con|{"LastName":"vatikutti"}|0x22aeb77f
14:29:10.184 (185262745)|STATEMENT_EXECUTE|[96]
14:29:10.184 (185292525)|HEAP_ALLOCATE|[96]|Bytes:8
14:29:10.184 (185305921)|DML_BEGIN|[96]|Op:Insert|Type:Contact|Rows:1
14:29:10.184 (185342822)|HEAP_ALLOCATE|[EXTERNAL]|Bytes:8
14:29:10.184 (203827623)|CODE_UNIT_STARTED|[EXTERNAL]|DuplicateDetector
14:29:10.184 (203853295)|DUPLICATE_DETECTION_BEGIN
14:29:10.184 (204679001)|DUPLICATE_DETECTION_RULE_INVOCATION|DuplicateRuleId:0Bmf40000038BIj|DuplicateRuleName:Standard Contact Duplicate Rule|DmlType:INSERT
14:29:10.184 (245027880)|DUPLICATE_DETECTION_MATCH_INVOCATION_DETAILS|EntityType:Contact|ActionTaken:Allow_[Alert,Report]|DuplicateRecordIds:
14:29:10.184 (245059329)|DUPLICATE_DETECTION_MATCH_INVOCATION_SUMMARY|EntityType:Contact|NumRecordsToBeSaved:1|NumRecordsToBeSavedWithDuplicates:0|NumDuplicateRecordsFound:0
14:29:10.184 (245074725)|DUPLICATE_DETECTION_MATCH_INVOCATION_DETAILS|EntityType:Contact|ActionTaken:Allow_[Alert,Report]|DuplicateRecordIds:
14:29:10.184 (245084278)|DUPLICATE_DETECTION_MATCH_INVOCATION_SUMMARY|EntityType:Contact|NumRecordsToBeSaved:1|NumRecordsToBeSavedWithDuplicates:0|NumDuplicateRecordsFound:0
14:29:10.184 (245289582)|DUPLICATE_DETECTION_END
14:29:10.184 (245300124)|CODE_UNIT_FINISHED|DuplicateDetector
14:29:10.184 (287368887)|DML_END|[96]
14:29:10.184 (287405618)|STATEMENT_EXECUTE|[99]
14:29:10.184 (287445616)|HEAP_ALLOCATE|[99]|Bytes:63
14:29:10.184 (287474343)|SYSTEM_METHOD_ENTRY|[1]|Test.Test()
14:29:10.184 (287481023)|STATEMENT_EXECUTE|[1]
14:29:10.184 (287495308)|SYSTEM_METHOD_EXIT|[1]|Test
14:29:10.184 (287514355)|METHOD_ENTRY|[99]||System.Test.startTest()
14:29:10.184 (288827030)|METHOD_EXIT|[99]||System.Test.startTest()
14:29:10.184 (288839400)|STATEMENT_EXECUTE|[100]
14:29:10.184 (288888639)|HEAP_ALLOCATE|[100]|Bytes:18
14:29:10.184 (288908485)|HEAP_ALLOCATE|[100]|Bytes:4
14:29:10.184 (288920533)|METHOD_ENTRY|[1]|01pf4000009OyzM|CompensationController.CompensationController()
14:29:10.184 (288927718)|STATEMENT_EXECUTE|[1]
14:29:10.184 (288931645)|STATEMENT_EXECUTE|[1]
14:29:10.184 (289321897)|SYSTEM_MODE_ENTER|false
14:29:10.184 (289343840)|HEAP_ALLOCATE|[100]|Bytes:5
14:29:10.184 (289355026)|SYSTEM_MODE_EXIT|false
14:29:10.184 (289367506)|METHOD_EXIT|[1]|CompensationController
14:29:10.184 (289387411)|METHOD_ENTRY|[100]|01pf4000009OyzM|CompensationController.getCompensationsOfUser(String)
14:29:10.184 (289432159)|VARIABLE_SCOPE_BEGIN|[21]|recordId|String|false|false
14:29:10.184 (289457722)|VARIABLE_ASSIGNMENT|[21]|recordId|"003f400000KXys6AAD"
14:29:10.184 (289478875)|SYSTEM_MODE_ENTER|false
14:29:10.184 (289487960)|HEAP_ALLOCATE|[22]|Bytes:5
14:29:10.184 (289494804)|STATEMENT_EXECUTE|[21]
14:29:10.184 (289497557)|STATEMENT_EXECUTE|[22]
14:29:10.184 (289530495)|HEAP_ALLOCATE|[22]|Bytes:4
14:29:10.184 (289574299)|VARIABLE_SCOPE_BEGIN|[22]|compensations|List<Compensation__c>|true|false
14:29:10.184 (289591233)|HEAP_ALLOCATE|[EXTERNAL]|Bytes:4
14:29:10.184 (289608733)|VARIABLE_ASSIGNMENT|[22]|compensations|[]|0x24483d6b
14:29:10.184 (289617587)|STATEMENT_EXECUTE|[23]
14:29:10.184 (289623858)|HEAP_ALLOCATE|[23]|Bytes:48
14:29:10.184 (289649032)|HEAP_ALLOCATE|[23]|Bytes:4
14:29:10.184 (289664367)|HEAP_ALLOCATE|[23]|Bytes:7
14:29:10.184 (289951381)|SOQL_EXECUTE_BEGIN|[23]|Aggregations:0|SELECT Id, Name FROM Contact WHERE Id = :tmpVar1
14:29:10.184 (296940947)|SOQL_EXECUTE_END|[23]|Rows:1
14:29:10.184 (296973264)|HEAP_ALLOCATE|[23]|Bytes:8
14:29:10.184 (296991103)|HEAP_ALLOCATE|[23]|Bytes:46
14:29:10.184 (297059161)|HEAP_ALLOCATE|[23]|Bytes:8
14:29:10.184 (297075170)|VARIABLE_SCOPE_BEGIN|[23]|cts|List<Contact>|true|false
14:29:10.184 (297104673)|VARIABLE_ASSIGNMENT|[23]|cts|[{"Id":"003f400000KXys6AAD","Name":"vatikutti"}]|0x7534b108
14:29:10.184 (297181261)|STATEMENT_EXECUTE|[26]
14:29:10.184 (297183981)|STATEMENT_EXECUTE|[27]
14:29:10.184 (297189592)|HEAP_ALLOCATE|[27]|Bytes:209
14:29:10.184 (297206174)|HEAP_ALLOCATE|[27]|Bytes:4
14:29:10.184 (297616411)|SOQL_EXECUTE_BEGIN|[27]|Aggregations:0|SELECT Employee__r.Id, Employee__r.Name, Employee__r.birthdate, job_category__c, RecordType.Name, amount__c, location__c, office__c, submitted__c, status__c FROM Compensation__c WHERE Employee__r.Id = :tmpVar1
14:29:10.184 (300920487)|SOQL_EXECUTE_END|[27]|Rows:0
14:29:10.184 (300942946)|HEAP_ALLOCATE|[27]|Bytes:4
14:29:10.184 (300956515)|HEAP_ALLOCATE|[27]|Bytes:0
14:29:10.184 (300986185)|HEAP_ALLOCATE|[27]|Bytes:4
14:29:10.184 (301003401)|VARIABLE_ASSIGNMENT|[27]|compensations|[]|0x5a1fce45
14:29:10.184 (301010773)|STATEMENT_EXECUTE|[33]
14:29:10.184 (301016855)|SYSTEM_MODE_EXIT|false
14:29:10.184 (301029446)|METHOD_EXIT|[100]|01pf4000009OyzM|CompensationController.getCompensationsOfUser(String)
14:29:10.184 (301037315)|VARIABLE_SCOPE_BEGIN|[100]|comps|List<Compensation__c>|true|false
14:29:10.184 (301047090)|VARIABLE_ASSIGNMENT|[100]|comps|[]|0x5a1fce45
14:29:10.184 (301052424)|STATEMENT_EXECUTE|[101]
14:29:10.184 (301067990)|METHOD_ENTRY|[101]||System.Test.stopTest()
14:29:10.184 (302249846)|METHOD_EXIT|[101]||System.Test.stopTest()
14:29:10.184 (302258954)|STATEMENT_EXECUTE|[104]
14:29:10.302 (302316849)|CUMULATIVE_LIMIT_USAGE
14:29:10.302 (302316849)|LIMIT_USAGE_FOR_NS|(default)|
  Number of SOQL queries: 0 out of 100
  Number of query rows: 0 out of 50000
  Number of SOSL queries: 0 out of 20
  Number of DML statements: 1 out of 150
  Number of DML rows: 1 out of 10000
  Maximum CPU time: 0 out of 10000
  Maximum heap size: 0 out of 6000000
  Number of callouts: 0 out of 100
  Number of Email Invocations: 0 out of 10
  Number of future calls: 0 out of 50
  Number of queueable jobs added to the queue: 0 out of 50
  Number of Mobile Apex push calls: 0 out of 10

14:29:10.302 (302316849)|TESTING_LIMITS
14:29:10.302 (302316849)|LIMIT_USAGE_FOR_NS|(default)|
  Number of SOQL queries: 2 out of 100
  Number of query rows: 1 out of 50000
  Number of SOSL queries: 0 out of 20
  Number of DML statements: 0 out of 150
  Number of DML rows: 0 out of 10000
  Maximum CPU time: 0 out of 10000
  Maximum heap size: 0 out of 6000000
  Number of callouts: 0 out of 100
  Number of Email Invocations: 0 out of 10
  Number of future calls: 0 out of 50
  Number of queueable jobs added to the queue: 0 out of 50
  Number of Mobile Apex push calls: 0 out of 10

14:29:10.302 (302316849)|CUMULATIVE_LIMIT_USAGE_END

14:29:10.184 (302365435)|CODE_UNIT_FINISHED|testCompensationController.getCompensationsTest6
14:29:10.184 (303602745)|EXECUTION_FINISHED
14:29:10.413 (413513991)|USER_INFO|[EXTERNAL]|005f4000001iPIc|lrodriguez-onboarding@altimetrik.com|Argentine Time|GMT-03:00
14:29:10.413 (413538108)|EXECUTION_STARTED
14:29:10.413 (413542810)|CODE_UNIT_STARTED|[EXTERNAL]|DuplicateDetector
14:29:10.413 (413553418)|DUPLICATE_DETECTION_BEGIN
14:29:10.413 (413616359)|DUPLICATE_DETECTION_RULE_INVOCATION|DuplicateRuleId:0Bmf40000038BIj|DuplicateRuleName:Standard Contact Duplicate Rule|DmlType:INSERT
14:29:10.413 (423635597)|DUPLICATE_DETECTION_END
14:29:10.413 (423653611)|CODE_UNIT_FINISHED|DuplicateDetector
14:29:10.413 (424513408)|EXECUTION_FINISHED
