42.0 APEX_CODE,FINEST;APEX_PROFILING,INFO;CALLOUT,INFO;DB,INFO;SYSTEM,DEBUG;VALIDATION,INFO;VISUALFORCE,INFO;WAVE,INFO;WORKFLOW,INFO
14:30:53.0 (350242)|USER_INFO|[EXTERNAL]|005f4000001iPIc|lrodriguez-onboarding@altimetrik.com|Hora de Argentina|GMT-03:00
14:30:53.0 (385518)|EXECUTION_STARTED
14:30:53.0 (390333)|CODE_UNIT_STARTED|[EXTERNAL]|Aura
14:30:53.0 (1395986)|HEAP_ALLOCATE|[72]|Bytes:3
14:30:53.0 (1443524)|HEAP_ALLOCATE|[77]|Bytes:152
14:30:53.0 (1458228)|HEAP_ALLOCATE|[342]|Bytes:408
14:30:53.0 (1471482)|HEAP_ALLOCATE|[355]|Bytes:408
14:30:53.0 (1482151)|HEAP_ALLOCATE|[467]|Bytes:48
14:30:53.0 (1502267)|HEAP_ALLOCATE|[139]|Bytes:6
14:30:53.0 (1519207)|HEAP_ALLOCATE|[EXTERNAL]|Bytes:3
14:30:53.0 (1544636)|HEAP_ALLOCATE|[EXTERNAL]|Bytes:3
14:30:53.0 (2356066)|CODE_UNIT_STARTED|[EXTERNAL]|01pf4000009OyzM|CompensationController.getCompensations
14:30:53.0 (2564872)|HEAP_ALLOCATE|[EXTERNAL]|Bytes:1
14:30:53.0 (2598259)|METHOD_ENTRY|[1]|01pf4000009OyzM|CompensationController.CompensationController()
14:30:53.0 (2605372)|STATEMENT_EXECUTE|[1]
14:30:53.0 (2611222)|STATEMENT_EXECUTE|[1]
14:30:53.0 (2645225)|HEAP_ALLOCATE|[50]|Bytes:5
14:30:53.0 (2673246)|HEAP_ALLOCATE|[56]|Bytes:5
14:30:53.0 (2686813)|HEAP_ALLOCATE|[64]|Bytes:7
14:30:53.0 (2716165)|SYSTEM_MODE_ENTER|false
14:30:53.0 (2732105)|HEAP_ALLOCATE|[EXTERNAL]|Bytes:5
14:30:53.0 (2742215)|SYSTEM_MODE_EXIT|false
14:30:53.0 (2773296)|METHOD_EXIT|[1]|CompensationController
14:30:53.0 (2790694)|HEAP_ALLOCATE|[EXTERNAL]|Bytes:3
14:30:53.0 (2806623)|SYSTEM_MODE_ENTER|false
14:30:53.0 (2820766)|VARIABLE_SCOPE_BEGIN|[3]|filter|String|false|false
14:30:53.0 (2851992)|VARIABLE_ASSIGNMENT|[3]|filter|"all"
14:30:53.0 (2875870)|HEAP_ALLOCATE|[4]|Bytes:5
14:30:53.0 (2883068)|STATEMENT_EXECUTE|[3]
14:30:53.0 (2886343)|STATEMENT_EXECUTE|[4]
14:30:53.0 (2920478)|HEAP_ALLOCATE|[4]|Bytes:4
14:30:53.0 (2994144)|VARIABLE_SCOPE_BEGIN|[4]|compensations|List<Compensation__c>|true|false
14:30:53.0 (3011987)|HEAP_ALLOCATE|[EXTERNAL]|Bytes:4
14:30:53.0 (3029653)|VARIABLE_ASSIGNMENT|[4]|compensations|[]|0x6c04357b
14:30:53.0 (3042161)|HEAP_ALLOCATE|[5]|Bytes:3
14:30:53.0 (3072108)|STATEMENT_EXECUTE|[5]
14:30:53.0 (3075047)|STATEMENT_EXECUTE|[6]
14:30:53.0 (3079370)|HEAP_ALLOCATE|[6]|Bytes:161
14:30:53.0 (3099212)|HEAP_ALLOCATE|[6]|Bytes:4
14:30:53.0 (4615966)|SOQL_EXECUTE_BEGIN|[6]|Aggregations:0|SELECT Employee__r.Name, Employee__r.birthdate, job_category__c, RecordType.Name, amount__c, location__c, office__c, submitted__c, status__c FROM Compensation__c
14:30:53.0 (15330213)|SOQL_EXECUTE_END|[6]|Rows:232
14:30:53.0 (15367926)|HEAP_ALLOCATE|[6]|Bytes:932
14:30:53.0 (16020165)|HEAP_ALLOCATE|[6]|Bytes:62649
14:30:53.0 (16069909)|HEAP_ALLOCATE|[6]|Bytes:932
14:30:53.0 (16103699)|VARIABLE_ASSIGNMENT|[6]|compensations|"List of size 232 too large to display"|0x4d9c1bd1
14:30:53.0 (16113360)|STATEMENT_EXECUTE|[17]
14:30:53.0 (16125330)|SYSTEM_MODE_EXIT|false
14:30:53.16 (16147692)|CUMULATIVE_LIMIT_USAGE
14:30:53.16 (16147692)|LIMIT_USAGE_FOR_NS|(default)|
  Number of SOQL queries: 1 out of 100
  Number of query rows: 232 out of 50000
  Number of SOSL queries: 0 out of 20
  Number of DML statements: 0 out of 150
  Number of DML rows: 0 out of 10000
  Maximum CPU time: 0 out of 10000
  Maximum heap size: 0 out of 6000000
  Number of callouts: 0 out of 100
  Number of Email Invocations: 0 out of 10
  Number of future calls: 0 out of 50
  Number of queueable jobs added to the queue: 0 out of 50
  Number of Mobile Apex push calls: 0 out of 10

14:30:53.16 (16147692)|CUMULATIVE_LIMIT_USAGE_END

14:30:53.0 (16179638)|CODE_UNIT_FINISHED|CompensationController.getCompensations
14:30:53.0 (19671602)|CODE_UNIT_FINISHED|Aura
14:30:53.0 (20869647)|EXECUTION_FINISHED
