42.0 APEX_CODE,FINEST;APEX_PROFILING,INFO;CALLOUT,INFO;DB,INFO;SYSTEM,DEBUG;VALIDATION,INFO;VISUALFORCE,INFO;WAVE,INFO;WORKFLOW,INFO
15:15:22.0 (65608)|USER_INFO|[EXTERNAL]|005f4000001iPIc|lrodriguez-onboarding@altimetrik.com|Hora de Argentina|GMT-03:00
15:15:22.0 (106704)|EXECUTION_STARTED
15:15:22.0 (110547)|CODE_UNIT_STARTED|[EXTERNAL]|Aura
15:15:22.0 (938077)|HEAP_ALLOCATE|[72]|Bytes:3
15:15:22.0 (970565)|HEAP_ALLOCATE|[77]|Bytes:152
15:15:22.0 (984455)|HEAP_ALLOCATE|[342]|Bytes:408
15:15:22.0 (997838)|HEAP_ALLOCATE|[355]|Bytes:408
15:15:22.0 (1008324)|HEAP_ALLOCATE|[467]|Bytes:48
15:15:22.0 (1032337)|HEAP_ALLOCATE|[139]|Bytes:6
15:15:22.0 (1058784)|HEAP_ALLOCATE|[EXTERNAL]|Bytes:3
15:15:22.0 (1071148)|HEAP_ALLOCATE|[EXTERNAL]|Bytes:3
15:15:22.0 (1881191)|CODE_UNIT_STARTED|[EXTERNAL]|01pf4000009OyzM|CompensationController.getCompensations
15:15:22.0 (1970924)|HEAP_ALLOCATE|[EXTERNAL]|Bytes:1
15:15:22.0 (1982934)|METHOD_ENTRY|[1]|01pf4000009OyzM|CompensationController.CompensationController()
15:15:22.0 (2011638)|STATEMENT_EXECUTE|[1]
15:15:22.0 (2020651)|STATEMENT_EXECUTE|[1]
15:15:22.0 (2059696)|HEAP_ALLOCATE|[50]|Bytes:5
15:15:22.0 (2080831)|HEAP_ALLOCATE|[56]|Bytes:5
15:15:22.0 (2089715)|HEAP_ALLOCATE|[64]|Bytes:7
15:15:22.0 (2113573)|SYSTEM_MODE_ENTER|false
15:15:22.0 (2124028)|HEAP_ALLOCATE|[EXTERNAL]|Bytes:5
15:15:22.0 (2130988)|SYSTEM_MODE_EXIT|false
15:15:22.0 (2139878)|METHOD_EXIT|[1]|CompensationController
15:15:22.0 (2144853)|HEAP_ALLOCATE|[EXTERNAL]|Bytes:3
15:15:22.0 (2153940)|SYSTEM_MODE_ENTER|false
15:15:22.0 (2162059)|VARIABLE_SCOPE_BEGIN|[3]|filter|String|false|false
15:15:22.0 (2200934)|VARIABLE_ASSIGNMENT|[3]|filter|"all"
15:15:22.0 (2217633)|HEAP_ALLOCATE|[4]|Bytes:5
15:15:22.0 (2223547)|STATEMENT_EXECUTE|[3]
15:15:22.0 (2225508)|STATEMENT_EXECUTE|[4]
15:15:22.0 (2320989)|HEAP_ALLOCATE|[4]|Bytes:4
15:15:22.0 (2375380)|VARIABLE_SCOPE_BEGIN|[4]|compensations|List<Compensation__c>|true|false
15:15:22.0 (2386453)|HEAP_ALLOCATE|[EXTERNAL]|Bytes:4
15:15:22.0 (2400956)|VARIABLE_ASSIGNMENT|[4]|compensations|[]|0x69f6ca2e
15:15:22.0 (2408651)|HEAP_ALLOCATE|[5]|Bytes:3
15:15:22.0 (2429876)|STATEMENT_EXECUTE|[5]
15:15:22.0 (2431845)|STATEMENT_EXECUTE|[6]
15:15:22.0 (2434549)|HEAP_ALLOCATE|[6]|Bytes:161
15:15:22.0 (2451367)|HEAP_ALLOCATE|[6]|Bytes:4
15:15:22.0 (3144178)|SOQL_EXECUTE_BEGIN|[6]|Aggregations:0|SELECT Employee__r.Name, Employee__r.birthdate, job_category__c, RecordType.Name, amount__c, location__c, office__c, submitted__c, status__c FROM Compensation__c
15:15:22.0 (18329581)|SOQL_EXECUTE_END|[6]|Rows:232
15:15:22.0 (18362712)|HEAP_ALLOCATE|[6]|Bytes:932
15:15:22.0 (19015242)|HEAP_ALLOCATE|[6]|Bytes:62649
15:15:22.0 (19059993)|HEAP_ALLOCATE|[6]|Bytes:932
15:15:22.0 (19102706)|VARIABLE_ASSIGNMENT|[6]|compensations|"List of size 232 too large to display"|0x3f3fd0c6
15:15:22.0 (19112929)|STATEMENT_EXECUTE|[17]
15:15:22.0 (19124302)|SYSTEM_MODE_EXIT|false
15:15:22.19 (19156574)|CUMULATIVE_LIMIT_USAGE
15:15:22.19 (19156574)|LIMIT_USAGE_FOR_NS|(default)|
  Number of SOQL queries: 1 out of 100
  Number of query rows: 232 out of 50000
  Number of SOSL queries: 0 out of 20
  Number of DML statements: 0 out of 150
  Number of DML rows: 0 out of 10000
  Maximum CPU time: 0 out of 10000
  Maximum heap size: 0 out of 6000000
  Number of callouts: 0 out of 100
  Number of Email Invocations: 0 out of 10
  Number of future calls: 0 out of 50
  Number of queueable jobs added to the queue: 0 out of 50
  Number of Mobile Apex push calls: 0 out of 10

15:15:22.19 (19156574)|CUMULATIVE_LIMIT_USAGE_END

15:15:22.0 (19192284)|CODE_UNIT_FINISHED|CompensationController.getCompensations
15:15:22.0 (22550047)|CODE_UNIT_FINISHED|Aura
15:15:22.0 (24020335)|EXECUTION_FINISHED
