42.0 APEX_CODE,FINEST;APEX_PROFILING,INFO;CALLOUT,INFO;DB,INFO;SYSTEM,DEBUG;VALIDATION,INFO;VISUALFORCE,INFO;WAVE,INFO;WORKFLOW,INFO
15:13:28.0 (326142)|USER_INFO|[EXTERNAL]|005f4000001iPIc|lrodriguez-onboarding@altimetrik.com|Hora de Argentina|GMT-03:00
15:13:28.0 (360518)|EXECUTION_STARTED
15:13:28.0 (366109)|CODE_UNIT_STARTED|[EXTERNAL]|Aura
15:13:28.0 (1569792)|HEAP_ALLOCATE|[72]|Bytes:3
15:13:28.0 (1623762)|HEAP_ALLOCATE|[77]|Bytes:152
15:13:28.0 (1639589)|HEAP_ALLOCATE|[342]|Bytes:408
15:13:28.0 (1657553)|HEAP_ALLOCATE|[355]|Bytes:408
15:13:28.0 (1668761)|HEAP_ALLOCATE|[467]|Bytes:48
15:13:28.0 (1717599)|HEAP_ALLOCATE|[139]|Bytes:6
15:13:28.0 (1738002)|HEAP_ALLOCATE|[EXTERNAL]|Bytes:3
15:13:28.0 (1769209)|HEAP_ALLOCATE|[EXTERNAL]|Bytes:3
15:13:28.0 (2581784)|CODE_UNIT_STARTED|[EXTERNAL]|01pf4000009OyzM|CompensationController.getCompensations
15:13:28.0 (2681218)|HEAP_ALLOCATE|[EXTERNAL]|Bytes:1
15:13:28.0 (2712663)|METHOD_ENTRY|[1]|01pf4000009OyzM|CompensationController.CompensationController()
15:13:28.0 (2719518)|STATEMENT_EXECUTE|[1]
15:13:28.0 (2726263)|STATEMENT_EXECUTE|[1]
15:13:28.0 (2764420)|HEAP_ALLOCATE|[50]|Bytes:5
15:13:28.0 (2792761)|HEAP_ALLOCATE|[56]|Bytes:5
15:13:28.0 (2803721)|HEAP_ALLOCATE|[64]|Bytes:7
15:13:28.0 (2833712)|SYSTEM_MODE_ENTER|false
15:13:28.0 (2848306)|HEAP_ALLOCATE|[EXTERNAL]|Bytes:5
15:13:28.0 (2880463)|SYSTEM_MODE_EXIT|false
15:13:28.0 (2906708)|METHOD_EXIT|[1]|CompensationController
15:13:28.0 (2914763)|HEAP_ALLOCATE|[EXTERNAL]|Bytes:3
15:13:28.0 (2940161)|SYSTEM_MODE_ENTER|false
15:13:28.0 (2948795)|VARIABLE_SCOPE_BEGIN|[3]|filter|String|false|false
15:13:28.0 (2976017)|VARIABLE_ASSIGNMENT|[3]|filter|"all"
15:13:28.0 (2993353)|HEAP_ALLOCATE|[4]|Bytes:5
15:13:28.0 (2999366)|STATEMENT_EXECUTE|[3]
15:13:28.0 (3001229)|STATEMENT_EXECUTE|[4]
15:13:28.0 (3122779)|HEAP_ALLOCATE|[4]|Bytes:4
15:13:28.0 (3261705)|VARIABLE_SCOPE_BEGIN|[4]|compensations|List<Compensation__c>|true|false
15:13:28.0 (3275968)|HEAP_ALLOCATE|[EXTERNAL]|Bytes:4
15:13:28.0 (3289112)|VARIABLE_ASSIGNMENT|[4]|compensations|[]|0x5a399885
15:13:28.0 (3298224)|HEAP_ALLOCATE|[5]|Bytes:3
15:13:28.0 (3329683)|STATEMENT_EXECUTE|[5]
15:13:28.0 (3331825)|STATEMENT_EXECUTE|[6]
15:13:28.0 (3334797)|HEAP_ALLOCATE|[6]|Bytes:161
15:13:28.0 (3354222)|HEAP_ALLOCATE|[6]|Bytes:4
15:13:28.0 (4815405)|SOQL_EXECUTE_BEGIN|[6]|Aggregations:0|SELECT Employee__r.Name, Employee__r.birthdate, job_category__c, RecordType.Name, amount__c, location__c, office__c, submitted__c, status__c FROM Compensation__c
15:13:28.0 (15554733)|SOQL_EXECUTE_END|[6]|Rows:232
15:13:28.0 (15586146)|HEAP_ALLOCATE|[6]|Bytes:932
15:13:28.0 (16254781)|HEAP_ALLOCATE|[6]|Bytes:62649
15:13:28.0 (16309157)|HEAP_ALLOCATE|[6]|Bytes:932
15:13:28.0 (16340228)|VARIABLE_ASSIGNMENT|[6]|compensations|"List of size 232 too large to display"|0x59e012ab
15:13:28.0 (16350018)|STATEMENT_EXECUTE|[17]
15:13:28.0 (16363942)|SYSTEM_MODE_EXIT|false
15:13:28.16 (16394111)|CUMULATIVE_LIMIT_USAGE
15:13:28.16 (16394111)|LIMIT_USAGE_FOR_NS|(default)|
  Number of SOQL queries: 1 out of 100
  Number of query rows: 232 out of 50000
  Number of SOSL queries: 0 out of 20
  Number of DML statements: 0 out of 150
  Number of DML rows: 0 out of 10000
  Maximum CPU time: 0 out of 10000
  Maximum heap size: 0 out of 6000000
  Number of callouts: 0 out of 100
  Number of Email Invocations: 0 out of 10
  Number of future calls: 0 out of 50
  Number of queueable jobs added to the queue: 0 out of 50
  Number of Mobile Apex push calls: 0 out of 10

15:13:28.16 (16394111)|CUMULATIVE_LIMIT_USAGE_END

15:13:28.0 (16428769)|CODE_UNIT_FINISHED|CompensationController.getCompensations
15:13:28.0 (20103523)|CODE_UNIT_FINISHED|Aura
15:13:28.0 (21270491)|EXECUTION_FINISHED
