42.0 APEX_CODE,FINEST;APEX_PROFILING,INFO;CALLOUT,INFO;DB,INFO;SYSTEM,DEBUG;VALIDATION,INFO;VISUALFORCE,INFO;WAVE,INFO;WORKFLOW,INFO
14:38:49.0 (69575)|USER_INFO|[EXTERNAL]|005f4000001iPIc|lrodriguez-onboarding@altimetrik.com|Hora de Argentina|GMT-03:00
14:38:49.0 (110477)|EXECUTION_STARTED
14:38:49.0 (116077)|CODE_UNIT_STARTED|[EXTERNAL]|Aura
14:38:49.0 (1028250)|HEAP_ALLOCATE|[72]|Bytes:3
14:38:49.0 (1085178)|HEAP_ALLOCATE|[77]|Bytes:152
14:38:49.0 (1101637)|HEAP_ALLOCATE|[342]|Bytes:408
14:38:49.0 (1114884)|HEAP_ALLOCATE|[355]|Bytes:408
14:38:49.0 (1125229)|HEAP_ALLOCATE|[467]|Bytes:48
14:38:49.0 (1172186)|HEAP_ALLOCATE|[139]|Bytes:6
14:38:49.0 (1192217)|HEAP_ALLOCATE|[EXTERNAL]|Bytes:3
14:38:49.0 (1219621)|HEAP_ALLOCATE|[EXTERNAL]|Bytes:3
14:38:49.0 (2044653)|CODE_UNIT_STARTED|[EXTERNAL]|01pf4000009OyzM|CompensationController.getCompensations
14:38:49.0 (2138137)|HEAP_ALLOCATE|[EXTERNAL]|Bytes:1
14:38:49.0 (2166010)|METHOD_ENTRY|[1]|01pf4000009OyzM|CompensationController.CompensationController()
14:38:49.0 (2172824)|STATEMENT_EXECUTE|[1]
14:38:49.0 (2179554)|STATEMENT_EXECUTE|[1]
14:38:49.0 (2212034)|HEAP_ALLOCATE|[50]|Bytes:5
14:38:49.0 (2239699)|HEAP_ALLOCATE|[56]|Bytes:5
14:38:49.0 (2247992)|HEAP_ALLOCATE|[64]|Bytes:7
14:38:49.0 (2271789)|SYSTEM_MODE_ENTER|false
14:38:49.0 (2286788)|HEAP_ALLOCATE|[EXTERNAL]|Bytes:5
14:38:49.0 (2294830)|SYSTEM_MODE_EXIT|false
14:38:49.0 (2319466)|METHOD_EXIT|[1]|CompensationController
14:38:49.0 (2325105)|HEAP_ALLOCATE|[EXTERNAL]|Bytes:3
14:38:49.0 (2342652)|SYSTEM_MODE_ENTER|false
14:38:49.0 (2352671)|VARIABLE_SCOPE_BEGIN|[3]|filter|String|false|false
14:38:49.0 (2383151)|VARIABLE_ASSIGNMENT|[3]|filter|"all"
14:38:49.0 (2403575)|HEAP_ALLOCATE|[4]|Bytes:5
14:38:49.0 (2409252)|STATEMENT_EXECUTE|[3]
14:38:49.0 (2411107)|STATEMENT_EXECUTE|[4]
14:38:49.0 (2523883)|HEAP_ALLOCATE|[4]|Bytes:4
14:38:49.0 (2667689)|VARIABLE_SCOPE_BEGIN|[4]|compensations|List<Compensation__c>|true|false
14:38:49.0 (2680593)|HEAP_ALLOCATE|[EXTERNAL]|Bytes:4
14:38:49.0 (2694627)|VARIABLE_ASSIGNMENT|[4]|compensations|[]|0x18edc322
14:38:49.0 (2702954)|HEAP_ALLOCATE|[5]|Bytes:3
14:38:49.0 (2743274)|STATEMENT_EXECUTE|[5]
14:38:49.0 (2746227)|STATEMENT_EXECUTE|[6]
14:38:49.0 (2750295)|HEAP_ALLOCATE|[6]|Bytes:161
14:38:49.0 (2769725)|HEAP_ALLOCATE|[6]|Bytes:4
14:38:49.0 (3530968)|SOQL_EXECUTE_BEGIN|[6]|Aggregations:0|SELECT Employee__r.Name, Employee__r.birthdate, job_category__c, RecordType.Name, amount__c, location__c, office__c, submitted__c, status__c FROM Compensation__c
14:38:49.0 (36372526)|SOQL_EXECUTE_END|[6]|Rows:232
14:38:49.0 (36411144)|HEAP_ALLOCATE|[6]|Bytes:932
14:38:49.0 (37124776)|HEAP_ALLOCATE|[6]|Bytes:62649
14:38:49.0 (37187164)|HEAP_ALLOCATE|[6]|Bytes:932
14:38:49.0 (37231705)|VARIABLE_ASSIGNMENT|[6]|compensations|"List of size 232 too large to display"|0x569c8070
14:38:49.0 (37242053)|STATEMENT_EXECUTE|[17]
14:38:49.0 (37256575)|SYSTEM_MODE_EXIT|false
14:38:49.37 (37286781)|CUMULATIVE_LIMIT_USAGE
14:38:49.37 (37286781)|LIMIT_USAGE_FOR_NS|(default)|
  Number of SOQL queries: 1 out of 100
  Number of query rows: 232 out of 50000
  Number of SOSL queries: 0 out of 20
  Number of DML statements: 0 out of 150
  Number of DML rows: 0 out of 10000
  Maximum CPU time: 0 out of 10000
  Maximum heap size: 0 out of 6000000
  Number of callouts: 0 out of 100
  Number of Email Invocations: 0 out of 10
  Number of future calls: 0 out of 50
  Number of queueable jobs added to the queue: 0 out of 50
  Number of Mobile Apex push calls: 0 out of 10

14:38:49.37 (37286781)|CUMULATIVE_LIMIT_USAGE_END

14:38:49.0 (37319837)|CODE_UNIT_FINISHED|CompensationController.getCompensations
14:38:49.0 (40938852)|CODE_UNIT_FINISHED|Aura
14:38:49.0 (42264561)|EXECUTION_FINISHED
