42.0 APEX_CODE,FINEST;APEX_PROFILING,INFO;CALLOUT,INFO;DB,INFO;SYSTEM,DEBUG;VALIDATION,INFO;VISUALFORCE,INFO;WAVE,INFO;WORKFLOW,INFO
14:49:55.0 (68992)|USER_INFO|[EXTERNAL]|005f4000001iPIc|lrodriguez-onboarding@altimetrik.com|Hora de Argentina|GMT-03:00
14:49:55.0 (105498)|EXECUTION_STARTED
14:49:55.0 (110309)|CODE_UNIT_STARTED|[EXTERNAL]|Aura
14:49:55.0 (903504)|HEAP_ALLOCATE|[72]|Bytes:3
14:49:55.0 (948746)|HEAP_ALLOCATE|[77]|Bytes:152
14:49:55.0 (966405)|HEAP_ALLOCATE|[342]|Bytes:408
14:49:55.0 (979699)|HEAP_ALLOCATE|[355]|Bytes:408
14:49:55.0 (990615)|HEAP_ALLOCATE|[467]|Bytes:48
14:49:55.0 (1012857)|HEAP_ALLOCATE|[139]|Bytes:6
14:49:55.0 (1033214)|HEAP_ALLOCATE|[EXTERNAL]|Bytes:3
14:49:55.0 (1042218)|HEAP_ALLOCATE|[EXTERNAL]|Bytes:3
14:49:55.0 (1860745)|CODE_UNIT_STARTED|[EXTERNAL]|01pf4000009OyzM|CompensationController.getCompensations
14:49:55.0 (1977278)|HEAP_ALLOCATE|[EXTERNAL]|Bytes:1
14:49:55.0 (1989220)|METHOD_ENTRY|[1]|01pf4000009OyzM|CompensationController.CompensationController()
14:49:55.0 (1995393)|STATEMENT_EXECUTE|[1]
14:49:55.0 (2001420)|STATEMENT_EXECUTE|[1]
14:49:55.0 (2033567)|HEAP_ALLOCATE|[50]|Bytes:5
14:49:55.0 (2058134)|HEAP_ALLOCATE|[56]|Bytes:5
14:49:55.0 (2066426)|HEAP_ALLOCATE|[64]|Bytes:7
14:49:55.0 (2091601)|SYSTEM_MODE_ENTER|false
14:49:55.0 (2105856)|HEAP_ALLOCATE|[EXTERNAL]|Bytes:5
14:49:55.0 (2114308)|SYSTEM_MODE_EXIT|false
14:49:55.0 (2123445)|METHOD_EXIT|[1]|CompensationController
14:49:55.0 (2128621)|HEAP_ALLOCATE|[EXTERNAL]|Bytes:3
14:49:55.0 (2136770)|SYSTEM_MODE_ENTER|false
14:49:55.0 (2145118)|VARIABLE_SCOPE_BEGIN|[3]|filter|String|false|false
14:49:55.0 (2168491)|VARIABLE_ASSIGNMENT|[3]|filter|"all"
14:49:55.0 (2183525)|HEAP_ALLOCATE|[4]|Bytes:5
14:49:55.0 (2188463)|STATEMENT_EXECUTE|[3]
14:49:55.0 (2190423)|STATEMENT_EXECUTE|[4]
14:49:55.0 (2302194)|HEAP_ALLOCATE|[4]|Bytes:4
14:49:55.0 (2378826)|VARIABLE_SCOPE_BEGIN|[4]|compensations|List<Compensation__c>|true|false
14:49:55.0 (2390592)|HEAP_ALLOCATE|[EXTERNAL]|Bytes:4
14:49:55.0 (2404476)|VARIABLE_ASSIGNMENT|[4]|compensations|[]|0x2245c897
14:49:55.0 (2412668)|HEAP_ALLOCATE|[5]|Bytes:3
14:49:55.0 (2440256)|STATEMENT_EXECUTE|[5]
14:49:55.0 (2442166)|STATEMENT_EXECUTE|[6]
14:49:55.0 (2445059)|HEAP_ALLOCATE|[6]|Bytes:161
14:49:55.0 (2463585)|HEAP_ALLOCATE|[6]|Bytes:4
14:49:55.0 (3144221)|SOQL_EXECUTE_BEGIN|[6]|Aggregations:0|SELECT Employee__r.Name, Employee__r.birthdate, job_category__c, RecordType.Name, amount__c, location__c, office__c, submitted__c, status__c FROM Compensation__c
14:49:55.0 (12026972)|SOQL_EXECUTE_END|[6]|Rows:232
14:49:55.0 (12052418)|HEAP_ALLOCATE|[6]|Bytes:932
14:49:55.0 (12695252)|HEAP_ALLOCATE|[6]|Bytes:62649
14:49:55.0 (12738648)|HEAP_ALLOCATE|[6]|Bytes:932
14:49:55.0 (12762648)|VARIABLE_ASSIGNMENT|[6]|compensations|"List of size 232 too large to display"|0x455400f5
14:49:55.0 (12771081)|STATEMENT_EXECUTE|[17]
14:49:55.0 (12781394)|SYSTEM_MODE_EXIT|false
14:49:55.12 (12807994)|CUMULATIVE_LIMIT_USAGE
14:49:55.12 (12807994)|LIMIT_USAGE_FOR_NS|(default)|
  Number of SOQL queries: 1 out of 100
  Number of query rows: 232 out of 50000
  Number of SOSL queries: 0 out of 20
  Number of DML statements: 0 out of 150
  Number of DML rows: 0 out of 10000
  Maximum CPU time: 0 out of 10000
  Maximum heap size: 0 out of 6000000
  Number of callouts: 0 out of 100
  Number of Email Invocations: 0 out of 10
  Number of future calls: 0 out of 50
  Number of queueable jobs added to the queue: 0 out of 50
  Number of Mobile Apex push calls: 0 out of 10

14:49:55.12 (12807994)|CUMULATIVE_LIMIT_USAGE_END

14:49:55.0 (12839345)|CODE_UNIT_FINISHED|CompensationController.getCompensations
14:49:55.0 (16222887)|CODE_UNIT_FINISHED|Aura
14:49:55.0 (17416475)|EXECUTION_FINISHED
